Log file open, 04/17/18 18:35:01
LogWindows: Failed to load 'aqProf.dll' (GetLastError=126)
LogWindows: File 'aqProf.dll' does not exist
LogWindows: Failed to load 'VtuneApi.dll' (GetLastError=126)
LogWindows: File 'VtuneApi.dll' does not exist
LogWindows: Failed to load 'VtuneApi32e.dll' (GetLastError=126)
LogWindows: File 'VtuneApi32e.dll' does not exist
LogInit: Display: Running engine for game: SGTset
LogPlatformFile: Not using cached read wrapper
LogInit: Display: RandInit(-1660665372) SRandInit(-1660665372).
LogInit: Read version file with build ID '3709383'
LogInit: Overriding engine version to CL 3832480, compatible CL 3709383
LogInit: Registered custom module enumerator with build ID '3709383'
LogTaskGraph: Started task graph with 5 named threads and 14 total threads with 3 sets of task threads.
LogStats: Stats thread started at 4.895502
LogD3D11RHI: Aftermath initialized
LogModuleManager: Display: Found up-to-date module file ../../../Engine/Plugins/2D/Paper2D/Binaries/Win64/UE4Editor-Paper2D.dll (API version 3709383).
LogModuleManager: Display: Found up-to-date module file ../../../Engine/Plugins/2D/Paper2D/Binaries/Win64/UE4Editor-Paper2DEditor.dll (API version 3709383).
LogModuleManager: Display: Found up-to-date module file ../../../Engine/Plugins/2D/Paper2D/Binaries/Win64/UE4Editor-PaperSpriteSheetImporter.dll (API version 3709383).
LogModuleManager: Display: Found up-to-date module file ../../../Engine/Plugins/2D/Paper2D/Binaries/Win64/UE4Editor-PaperTiledImporter.dll (API version 3709383).
LogModuleManager: Display: Found up-to-date module file ../../../Engine/Plugins/2D/Paper2D/Binaries/Win64/UE4Editor-SmartSnapping.dll (API version 3709383).
LogModuleManager: Display: Found up-to-date module file ../../../Engine/Plugins/Blendables/LightPropagationVolume/Binaries/Win64/UE4Editor-LightPropagationVolumeRuntime.dll (API version 3709383).
LogModuleManager: Display: Found up-to-date module file ../../../Engine/Plugins/Blendables/LightPropagationVolume/Binaries/Win64/UE4Editor-LightPropagationVolumeEditor.dll (API version 3709383).
LogModuleManager: Display: Found up-to-date module file ../../../Engine/Plugins/Developer/GitSourceControl/Binaries/Win64/UE4Editor-GitSourceControl.dll (API version 3709383).
LogModuleManager: Display: Found up-to-date module file ../../../Engine/Plugins/Developer/PerforceSourceControl/Binaries/Win64/UE4Editor-PerforceSourceControl.dll (API version 3709383).
LogModuleManager: Display: Found up-to-date module file ../../../Engine/Plugins/Developer/SubversionSourceControl/Binaries/Win64/UE4Editor-SubversionSourceControl.dll (API version 3709383).
LogModuleManager: Display: Found up-to-date module file ../../../Engine/Plugins/Developer/UObjectPlugin/Binaries/Win64/UE4Editor-UObjectPlugin.dll (API version 3709383).
LogModuleManager: Display: Found up-to-date module file ../../../Engine/Plugins/Developer/VisualStudioCodeSourceCodeAccess/Binaries/Win64/UE4Editor-VisualStudioCodeSourceCodeAccess.dll (API version 3709383).
LogModuleManager: Display: Found up-to-date module file ../../../Engine/Plugins/Developer/VisualStudioSourceCodeAccess/Binaries/Win64/UE4Editor-VisualStudioSourceCodeAccess.dll (API version 3709383).
LogModuleManager: Display: Found up-to-date module file ../../../Engine/Plugins/Editor/AssetManagerEditor/Binaries/Win64/UE4Editor-AssetManagerEditor.dll (API version 3709383).
LogModuleManager: Display: Found up-to-date module file ../../../Engine/Plugins/Editor/AudioCapture/Binaries/Win64/UE4Editor-AudioCapture.dll (API version 3709383).
LogModuleManager: Display: Found up-to-date module file ../../../Engine/Plugins/Editor/FacialAnimation/Binaries/Win64/UE4Editor-FacialAnimation.dll (API version 3709383).
LogModuleManager: Display: Found up-to-date module file ../../../Engine/Plugins/Editor/FacialAnimation/Binaries/Win64/UE4Editor-FacialAnimationEditor.dll (API version 3709383).
LogModuleManager: Display: Found up-to-date module file ../../../Engine/Plugins/Editor/GameplayTagsEditor/Binaries/Win64/UE4Editor-GameplayTagsEditor.dll (API version 3709383).
LogModuleManager: Display: Found up-to-date module file ../../../Engine/Plugins/Editor/MobileLauncherProfileWizard/Binaries/Win64/UE4Editor-MobileLauncherProfileWizard.dll (API version 3709383).
LogModuleManager: Display: Found up-to-date module file ../../../Engine/Plugins/Editor/PluginBrowser/Binaries/Win64/UE4Editor-PluginBrowser.dll (API version 3709383).
LogModuleManager: Display: Found up-to-date module file ../../../Engine/Plugins/Editor/SpeedTreeImporter/Binaries/Win64/UE4Editor-SpeedTreeImporter.dll (API version 3709383).
LogModuleManager: Display: Found up-to-date module file ../../../Engine/Plugins/Experimental/AlembicImporter/Binaries/Win64/UE4Editor-AlembicImporter.dll (API version 3709383).
LogModuleManager: Display: Found up-to-date module file ../../../Engine/Plugins/Experimental/AlembicImporter/Binaries/Win64/UE4Editor-AlembicLibrary.dll (API version 3709383).
LogModuleManager: Display: Found up-to-date module file ../../../Engine/Plugins/Experimental/CharacterAI/Binaries/Win64/UE4Editor-CharacterAI.dll (API version 3709383).
LogModuleManager: Display: Found up-to-date module file ../../../Engine/Plugins/Experimental/HTML5Networking/Binaries/Win64/UE4Editor-HTML5Networking.dll (API version 3709383).
LogModuleManager: Display: Found up-to-date module file ../../../Engine/Plugins/Media/AndroidMedia/Binaries/Win64/UE4Editor-AndroidMediaEditor.dll (API version 3709383).
LogModuleManager: Display: Found up-to-date module file ../../../Engine/Plugins/Media/AndroidMedia/Binaries/Win64/UE4Editor-AndroidMediaFactory.dll (API version 3709383).
LogModuleManager: Display: Found up-to-date module file ../../../Engine/Plugins/Media/AvfMedia/Binaries/Win64/UE4Editor-AvfMediaEditor.dll (API version 3709383).
LogModuleManager: Display: Found up-to-date module file ../../../Engine/Plugins/Media/AvfMedia/Binaries/Win64/UE4Editor-AvfMediaFactory.dll (API version 3709383).
LogModuleManager: Display: Found up-to-date module file ../../../Engine/Plugins/Media/AvfMedia/Binaries/Win64/UE4Editor-AvfMediaFactory.dll (API version 3709383).
LogModuleManager: Display: Found up-to-date module file ../../../Engine/Plugins/Media/ImgMedia/Binaries/Win64/UE4Editor-ImgMedia.dll (API version 3709383).
LogModuleManager: Display: Found up-to-date module file ../../../Engine/Plugins/Media/ImgMedia/Binaries/Win64/UE4Editor-ImgMediaEditor.dll (API version 3709383).
LogModuleManager: Display: Found up-to-date module file ../../../Engine/Plugins/Media/ImgMedia/Binaries/Win64/UE4Editor-ImgMediaFactory.dll (API version 3709383).
LogModuleManager: Display: Found up-to-date module file ../../../Engine/Plugins/Media/ImgMedia/Binaries/Win64/UE4Editor-ImgMediaFactory.dll (API version 3709383).
LogModuleManager: Display: Found up-to-date module file ../../../Engine/Plugins/Media/ImgMedia/Binaries/Win64/UE4Editor-OpenExrWrapper.dll (API version 3709383).
LogModuleManager: Display: Found up-to-date module file ../../../Engine/Plugins/Media/MediaCompositing/Binaries/Win64/UE4Editor-MediaCompositing.dll (API version 3709383).
LogModuleManager: Display: Found up-to-date module file ../../../Engine/Plugins/Media/MediaCompositing/Binaries/Win64/UE4Editor-MediaCompositingEditor.dll (API version 3709383).
LogModuleManager: Display: Found up-to-date module file ../../../Engine/Plugins/Media/MediaPlayerEditor/Binaries/Win64/UE4Editor-MediaPlayerEditor.dll (API version 3709383).
LogModuleManager: Display: Found up-to-date module file ../../../Engine/Plugins/Media/WmfMedia/Binaries/Win64/UE4Editor-WmfMedia.dll (API version 3709383).
LogModuleManager: Display: Found up-to-date module file ../../../Engine/Plugins/Media/WmfMedia/Binaries/Win64/UE4Editor-WmfMediaEditor.dll (API version 3709383).
LogModuleManager: Display: Found up-to-date module file ../../../Engine/Plugins/Media/WmfMedia/Binaries/Win64/UE4Editor-WmfMediaFactory.dll (API version 3709383).
LogModuleManager: Display: Found up-to-date module file ../../../Engine/Plugins/Media/WmfMedia/Binaries/Win64/UE4Editor-WmfMediaFactory.dll (API version 3709383).
LogModuleManager: Display: Found up-to-date module file ../../../Engine/Plugins/Messaging/TcpMessaging/Binaries/Win64/UE4Editor-TcpMessaging.dll (API version 3709383).
LogModuleManager: Display: Found up-to-date module file ../../../Engine/Plugins/Messaging/UdpMessaging/Binaries/Win64/UE4Editor-UdpMessaging.dll (API version 3709383).
LogModuleManager: Display: Found up-to-date module file ../../../Engine/Plugins/MovieScene/ActorSequence/Binaries/Win64/UE4Editor-ActorSequence.dll (API version 3709383).
LogModuleManager: Display: Found up-to-date module file ../../../Engine/Plugins/MovieScene/LevelSequenceEditor/Binaries/Win64/UE4Editor-LevelSequenceEditor.dll (API version 3709383).
LogModuleManager: Display: Found up-to-date module file ../../../Engine/Plugins/MovieScene/MatineeToLevelSequence/Binaries/Win64/UE4Editor-MatineeToLevelSequence.dll (API version 3709383).
LogModuleManager: Display: Found up-to-date module file ../../../Engine/Plugins/Online/OnlineSubsystem/Binaries/Win64/UE4Editor-OnlineSubsystem.dll (API version 3709383).
LogModuleManager: Display: Found up-to-date module file ../../../Engine/Plugins/Runtime/AndroidPermission/Binaries/Win64/UE4Editor-AndroidPermission.dll (API version 3709383).
LogModuleManager: Display: Found up-to-date module file ../../../Engine/Plugins/Online/OnlineSubsystemNull/Binaries/Win64/UE4Editor-OnlineSubsystemNull.dll (API version 3709383).
LogModuleManager: Display: Found up-to-date module file ../../../Engine/Plugins/Online/OnlineSubsystemUtils/Binaries/Win64/UE4Editor-OnlineSubsystemUtils.dll (API version 3709383).
LogModuleManager: Display: Found up-to-date module file ../../../Engine/Plugins/Online/OnlineSubsystemUtils/Binaries/Win64/UE4Editor-OnlineBlueprintSupport.dll (API version 3709383).
LogModuleManager: Display: Found up-to-date module file ../../../Engine/Plugins/Runtime/AndroidDeviceProfileSelector/Binaries/Win64/UE4Editor-AndroidDeviceProfileSelector.dll (API version 3709383).
LogModuleManager: Display: Found up-to-date module file ../../../Engine/Plugins/Runtime/AppleARKit/Binaries/Win64/UE4Editor-AppleARKit.dll (API version 3709383).
LogModuleManager: Display: Found up-to-date module file ../../../Engine/Plugins/Runtime/ArchVisCharacter/Binaries/Win64/UE4Editor-ArchVisCharacter.dll (API version 3709383).
LogModuleManager: Display: Found up-to-date module file ../../../Engine/Plugins/Runtime/CableComponent/Binaries/Win64/UE4Editor-CableComponent.dll (API version 3709383).
LogModuleManager: Display: Found up-to-date module file ../../../Engine/Plugins/Runtime/CustomMeshComponent/Binaries/Win64/UE4Editor-CustomMeshComponent.dll (API version 3709383).
LogModuleManager: Display: Found up-to-date module file ../../../Engine/Plugins/Runtime/ExampleDeviceProfileSelector/Binaries/Win64/UE4Editor-ExampleDeviceProfileSelector.dll (API version 3709383).
LogModuleManager: Display: Found up-to-date module file ../../../Engine/Plugins/Runtime/ImmediatePhysics/Binaries/Win64/UE4Editor-ImmediatePhysics.dll (API version 3709383).
LogModuleManager: Display: Found up-to-date module file ../../../Engine/Plugins/Runtime/ImmediatePhysics/Binaries/Win64/UE4Editor-ImmediatePhysicsEditor.dll (API version 3709383).
LogModuleManager: Display: Found up-to-date module file ../../../Engine/Plugins/Runtime/LocationServicesBPLibrary/Binaries/Win64/UE4Editor-LocationServicesBPLibrary.dll (API version 3709383).
LogModuleManager: Display: Found up-to-date module file ../../../Engine/Plugins/Runtime/MobilePatchingUtils/Binaries/Win64/UE4Editor-MobilePatchingUtils.dll (API version 3709383).
LogModuleManager: Display: Found up-to-date module file ../../../Engine/Plugins/Runtime/Oculus/OculusVR/Binaries/Win64/UE4Editor-OculusHMD.dll (API version 3709383).
LogModuleManager: Display: Found up-to-date module file ../../../Engine/Plugins/Runtime/Oculus/OculusVR/Binaries/Win64/UE4Editor-OculusInput.dll (API version 3709383).
LogModuleManager: Display: Found up-to-date module file ../../../Engine/Plugins/Runtime/Oculus/OculusVR/Binaries/Win64/UE4Editor-OculusEditor.dll (API version 3709383).
LogModuleManager: Display: Found up-to-date module file ../../../Engine/Plugins/Runtime/PhysXVehicles/Binaries/Win64/UE4Editor-PhysXVehicles.dll (API version 3709383).
LogModuleManager: Display: Found up-to-date module file ../../../Engine/Plugins/Runtime/PhysXVehicles/Binaries/Win64/UE4Editor-PhysXVehiclesEditor.dll (API version 3709383).
LogModuleManager: Display: Found up-to-date module file ../../../Engine/Plugins/Runtime/ProceduralMeshComponent/Binaries/Win64/UE4Editor-ProceduralMeshComponent.dll (API version 3709383).
LogModuleManager: Display: Found up-to-date module file ../../../Engine/Plugins/Runtime/ProceduralMeshComponent/Binaries/Win64/UE4Editor-ProceduralMeshComponentEditor.dll (API version 3709383).
LogModuleManager: Display: Found up-to-date module file ../../../Engine/Plugins/Runtime/RuntimePhysXCooking/Binaries/Win64/UE4Editor-RuntimePhysXCooking.dll (API version 3709383).
LogModuleManager: Display: Found up-to-date module file ../../../Engine/Plugins/Runtime/Steam/SteamVR/Binaries/Win64/UE4Editor-SteamVR.dll (API version 3709383).
LogModuleManager: Display: Found up-to-date module file ../../../Engine/Plugins/Runtime/Steam/SteamVR/Binaries/Win64/UE4Editor-SteamVRController.dll (API version 3709383).
LogModuleManager: Display: Found up-to-date module file ../../../Engine/Plugins/Runtime/WindowsMoviePlayer/Binaries/Win64/UE4Editor-WindowsMoviePlayer.dll (API version 3709383).
LogPluginManager: Mounting plugin Paper2D
LogPluginManager: Mounting plugin LightPropagationVolume
LogPluginManager: Mounting plugin CodeLiteSourceCodeAccess
LogPluginManager: Mounting plugin GitSourceControl
LogPluginManager: Mounting plugin KDevelopSourceCodeAccess
LogPluginManager: Mounting plugin NullSourceCodeAccess
LogPluginManager: Mounting plugin PerforceSourceControl
LogPluginManager: Mounting plugin SubversionSourceControl
LogPluginManager: Mounting plugin UObjectPlugin
LogPluginManager: Mounting plugin VisualStudioCodeSourceCodeAccess
LogPluginManager: Mounting plugin VisualStudioSourceCodeAccess
LogPluginManager: Mounting plugin XCodeSourceCodeAccess
LogPluginManager: Mounting plugin AssetManagerEditor
LogPluginManager: Mounting plugin AudioCapture
LogPluginManager: Mounting plugin FacialAnimation
LogPluginManager: Mounting plugin GameplayTagsEditor
LogPluginManager: Mounting plugin MobileLauncherProfileWizard
LogPluginManager: Mounting plugin PluginBrowser
LogPluginManager: Mounting plugin SpeedTreeImporter
LogPluginManager: Mounting plugin AlembicImporter
LogPluginManager: Mounting plugin CharacterAI
LogPluginManager: Mounting plugin HTML5Networking
LogPluginManager: Mounting plugin AndroidMedia
LogPluginManager: Mounting plugin AvfMedia
LogPluginManager: Mounting plugin ImgMedia
LogPluginManager: Mounting plugin MediaCompositing
LogPluginManager: Mounting plugin MediaPlayerEditor
LogPluginManager: Mounting plugin WmfMedia
LogPluginManager: Mounting plugin TcpMessaging
LogPluginManager: Mounting plugin UdpMessaging
LogPluginManager: Mounting plugin ActorSequence
LogPluginManager: Mounting plugin LevelSequenceEditor
LogPluginManager: Mounting plugin MatineeToLevelSequence
LogPluginManager: Mounting plugin OnlineSubsystemGooglePlay
LogPluginManager: Mounting plugin OnlineSubsystemIOS
LogPluginManager: Mounting plugin OnlineSubsystem
LogPluginManager: Mounting plugin OnlineSubsystemNull
LogPluginManager: Mounting plugin OnlineSubsystemUtils
LogPluginManager: Mounting plugin AndroidDeviceProfileSelector
LogPluginManager: Mounting plugin AndroidMoviePlayer
LogPluginManager: Mounting plugin AndroidPermission
LogPluginManager: Mounting plugin AppleARKit
LogPluginManager: Mounting plugin AppleMoviePlayer
LogPluginManager: Mounting plugin ArchVisCharacter
LogPluginManager: Mounting plugin CableComponent
LogPluginManager: Mounting plugin CustomMeshComponent
LogPluginManager: Mounting plugin ExampleDeviceProfileSelector
LogPluginManager: Mounting plugin GoogleCloudMessaging
LogPluginManager: Mounting plugin ImmediatePhysics
LogPluginManager: Mounting plugin IOSDeviceProfileSelector
LogPluginManager: Mounting plugin LinuxDeviceProfileSelector
LogPluginManager: Mounting plugin LocationServicesBPLibrary
LogPluginManager: Mounting plugin MobilePatchingUtils
LogPluginManager: Mounting plugin OculusVR
LogPluginManager: Plugin shader directory ../../../Engine/Plugins/Runtime/Oculus/OculusVR/Shaders found
LogPluginManager: Mapping shader source directory ../../../Engine/Plugins/Runtime/Oculus/OculusVR/Shaders to virtual directory /Plugin/OculusVR
LogPluginManager: Mounting plugin PhysXVehicles
LogPluginManager: Mounting plugin ProceduralMeshComponent
LogPluginManager: Mounting plugin RuntimePhysXCooking
LogPluginManager: Mounting plugin SteamVR
LogPluginManager: Mounting plugin WindowsMoviePlayer
LogInit: Using libcurl 7.47.1
LogInit:  - built for x86_64-pc-win32
LogInit:  - supports SSL with OpenSSL/1.0.2g
LogInit:  - supports HTTP deflate (compression) using libz 1.2.8
LogInit:  - other features:
LogInit:      CURL_VERSION_SSL
LogInit:      CURL_VERSION_LIBZ
LogInit:      CURL_VERSION_IPV6
LogInit:      CURL_VERSION_ASYNCHDNS
LogInit:      CURL_VERSION_LARGEFILE
LogInit:      CURL_VERSION_IDN
LogInit:  CurlRequestOptions (configurable via config and command line):
LogInit:  - bVerifyPeer = false  - Libcurl will NOT verify peer certificate
LogInit:  - bUseHttpProxy = false  - Libcurl will NOT use HTTP proxy
LogInit:  - bDontReuseConnections = false  - Libcurl will reuse connections
LogInit:  - CertBundlePath = nullptr  - Libcurl will use whatever was configured at build time.
LogInit: Build: ++UE4+Release-4.18-CL-3832480
LogInit: Engine Version: 4.18.3-3832480+++UE4+Release-4.18
LogInit: Compatible Engine Version: 4.18.0-3709383+++UE4+Release-4.18
LogInit: Net CL: 3709383
LogDevObjectVersion: Number of dev versions registered: 16
LogDevObjectVersion:   Dev-Blueprints (B0D832E4-1F89-4F0D-ACCF-7EB736FD4AA2): 10
LogDevObjectVersion:   Dev-Build (E1C64328-A22C-4D53-A36C-8E866417BD8C): 0
LogDevObjectVersion:   Dev-Core (375EC13C-06E4-48FB-B500-84F0262A717E): 2
LogDevObjectVersion:   Dev-Editor (E4B068ED-F494-42E9-A231-DA0B2E46BB41): 20
LogDevObjectVersion:   Dev-Framework (CFFC743F-43B0-4480-9391-14DF171D2073): 30
LogDevObjectVersion:   Dev-Mobile (B02B49B5-BB20-44E9-A304-32B752E40360): 0
LogDevObjectVersion:   Dev-Networking (A4E4105C-59A1-49B5-A7C5-40C4547EDFEE): 0
LogDevObjectVersion:   Dev-Online (39C831C9-5AE6-47DC-9A44-9C173E1C8E7C): 0
LogDevObjectVersion:   Dev-Physics (78F01B33-EBEA-4F98-B9B4-84EACCB95AA2): 0
LogDevObjectVersion:   Dev-Platform (6631380F-2D4D-43E0-8009-CF276956A95A): 0
LogDevObjectVersion:   Dev-Rendering (12F88B9F-8875-4AFC-A67C-D90C383ABD29): 20
LogDevObjectVersion:   Dev-Sequencer (7B5AE74C-D270-4C10-A958-57980B212A5A): 4
LogDevObjectVersion:   Dev-VR (D7296918-1DD6-4BDD-9DE2-64A83CC13884): 0
LogDevObjectVersion:   Dev-LoadTimes (C2A15278-BFE7-4AFE-6C17-90FF531DF755): 1
LogDevObjectVersion:   Private-Geometry (6EACA3D4-40EC-4CC1-B786-8BED09428FC5): 1
LogDevObjectVersion:   Dev-AnimPhys (29E575DD-E0A3-4627-9D10-D276232CDCEA): 12
LogInit: Compiled (64-bit): Jan 12 2018 02:04:55
LogInit: Compiled with Visual C++: 19.00.24215.01
LogInit: Build Configuration: Development
LogInit: Branch Name: ++UE4+Release-4.18
LogInit: Command line:  
LogInit: Base directory: C:/Program Files/Epic Games/UE_4.18/Engine/Binaries/Win64/
LogInit: Installed Engine Build: 1
LogInit: Presizing for max 8388607 objects, including 0 objects not considered by GC, pre-allocating 0 bytes for permanent pool.
LogInit: Object subsystem initialized
[2018.04.17-09.35.09:636][  0]LogInit: Selected Device Profile: [Windows]
[2018.04.17-09.35.09:636][  0]LogInit: Applying CVar settings loaded from the selected device profile: [Windows]
[2018.04.17-09.35.09:731][  0]LogInit: Computer: JUN-PC
[2018.04.17-09.35.09:731][  0]LogInit: User: Jun
[2018.04.17-09.35.09:731][  0]LogInit: CPU Page size=4096, Cores=4
[2018.04.17-09.35.09:731][  0]LogInit: High frequency timer resolution =3.312695 MHz
[2018.04.17-09.35.09:775][  0]LogMemory: Memory total: Physical=7.9GB (8GB approx)
[2018.04.17-09.35.09:778][  0]LogMemory: Platform Memory Stats for Windows
[2018.04.17-09.35.09:778][  0]LogMemory: Process Physical Memory: 274.60 MB used, 274.60 MB peak
[2018.04.17-09.35.09:778][  0]LogMemory: Process Virtual Memory: 265.32 MB used, 265.32 MB peak
[2018.04.17-09.35.09:778][  0]LogMemory: Physical Memory: 4023.84 MB used,  4106.92 MB free, 8130.77 MB total
[2018.04.17-09.35.09:778][  0]LogMemory: Virtual Memory: 621.23 MB used,  4106.92 MB free, 8388608.00 MB total
[2018.04.17-09.35.11:196][  0]LogInit: Using OS detected language (ko-KR).
[2018.04.17-09.35.11:196][  0]LogInit: Using OS detected locale (ko-KR).
[2018.04.17-09.35.11:611][  0]LogTextLocalizationManager: No specific localization for 'ko-KR' exists, so the 'ko' localization will be used.
[2018.04.17-09.35.12:324][  0]LogWindows: Failed to load 'shcore.dll' (GetLastError=126)
[2018.04.17-09.35.12:324][  0]LogWindows: File 'shcore.dll' does not exist
[2018.04.17-09.35.12:324][  0]LogInit: Setting process to DPI aware
[2018.04.17-09.35.13:030][  0]LogWindows: Failed to load 'shcore.dll' (GetLastError=126)
[2018.04.17-09.35.13:030][  0]LogWindows: File 'shcore.dll' does not exist
[2018.04.17-09.35.13:030][  0]LogInit: Setting process to DPI aware
[2018.04.17-09.35.16:213][  0]LogD3D11RHI: D3D11 adapters:
[2018.04.17-09.35.16:319][  0]LogD3D11RHI:    0. 'NVIDIA GeForce GTX 760' (Feature Level 11_0)
[2018.04.17-09.35.16:319][  0]LogD3D11RHI:       1990/0/2048 MB DedicatedVideo/DedicatedSystem/SharedSystem, Outputs:2, VendorId:0x10de
[2018.04.17-09.35.16:319][  0]LogD3D11RHI: Chosen D3D11 Adapter: 0
[2018.04.17-09.35.16:328][  0]LogD3D11RHI: Creating new Direct3DDevice
[2018.04.17-09.35.16:612][  0]LogD3D11RHI:     GPU DeviceId: 0x1187 (for the marketing name, search the web for "GPU Device Id")
[2018.04.17-09.35.16:612][  0]LogWindows: EnumDisplayDevices:
[2018.04.17-09.35.16:613][  0]LogWindows:    0. 'NVIDIA GeForce GTX 760' (P:1 D:1)
[2018.04.17-09.35.16:614][  0]LogWindows:    1. 'NVIDIA GeForce GTX 760' (P:0 D:1)
[2018.04.17-09.35.16:614][  0]LogWindows:    2. 'NVIDIA GeForce GTX 760' (P:0 D:0)
[2018.04.17-09.35.16:615][  0]LogWindows:    3. 'NVIDIA GeForce GTX 760' (P:0 D:0)
[2018.04.17-09.35.16:616][  0]LogWindows:    4. 'RDPDD Chained DD' (P:0 D:0)
[2018.04.17-09.35.16:617][  0]LogWindows:    5. 'RDP Encoder Mirror Driver' (P:0 D:0)
[2018.04.17-09.35.16:617][  0]LogWindows:    6. 'RDP Reflector Display Driver' (P:0 D:0)
[2018.04.17-09.35.16:618][  0]LogWindows: DebugString: GetVideoDriverDetailsInvalid PrimaryIsNotTheChoosenAdapter GetVideoDriverDetailsInvalid PrimaryIsNotTheChoosenAdapter GetVideoDriverDetailsInvalid PrimaryIsNotTheChoosenAdapter FoundDriverCount:4 
[2018.04.17-09.35.16:618][  0]LogD3D11RHI:     Adapter Name: NVIDIA GeForce GTX 760
[2018.04.17-09.35.16:619][  0]LogD3D11RHI:   Driver Version: 347.52 (internal:9.18.13.4752, unified:347.52)
[2018.04.17-09.35.16:619][  0]LogD3D11RHI:      Driver Date: 2-5-2015
[2018.04.17-09.35.16:619][  0]LogRHI: Texture pool is 1393 MB (70% of 1990 MB)
[2018.04.17-09.35.16:700][  0]LogD3D11RHI: NvAPI_D3D_GetCurrentSLIState failed: 0xfffffff7
[2018.04.17-09.35.16:700][  0]LogD3D11RHI: Async texture creation enabled
[2018.04.17-09.35.16:878][  0]LogD3D11RHI: GPU Timing Frequency: 1000.000000 (Debug: 2 2)
[2018.04.17-09.35.16:934][  0]LogShaderCompilers: Guid format shader working directory is -34 characters bigger than the processId version (../../../../../../Users/Jun/Desktop/Documents/GitHub/SecurityGame/SGTset_0.0.4/Intermediate/Shaders/WorkingDirectory/8984/).
[2018.04.17-09.35.16:934][  0]LogShaderCompilers: Cleaned the shader compiler working directory 'C:/Users/Jun/AppData/Local/Temp/UnrealShaderWorkingDir/96712F7D45F1D6ABC67CB09A097493BA/'.
[2018.04.17-09.35.16:952][  0]LogShaderCompilers: Display: Using Local Shader Compiler.
[2018.04.17-09.35.26:092][  0]LogTemp: Display: Loaded TP AllDesktopTargetPlatform
[2018.04.17-09.35.26:224][  0]LogTemp: Display: Loaded TP MacClientTargetPlatform
[2018.04.17-09.35.26:311][  0]LogTemp: Display: Loaded TP MacNoEditorTargetPlatform
[2018.04.17-09.35.26:398][  0]LogTemp: Display: Loaded TP MacServerTargetPlatform
[2018.04.17-09.35.26:500][  0]LogTemp: Display: Loaded TP MacTargetPlatform
[2018.04.17-09.35.26:583][  0]LogTemp: Display: Loaded TP WindowsClientTargetPlatform
[2018.04.17-09.35.26:671][  0]LogTemp: Display: Loaded TP WindowsNoEditorTargetPlatform
[2018.04.17-09.35.26:756][  0]LogTemp: Display: Loaded TP WindowsServerTargetPlatform
[2018.04.17-09.35.26:836][  0]LogTemp: Display: Loaded TP WindowsTargetPlatform
[2018.04.17-09.35.26:921][  0]LogTemp: Display: Loaded TP Android_ASTCTargetPlatform
[2018.04.17-09.35.27:008][  0]LogTemp: Display: Loaded TP Android_ATCTargetPlatform
[2018.04.17-09.35.27:091][  0]LogTemp: Display: Loaded TP Android_DXTTargetPlatform
[2018.04.17-09.35.27:170][  0]LogTemp: Display: Loaded TP Android_ETC1TargetPlatform
[2018.04.17-09.35.27:253][  0]LogTemp: Display: Loaded TP Android_ETC2TargetPlatform
[2018.04.17-09.35.27:423][  0]LogTemp: Display: Loaded TP Android_MultiTargetPlatform
[2018.04.17-09.35.27:423][  0]LogTemp: Display: Loaded TP Android_PVRTCTargetPlatform
[2018.04.17-09.35.27:531][  0]LogTemp: Display: Loaded TP AndroidTargetPlatform
[2018.04.17-09.35.27:605][  0]LogTemp: Display: Loaded TP HTML5TargetPlatform
[2018.04.17-09.35.27:803][  0]LogTemp: Display: Loaded TP IOSTargetPlatform
[2018.04.17-09.35.27:842][  0]LogTemp: Display: Loaded TP TVOSTargetPlatform
[2018.04.17-09.35.27:927][  0]LogTemp: Display: Loaded TP LinuxClientTargetPlatform
[2018.04.17-09.35.28:014][  0]LogTemp: Display: Loaded TP LinuxNoEditorTargetPlatform
[2018.04.17-09.35.28:099][  0]LogTemp: Display: Loaded TP LinuxServerTargetPlatform
[2018.04.17-09.35.28:262][  0]LogTemp: Display: Loaded TP LinuxTargetPlatform
[2018.04.17-09.35.28:262][  0]LogTargetPlatformManager: Display: Building Assets For Windows
[2018.04.17-09.35.33:067][  0]LogDerivedDataCache: Display: Max Cache Size: 512 MB
[2018.04.17-09.35.35:159][  0]LogDerivedDataCache: Loaded boot cache 2.08s 78MB C:/Users/Jun/AppData/Local/UnrealEngine/4.18/DerivedDataCache/Boot.ddc.
[2018.04.17-09.35.35:159][  0]LogDerivedDataCache: Display: Loaded Boot cache: C:/Users/Jun/AppData/Local/UnrealEngine/4.18/DerivedDataCache/Boot.ddc
[2018.04.17-09.35.35:159][  0]LogDerivedDataCache: FDerivedDataBackendGraph:  Pak pak cache file ../../../../../../Users/Jun/Desktop/Documents/GitHub/SecurityGame/SGTset_0.0.4/DerivedDataCache/DDC.ddp not found, will not use a pak cache.
[2018.04.17-09.35.35:159][  0]LogDerivedDataCache: Unable to find inner node Pak for hierarchical cache Hierarchy.
[2018.04.17-09.35.35:159][  0]LogDerivedDataCache: FDerivedDataBackendGraph:  CompressedPak pak cache file ../../../../../../Users/Jun/Desktop/Documents/GitHub/SecurityGame/SGTset_0.0.4/DerivedDataCache/Compressed.ddp not found, will not use a pak cache.
[2018.04.17-09.35.35:159][  0]LogDerivedDataCache: Unable to find inner node CompressedPak for hierarchical cache Hierarchy.
[2018.04.17-09.35.35:260][  0]LogDerivedDataCache: Display: Pak cache opened for reading ../../../Engine/DerivedDataCache/Compressed.ddp.
[2018.04.17-09.35.35:272][  0]LogDerivedDataCache: Using Local data cache path C:/Users/Jun/AppData/Local/UnrealEngine/Common/DerivedDataCache: Writable
[2018.04.17-09.35.35:343][  0]LogMaterial: Verifying Global Shaders for PCD3D_SM5
[2018.04.17-09.35.35:371][  0]LogSlate: Using Freetype 2.6.0
[2018.04.17-09.35.35:449][  0]LogSlate: SlateFontCache - WITH_FREETYPE: 1, WITH_HARFBUZZ: 1
[2018.04.17-09.35.35:449][  0]LogSlate: SlateFontCache - WITH_FREETYPE: 1, WITH_HARFBUZZ: 1
[2018.04.17-09.35.46:954][  0]LogInit: Selected Device Profile: [Windows]
[2018.04.17-09.35.49:537][  0]LogSimplygon: Simplygon DLL not present - disabling.
[2018.04.17-09.35.49:683][  0]LogMeshReduction: Using SimplygonSwarm for distributed automatic mesh merging
[2018.04.17-09.35.49:683][  0]LogMeshReduction: Using QuadricMeshReduction for automatic static mesh reduction
[2018.04.17-09.35.49:683][  0]LogMeshReduction: No automatic skeletal mesh reduction module available
[2018.04.17-09.35.49:683][  0]LogMeshReduction: No automatic mesh merging module available
[2018.04.17-09.35.49:683][  0]LogMeshMerging: No automatic mesh merging module available
[2018.04.17-09.35.51:560][  0]LogNetVersion: SGTset , NetCL: 3709383, EngineNetVer: 2, GameNetVer: 0 (Checksum: 1810284207)
[2018.04.17-09.35.53:354][  0]LogAssetRegistry: FAssetRegistry took 0.1413 seconds to start up
[2018.04.17-09.36.03:070][  0]LogPackageLocalizationCache: Processed 7 localized package path(s) for 2 prioritized culture(s) in 0.116535 seconds
[2018.04.17-09.36.03:110][  0]LogUObjectArray: 35870 objects as part of root set at end of initial load.
[2018.04.17-09.36.03:110][  0]LogUObjectAllocator: 7363696 out of 0 bytes used by permanent object pool.
[2018.04.17-09.36.03:110][  0]LogUObjectArray: CloseDisregardForGC: 0/0 objects in disregard for GC pool
[2018.04.17-09.36.03:187][  0]LogInit: WinSock: version 1.1 (2.2), MaxSocks=32767, MaxUdp=65467
[2018.04.17-09.36.31:386][  0]LogTcpMessaging: Initializing TcpMessaging bridge
[2018.04.17-09.36.31:500][  0]LogUdpMessaging: Initializing bridge on interface 0.0.0.0:0 to multicast group 230.0.0.1:6666.
[2018.04.17-09.36.35:004][  0]LogMaterial: Uniform references updated for custom material expression Custom.
[2018.04.17-09.36.36:592][  0]SourceControl: 소스 콘트롤이 꺼졌습니다.
[2018.04.17-09.36.36:592][  0]SourceControl: 소스 콘트롤이 꺼졌습니다.
[2018.04.17-09.36.36:740][  0]SourceControl: 소스 콘트롤이 꺼졌습니다.
[2018.04.17-09.36.36:866][  0]SourceControl: 소스 콘트롤이 꺼졌습니다.
[2018.04.17-09.36.39:122][  0]LogAndroidPermission: UAndroidPermissionCallbackProxy::GetInstance
[2018.04.17-09.36.39:632][  0]LogOcInput: OculusInput pre-init called
[2018.04.17-09.36.40:654][  0]LogEngine: Initializing Engine...
[2018.04.17-09.36.40:692][  0]LogHMD: Failed to initialize OpenVR with code 110
[2018.04.17-09.36.41:911][  0]LogStats: UGameplayTagsManager::ConstructGameplayTagTree: Construct from data asset -  0.000 s
[2018.04.17-09.36.41:912][  0]LogStats: UGameplayTagsManager::ConstructGameplayTagTree: GameplayTagTreeChangedEvent.Broadcast -  0.000 s
[2018.04.17-09.36.42:301][  0]LogAIModule: Creating AISystem for world Untitled
[2018.04.17-09.36.42:463][  0]LogInit: XAudio2 using '스피커(High Definition Audio 장치)' : 2 channels at 44.1 kHz using 16 bits per sample (channel mask 0x3)
[2018.04.17-09.36.42:533][  0]LogInit: FAudioDevice initialized.
[2018.04.17-09.36.42:896][  0]LogDerivedDataCache: Saved boot cache 0.36s 78MB C:/Users/Jun/AppData/Local/UnrealEngine/4.18/DerivedDataCache/Boot.ddc.
[2018.04.17-09.36.42:915][  0]LogInit: Texture streaming: Enabled
[2018.04.17-09.36.43:459][  0]LogEngineSessionManager: EngineSessionManager initialized
[2018.04.17-09.36.44:673][  0]LogInit: Transaction tracking system initialized
[2018.04.17-09.36.46:299][  0]BlueprintLog: New page: 에디터 로드
[2018.04.17-09.36.52:152][  0]LocalizationService: 현지화 서비스가 비활성화되었습니다.
[2018.04.17-09.36.54:826][  0]LogLinker: Warning: '/Game/TopDownBP/TopDownOverview' 파일을 찾을 수 없습니다.
[2018.04.17-09.36.54:827][  0]LogLinker: Warning: '/Game/TopDownBP/TopDownOverview' 파일을 찾을 수 없습니다.
[2018.04.17-09.36.54:827][  0]LogUObjectGlobals: Warning: 'Class /Game/TopDownBP/TopDownOverview.TopDownOverview_C' 오브젝트를 찾는 데 실패했습니다.
[2018.04.17-09.36.56:475][  0]LogConsoleResponse: Display: 
[2018.04.17-09.37.03:115][  0]LogFileCache: Scanning file cache for directory 'C:/Users/Jun/Desktop/Documents/GitHub/SecurityGame/SGTset_0.0.4/Content/' took 0.09s
[2018.04.17-09.37.03:115][  0]LogCook: Display: Max memory allowance for cook 16384mb min free memory 0mb
[2018.04.17-09.37.03:116][  0]LogCook: Display: Mobile HDR setting 1
[2018.04.17-09.37.03:155][  0]LogGameplayTags: Display: UGameplayTagsManager::DoneAddingNativeTags. DelegateIsBound: 0
[2018.04.17-09.37.11:571][  0]SourceControl: 소스 콘트롤이 꺼졌습니다.
[2018.04.17-09.37.11:636][  0]Cmd: MAP LOAD FILE="../../../../../../Users/Jun/Desktop/Documents/GitHub/SecurityGame/SGTset_0.0.4/Content/TopDownBP/Maps/TopDownExampleMap.umap" TEMPLATE=0 SHOWPROGRESS=1 FEATURELEVEL=3
[2018.04.17-09.37.11:984][  0]LightingResults: New page: 라이팅 빌드
[2018.04.17-09.37.12:442][  0]MapCheck: New page: 맵 체크
[2018.04.17-09.37.12:442][  0]LightingResults: New page: 라이팅 빌드
[2018.04.17-09.37.31:432][  0]LogAIModule: Creating AISystem for world TopDownExampleMap
[2018.04.17-09.37.33:122][  0]LogEditorServer: Finished looking for orphan Actors (0.000 secs)
[2018.04.17-09.37.34:239][  0]Cmd: MAP CHECKDEP NOCLEARLOG
[2018.04.17-09.37.34:538][  0]MapCheck: 맵 체크 완료: 오류 0 회, 경고 0 회, 소요 시간 274.939ms.
[2018.04.17-09.37.34:538][  0]LogFileHelpers: Loading map 'TopDownExampleMap' took 22.902
[2018.04.17-09.37.37:727][  0]LogCollectionManager: Loaded 0 collections in 0.003958 seconds
[2018.04.17-09.37.38:254][  0]LogFileCache: Scanning file cache for directory 'C:/Users/Jun/Desktop/Documents/GitHub/SecurityGame/SGTset_0.0.4/Saved/Collections/' took 0.01s
[2018.04.17-09.37.38:254][  0]LogFileCache: Scanning file cache for directory 'C:/Users/Jun/Desktop/Documents/GitHub/SecurityGame/SGTset_0.0.4/Content/Developers/Jun/Collections/' took 0.01s
[2018.04.17-09.37.38:254][  0]LogFileCache: Scanning file cache for directory 'C:/Users/Jun/Desktop/Documents/GitHub/SecurityGame/SGTset_0.0.4/Content/Collections/' took 0.01s
[2018.04.17-09.37.38:254][  0]LogCollectionManager: Rebuilt the GUID cache for 0 collections in 0.000001 seconds
[2018.04.17-09.37.38:330][  0]LogContentBrowser: Native class hierarchy populated in 0.0725 seconds. Added 2363 classes and 519 folders.
[2018.04.17-09.37.38:627][  0]LogContentBrowser: Native class hierarchy updated for 'WidgetCarousel' in 0.0003 seconds. Added 0 classes and 0 folders.
[2018.04.17-09.37.40:491][  0]LogContentBrowser: Native class hierarchy updated for 'AddContentDialog' in 0.0008 seconds. Added 0 classes and 0 folders.
[2018.04.17-09.37.40:910][  0]LogContentBrowser: Native class hierarchy updated for 'SceneOutliner' in 0.0003 seconds. Added 1 classes and 2 folders.
[2018.04.17-09.37.42:226][  0]LogSlate: Took 0.217706 seconds to synchronously load lazily loaded font '../../../Engine/Content/Slate/Fonts/Roboto-Regular.ttf' (155K)
[2018.04.17-09.37.42:807][  0]LogSlate: Took 0.577126 seconds to synchronously load lazily loaded font '../../../Engine/Content/Slate/Fonts/NanumGothic.ttf' (4243K)
[2018.04.17-09.37.42:881][  0]LogSlate: Took 0.071002 seconds to synchronously load lazily loaded font '../../../Engine/Content/Slate/Fonts/Roboto-Bold.ttf' (160K)
[2018.04.17-09.37.44:373][  0]LogRenderer: Reallocating scene render targets to support 1208x652 Format 10 NumSamples 1 (Frame:1).
[2018.04.17-09.37.45:546][  0]LogContentBrowser: Native class hierarchy updated for 'HierarchicalLODOutliner' in 0.0010 seconds. Added 1 classes and 2 folders.
[2018.04.17-09.37.45:546][  0]LogLoad: (Engine Initialization) Total time: 189.33 seconds
[2018.04.17-09.37.45:546][  0]LogLoad: (Engine Initialization) Total Blueprint compile time: 0.00 seconds
[2018.04.17-09.37.45:609][  0]LogExternalProfiler: Found external profiler: VSPerf
[2018.04.17-09.37.45:609][  0]LogExternalProfiler: Using external profiler: VSPerf
[2018.04.17-09.37.46:305][  0]LogContentStreaming: Texture pool size now 3000 MB
[2018.04.17-09.37.47:070][  2]LogAssetRegistry: Asset discovery search completed in 113.7348 seconds
[2018.04.17-09.37.47:072][  2]LogCollectionManager: Rebuilt the object cache for 0 collections in 0.000000 seconds (found 0 objects)
[2018.04.17-09.37.47:072][  2]LogCollectionManager: Fixed up redirectors for 0 collections in 0.000048 seconds (updated 0 objects)
[2018.04.17-09.37.47:257][  2]LogSlate: Took 0.121563 seconds to synchronously load lazily loaded font '../../../Engine/Content/Slate/Fonts/Roboto-Light.ttf' (159K)
[2018.04.17-09.37.56:338][571]LogTemp: Repeating last play command: 선택된 뷰포트
[2018.04.17-09.37.56:604][571]LogBlueprintUserMessages: Early PlayInEditor Detection: Level '/Game/TopDownBP/Maps/TopDownExampleMap.TopDownExampleMap:PersistentLevel' has LevelScriptBlueprint '/Game/TopDownBP/Maps/TopDownExampleMap.TopDownExampleMap:PersistentLevel.TopDownExampleMap' with GeneratedClass '/Game/TopDownBP/Maps/TopDownExampleMap.TopDownExampleMap_C' with ClassGeneratedBy '/Game/TopDownBP/Maps/TopDownExampleMap.TopDownExampleMap:PersistentLevel.TopDownExampleMap'
[2018.04.17-09.37.56:623][571]LogPlayLevel: PlayLevel: No blueprints needed recompiling
[2018.04.17-09.37.56:664][571]PIE: New page: PIE 세션: TopDownExampleMap (2018. 4. 18. 오전 3:37:56)
[2018.04.17-09.37.56:664][571]LogPlayLevel: Creating play world package: /Game/TopDownBP/Maps/UEDPIE_0_TopDownExampleMap
[2018.04.17-09.37.56:744][571]LogPlayLevel: PIE: StaticDuplicateObject took: (0.079358s)
[2018.04.17-09.37.56:745][571]LogAIModule: Creating AISystem for world TopDownExampleMap
[2018.04.17-09.37.56:745][571]LogPlayLevel: PIE: World Init took: (0.000861s)
[2018.04.17-09.37.56:745][571]LogPlayLevel: PIE: Created PIE world by copying editor world from /Game/TopDownBP/Maps/TopDownExampleMap.TopDownExampleMap to /Game/TopDownBP/Maps/UEDPIE_0_TopDownExampleMap.TopDownExampleMap (0.080609s)
[2018.04.17-09.37.56:791][571]LogInit: XAudio2 using '스피커(High Definition Audio 장치)' : 2 channels at 44.1 kHz using 16 bits per sample (channel mask 0x3)
[2018.04.17-09.37.56:801][571]LogInit: FAudioDevice initialized.
[2018.04.17-09.37.56:887][571]LogLoad: Game class is 'TopDownGameMode_C'
[2018.04.17-09.37.56:917][571]LogWorld: Bringing World /Game/TopDownBP/Maps/UEDPIE_0_TopDownExampleMap.TopDownExampleMap up for play (max tick rate 0) at 2018.04.17-18.37.56
[2018.04.17-09.37.56:918][571]LogWorld: Bringing up level for play took: 0.016714
[2018.04.17-09.37.57:037][571]LogContentBrowser: Native class hierarchy updated for 'MovieSceneCapture' in 0.0003 seconds. Added 11 classes and 0 folders.
[2018.04.17-09.37.57:137][571]PIE: /Game/TopDownBP/Maps/UEDPIE_0_TopDownExampleMap 에 대한 에디터에서 플레이 시작 시간: 1.516
[2018.04.17-09.37.57:137][571]LogBlueprintUserMessages: Late PlayInEditor Detection: Level '/Game/TopDownBP/Maps/TopDownExampleMap.TopDownExampleMap:PersistentLevel' has LevelScriptBlueprint '/Game/TopDownBP/Maps/TopDownExampleMap.TopDownExampleMap:PersistentLevel.TopDownExampleMap' with GeneratedClass '/Game/TopDownBP/Maps/TopDownExampleMap.TopDownExampleMap_C' with ClassGeneratedBy '/Game/TopDownBP/Maps/TopDownExampleMap.TopDownExampleMap:PersistentLevel.TopDownExampleMap'
[2018.04.17-09.38.23:575][591]LogBlueprintUserMessages: Early EndPlayMap Detection: Level '/Game/TopDownBP/Maps/TopDownExampleMap.TopDownExampleMap:PersistentLevel' has LevelScriptBlueprint '/Game/TopDownBP/Maps/TopDownExampleMap.TopDownExampleMap:PersistentLevel.TopDownExampleMap' with GeneratedClass '/Game/TopDownBP/Maps/TopDownExampleMap.TopDownExampleMap_C' with ClassGeneratedBy '/Game/TopDownBP/Maps/TopDownExampleMap.TopDownExampleMap:PersistentLevel.TopDownExampleMap'
[2018.04.17-09.38.23:621][591]LogBlueprintUserMessages: Late EndPlayMap Detection: Level '/Game/TopDownBP/Maps/TopDownExampleMap.TopDownExampleMap:PersistentLevel' has LevelScriptBlueprint '/Game/TopDownBP/Maps/TopDownExampleMap.TopDownExampleMap:PersistentLevel.TopDownExampleMap' with GeneratedClass '/Game/TopDownBP/Maps/TopDownExampleMap.TopDownExampleMap_C' with ClassGeneratedBy '/Game/TopDownBP/Maps/TopDownExampleMap.TopDownExampleMap:PersistentLevel.TopDownExampleMap'
[2018.04.17-09.38.27:933][101]LogEditorViewport: Clicking on Actor (LMB): StaticMeshActor (1Floor)
[2018.04.17-09.38.28:393][101]LogSlate: Took 0.010200 seconds to synchronously load lazily loaded font '../../../Engine/Content/Editor/Slate/Fonts/FontAwesome.ttf' (139K)
[2018.04.17-09.38.28:965][116]LogEditorViewport: Clicking on Actor (LMB): 1F계단_C (1F계단)
[2018.04.17-09.38.30:512][289]LogSlate: Took 0.038557 seconds to synchronously load lazily loaded font '../../../Engine/Content/Slate/Fonts/Roboto-Light.ttf' (159K)
[2018.04.17-09.38.31:352][289]LogContentBrowser: Native class hierarchy updated for 'BlueprintGraph' in 0.0007 seconds. Added 116 classes and 0 folders.
[2018.04.17-09.38.33:173][289]LogSlate: Took 0.006975 seconds to synchronously load lazily loaded font '../../../Engine/Content/Editor/Slate/Fonts/Roboto-BoldCondensed.ttf' (158K)
[2018.04.17-09.38.33:651][290]LogSlate: Took 0.002856 seconds to synchronously load lazily loaded font '../../../Engine/Content/Editor/Slate/Fonts/Roboto-Italic.ttf' (157K)
[2018.04.17-09.38.35:921][498]LogTemp: Repeating last play command: 선택된 뷰포트
[2018.04.17-09.38.35:942][498]LogBlueprintUserMessages: Early PlayInEditor Detection: Level '/Game/TopDownBP/Maps/TopDownExampleMap.TopDownExampleMap:PersistentLevel' has LevelScriptBlueprint '/Game/TopDownBP/Maps/TopDownExampleMap.TopDownExampleMap:PersistentLevel.TopDownExampleMap' with GeneratedClass '/Game/TopDownBP/Maps/TopDownExampleMap.TopDownExampleMap_C' with ClassGeneratedBy '/Game/TopDownBP/Maps/TopDownExampleMap.TopDownExampleMap:PersistentLevel.TopDownExampleMap'
[2018.04.17-09.38.35:943][498]LogPlayLevel: PlayLevel: No blueprints needed recompiling
[2018.04.17-09.38.35:943][498]PIE: New page: PIE 세션: TopDownExampleMap (2018. 4. 18. 오전 3:38:35)
[2018.04.17-09.38.35:943][498]LogPlayLevel: Creating play world package: /Game/TopDownBP/Maps/UEDPIE_0_TopDownExampleMap
[2018.04.17-09.38.35:970][498]LogPlayLevel: PIE: StaticDuplicateObject took: (0.027369s)
[2018.04.17-09.38.35:971][498]LogAIModule: Creating AISystem for world TopDownExampleMap
[2018.04.17-09.38.35:971][498]LogPlayLevel: PIE: World Init took: (0.000863s)
[2018.04.17-09.38.35:971][498]LogPlayLevel: PIE: Created PIE world by copying editor world from /Game/TopDownBP/Maps/TopDownExampleMap.TopDownExampleMap to /Game/TopDownBP/Maps/UEDPIE_0_TopDownExampleMap.TopDownExampleMap (0.028522s)
[2018.04.17-09.38.35:998][498]LogInit: XAudio2 using '스피커(High Definition Audio 장치)' : 2 channels at 44.1 kHz using 16 bits per sample (channel mask 0x3)
[2018.04.17-09.38.36:005][498]LogInit: FAudioDevice initialized.
[2018.04.17-09.38.36:031][498]LogLoad: Game class is 'TopDownGameMode_C'
[2018.04.17-09.38.36:036][498]LogWorld: Bringing World /Game/TopDownBP/Maps/UEDPIE_0_TopDownExampleMap.TopDownExampleMap up for play (max tick rate 0) at 2018.04.17-18.38.36
[2018.04.17-09.38.36:037][498]LogWorld: Bringing up level for play took: 0.004461
[2018.04.17-09.38.36:124][498]PIE: /Game/TopDownBP/Maps/UEDPIE_0_TopDownExampleMap 에 대한 에디터에서 플레이 시작 시간: 0.503
[2018.04.17-09.38.36:124][498]LogBlueprintUserMessages: Late PlayInEditor Detection: Level '/Game/TopDownBP/Maps/TopDownExampleMap.TopDownExampleMap:PersistentLevel' has LevelScriptBlueprint '/Game/TopDownBP/Maps/TopDownExampleMap.TopDownExampleMap:PersistentLevel.TopDownExampleMap' with GeneratedClass '/Game/TopDownBP/Maps/TopDownExampleMap.TopDownExampleMap_C' with ClassGeneratedBy '/Game/TopDownBP/Maps/TopDownExampleMap.TopDownExampleMap:PersistentLevel.TopDownExampleMap'
[2018.04.17-09.38.56:786][371]LogBlueprintUserMessages: Early EndPlayMap Detection: Level '/Game/TopDownBP/Maps/TopDownExampleMap.TopDownExampleMap:PersistentLevel' has LevelScriptBlueprint '/Game/TopDownBP/Maps/TopDownExampleMap.TopDownExampleMap:PersistentLevel.TopDownExampleMap' with GeneratedClass '/Game/TopDownBP/Maps/TopDownExampleMap.TopDownExampleMap_C' with ClassGeneratedBy '/Game/TopDownBP/Maps/TopDownExampleMap.TopDownExampleMap:PersistentLevel.TopDownExampleMap'
[2018.04.17-09.38.56:821][371]LogBlueprintUserMessages: Late EndPlayMap Detection: Level '/Game/TopDownBP/Maps/TopDownExampleMap.TopDownExampleMap:PersistentLevel' has LevelScriptBlueprint '/Game/TopDownBP/Maps/TopDownExampleMap.TopDownExampleMap:PersistentLevel.TopDownExampleMap' with GeneratedClass '/Game/TopDownBP/Maps/TopDownExampleMap.TopDownExampleMap_C' with ClassGeneratedBy '/Game/TopDownBP/Maps/TopDownExampleMap.TopDownExampleMap:PersistentLevel.TopDownExampleMap'
[2018.04.17-09.40.32:951][648]Cmd: OBJ SAVEPACKAGE PACKAGE="/Game/TopDownBP/Blueprints/1F계단" FILE="../../../../../../Users/Jun/Desktop/Documents/GitHub/SecurityGame/SGTset_0.0.4/Content/TopDownBP/Blueprints/1F계단.uasset" SILENT=true
[2018.04.17-09.40.33:401][648]LogSavePackage: Save=91.51ms
[2018.04.17-09.40.33:401][648]LogSavePackage: Moving '../../../../../../Users/Jun/Desktop/Documents/GitHub/SecurityGame/SGTset_0.0.4/Saved/1F계단D5FA853849CF3598D2AFB8864F59BC13.tmp' to '../../../../../../Users/Jun/Desktop/Documents/GitHub/SecurityGame/SGTset_0.0.4/Content/TopDownBP/Blueprints/1F계단.uasset'
[2018.04.17-09.40.33:426][648]LogSavePackage: Display: Finished SavePackage ../../../../../../Users/Jun/Desktop/Documents/GitHub/SecurityGame/SGTset_0.0.4/Content/TopDownBP/Blueprints/1F계단.uasset
[2018.04.17-09.40.56:164][131]BlueprintLog: New page: 1F계단 컴파일
[2018.04.17-09.40.56:719][143]Cmd: OBJ SAVEPACKAGE PACKAGE="/Game/TopDownBP/Blueprints/1F계단" FILE="../../../../../../Users/Jun/Desktop/Documents/GitHub/SecurityGame/SGTset_0.0.4/Content/TopDownBP/Blueprints/1F계단.uasset" SILENT=true
[2018.04.17-09.40.56:775][143]LogSavePackage: Save=48.18ms
[2018.04.17-09.40.56:775][143]LogSavePackage: Moving '../../../../../../Users/Jun/Desktop/Documents/GitHub/SecurityGame/SGTset_0.0.4/Saved/1F계단18D0D8A64EC83343E8301587EC52C69D.tmp' to '../../../../../../Users/Jun/Desktop/Documents/GitHub/SecurityGame/SGTset_0.0.4/Content/TopDownBP/Blueprints/1F계단.uasset'
[2018.04.17-09.40.56:777][143]LogSavePackage: Display: Finished SavePackage ../../../../../../Users/Jun/Desktop/Documents/GitHub/SecurityGame/SGTset_0.0.4/Content/TopDownBP/Blueprints/1F계단.uasset
[2018.04.17-09.41.25:408][843]LogTemp: Repeating last play command: 선택된 뷰포트
[2018.04.17-09.41.25:434][843]LogBlueprintUserMessages: Early PlayInEditor Detection: Level '/Game/TopDownBP/Maps/TopDownExampleMap.TopDownExampleMap:PersistentLevel' has LevelScriptBlueprint '/Game/TopDownBP/Maps/TopDownExampleMap.TopDownExampleMap:PersistentLevel.TopDownExampleMap' with GeneratedClass '/Game/TopDownBP/Maps/TopDownExampleMap.TopDownExampleMap_C' with ClassGeneratedBy '/Game/TopDownBP/Maps/TopDownExampleMap.TopDownExampleMap:PersistentLevel.TopDownExampleMap'
[2018.04.17-09.41.25:434][843]LogPlayLevel: PlayLevel: No blueprints needed recompiling
[2018.04.17-09.41.25:434][843]PIE: New page: PIE 세션: TopDownExampleMap (2018. 4. 18. 오전 3:41:25)
[2018.04.17-09.41.25:434][843]LogPlayLevel: Creating play world package: /Game/TopDownBP/Maps/UEDPIE_0_TopDownExampleMap
[2018.04.17-09.41.25:463][843]LogPlayLevel: PIE: StaticDuplicateObject took: (0.028366s)
[2018.04.17-09.41.25:463][843]LogAIModule: Creating AISystem for world TopDownExampleMap
[2018.04.17-09.41.25:464][843]LogPlayLevel: PIE: World Init took: (0.000832s)
[2018.04.17-09.41.25:464][843]LogPlayLevel: PIE: Created PIE world by copying editor world from /Game/TopDownBP/Maps/TopDownExampleMap.TopDownExampleMap to /Game/TopDownBP/Maps/UEDPIE_0_TopDownExampleMap.TopDownExampleMap (0.029498s)
[2018.04.17-09.41.25:487][843]LogInit: XAudio2 using '스피커(High Definition Audio 장치)' : 2 channels at 44.1 kHz using 16 bits per sample (channel mask 0x3)
[2018.04.17-09.41.25:494][843]LogInit: FAudioDevice initialized.
[2018.04.17-09.41.25:521][843]LogLoad: Game class is 'TopDownGameMode_C'
[2018.04.17-09.41.25:526][843]LogWorld: Bringing World /Game/TopDownBP/Maps/UEDPIE_0_TopDownExampleMap.TopDownExampleMap up for play (max tick rate 0) at 2018.04.17-18.41.25
[2018.04.17-09.41.25:527][843]LogWorld: Bringing up level for play took: 0.004939
[2018.04.17-09.41.25:700][843]PIE: /Game/TopDownBP/Maps/UEDPIE_0_TopDownExampleMap 에 대한 에디터에서 플레이 시작 시간: 0.075
[2018.04.17-09.41.25:700][843]LogBlueprintUserMessages: Late PlayInEditor Detection: Level '/Game/TopDownBP/Maps/TopDownExampleMap.TopDownExampleMap:PersistentLevel' has LevelScriptBlueprint '/Game/TopDownBP/Maps/TopDownExampleMap.TopDownExampleMap:PersistentLevel.TopDownExampleMap' with GeneratedClass '/Game/TopDownBP/Maps/TopDownExampleMap.TopDownExampleMap_C' with ClassGeneratedBy '/Game/TopDownBP/Maps/TopDownExampleMap.TopDownExampleMap:PersistentLevel.TopDownExampleMap'
[2018.04.17-09.41.44:658][287]LogBlueprintUserMessages: Early EndPlayMap Detection: Level '/Game/TopDownBP/Maps/TopDownExampleMap.TopDownExampleMap:PersistentLevel' has LevelScriptBlueprint '/Game/TopDownBP/Maps/TopDownExampleMap.TopDownExampleMap:PersistentLevel.TopDownExampleMap' with GeneratedClass '/Game/TopDownBP/Maps/TopDownExampleMap.TopDownExampleMap_C' with ClassGeneratedBy '/Game/TopDownBP/Maps/TopDownExampleMap.TopDownExampleMap:PersistentLevel.TopDownExampleMap'
[2018.04.17-09.41.44:701][287]LogBlueprintUserMessages: Late EndPlayMap Detection: Level '/Game/TopDownBP/Maps/TopDownExampleMap.TopDownExampleMap:PersistentLevel' has LevelScriptBlueprint '/Game/TopDownBP/Maps/TopDownExampleMap.TopDownExampleMap:PersistentLevel.TopDownExampleMap' with GeneratedClass '/Game/TopDownBP/Maps/TopDownExampleMap.TopDownExampleMap_C' with ClassGeneratedBy '/Game/TopDownBP/Maps/TopDownExampleMap.TopDownExampleMap:PersistentLevel.TopDownExampleMap'
[2018.04.17-09.41.58:901][480]BlueprintLog: New page: BP_반층 컴파일
[2018.04.17-09.41.59:461][497]Cmd: OBJ SAVEPACKAGE PACKAGE="/Game/TopDownBP/Blueprints/BP_반층" FILE="../../../../../../Users/Jun/Desktop/Documents/GitHub/SecurityGame/SGTset_0.0.4/Content/TopDownBP/Blueprints/BP_반층.uasset" SILENT=true
[2018.04.17-09.41.59:549][497]LogSavePackage: Save=73.74ms
[2018.04.17-09.41.59:549][497]LogSavePackage: Moving '../../../../../../Users/Jun/Desktop/Documents/GitHub/SecurityGame/SGTset_0.0.4/Saved/BP_반층BA85598E43BA583AD902589F6C57E0DF.tmp' to '../../../../../../Users/Jun/Desktop/Documents/GitHub/SecurityGame/SGTset_0.0.4/Content/TopDownBP/Blueprints/BP_반층.uasset'
[2018.04.17-09.41.59:552][497]LogSavePackage: Display: Finished SavePackage ../../../../../../Users/Jun/Desktop/Documents/GitHub/SecurityGame/SGTset_0.0.4/Content/TopDownBP/Blueprints/BP_반층.uasset
[2018.04.17-09.42.00:781][612]LogTemp: Repeating last play command: 선택된 뷰포트
[2018.04.17-09.42.00:807][612]LogBlueprintUserMessages: Early PlayInEditor Detection: Level '/Game/TopDownBP/Maps/TopDownExampleMap.TopDownExampleMap:PersistentLevel' has LevelScriptBlueprint '/Game/TopDownBP/Maps/TopDownExampleMap.TopDownExampleMap:PersistentLevel.TopDownExampleMap' with GeneratedClass '/Game/TopDownBP/Maps/TopDownExampleMap.TopDownExampleMap_C' with ClassGeneratedBy '/Game/TopDownBP/Maps/TopDownExampleMap.TopDownExampleMap:PersistentLevel.TopDownExampleMap'
[2018.04.17-09.42.00:807][612]LogPlayLevel: PlayLevel: No blueprints needed recompiling
[2018.04.17-09.42.00:807][612]PIE: New page: PIE 세션: TopDownExampleMap (2018. 4. 18. 오전 3:42:00)
[2018.04.17-09.42.00:807][612]LogPlayLevel: Creating play world package: /Game/TopDownBP/Maps/UEDPIE_0_TopDownExampleMap
[2018.04.17-09.42.00:838][612]LogPlayLevel: PIE: StaticDuplicateObject took: (0.030320s)
[2018.04.17-09.42.00:838][612]LogAIModule: Creating AISystem for world TopDownExampleMap
[2018.04.17-09.42.00:839][612]LogPlayLevel: PIE: World Init took: (0.000819s)
[2018.04.17-09.42.00:839][612]LogPlayLevel: PIE: Created PIE world by copying editor world from /Game/TopDownBP/Maps/TopDownExampleMap.TopDownExampleMap to /Game/TopDownBP/Maps/UEDPIE_0_TopDownExampleMap.TopDownExampleMap (0.031451s)
[2018.04.17-09.42.00:867][612]LogInit: XAudio2 using '스피커(High Definition Audio 장치)' : 2 channels at 44.1 kHz using 16 bits per sample (channel mask 0x3)
[2018.04.17-09.42.00:875][612]LogInit: FAudioDevice initialized.
[2018.04.17-09.42.00:902][612]LogLoad: Game class is 'TopDownGameMode_C'
[2018.04.17-09.42.00:907][612]LogWorld: Bringing World /Game/TopDownBP/Maps/UEDPIE_0_TopDownExampleMap.TopDownExampleMap up for play (max tick rate 0) at 2018.04.17-18.42.00
[2018.04.17-09.42.00:908][612]LogWorld: Bringing up level for play took: 0.004716
[2018.04.17-09.42.01:080][612]PIE: /Game/TopDownBP/Maps/UEDPIE_0_TopDownExampleMap 에 대한 에디터에서 플레이 시작 시간: -0.545
[2018.04.17-09.42.01:081][612]LogBlueprintUserMessages: Late PlayInEditor Detection: Level '/Game/TopDownBP/Maps/TopDownExampleMap.TopDownExampleMap:PersistentLevel' has LevelScriptBlueprint '/Game/TopDownBP/Maps/TopDownExampleMap.TopDownExampleMap:PersistentLevel.TopDownExampleMap' with GeneratedClass '/Game/TopDownBP/Maps/TopDownExampleMap.TopDownExampleMap_C' with ClassGeneratedBy '/Game/TopDownBP/Maps/TopDownExampleMap.TopDownExampleMap:PersistentLevel.TopDownExampleMap'
[2018.04.17-09.42.09:143][236]LogScript: Warning: 런어웨이 루프가 (1,000,000 회에 걸쳐) 감지되었습니다. 로그에서 스택 추적 내역을 확인하세요.
	BP_반층_C /Game/TopDownBP/Maps/UEDPIE_0_TopDownExampleMap.TopDownExampleMap:PersistentLevel.BP_반층_164
	Function /Game/TopDownBP/Blueprints/BP_반층.BP_반층_C:ExecuteUbergraph_BP_반층:0D05
[2018.04.17-09.42.09:161][236]PIE: Error: 무한 루프 발견된 곳:  BP_반층 , 어서트 발생당시  IsValid  with the following  콜 스택
[2018.04.17-09.42.09:162][236]LogBlueprintUserMessages: Early EndPlayMap Detection: Level '/Game/TopDownBP/Maps/TopDownExampleMap.TopDownExampleMap:PersistentLevel' has LevelScriptBlueprint '/Game/TopDownBP/Maps/TopDownExampleMap.TopDownExampleMap:PersistentLevel.TopDownExampleMap' with GeneratedClass '/Game/TopDownBP/Maps/TopDownExampleMap.TopDownExampleMap_C' with ClassGeneratedBy '/Game/TopDownBP/Maps/TopDownExampleMap.TopDownExampleMap:PersistentLevel.TopDownExampleMap'
[2018.04.17-09.42.09:212][236]LogBlueprintUserMessages: Late EndPlayMap Detection: Level '/Game/TopDownBP/Maps/TopDownExampleMap.TopDownExampleMap:PersistentLevel' has LevelScriptBlueprint '/Game/TopDownBP/Maps/TopDownExampleMap.TopDownExampleMap:PersistentLevel.TopDownExampleMap' with GeneratedClass '/Game/TopDownBP/Maps/TopDownExampleMap.TopDownExampleMap_C' with ClassGeneratedBy '/Game/TopDownBP/Maps/TopDownExampleMap.TopDownExampleMap:PersistentLevel.TopDownExampleMap'
[2018.04.17-09.42.18:084][ 36]BlueprintLog: New page: BP_반층 컴파일
[2018.04.17-09.42.18:615][ 42]Cmd: OBJ SAVEPACKAGE PACKAGE="/Game/TopDownBP/Blueprints/BP_반층" FILE="../../../../../../Users/Jun/Desktop/Documents/GitHub/SecurityGame/SGTset_0.0.4/Content/TopDownBP/Blueprints/BP_반층.uasset" SILENT=true
[2018.04.17-09.42.18:696][ 42]LogSavePackage: Save=67.96ms
[2018.04.17-09.42.18:696][ 42]LogSavePackage: Moving '../../../../../../Users/Jun/Desktop/Documents/GitHub/SecurityGame/SGTset_0.0.4/Saved/BP_반층E7F38AA547B794AE3EFFE1ABB6CA9C43.tmp' to '../../../../../../Users/Jun/Desktop/Documents/GitHub/SecurityGame/SGTset_0.0.4/Content/TopDownBP/Blueprints/BP_반층.uasset'
[2018.04.17-09.42.18:709][ 42]LogSavePackage: Display: Finished SavePackage ../../../../../../Users/Jun/Desktop/Documents/GitHub/SecurityGame/SGTset_0.0.4/Content/TopDownBP/Blueprints/BP_반층.uasset
[2018.04.17-09.49.00:900][852]LogSavePackage: Save=491.40ms
[2018.04.17-09.49.00:900][852]LogSavePackage: Moving '../../../../../../Users/Jun/Desktop/Documents/GitHub/SecurityGame/SGTset_0.0.4/Saved/TopDownExampleMap_Auto1D4B3114F4EC918C7CABD7CB64A50BD32.tmp' to '../../../../../../Users/Jun/Desktop/Documents/GitHub/SecurityGame/SGTset_0.0.4/Saved/Autosaves/Game/TopDownBP/Maps/TopDownExampleMap_Auto1.umap'
[2018.04.17-09.49.01:009][852]LogSavePackage: Display: Finished SavePackage ../../../../../../Users/Jun/Desktop/Documents/GitHub/SecurityGame/SGTset_0.0.4/Saved/Autosaves/Game/TopDownBP/Maps/TopDownExampleMap_Auto1.umap
[2018.04.17-09.49.01:012][852]LogFileHelpers: Editor autosave (incl. sublevels) for '/Game/TopDownBP/Maps/TopDownExampleMap' took 0.847
[2018.04.17-09.49.01:012][852]LogFileHelpers: Editor autosave (incl. sublevels) for all levels took 0.847
[2018.04.17-09.52.00:789][504]LogSavePackage: Save=391.24ms
[2018.04.17-09.52.00:789][504]LogSavePackage: Moving '../../../../../../Users/Jun/Desktop/Documents/GitHub/SecurityGame/SGTset_0.0.4/Saved/TopDownExampleMapA547EAD9415678A0855F4E980A9A28DD.tmp' to '../../../../../../Users/Jun/Desktop/Documents/GitHub/SecurityGame/SGTset_0.0.4/Content/TopDownBP/Maps/TopDownExampleMap.umap'
[2018.04.17-09.52.00:793][504]LogSavePackage: Display: Finished SavePackage ../../../../../../Users/Jun/Desktop/Documents/GitHub/SecurityGame/SGTset_0.0.4/Content/TopDownBP/Maps/TopDownExampleMap.umap
[2018.04.17-09.52.00:839][504]LogFileHelpers: Saving map 'TopDownExampleMap' took 1.041
[2018.04.17-09.52.01:179][504]LogActorComponent: UnregisterComponent: (/Engine/Transient.EditorFloorComp) Not registered. Aborting.
[2018.04.17-09.52.01:303][504]LogActorComponent: UnregisterComponent: (/Engine/Transient.EditorFloorComp) Not registered. Aborting.
[2018.04.17-09.52.01:605][505]Cmd: QUIT_EDITOR
[2018.04.17-09.52.01:839][505]LogExit: Preparing to exit.
[2018.04.17-09.52.02:866][505]LogDirectoryWatcher: A directory notification for 'C:/Users/Jun/Desktop/Documents/GitHub/SecurityGame/SGTset_0.0.4/Content/' was aborted.
[2018.04.17-09.52.02:956][505]LogExit: Editor shut down
[2018.04.17-09.52.02:960][505]LogExit: Transaction tracking system shut down
[2018.04.17-09.52.03:163][505]LogDirectoryWatcher: A directory notification for '../../../Engine/Content/' was aborted.
[2018.04.17-09.52.03:163][505]LogDirectoryWatcher: A directory notification for '../../../../../../Users/Jun/Desktop/Documents/GitHub/SecurityGame/SGTset_0.0.4/Content/' was aborted.
[2018.04.17-09.52.03:163][505]LogDirectoryWatcher: A directory notification for '../../../Engine/Plugins/2D/Paper2D/Content/' was aborted.
[2018.04.17-09.52.03:163][505]LogDirectoryWatcher: A directory notification for '../../../Engine/Plugins/Media/MediaCompositing/Content/' was aborted.
[2018.04.17-09.52.03:163][505]LogDirectoryWatcher: A directory notification for '../../../Engine/Plugins/Runtime/AppleARKit/Content/' was aborted.
[2018.04.17-09.52.03:163][505]LogDirectoryWatcher: A directory notification for '../../../Engine/Plugins/Runtime/Oculus/OculusVR/Content/' was aborted.
[2018.04.17-09.52.03:163][505]LogDirectoryWatcher: A directory notification for '../../../Engine/Plugins/Runtime/Steam/SteamVR/Content/' was aborted.
[2018.04.17-09.52.03:928][505]LogExit: Object subsystem successfully closed.
[2018.04.17-09.52.04:005][505]LogD3D11RHI: Shutdown
[2018.04.17-09.52.04:005][505]LogD3D11RHI: CleanupD3DDevice
[2018.04.17-09.52.04:017][505]LogD3D11RHI: ~FD3D11DynamicRHI
[2018.04.17-09.52.04:335][505]LogModuleManager: Shutting down and abandoning module BlueprintGraph (552)
[2018.04.17-09.52.04:335][505]LogModuleManager: Shutting down and abandoning module MovieSceneCapture (550)
[2018.04.17-09.52.04:335][505]LogModuleManager: Shutting down and abandoning module HierarchicalLODOutliner (548)
[2018.04.17-09.52.04:335][505]LogModuleManager: Shutting down and abandoning module SceneOutliner (546)
[2018.04.17-09.52.04:345][505]LogModuleManager: Shutting down and abandoning module AddContentDialog (544)
[2018.04.17-09.52.04:375][505]LogDirectoryWatcher: A directory notification for 'C:/Program Files/Epic Games/UE_4.18/FeaturePacks/' was aborted.
[2018.04.17-09.52.04:376][505]LogModuleManager: Shutting down and abandoning module WidgetCarousel (543)
[2018.04.17-09.52.04:376][505]LogModuleManager: Shutting down and abandoning module EditorWidgets (540)
[2018.04.17-09.52.04:376][505]LogModuleManager: Shutting down and abandoning module CollectionManager (538)
[2018.04.17-09.52.04:376][505]LogDirectoryWatcher: A directory notification for 'C:/Users/Jun/Desktop/Documents/GitHub/SecurityGame/SGTset_0.0.4/Content/Collections/' was aborted.
[2018.04.17-09.52.04:377][505]LogDirectoryWatcher: A directory notification for 'C:/Users/Jun/Desktop/Documents/GitHub/SecurityGame/SGTset_0.0.4/Content/Developers/Jun/Collections/' was aborted.
[2018.04.17-09.52.04:377][505]LogDirectoryWatcher: A directory notification for 'C:/Users/Jun/Desktop/Documents/GitHub/SecurityGame/SGTset_0.0.4/Saved/Collections/' was aborted.
[2018.04.17-09.52.04:377][505]LogModuleManager: Shutting down and abandoning module StatsViewer (536)
[2018.04.17-09.52.04:377][505]LogModuleManager: Shutting down and abandoning module FoliageEdit (534)
[2018.04.17-09.52.04:377][505]LogModuleManager: Shutting down and abandoning module LandscapeEditor (532)
[2018.04.17-09.52.04:413][505]LogModuleManager: Shutting down and abandoning module MeshPaintMode (530)
[2018.04.17-09.52.04:413][505]LogModuleManager: Shutting down and abandoning module SceneDepthPickerMode (528)
[2018.04.17-09.52.04:413][505]LogModuleManager: Shutting down and abandoning module ActorPickerMode (526)
[2018.04.17-09.52.04:413][505]LogModuleManager: Shutting down and abandoning module GeometryMode (524)
[2018.04.17-09.52.04:413][505]LogModuleManager: Shutting down and abandoning module TextureAlignMode (522)
[2018.04.17-09.52.04:413][505]LogModuleManager: Shutting down and abandoning module BspMode (520)
[2018.04.17-09.52.04:413][505]LogModuleManager: Shutting down and abandoning module PIEPreviewDeviceProfileSelector (518)
[2018.04.17-09.52.04:413][505]LogModuleManager: Shutting down and abandoning module HardwareSurvey (516)
[2018.04.17-09.52.04:413][505]LogModuleManager: Shutting down and abandoning module SequenceRecorderSections (514)
[2018.04.17-09.52.04:413][505]LogModuleManager: Shutting down and abandoning module AutomationWorker (512)
[2018.04.17-09.52.04:413][505]LogModuleManager: Shutting down and abandoning module MatineeToLevelSequence (510)
[2018.04.17-09.52.04:413][505]LogModuleManager: Shutting down and abandoning module LevelSequenceEditor (508)
[2018.04.17-09.52.04:451][505]LogModuleManager: Shutting down and abandoning module PlacementMode (507)
[2018.04.17-09.52.04:451][505]LogModuleManager: Shutting down and abandoning module WmfMediaFactory (504)
[2018.04.17-09.52.04:451][505]LogModuleManager: Shutting down and abandoning module WmfMediaEditor (502)
[2018.04.17-09.52.04:451][505]LogModuleManager: Shutting down and abandoning module OpenExrWrapper (500)
[2018.04.17-09.52.04:451][505]LogModuleManager: Shutting down and abandoning module ImgMediaFactory (498)
[2018.04.17-09.52.04:451][505]LogModuleManager: Shutting down and abandoning module ImgMediaEditor (496)
[2018.04.17-09.52.04:451][505]LogModuleManager: Shutting down and abandoning module AvfMediaFactory (494)
[2018.04.17-09.52.04:451][505]LogModuleManager: Shutting down and abandoning module AvfMediaEditor (492)
[2018.04.17-09.52.04:451][505]LogModuleManager: Shutting down and abandoning module AndroidMediaFactory (490)
[2018.04.17-09.52.04:451][505]LogModuleManager: Shutting down and abandoning module AndroidMediaEditor (488)
[2018.04.17-09.52.04:451][505]LogModuleManager: Shutting down and abandoning module CharacterAI (486)
[2018.04.17-09.52.04:451][505]LogModuleManager: Shutting down and abandoning module AudioCapture (484)
[2018.04.17-09.52.04:451][505]LogModuleManager: Shutting down and abandoning module SequenceRecorder (483)
[2018.04.17-09.52.04:451][505]LogModuleManager: Shutting down and abandoning module SmartSnapping (480)
[2018.04.17-09.52.04:451][505]LogModuleManager: Shutting down and abandoning module SessionServices (478)
[2018.04.17-09.52.04:451][505]LogModuleManager: Shutting down and abandoning module ViewportSnapping (476)
[2018.04.17-09.52.04:451][505]LogModuleManager: Shutting down and abandoning module ViewportInteraction (474)
[2018.04.17-09.52.04:451][505]LogModuleManager: Shutting down and abandoning module ClothPainter (472)
[2018.04.17-09.52.04:451][505]LogModuleManager: Shutting down and abandoning module SkeletalMeshEditor (471)
[2018.04.17-09.52.04:465][505]LogModuleManager: Shutting down and abandoning module LogVisualizer (468)
[2018.04.17-09.52.04:465][505]LogModuleManager: Shutting down and abandoning module IntroTutorials (466)
[2018.04.17-09.52.04:495][505]LogModuleManager: Shutting down and abandoning module GameProjectGeneration (465)
[2018.04.17-09.52.04:505][505]LogModuleManager: Shutting down and abandoning module IOSPlatformEditor (462)
[2018.04.17-09.52.04:505][505]LogModuleManager: Shutting down and abandoning module HTML5PlatformEditor (460)
[2018.04.17-09.52.04:505][505]LogModuleManager: Shutting down and abandoning module AndroidPlatformEditor (458)
[2018.04.17-09.52.04:505][505]LogModuleManager: Shutting down and abandoning module AndroidDeviceDetection (457)
[2018.04.17-09.52.05:055][505]LogModuleManager: Shutting down and abandoning module WindowsPlatformEditor (454)
[2018.04.17-09.52.05:055][505]LogModuleManager: Shutting down and abandoning module IOSRuntimeSettings (452)
[2018.04.17-09.52.05:055][505]LogModuleManager: Shutting down and abandoning module AndroidRuntimeSettings (450)
[2018.04.17-09.52.05:055][505]LogModuleManager: Shutting down and abandoning module InputBindingEditor (448)
[2018.04.17-09.52.05:055][505]LogModuleManager: Shutting down and abandoning module MergeActors (446)
[2018.04.17-09.52.05:189][505]LogModuleManager: Shutting down and abandoning module SizeMap (444)
[2018.04.17-09.52.05:189][505]LogModuleManager: Shutting down and abandoning module TreeMap (442)
[2018.04.17-09.52.05:189][505]LogModuleManager: Shutting down and abandoning module ReferenceViewer (440)
[2018.04.17-09.52.05:189][505]LogModuleManager: Shutting down and abandoning module LocalizationDashboard (438)
[2018.04.17-09.52.05:241][505]LogModuleManager: Shutting down and abandoning module LocalizationService (437)
[2018.04.17-09.52.05:242][505]LogModuleManager: Shutting down and abandoning module HardwareTargeting (434)
[2018.04.17-09.52.05:242][505]LogModuleManager: Shutting down and abandoning module DeviceProfileEditor (432)
[2018.04.17-09.52.05:242][505]LogModuleManager: Shutting down and abandoning module UndoHistory (430)
[2018.04.17-09.52.05:242][505]LogModuleManager: Shutting down and abandoning module XmlParser (428)
[2018.04.17-09.52.05:242][505]LogModuleManager: Shutting down and abandoning module Blutility (426)
[2018.04.17-09.52.05:242][505]LogModuleManager: Shutting down and abandoning module ProjectSettingsViewer (424)
[2018.04.17-09.52.05:242][505]LogModuleManager: Shutting down and abandoning module ProjectTargetPlatformEditor (423)
[2018.04.17-09.52.05:242][505]LogModuleManager: Shutting down and abandoning module EditorSettingsViewer (420)
[2018.04.17-09.52.05:243][505]LogModuleManager: Shutting down and abandoning module SettingsEditor (418)
[2018.04.17-09.52.05:279][505]LogModuleManager: Shutting down and abandoning module ProjectLauncher (416)
[2018.04.17-09.52.05:294][505]LogModuleManager: Shutting down and abandoning module SessionFrontend (414)
[2018.04.17-09.52.05:294][505]LogModuleManager: Shutting down and abandoning module ProfilerClient (412)
[2018.04.17-09.52.05:295][505]LogModuleManager: Shutting down and abandoning module DeviceManager (410)
[2018.04.17-09.52.05:295][505]LogModuleManager: Shutting down and abandoning module TargetDeviceServices (409)
[2018.04.17-09.52.05:335][505]LogModuleManager: Shutting down and abandoning module AutomationController (406)
[2018.04.17-09.52.05:349][505]LogModuleManager: Shutting down and abandoning module AutomationWindow (404)
[2018.04.17-09.52.05:371][505]LogModuleManager: Shutting down and abandoning module Layers (402)
[2018.04.17-09.52.05:398][505]LogModuleManager: Shutting down and abandoning module ComponentVisualizers (400)
[2018.04.17-09.52.05:398][505]LogModuleManager: Shutting down and abandoning module DetailCustomizations (398)
[2018.04.17-09.52.05:413][505]LogModuleManager: Shutting down and abandoning module PackagesDialog (396)
[2018.04.17-09.52.05:413][505]LogModuleManager: Shutting down and abandoning module Persona (394)
[2018.04.17-09.52.05:435][505]LogModuleManager: Shutting down and abandoning module AdvancedPreviewScene (393)
[2018.04.17-09.52.05:435][505]LogModuleManager: Shutting down and abandoning module AnimGraph (391)
[2018.04.17-09.52.05:436][505]LogModuleManager: Shutting down and abandoning module Kismet (388)
[2018.04.17-09.52.05:471][505]LogModuleManager: Shutting down and abandoning module ClassViewer (386)
[2018.04.17-09.52.05:472][505]LogModuleManager: Shutting down and abandoning module Toolbox (384)
[2018.04.17-09.52.05:472][505]LogModuleManager: Shutting down and abandoning module ModuleUI (382)
[2018.04.17-09.52.05:472][505]LogModuleManager: Shutting down and abandoning module MovieSceneTools (380)
[2018.04.17-09.52.05:485][505]LogModuleManager: Shutting down and abandoning module OutputLog (378)
[2018.04.17-09.52.05:485][505]LogModuleManager: Shutting down and abandoning module GammaUI (376)
[2018.04.17-09.52.05:485][505]LogModuleManager: Shutting down and abandoning module Documentation (374)
[2018.04.17-09.52.05:485][505]LogModuleManager: Shutting down and abandoning module MovieSceneTracks (372)
[2018.04.17-09.52.05:494][505]LogModuleManager: Shutting down and abandoning module MovieScene (370)
[2018.04.17-09.52.05:494][505]LogModuleManager: Shutting down and abandoning module StreamingPauseRendering (368)
[2018.04.17-09.52.05:495][505]LogModuleManager: Shutting down and abandoning module LauncherPlatform (366)
[2018.04.17-09.52.05:495][505]LogModuleManager: Shutting down and abandoning module AnalyticsET (364)
[2018.04.17-09.52.05:495][505]LogModuleManager: Shutting down and abandoning module PortalServices (362)
[2018.04.17-09.52.05:495][505]LogModuleManager: Shutting down and abandoning module PortalRpc (360)
[2018.04.17-09.52.05:495][505]LogModuleManager: Shutting down and abandoning module MessagingRpc (358)
[2018.04.17-09.52.05:495][505]LogModuleManager: Shutting down and abandoning module AIModule (356)
[2018.04.17-09.52.05:495][505]LogModuleManager: Shutting down and abandoning module GameplayDebugger (355)
[2018.04.17-09.52.05:495][505]LogModuleManager: Shutting down and abandoning module AITestSuite (353)
[2018.04.17-09.52.05:495][505]LogModuleManager: Shutting down and abandoning module DesktopPlatform (350)
[2018.04.17-09.52.05:495][505]LogModuleManager: Shutting down and abandoning module ProfilerService (348)
[2018.04.17-09.52.05:556][505]LogModuleManager: Shutting down and abandoning module TaskGraph (346)
[2018.04.17-09.52.05:556][505]LogModuleManager: Shutting down and abandoning module SteamVRController (344)
[2018.04.17-09.52.05:556][505]LogModuleManager: Shutting down and abandoning module ProceduralMeshComponentEditor (342)
[2018.04.17-09.52.05:556][505]LogModuleManager: Shutting down and abandoning module ProceduralMeshComponent (340)
[2018.04.17-09.52.05:556][505]LogModuleManager: Shutting down and abandoning module OculusInput (338)
[2018.04.17-09.52.05:556][505]LogModuleManager: Shutting down and abandoning module MobilePatchingUtils (336)
[2018.04.17-09.52.05:557][505]LogModuleManager: Shutting down and abandoning module CustomMeshComponent (334)
[2018.04.17-09.52.05:557][505]LogModuleManager: Shutting down and abandoning module CableComponent (332)
[2018.04.17-09.52.05:557][505]LogModuleManager: Shutting down and abandoning module ArchVisCharacter (330)
[2018.04.17-09.52.05:557][505]LogModuleManager: Shutting down and abandoning module AndroidPermission (328)
[2018.04.17-09.52.05:557][505]LogModuleManager: Shutting down and abandoning module ActorSequence (324)
[2018.04.17-09.52.05:557][505]LogModuleManager: Shutting down and abandoning module MediaPlayerEditor (322)
[2018.04.17-09.52.05:585][505]LogModuleManager: Shutting down and abandoning module MediaCompositingEditor (320)
[2018.04.17-09.52.05:585][505]LogModuleManager: Shutting down and abandoning module MediaCompositing (318)
[2018.04.17-09.52.05:585][505]LogModuleManager: Shutting down and abandoning module HTML5Networking (316)
[2018.04.17-09.52.05:585][505]LogModuleManager: Shutting down and abandoning module AlembicImporter (314)
[2018.04.17-09.52.05:585][505]LogModuleManager: Shutting down and abandoning module AlembicLibrary (313)
[2018.04.17-09.52.05:585][505]LogModuleManager: Shutting down and abandoning module GeometryCache (312)
[2018.04.17-09.52.05:585][505]LogModuleManager: Shutting down and abandoning module GeometryCacheEd (311)
[2018.04.17-09.52.05:586][505]LogModuleManager: Shutting down and abandoning module SpeedTreeImporter (306)
[2018.04.17-09.52.05:586][505]LogModuleManager: Shutting down and abandoning module PluginBrowser (304)
[2018.04.17-09.52.05:621][505]LogModuleManager: Shutting down and abandoning module MobileLauncherProfileWizard (302)
[2018.04.17-09.52.05:621][505]LogModuleManager: Shutting down and abandoning module VisualStudioSourceCodeAccess (300)
[2018.04.17-09.52.05:621][505]LogModuleManager: Shutting down and abandoning module VisualStudioCodeSourceCodeAccess (298)
[2018.04.17-09.52.05:621][505]LogModuleManager: Shutting down and abandoning module UObjectPlugin (296)
[2018.04.17-09.52.05:621][505]LogModuleManager: Shutting down and abandoning module SubversionSourceControl (294)
[2018.04.17-09.52.05:622][505]LogModuleManager: Shutting down and abandoning module PerforceSourceControl (292)
[2018.04.17-09.52.05:630][505]LogModuleManager: Shutting down and abandoning module GitSourceControl (290)
[2018.04.17-09.52.05:630][505]LogModuleManager: Shutting down and abandoning module SourceControl (289)
[2018.04.17-09.52.05:631][505]LogModuleManager: Shutting down and abandoning module LightPropagationVolumeEditor (286)
[2018.04.17-09.52.05:631][505]LogModuleManager: Shutting down and abandoning module PaperTiledImporter (284)
[2018.04.17-09.52.05:631][505]LogModuleManager: Shutting down and abandoning module PaperSpriteSheetImporter (282)
[2018.04.17-09.52.05:631][505]LogModuleManager: Shutting down and abandoning module Paper2DEditor (280)
[2018.04.17-09.52.05:631][505]LogModuleManager: Shutting down and abandoning module MeshPaint (279)
[2018.04.17-09.52.05:631][505]LogModuleManager: Shutting down and abandoning module LevelEditor (277)
[2018.04.17-09.52.05:635][505]LogModuleManager: Shutting down and abandoning module PixelInspectorModule (276)
[2018.04.17-09.52.05:635][505]LogModuleManager: Shutting down and abandoning module MainFrame (274)
[2018.04.17-09.52.05:635][505]LogModuleManager: Shutting down and abandoning module HotReload (273)
[2018.04.17-09.52.05:637][505]LogModuleManager: Shutting down and abandoning module RuntimePhysXCooking (268)
[2018.04.17-09.52.05:637][505]LogModuleManager: Shutting down and abandoning module PhysXVehiclesEditor (266)
[2018.04.17-09.52.05:638][505]LogModuleManager: Shutting down and abandoning module PhysXVehicles (264)
[2018.04.17-09.52.05:638][505]LogModuleManager: Shutting down and abandoning module OculusEditor (262)
[2018.04.17-09.52.05:638][505]LogModuleManager: Shutting down and abandoning module LocationServicesBPLibrary (260)
[2018.04.17-09.52.05:638][505]LogModuleManager: Shutting down and abandoning module ImmediatePhysicsEditor (258)
[2018.04.17-09.52.05:638][505]LogModuleManager: Shutting down and abandoning module ImmediatePhysics (256)
[2018.04.17-09.52.05:638][505]LogModuleManager: Shutting down and abandoning module UdpMessaging (254)
[2018.04.17-09.52.05:738][505]LogModuleManager: Shutting down and abandoning module TcpMessaging (252)
[2018.04.17-09.52.05:838][505]LogModuleManager: Shutting down and abandoning module GameplayTagsEditor (250)
[2018.04.17-09.52.05:852][505]LogModuleManager: Shutting down and abandoning module FacialAnimationEditor (248)
[2018.04.17-09.52.05:852][505]LogModuleManager: Shutting down and abandoning module FacialAnimation (246)
[2018.04.17-09.52.05:852][505]LogModuleManager: Shutting down and abandoning module AssetManagerEditor (244)
[2018.04.17-09.52.05:852][505]LogModuleManager: Shutting down and abandoning module GraphEditor (243)
[2018.04.17-09.52.05:852][505]LogModuleManager: Shutting down and abandoning module ContentBrowser (241)
[2018.04.17-09.52.05:853][505]LogModuleManager: Shutting down and abandoning module LightPropagationVolumeRuntime (238)
[2018.04.17-09.52.05:853][505]LogModuleManager: Shutting down and abandoning module Paper2D (236)
[2018.04.17-09.52.05:853][505]LogModuleManager: Shutting down and abandoning module WindowsMoviePlayer (234)
[2018.04.17-09.52.05:853][505]LogModuleManager: Shutting down and abandoning module WmfMedia (232)
[2018.04.17-09.52.05:881][505]LogModuleManager: Shutting down and abandoning module ImgMedia (230)
[2018.04.17-09.52.05:881][505]LogModuleManager: Shutting down and abandoning module PacketHandler (228)
[2018.04.17-09.52.05:881][505]LogModuleManager: Shutting down and abandoning module ClothingSystemEditor (226)
[2018.04.17-09.52.05:881][505]LogModuleManager: Shutting down and abandoning module ClothingSystemRuntime (224)
[2018.04.17-09.52.05:881][505]LogModuleManager: Shutting down and abandoning module MediaAssets (222)
[2018.04.17-09.52.05:881][505]LogModuleManager: Shutting down and abandoning module Media (221)
[2018.04.17-09.52.05:886][505]LogModuleManager: Shutting down and abandoning module Overlay (218)
[2018.04.17-09.52.05:886][505]LogModuleManager: Shutting down and abandoning module OverlayEditor (217)
[2018.04.17-09.52.05:886][505]LogModuleManager: Shutting down and abandoning module VREditor (214)
[2018.04.17-09.52.05:915][505]LogModuleManager: Shutting down and abandoning module StringTableEditor (212)
[2018.04.17-09.52.05:923][505]LogModuleManager: Shutting down and abandoning module GameplayTasksEditor (210)
[2018.04.17-09.52.05:923][505]LogModuleManager: Shutting down and abandoning module BehaviorTreeEditor (208)
[2018.04.17-09.52.05:942][505]LogModuleManager: Shutting down and abandoning module FunctionalTesting (206)
[2018.04.17-09.52.05:942][505]LogModuleManager: Shutting down and abandoning module CollisionAnalyzer (204)
[2018.04.17-09.52.05:955][505]LogModuleManager: Shutting down and abandoning module WorkspaceMenuStructure (203)
[2018.04.17-09.52.05:955][505]LogModuleManager: Shutting down and abandoning module UMG (200)
[2018.04.17-09.52.05:955][505]LogModuleManager: Shutting down and abandoning module UMGEditor (199)
[2018.04.17-09.52.05:974][505]LogModuleManager: Shutting down and abandoning module Sequencer (198)
[2018.04.17-09.52.05:986][505]LogModuleManager: Shutting down and abandoning module MessageLog (195)
[2018.04.17-09.52.05:986][505]LogModuleManager: Shutting down and abandoning module SlateReflector (190)
[2018.04.17-09.52.05:991][505]LogModuleManager: Shutting down and abandoning module Slate (188)
[2018.04.17-09.52.05:991][505]LogModuleManager: Shutting down and abandoning module EditorStyle (186)
[2018.04.17-09.52.05:994][505]LogModuleManager: Shutting down and abandoning module MRMesh (184)
[2018.04.17-09.52.05:994][505]LogModuleManager: Shutting down and abandoning module SourceCodeAccess (182)
[2018.04.17-09.52.05:994][505]LogModuleManager: Shutting down and abandoning module HeadMountedDisplay (180)
[2018.04.17-09.52.05:994][505]LogModuleManager: Shutting down and abandoning module XAudio2 (178)
[2018.04.17-09.52.05:994][505]LogModuleManager: Shutting down and abandoning module Networking (176)
[2018.04.17-09.52.05:994][505]LogModuleManager: Shutting down and abandoning module Core (172)
[2018.04.17-09.52.05:995][505]LogModuleManager: Shutting down and abandoning module LevelSequence (168)
[2018.04.17-09.52.05:995][505]LogModuleManager: Shutting down and abandoning module DirectoryWatcher (166)
[2018.04.17-09.52.05:995][505]LogModuleManager: Shutting down and abandoning module KismetCompiler (164)
[2018.04.17-09.52.05:995][505]LogModuleManager: Shutting down and abandoning module MeshUtilities (162)
[2018.04.17-09.52.06:003][505]LogModuleManager: Shutting down and abandoning module MeshMergeUtilities (161)
[2018.04.17-09.52.06:016][505]LogModuleManager: Shutting down and abandoning module MeshReductionInterface (160)
[2018.04.17-09.52.06:016][505]LogModuleManager: Shutting down and abandoning module SimplygonSwarm (159)
[2018.04.17-09.52.06:016][505]LogModuleManager: Shutting down and abandoning module SimplygonMeshReduction (157)
[2018.04.17-09.52.06:016][505]LogModuleManager: Shutting down and abandoning module QuadricMeshReduction (155)
[2018.04.17-09.52.06:016][505]LogModuleManager: Shutting down and abandoning module MaterialBaking (151)
[2018.04.17-09.52.06:016][505]LogModuleManager: Shutting down and abandoning module DerivedDataCache (148)
[2018.04.17-09.52.06:067][505]LogDerivedDataCache: Shutdown
[2018.04.17-09.52.06:067][505]LogModuleManager: Shutting down and abandoning module TargetPlatform (146)
[2018.04.17-09.52.06:067][505]LogModuleManager: Shutting down and abandoning module VulkanShaderFormat (145)
[2018.04.17-09.52.06:067][505]LogModuleManager: Shutting down and abandoning module ShaderFormatVectorVM (143)
[2018.04.17-09.52.06:067][505]LogModuleManager: Shutting down and abandoning module ShaderFormatOpenGL (141)
[2018.04.17-09.52.06:067][505]LogModuleManager: Shutting down and abandoning module ShaderFormatD3D (139)
[2018.04.17-09.52.06:068][505]LogModuleManager: Shutting down and abandoning module MetalShaderFormat (137)
[2018.04.17-09.52.06:068][505]LogModuleManager: Shutting down and abandoning module TextureFormatUncompressed (135)
[2018.04.17-09.52.06:068][505]LogModuleManager: Shutting down and abandoning module TextureFormatPVR (133)
[2018.04.17-09.52.06:068][505]LogModuleManager: Shutting down and abandoning module TextureFormatDXT (131)
[2018.04.17-09.52.06:068][505]LogModuleManager: Shutting down and abandoning module TextureFormatIntelISPCTexComp (129)
[2018.04.17-09.52.06:068][505]LogModuleManager: Shutting down and abandoning module TextureFormatASTC (127)
[2018.04.17-09.52.06:068][505]LogModuleManager: Shutting down and abandoning module ImageWrapper (126)
[2018.04.17-09.52.06:068][505]LogModuleManager: Shutting down and abandoning module TextureFormatAndroid (123)
[2018.04.17-09.52.06:068][505]LogModuleManager: Shutting down and abandoning module AudioFormatOpus (121)
[2018.04.17-09.52.06:068][505]LogModuleManager: Shutting down and abandoning module AudioFormatOgg (119)
[2018.04.17-09.52.06:069][505]LogModuleManager: Shutting down and abandoning module AudioFormatADPCM (117)
[2018.04.17-09.52.06:069][505]LogModuleManager: Shutting down and abandoning module LinuxTargetPlatform (115)
[2018.04.17-09.52.06:069][505]LogModuleManager: Shutting down and abandoning module LinuxServerTargetPlatform (113)
[2018.04.17-09.52.06:069][505]LogModuleManager: Shutting down and abandoning module LinuxNoEditorTargetPlatform (111)
[2018.04.17-09.52.06:069][505]LogModuleManager: Shutting down and abandoning module LinuxClientTargetPlatform (109)
[2018.04.17-09.52.06:069][505]LogModuleManager: Shutting down and abandoning module TVOSTargetPlatform (107)
[2018.04.17-09.52.06:069][505]LogModuleManager: Shutting down and abandoning module Messaging (105)
[2018.04.17-09.52.06:069][505]LogModuleManager: Shutting down and abandoning module IOSTargetPlatform (103)
[2018.04.17-09.52.06:069][505]LogModuleManager: Shutting down and abandoning module HTML5TargetPlatform (101)
[2018.04.17-09.52.06:069][505]LogModuleManager: Shutting down and abandoning module AndroidTargetPlatform (99)
[2018.04.17-09.52.06:069][505]LogModuleManager: Shutting down and abandoning module Android_PVRTCTargetPlatform (97)
[2018.04.17-09.52.06:069][505]LogModuleManager: Shutting down and abandoning module Android_MultiTargetPlatform (95)
[2018.04.17-09.52.06:069][505]LogModuleManager: Shutting down and abandoning module Android_ETC2TargetPlatform (93)
[2018.04.17-09.52.06:069][505]LogModuleManager: Shutting down and abandoning module Android_ETC1TargetPlatform (91)
[2018.04.17-09.52.06:069][505]LogModuleManager: Shutting down and abandoning module Android_DXTTargetPlatform (89)
[2018.04.17-09.52.06:070][505]LogModuleManager: Shutting down and abandoning module Android_ATCTargetPlatform (87)
[2018.04.17-09.52.06:070][505]LogModuleManager: Shutting down and abandoning module Android_ASTCTargetPlatform (85)
[2018.04.17-09.52.06:070][505]LogModuleManager: Shutting down and abandoning module WindowsTargetPlatform (83)
[2018.04.17-09.52.06:070][505]LogModuleManager: Shutting down and abandoning module WindowsServerTargetPlatform (81)
[2018.04.17-09.52.06:070][505]LogModuleManager: Shutting down and abandoning module WindowsNoEditorTargetPlatform (79)
[2018.04.17-09.52.06:070][505]LogModuleManager: Shutting down and abandoning module WindowsClientTargetPlatform (77)
[2018.04.17-09.52.06:070][505]LogModuleManager: Shutting down and abandoning module MacTargetPlatform (75)
[2018.04.17-09.52.06:070][505]LogModuleManager: Shutting down and abandoning module MacServerTargetPlatform (73)
[2018.04.17-09.52.06:070][505]LogModuleManager: Shutting down and abandoning module MacNoEditorTargetPlatform (71)
[2018.04.17-09.52.06:070][505]LogModuleManager: Shutting down and abandoning module MacClientTargetPlatform (69)
[2018.04.17-09.52.06:070][505]LogModuleManager: Shutting down and abandoning module AllDesktopTargetPlatform (67)
[2018.04.17-09.52.06:070][505]LogModuleManager: Shutting down and abandoning module InputCore (64)
[2018.04.17-09.52.06:070][505]LogModuleManager: Shutting down and abandoning module Settings (62)
[2018.04.17-09.52.06:070][505]LogModuleManager: Shutting down and abandoning module PhysXCooking (60)
[2018.04.17-09.52.06:070][505]LogModuleManager: Shutting down and abandoning module SteamVR (58)
[2018.04.17-09.52.06:071][505]LogModuleManager: Shutting down and abandoning module OculusHMD (56)
[2018.04.17-09.52.06:071][505]LogModuleManager: Shutting down and abandoning module ExampleDeviceProfileSelector (54)
[2018.04.17-09.52.06:071][505]LogModuleManager: Shutting down and abandoning module AppleARKit (52)
[2018.04.17-09.52.06:071][505]LogModuleManager: Shutting down and abandoning module AugmentedReality (51)
[2018.04.17-09.52.06:071][505]LogModuleManager: Shutting down and abandoning module OnlineBlueprintSupport (48)
[2018.04.17-09.52.06:071][505]LogModuleManager: Shutting down and abandoning module OnlineSubsystem (44)
[2018.04.17-09.52.06:091][505]LogModuleManager: Shutting down and abandoning module XMPP (43)
[2018.04.17-09.52.06:102][505]LogModuleManager: Shutting down and abandoning module HTTP (41)
[2018.04.17-09.52.06:103][505]LogHttp: Display: Http module shutting down, but needs to wait on 1 outstanding Http requests:
[2018.04.17-09.52.06:103][505]LogHttp: Display: 	verb=[POST] url=[https://datarouter.ol.epicgames.com/datarouter/api/v1/public/data?SessionID=%7BF7AC7E02-455F-92B2-5BBD-C2AD23556979%7D&AppID=UEEditor.Rocket.Release&AppVersion=4.18.3-3832480%2B%2B%2BUE4%2BRelease-4.18&UserID=8df51c5f4f4d4d29f573928dad119570%7C92e601156b18439c8aaf9522ba7a0171%7Cef4b3eab-7438-4a4c-8751-defd260d6574&AppEnvironment=datacollector-binary&UploadType=eteventstream] status=Processing
[2018.04.17-09.52.06:127][505]LogModuleManager: Shutting down and abandoning module SSL (40)
[2018.04.17-09.52.06:131][505]LogModuleManager: Shutting down and abandoning module AnimationModifiers (36)
[2018.04.17-09.52.06:131][505]LogModuleManager: Shutting down and abandoning module PropertyEditor (35)
[2018.04.17-09.52.06:131][505]LogModuleManager: Shutting down and abandoning module AudioEditor (32)
[2018.04.17-09.52.06:154][505]LogModuleManager: Shutting down and abandoning module TextureCompressor (30)
[2018.04.17-09.52.06:154][505]LogModuleManager: Shutting down and abandoning module ShaderCore (28)
[2018.04.17-09.52.06:154][505]LogModuleManager: Shutting down and abandoning module Landscape (26)
[2018.04.17-09.52.06:154][505]LogModuleManager: Shutting down and abandoning module SlateRHIRenderer (24)
[2018.04.17-09.52.06:180][505]LogModuleManager: Shutting down and abandoning module OpenGLDrv (22)
[2018.04.17-09.52.06:201][505]LogModuleManager: Shutting down and abandoning module D3D11RHI (20)
[2018.04.17-09.52.06:201][505]LogModuleManager: Shutting down and abandoning module AnimGraphRuntime (18)
[2018.04.17-09.52.06:201][505]LogModuleManager: Shutting down and abandoning module Renderer (16)
[2018.04.17-09.52.06:201][505]LogModuleManager: Shutting down and abandoning module Engine (14)
[2018.04.17-09.52.06:201][505]LogModuleManager: Shutting down and abandoning module CoreUObject (12)
[2018.04.17-09.52.06:201][505]LogModuleManager: Shutting down and abandoning module NetworkFile (10)
[2018.04.17-09.52.06:201][505]LogModuleManager: Shutting down and abandoning module CookedIterativeFile (8)
[2018.04.17-09.52.06:201][505]LogModuleManager: Shutting down and abandoning module StreamingFile (6)
[2018.04.17-09.52.06:201][505]LogModuleManager: Shutting down and abandoning module SandboxFile (4)
[2018.04.17-09.52.06:201][505]LogModuleManager: Shutting down and abandoning module PakFile (2)
[2018.04.17-09.52.06:218][505]LogExit: Exiting.
[2018.04.17-09.52.06:246][505]Log file closed, 04/17/18 18:52:06
