Log file open, 04/15/18 00:18:08
LogWindows: Failed to load 'aqProf.dll' (GetLastError=126)
LogWindows: File 'aqProf.dll' does not exist
LogWindows: Failed to load 'VtuneApi.dll' (GetLastError=126)
LogWindows: File 'VtuneApi.dll' does not exist
LogWindows: Failed to load 'VtuneApi32e.dll' (GetLastError=126)
LogWindows: File 'VtuneApi32e.dll' does not exist
LogInit: Display: Running engine for game: SGTset
LogPlatformFile: Not using cached read wrapper
LogInit: Display: RandInit(-828815632) SRandInit(-828815632).
LogInit: Read version file with build ID '3709383'
LogInit: Overriding engine version to CL 3832480, compatible CL 3709383
LogInit: Registered custom module enumerator with build ID '3709383'
LogTaskGraph: Started task graph with 5 named threads and 14 total threads with 3 sets of task threads.
LogStats: Stats thread started at 4.530677
LogD3D11RHI: Aftermath initialized
LogModuleManager: Display: Found up-to-date module file ../../../Engine/Plugins/2D/Paper2D/Binaries/Win64/UE4Editor-Paper2D.dll (API version 3709383).
LogModuleManager: Display: Found up-to-date module file ../../../Engine/Plugins/2D/Paper2D/Binaries/Win64/UE4Editor-Paper2DEditor.dll (API version 3709383).
LogModuleManager: Display: Found up-to-date module file ../../../Engine/Plugins/2D/Paper2D/Binaries/Win64/UE4Editor-PaperSpriteSheetImporter.dll (API version 3709383).
LogModuleManager: Display: Found up-to-date module file ../../../Engine/Plugins/2D/Paper2D/Binaries/Win64/UE4Editor-PaperTiledImporter.dll (API version 3709383).
LogModuleManager: Display: Found up-to-date module file ../../../Engine/Plugins/2D/Paper2D/Binaries/Win64/UE4Editor-SmartSnapping.dll (API version 3709383).
LogModuleManager: Display: Found up-to-date module file ../../../Engine/Plugins/Blendables/LightPropagationVolume/Binaries/Win64/UE4Editor-LightPropagationVolumeRuntime.dll (API version 3709383).
LogModuleManager: Display: Found up-to-date module file ../../../Engine/Plugins/Blendables/LightPropagationVolume/Binaries/Win64/UE4Editor-LightPropagationVolumeEditor.dll (API version 3709383).
LogModuleManager: Display: Found up-to-date module file ../../../Engine/Plugins/Developer/GitSourceControl/Binaries/Win64/UE4Editor-GitSourceControl.dll (API version 3709383).
LogModuleManager: Display: Found up-to-date module file ../../../Engine/Plugins/Developer/PerforceSourceControl/Binaries/Win64/UE4Editor-PerforceSourceControl.dll (API version 3709383).
LogModuleManager: Display: Found up-to-date module file ../../../Engine/Plugins/Developer/SubversionSourceControl/Binaries/Win64/UE4Editor-SubversionSourceControl.dll (API version 3709383).
LogModuleManager: Display: Found up-to-date module file ../../../Engine/Plugins/Developer/UObjectPlugin/Binaries/Win64/UE4Editor-UObjectPlugin.dll (API version 3709383).
LogModuleManager: Display: Found up-to-date module file ../../../Engine/Plugins/Developer/VisualStudioCodeSourceCodeAccess/Binaries/Win64/UE4Editor-VisualStudioCodeSourceCodeAccess.dll (API version 3709383).
LogModuleManager: Display: Found up-to-date module file ../../../Engine/Plugins/Developer/VisualStudioSourceCodeAccess/Binaries/Win64/UE4Editor-VisualStudioSourceCodeAccess.dll (API version 3709383).
LogModuleManager: Display: Found up-to-date module file ../../../Engine/Plugins/Editor/AssetManagerEditor/Binaries/Win64/UE4Editor-AssetManagerEditor.dll (API version 3709383).
LogModuleManager: Display: Found up-to-date module file ../../../Engine/Plugins/Editor/AudioCapture/Binaries/Win64/UE4Editor-AudioCapture.dll (API version 3709383).
LogModuleManager: Display: Found up-to-date module file ../../../Engine/Plugins/Editor/FacialAnimation/Binaries/Win64/UE4Editor-FacialAnimation.dll (API version 3709383).
LogModuleManager: Display: Found up-to-date module file ../../../Engine/Plugins/Editor/FacialAnimation/Binaries/Win64/UE4Editor-FacialAnimationEditor.dll (API version 3709383).
LogModuleManager: Display: Found up-to-date module file ../../../Engine/Plugins/Editor/GameplayTagsEditor/Binaries/Win64/UE4Editor-GameplayTagsEditor.dll (API version 3709383).
LogModuleManager: Display: Found up-to-date module file ../../../Engine/Plugins/Editor/MobileLauncherProfileWizard/Binaries/Win64/UE4Editor-MobileLauncherProfileWizard.dll (API version 3709383).
LogModuleManager: Display: Found up-to-date module file ../../../Engine/Plugins/Editor/PluginBrowser/Binaries/Win64/UE4Editor-PluginBrowser.dll (API version 3709383).
LogModuleManager: Display: Found up-to-date module file ../../../Engine/Plugins/Editor/SpeedTreeImporter/Binaries/Win64/UE4Editor-SpeedTreeImporter.dll (API version 3709383).
LogModuleManager: Display: Found up-to-date module file ../../../Engine/Plugins/Experimental/AlembicImporter/Binaries/Win64/UE4Editor-AlembicImporter.dll (API version 3709383).
LogModuleManager: Display: Found up-to-date module file ../../../Engine/Plugins/Experimental/AlembicImporter/Binaries/Win64/UE4Editor-AlembicLibrary.dll (API version 3709383).
LogModuleManager: Display: Found up-to-date module file ../../../Engine/Plugins/Experimental/CharacterAI/Binaries/Win64/UE4Editor-CharacterAI.dll (API version 3709383).
LogModuleManager: Display: Found up-to-date module file ../../../Engine/Plugins/Experimental/HTML5Networking/Binaries/Win64/UE4Editor-HTML5Networking.dll (API version 3709383).
LogModuleManager: Display: Found up-to-date module file ../../../Engine/Plugins/Media/AndroidMedia/Binaries/Win64/UE4Editor-AndroidMediaEditor.dll (API version 3709383).
LogModuleManager: Display: Found up-to-date module file ../../../Engine/Plugins/Media/AndroidMedia/Binaries/Win64/UE4Editor-AndroidMediaFactory.dll (API version 3709383).
LogModuleManager: Display: Found up-to-date module file ../../../Engine/Plugins/Media/AvfMedia/Binaries/Win64/UE4Editor-AvfMediaEditor.dll (API version 3709383).
LogModuleManager: Display: Found up-to-date module file ../../../Engine/Plugins/Media/AvfMedia/Binaries/Win64/UE4Editor-AvfMediaFactory.dll (API version 3709383).
LogModuleManager: Display: Found up-to-date module file ../../../Engine/Plugins/Media/AvfMedia/Binaries/Win64/UE4Editor-AvfMediaFactory.dll (API version 3709383).
LogModuleManager: Display: Found up-to-date module file ../../../Engine/Plugins/Media/ImgMedia/Binaries/Win64/UE4Editor-ImgMedia.dll (API version 3709383).
LogModuleManager: Display: Found up-to-date module file ../../../Engine/Plugins/Media/ImgMedia/Binaries/Win64/UE4Editor-ImgMediaEditor.dll (API version 3709383).
LogModuleManager: Display: Found up-to-date module file ../../../Engine/Plugins/Media/ImgMedia/Binaries/Win64/UE4Editor-ImgMediaFactory.dll (API version 3709383).
LogModuleManager: Display: Found up-to-date module file ../../../Engine/Plugins/Media/ImgMedia/Binaries/Win64/UE4Editor-ImgMediaFactory.dll (API version 3709383).
LogModuleManager: Display: Found up-to-date module file ../../../Engine/Plugins/Media/ImgMedia/Binaries/Win64/UE4Editor-OpenExrWrapper.dll (API version 3709383).
LogModuleManager: Display: Found up-to-date module file ../../../Engine/Plugins/Media/MediaCompositing/Binaries/Win64/UE4Editor-MediaCompositing.dll (API version 3709383).
LogModuleManager: Display: Found up-to-date module file ../../../Engine/Plugins/Media/MediaCompositing/Binaries/Win64/UE4Editor-MediaCompositingEditor.dll (API version 3709383).
LogModuleManager: Display: Found up-to-date module file ../../../Engine/Plugins/Media/MediaPlayerEditor/Binaries/Win64/UE4Editor-MediaPlayerEditor.dll (API version 3709383).
LogModuleManager: Display: Found up-to-date module file ../../../Engine/Plugins/Media/WmfMedia/Binaries/Win64/UE4Editor-WmfMedia.dll (API version 3709383).
LogModuleManager: Display: Found up-to-date module file ../../../Engine/Plugins/Media/WmfMedia/Binaries/Win64/UE4Editor-WmfMediaEditor.dll (API version 3709383).
LogModuleManager: Display: Found up-to-date module file ../../../Engine/Plugins/Media/WmfMedia/Binaries/Win64/UE4Editor-WmfMediaFactory.dll (API version 3709383).
LogModuleManager: Display: Found up-to-date module file ../../../Engine/Plugins/Media/WmfMedia/Binaries/Win64/UE4Editor-WmfMediaFactory.dll (API version 3709383).
LogModuleManager: Display: Found up-to-date module file ../../../Engine/Plugins/Messaging/TcpMessaging/Binaries/Win64/UE4Editor-TcpMessaging.dll (API version 3709383).
LogModuleManager: Display: Found up-to-date module file ../../../Engine/Plugins/Messaging/UdpMessaging/Binaries/Win64/UE4Editor-UdpMessaging.dll (API version 3709383).
LogModuleManager: Display: Found up-to-date module file ../../../Engine/Plugins/MovieScene/ActorSequence/Binaries/Win64/UE4Editor-ActorSequence.dll (API version 3709383).
LogModuleManager: Display: Found up-to-date module file ../../../Engine/Plugins/MovieScene/LevelSequenceEditor/Binaries/Win64/UE4Editor-LevelSequenceEditor.dll (API version 3709383).
LogModuleManager: Display: Found up-to-date module file ../../../Engine/Plugins/MovieScene/MatineeToLevelSequence/Binaries/Win64/UE4Editor-MatineeToLevelSequence.dll (API version 3709383).
LogModuleManager: Display: Found up-to-date module file ../../../Engine/Plugins/Online/OnlineSubsystem/Binaries/Win64/UE4Editor-OnlineSubsystem.dll (API version 3709383).
LogModuleManager: Display: Found up-to-date module file ../../../Engine/Plugins/Runtime/AndroidPermission/Binaries/Win64/UE4Editor-AndroidPermission.dll (API version 3709383).
LogModuleManager: Display: Found up-to-date module file ../../../Engine/Plugins/Online/OnlineSubsystemNull/Binaries/Win64/UE4Editor-OnlineSubsystemNull.dll (API version 3709383).
LogModuleManager: Display: Found up-to-date module file ../../../Engine/Plugins/Online/OnlineSubsystemUtils/Binaries/Win64/UE4Editor-OnlineSubsystemUtils.dll (API version 3709383).
LogModuleManager: Display: Found up-to-date module file ../../../Engine/Plugins/Online/OnlineSubsystemUtils/Binaries/Win64/UE4Editor-OnlineBlueprintSupport.dll (API version 3709383).
LogModuleManager: Display: Found up-to-date module file ../../../Engine/Plugins/Runtime/AndroidDeviceProfileSelector/Binaries/Win64/UE4Editor-AndroidDeviceProfileSelector.dll (API version 3709383).
LogModuleManager: Display: Found up-to-date module file ../../../Engine/Plugins/Runtime/AppleARKit/Binaries/Win64/UE4Editor-AppleARKit.dll (API version 3709383).
LogModuleManager: Display: Found up-to-date module file ../../../Engine/Plugins/Runtime/ArchVisCharacter/Binaries/Win64/UE4Editor-ArchVisCharacter.dll (API version 3709383).
LogModuleManager: Display: Found up-to-date module file ../../../Engine/Plugins/Runtime/CableComponent/Binaries/Win64/UE4Editor-CableComponent.dll (API version 3709383).
LogModuleManager: Display: Found up-to-date module file ../../../Engine/Plugins/Runtime/CustomMeshComponent/Binaries/Win64/UE4Editor-CustomMeshComponent.dll (API version 3709383).
LogModuleManager: Display: Found up-to-date module file ../../../Engine/Plugins/Runtime/ExampleDeviceProfileSelector/Binaries/Win64/UE4Editor-ExampleDeviceProfileSelector.dll (API version 3709383).
LogModuleManager: Display: Found up-to-date module file ../../../Engine/Plugins/Runtime/ImmediatePhysics/Binaries/Win64/UE4Editor-ImmediatePhysics.dll (API version 3709383).
LogModuleManager: Display: Found up-to-date module file ../../../Engine/Plugins/Runtime/ImmediatePhysics/Binaries/Win64/UE4Editor-ImmediatePhysicsEditor.dll (API version 3709383).
LogModuleManager: Display: Found up-to-date module file ../../../Engine/Plugins/Runtime/LocationServicesBPLibrary/Binaries/Win64/UE4Editor-LocationServicesBPLibrary.dll (API version 3709383).
LogModuleManager: Display: Found up-to-date module file ../../../Engine/Plugins/Runtime/MobilePatchingUtils/Binaries/Win64/UE4Editor-MobilePatchingUtils.dll (API version 3709383).
LogModuleManager: Display: Found up-to-date module file ../../../Engine/Plugins/Runtime/Oculus/OculusVR/Binaries/Win64/UE4Editor-OculusHMD.dll (API version 3709383).
LogModuleManager: Display: Found up-to-date module file ../../../Engine/Plugins/Runtime/Oculus/OculusVR/Binaries/Win64/UE4Editor-OculusInput.dll (API version 3709383).
LogModuleManager: Display: Found up-to-date module file ../../../Engine/Plugins/Runtime/Oculus/OculusVR/Binaries/Win64/UE4Editor-OculusEditor.dll (API version 3709383).
LogModuleManager: Display: Found up-to-date module file ../../../Engine/Plugins/Runtime/PhysXVehicles/Binaries/Win64/UE4Editor-PhysXVehicles.dll (API version 3709383).
LogModuleManager: Display: Found up-to-date module file ../../../Engine/Plugins/Runtime/PhysXVehicles/Binaries/Win64/UE4Editor-PhysXVehiclesEditor.dll (API version 3709383).
LogModuleManager: Display: Found up-to-date module file ../../../Engine/Plugins/Runtime/ProceduralMeshComponent/Binaries/Win64/UE4Editor-ProceduralMeshComponent.dll (API version 3709383).
LogModuleManager: Display: Found up-to-date module file ../../../Engine/Plugins/Runtime/ProceduralMeshComponent/Binaries/Win64/UE4Editor-ProceduralMeshComponentEditor.dll (API version 3709383).
LogModuleManager: Display: Found up-to-date module file ../../../Engine/Plugins/Runtime/RuntimePhysXCooking/Binaries/Win64/UE4Editor-RuntimePhysXCooking.dll (API version 3709383).
LogModuleManager: Display: Found up-to-date module file ../../../Engine/Plugins/Runtime/Steam/SteamVR/Binaries/Win64/UE4Editor-SteamVR.dll (API version 3709383).
LogModuleManager: Display: Found up-to-date module file ../../../Engine/Plugins/Runtime/Steam/SteamVR/Binaries/Win64/UE4Editor-SteamVRController.dll (API version 3709383).
LogModuleManager: Display: Found up-to-date module file ../../../Engine/Plugins/Runtime/WindowsMoviePlayer/Binaries/Win64/UE4Editor-WindowsMoviePlayer.dll (API version 3709383).
LogPluginManager: Mounting plugin Paper2D
LogPluginManager: Mounting plugin LightPropagationVolume
LogPluginManager: Mounting plugin CodeLiteSourceCodeAccess
LogPluginManager: Mounting plugin GitSourceControl
LogPluginManager: Mounting plugin KDevelopSourceCodeAccess
LogPluginManager: Mounting plugin NullSourceCodeAccess
LogPluginManager: Mounting plugin PerforceSourceControl
LogPluginManager: Mounting plugin SubversionSourceControl
LogPluginManager: Mounting plugin UObjectPlugin
LogPluginManager: Mounting plugin VisualStudioCodeSourceCodeAccess
LogPluginManager: Mounting plugin VisualStudioSourceCodeAccess
LogPluginManager: Mounting plugin XCodeSourceCodeAccess
LogPluginManager: Mounting plugin AssetManagerEditor
LogPluginManager: Mounting plugin AudioCapture
LogPluginManager: Mounting plugin FacialAnimation
LogPluginManager: Mounting plugin GameplayTagsEditor
LogPluginManager: Mounting plugin MobileLauncherProfileWizard
LogPluginManager: Mounting plugin PluginBrowser
LogPluginManager: Mounting plugin SpeedTreeImporter
LogPluginManager: Mounting plugin AlembicImporter
LogPluginManager: Mounting plugin CharacterAI
LogPluginManager: Mounting plugin HTML5Networking
LogPluginManager: Mounting plugin AndroidMedia
LogPluginManager: Mounting plugin AvfMedia
LogPluginManager: Mounting plugin ImgMedia
LogPluginManager: Mounting plugin MediaCompositing
LogPluginManager: Mounting plugin MediaPlayerEditor
LogPluginManager: Mounting plugin WmfMedia
LogPluginManager: Mounting plugin TcpMessaging
LogPluginManager: Mounting plugin UdpMessaging
LogPluginManager: Mounting plugin ActorSequence
LogPluginManager: Mounting plugin LevelSequenceEditor
LogPluginManager: Mounting plugin MatineeToLevelSequence
LogPluginManager: Mounting plugin OnlineSubsystemGooglePlay
LogPluginManager: Mounting plugin OnlineSubsystemIOS
LogPluginManager: Mounting plugin OnlineSubsystem
LogPluginManager: Mounting plugin OnlineSubsystemNull
LogPluginManager: Mounting plugin OnlineSubsystemUtils
LogPluginManager: Mounting plugin AndroidDeviceProfileSelector
LogPluginManager: Mounting plugin AndroidMoviePlayer
LogPluginManager: Mounting plugin AndroidPermission
LogPluginManager: Mounting plugin AppleARKit
LogPluginManager: Mounting plugin AppleMoviePlayer
LogPluginManager: Mounting plugin ArchVisCharacter
LogPluginManager: Mounting plugin CableComponent
LogPluginManager: Mounting plugin CustomMeshComponent
LogPluginManager: Mounting plugin ExampleDeviceProfileSelector
LogPluginManager: Mounting plugin GoogleCloudMessaging
LogPluginManager: Mounting plugin ImmediatePhysics
LogPluginManager: Mounting plugin IOSDeviceProfileSelector
LogPluginManager: Mounting plugin LinuxDeviceProfileSelector
LogPluginManager: Mounting plugin LocationServicesBPLibrary
LogPluginManager: Mounting plugin MobilePatchingUtils
LogPluginManager: Mounting plugin OculusVR
LogPluginManager: Plugin shader directory ../../../Engine/Plugins/Runtime/Oculus/OculusVR/Shaders found
LogPluginManager: Mapping shader source directory ../../../Engine/Plugins/Runtime/Oculus/OculusVR/Shaders to virtual directory /Plugin/OculusVR
LogPluginManager: Mounting plugin PhysXVehicles
LogPluginManager: Mounting plugin ProceduralMeshComponent
LogPluginManager: Mounting plugin RuntimePhysXCooking
LogPluginManager: Mounting plugin SteamVR
LogPluginManager: Mounting plugin WindowsMoviePlayer
LogInit: Using libcurl 7.47.1
LogInit:  - built for x86_64-pc-win32
LogInit:  - supports SSL with OpenSSL/1.0.2g
LogInit:  - supports HTTP deflate (compression) using libz 1.2.8
LogInit:  - other features:
LogInit:      CURL_VERSION_SSL
LogInit:      CURL_VERSION_LIBZ
LogInit:      CURL_VERSION_IPV6
LogInit:      CURL_VERSION_ASYNCHDNS
LogInit:      CURL_VERSION_LARGEFILE
LogInit:      CURL_VERSION_IDN
LogInit:  CurlRequestOptions (configurable via config and command line):
LogInit:  - bVerifyPeer = false  - Libcurl will NOT verify peer certificate
LogInit:  - bUseHttpProxy = false  - Libcurl will NOT use HTTP proxy
LogInit:  - bDontReuseConnections = false  - Libcurl will reuse connections
LogInit:  - CertBundlePath = nullptr  - Libcurl will use whatever was configured at build time.
LogInit: Build: ++UE4+Release-4.18-CL-3832480
LogInit: Engine Version: 4.18.3-3832480+++UE4+Release-4.18
LogInit: Compatible Engine Version: 4.18.0-3709383+++UE4+Release-4.18
LogInit: Net CL: 3709383
LogDevObjectVersion: Number of dev versions registered: 16
LogDevObjectVersion:   Dev-Blueprints (B0D832E4-1F89-4F0D-ACCF-7EB736FD4AA2): 10
LogDevObjectVersion:   Dev-Build (E1C64328-A22C-4D53-A36C-8E866417BD8C): 0
LogDevObjectVersion:   Dev-Core (375EC13C-06E4-48FB-B500-84F0262A717E): 2
LogDevObjectVersion:   Dev-Editor (E4B068ED-F494-42E9-A231-DA0B2E46BB41): 20
LogDevObjectVersion:   Dev-Framework (CFFC743F-43B0-4480-9391-14DF171D2073): 30
LogDevObjectVersion:   Dev-Mobile (B02B49B5-BB20-44E9-A304-32B752E40360): 0
LogDevObjectVersion:   Dev-Networking (A4E4105C-59A1-49B5-A7C5-40C4547EDFEE): 0
LogDevObjectVersion:   Dev-Online (39C831C9-5AE6-47DC-9A44-9C173E1C8E7C): 0
LogDevObjectVersion:   Dev-Physics (78F01B33-EBEA-4F98-B9B4-84EACCB95AA2): 0
LogDevObjectVersion:   Dev-Platform (6631380F-2D4D-43E0-8009-CF276956A95A): 0
LogDevObjectVersion:   Dev-Rendering (12F88B9F-8875-4AFC-A67C-D90C383ABD29): 20
LogDevObjectVersion:   Dev-Sequencer (7B5AE74C-D270-4C10-A958-57980B212A5A): 4
LogDevObjectVersion:   Dev-VR (D7296918-1DD6-4BDD-9DE2-64A83CC13884): 0
LogDevObjectVersion:   Dev-LoadTimes (C2A15278-BFE7-4AFE-6C17-90FF531DF755): 1
LogDevObjectVersion:   Private-Geometry (6EACA3D4-40EC-4CC1-B786-8BED09428FC5): 1
LogDevObjectVersion:   Dev-AnimPhys (29E575DD-E0A3-4627-9D10-D276232CDCEA): 12
LogInit: Compiled (64-bit): Jan 12 2018 02:04:55
LogInit: Compiled with Visual C++: 19.00.24215.01
LogInit: Build Configuration: Development
LogInit: Branch Name: ++UE4+Release-4.18
LogInit: Command line:  
LogInit: Base directory: C:/Program Files/Epic Games/UE_4.18/Engine/Binaries/Win64/
LogInit: Installed Engine Build: 1
LogInit: Presizing for max 8388607 objects, including 0 objects not considered by GC, pre-allocating 0 bytes for permanent pool.
LogInit: Object subsystem initialized
[2018.04.14-15.18.17:356][  0]LogInit: Selected Device Profile: [Windows]
[2018.04.14-15.18.17:356][  0]LogInit: Applying CVar settings loaded from the selected device profile: [Windows]
[2018.04.14-15.18.17:537][  0]LogInit: Computer: JUN-PC
[2018.04.14-15.18.17:537][  0]LogInit: User: Jun
[2018.04.14-15.18.17:537][  0]LogInit: CPU Page size=4096, Cores=4
[2018.04.14-15.18.17:537][  0]LogInit: High frequency timer resolution =3.312675 MHz
[2018.04.14-15.18.17:537][  0]LogMemory: Memory total: Physical=7.9GB (8GB approx)
[2018.04.14-15.18.17:537][  0]LogMemory: Platform Memory Stats for Windows
[2018.04.14-15.18.17:537][  0]LogMemory: Process Physical Memory: 275.70 MB used, 275.70 MB peak
[2018.04.14-15.18.17:537][  0]LogMemory: Process Virtual Memory: 273.32 MB used, 273.32 MB peak
[2018.04.14-15.18.17:537][  0]LogMemory: Physical Memory: 4763.60 MB used,  3367.17 MB free, 8130.77 MB total
[2018.04.14-15.18.17:537][  0]LogMemory: Virtual Memory: 629.23 MB used,  3367.17 MB free, 8388608.00 MB total
[2018.04.14-15.18.19:341][  0]LogInit: Using OS detected language (ko-KR).
[2018.04.14-15.18.19:341][  0]LogInit: Using OS detected locale (ko-KR).
[2018.04.14-15.18.19:717][  0]LogTextLocalizationManager: No specific localization for 'ko-KR' exists, so the 'ko' localization will be used.
[2018.04.14-15.18.20:141][  0]LogWindows: Failed to load 'shcore.dll' (GetLastError=126)
[2018.04.14-15.18.20:141][  0]LogWindows: File 'shcore.dll' does not exist
[2018.04.14-15.18.20:141][  0]LogInit: Setting process to DPI aware
[2018.04.14-15.18.20:514][  0]LogWindows: Failed to load 'shcore.dll' (GetLastError=126)
[2018.04.14-15.18.20:514][  0]LogWindows: File 'shcore.dll' does not exist
[2018.04.14-15.18.20:514][  0]LogInit: Setting process to DPI aware
[2018.04.14-15.18.24:597][  0]LogD3D11RHI: D3D11 adapters:
[2018.04.14-15.18.24:706][  0]LogD3D11RHI:    0. 'NVIDIA GeForce GTX 760' (Feature Level 11_0)
[2018.04.14-15.18.24:706][  0]LogD3D11RHI:       1990/0/2048 MB DedicatedVideo/DedicatedSystem/SharedSystem, Outputs:2, VendorId:0x10de
[2018.04.14-15.18.24:706][  0]LogD3D11RHI: Chosen D3D11 Adapter: 0
[2018.04.14-15.18.24:712][  0]LogD3D11RHI: Creating new Direct3DDevice
[2018.04.14-15.18.24:712][  0]LogD3D11RHI:     GPU DeviceId: 0x1187 (for the marketing name, search the web for "GPU Device Id")
[2018.04.14-15.18.24:712][  0]LogWindows: EnumDisplayDevices:
[2018.04.14-15.18.24:712][  0]LogWindows:    0. 'NVIDIA GeForce GTX 760' (P:1 D:1)
[2018.04.14-15.18.24:713][  0]LogWindows:    1. 'NVIDIA GeForce GTX 760' (P:0 D:1)
[2018.04.14-15.18.24:713][  0]LogWindows:    2. 'NVIDIA GeForce GTX 760' (P:0 D:0)
[2018.04.14-15.18.24:713][  0]LogWindows:    3. 'NVIDIA GeForce GTX 760' (P:0 D:0)
[2018.04.14-15.18.24:713][  0]LogWindows:    4. 'RDPDD Chained DD' (P:0 D:0)
[2018.04.14-15.18.24:713][  0]LogWindows:    5. 'RDP Encoder Mirror Driver' (P:0 D:0)
[2018.04.14-15.18.24:713][  0]LogWindows:    6. 'RDP Reflector Display Driver' (P:0 D:0)
[2018.04.14-15.18.24:714][  0]LogWindows: DebugString: GetVideoDriverDetailsInvalid PrimaryIsNotTheChoosenAdapter GetVideoDriverDetailsInvalid PrimaryIsNotTheChoosenAdapter GetVideoDriverDetailsInvalid PrimaryIsNotTheChoosenAdapter FoundDriverCount:4 
[2018.04.14-15.18.24:714][  0]LogD3D11RHI:     Adapter Name: NVIDIA GeForce GTX 760
[2018.04.14-15.18.24:714][  0]LogD3D11RHI:   Driver Version: 347.52 (internal:9.18.13.4752, unified:347.52)
[2018.04.14-15.18.24:714][  0]LogD3D11RHI:      Driver Date: 2-5-2015
[2018.04.14-15.18.24:714][  0]LogRHI: Texture pool is 1393 MB (70% of 1990 MB)
[2018.04.14-15.18.24:791][  0]LogD3D11RHI: NvAPI_D3D_GetCurrentSLIState failed: 0xfffffff7
[2018.04.14-15.18.24:791][  0]LogD3D11RHI: Async texture creation enabled
[2018.04.14-15.18.25:116][  0]LogD3D11RHI: GPU Timing Frequency: 1000.000000 (Debug: 2 2)
[2018.04.14-15.18.25:166][  0]LogShaderCompilers: Guid format shader working directory is -34 characters bigger than the processId version (../../../../../../Users/Jun/Desktop/Documents/GitHub/SecurityGame/SGTset_0.0.4/Intermediate/Shaders/WorkingDirectory/8252/).
[2018.04.14-15.18.25:167][  0]LogShaderCompilers: Cleaned the shader compiler working directory 'C:/Users/Jun/AppData/Local/Temp/UnrealShaderWorkingDir/8573838A48B13FBB00E47C9C00A0C219/'.
[2018.04.14-15.18.25:189][  0]LogShaderCompilers: Display: Using Local Shader Compiler.
[2018.04.14-15.18.33:910][  0]LogTemp: Display: Loaded TP AllDesktopTargetPlatform
[2018.04.14-15.18.34:015][  0]LogTemp: Display: Loaded TP MacClientTargetPlatform
[2018.04.14-15.18.34:096][  0]LogTemp: Display: Loaded TP MacNoEditorTargetPlatform
[2018.04.14-15.18.34:176][  0]LogTemp: Display: Loaded TP MacServerTargetPlatform
[2018.04.14-15.18.34:540][  0]LogTemp: Display: Loaded TP MacTargetPlatform
[2018.04.14-15.18.34:711][  0]LogTemp: Display: Loaded TP WindowsClientTargetPlatform
[2018.04.14-15.18.34:793][  0]LogTemp: Display: Loaded TP WindowsNoEditorTargetPlatform
[2018.04.14-15.18.34:876][  0]LogTemp: Display: Loaded TP WindowsServerTargetPlatform
[2018.04.14-15.18.34:951][  0]LogTemp: Display: Loaded TP WindowsTargetPlatform
[2018.04.14-15.18.35:034][  0]LogTemp: Display: Loaded TP Android_ASTCTargetPlatform
[2018.04.14-15.18.35:114][  0]LogTemp: Display: Loaded TP Android_ATCTargetPlatform
[2018.04.14-15.18.35:194][  0]LogTemp: Display: Loaded TP Android_DXTTargetPlatform
[2018.04.14-15.18.35:275][  0]LogTemp: Display: Loaded TP Android_ETC1TargetPlatform
[2018.04.14-15.18.35:356][  0]LogTemp: Display: Loaded TP Android_ETC2TargetPlatform
[2018.04.14-15.18.35:515][  0]LogTemp: Display: Loaded TP Android_MultiTargetPlatform
[2018.04.14-15.18.35:515][  0]LogTemp: Display: Loaded TP Android_PVRTCTargetPlatform
[2018.04.14-15.18.35:614][  0]LogTemp: Display: Loaded TP AndroidTargetPlatform
[2018.04.14-15.18.35:683][  0]LogTemp: Display: Loaded TP HTML5TargetPlatform
[2018.04.14-15.18.35:894][  0]LogTemp: Display: Loaded TP IOSTargetPlatform
[2018.04.14-15.18.35:933][  0]LogTemp: Display: Loaded TP TVOSTargetPlatform
[2018.04.14-15.18.36:014][  0]LogTemp: Display: Loaded TP LinuxClientTargetPlatform
[2018.04.14-15.18.36:093][  0]LogTemp: Display: Loaded TP LinuxNoEditorTargetPlatform
[2018.04.14-15.18.36:173][  0]LogTemp: Display: Loaded TP LinuxServerTargetPlatform
[2018.04.14-15.18.36:256][  0]LogTemp: Display: Loaded TP LinuxTargetPlatform
[2018.04.14-15.18.36:256][  0]LogTargetPlatformManager: Display: Building Assets For Windows
[2018.04.14-15.18.37:886][  0]LogDerivedDataCache: Display: Max Cache Size: 512 MB
[2018.04.14-15.18.38:693][  0]LogDerivedDataCache: Loaded boot cache 0.79s 78MB C:/Users/Jun/AppData/Local/UnrealEngine/4.18/DerivedDataCache/Boot.ddc.
[2018.04.14-15.18.38:693][  0]LogDerivedDataCache: Display: Loaded Boot cache: C:/Users/Jun/AppData/Local/UnrealEngine/4.18/DerivedDataCache/Boot.ddc
[2018.04.14-15.18.38:693][  0]LogDerivedDataCache: FDerivedDataBackendGraph:  Pak pak cache file ../../../../../../Users/Jun/Desktop/Documents/GitHub/SecurityGame/SGTset_0.0.4/DerivedDataCache/DDC.ddp not found, will not use a pak cache.
[2018.04.14-15.18.38:693][  0]LogDerivedDataCache: Unable to find inner node Pak for hierarchical cache Hierarchy.
[2018.04.14-15.18.38:693][  0]LogDerivedDataCache: FDerivedDataBackendGraph:  CompressedPak pak cache file ../../../../../../Users/Jun/Desktop/Documents/GitHub/SecurityGame/SGTset_0.0.4/DerivedDataCache/Compressed.ddp not found, will not use a pak cache.
[2018.04.14-15.18.38:693][  0]LogDerivedDataCache: Unable to find inner node CompressedPak for hierarchical cache Hierarchy.
[2018.04.14-15.18.38:853][  0]LogDerivedDataCache: Display: Pak cache opened for reading ../../../Engine/DerivedDataCache/Compressed.ddp.
[2018.04.14-15.18.38:882][  0]LogDerivedDataCache: Using Local data cache path C:/Users/Jun/AppData/Local/UnrealEngine/Common/DerivedDataCache: Writable
[2018.04.14-15.18.38:950][  0]LogMaterial: Verifying Global Shaders for PCD3D_SM5
[2018.04.14-15.18.38:988][  0]LogSlate: Using Freetype 2.6.0
[2018.04.14-15.18.39:139][  0]LogSlate: SlateFontCache - WITH_FREETYPE: 1, WITH_HARFBUZZ: 1
[2018.04.14-15.18.39:151][  0]LogSlate: SlateFontCache - WITH_FREETYPE: 1, WITH_HARFBUZZ: 1
[2018.04.14-15.18.46:549][  0]LogInit: Selected Device Profile: [Windows]
[2018.04.14-15.18.48:683][  0]LogSimplygon: Simplygon DLL not present - disabling.
[2018.04.14-15.18.48:824][  0]LogMeshReduction: Using SimplygonSwarm for distributed automatic mesh merging
[2018.04.14-15.18.48:824][  0]LogMeshReduction: Using QuadricMeshReduction for automatic static mesh reduction
[2018.04.14-15.18.48:824][  0]LogMeshReduction: No automatic skeletal mesh reduction module available
[2018.04.14-15.18.48:824][  0]LogMeshReduction: No automatic mesh merging module available
[2018.04.14-15.18.48:824][  0]LogMeshMerging: No automatic mesh merging module available
[2018.04.14-15.18.49:193][  0]LogNetVersion: SGTset , NetCL: 3709383, EngineNetVer: 2, GameNetVer: 0 (Checksum: 1810284207)
[2018.04.14-15.18.51:209][  0]LogAssetRegistry: FAssetRegistry took 0.0892 seconds to start up
[2018.04.14-15.19.03:743][  0]LogPackageLocalizationCache: Processed 7 localized package path(s) for 2 prioritized culture(s) in 0.974080 seconds
[2018.04.14-15.19.03:780][  0]LogUObjectArray: 35870 objects as part of root set at end of initial load.
[2018.04.14-15.19.03:780][  0]LogUObjectAllocator: 7363696 out of 0 bytes used by permanent object pool.
[2018.04.14-15.19.03:780][  0]LogUObjectArray: CloseDisregardForGC: 0/0 objects in disregard for GC pool
[2018.04.14-15.19.03:862][  0]LogInit: WinSock: version 1.1 (2.2), MaxSocks=32767, MaxUdp=65467
[2018.04.14-15.19.51:687][  0]LogTcpMessaging: Initializing TcpMessaging bridge
[2018.04.14-15.19.51:838][  0]LogUdpMessaging: Initializing bridge on interface 0.0.0.0:0 to multicast group 230.0.0.1:6666.
[2018.04.14-15.19.57:274][  0]LogMaterial: Uniform references updated for custom material expression Custom.
[2018.04.14-15.20.00:054][  0]SourceControl: 소스 콘트롤이 꺼졌습니다.
[2018.04.14-15.20.00:101][  0]SourceControl: 소스 콘트롤이 꺼졌습니다.
[2018.04.14-15.20.00:592][  0]SourceControl: 소스 콘트롤이 꺼졌습니다.
[2018.04.14-15.20.00:810][  0]SourceControl: 소스 콘트롤이 꺼졌습니다.
[2018.04.14-15.20.08:185][  0]LogAndroidPermission: UAndroidPermissionCallbackProxy::GetInstance
[2018.04.14-15.20.08:758][  0]LogOcInput: OculusInput pre-init called
[2018.04.14-15.20.10:490][  0]LogEngine: Initializing Engine...
[2018.04.14-15.20.10:653][  0]LogHMD: Failed to initialize OpenVR with code 110
[2018.04.14-15.20.12:105][  0]LogStats: UGameplayTagsManager::ConstructGameplayTagTree: Construct from data asset -  0.000 s
[2018.04.14-15.20.12:130][  0]LogStats: UGameplayTagsManager::ConstructGameplayTagTree: GameplayTagTreeChangedEvent.Broadcast -  0.000 s
[2018.04.14-15.20.13:358][  0]LogAIModule: Creating AISystem for world Untitled
[2018.04.14-15.20.13:536][  0]LogInit: XAudio2 using '스피커(High Definition Audio 장치)' : 2 channels at 44.1 kHz using 16 bits per sample (channel mask 0x3)
[2018.04.14-15.20.13:561][  0]LogInit: FAudioDevice initialized.
[2018.04.14-15.20.13:687][  0]LogDerivedDataCache: Saved boot cache 0.13s 78MB C:/Users/Jun/AppData/Local/UnrealEngine/4.18/DerivedDataCache/Boot.ddc.
[2018.04.14-15.20.13:798][  0]LogInit: Texture streaming: Enabled
[2018.04.14-15.20.14:020][  0]LogEngineSessionManager: EngineSessionManager initialized
[2018.04.14-15.20.14:966][  0]LogInit: Transaction tracking system initialized
[2018.04.14-15.20.17:370][  0]BlueprintLog: New page: 에디터 로드
[2018.04.14-15.20.23:080][  0]LocalizationService: 현지화 서비스가 비활성화되었습니다.
[2018.04.14-15.20.25:512][  0]LogLinker: Warning: '/Game/TopDownBP/TopDownOverview' 파일을 찾을 수 없습니다.
[2018.04.14-15.20.25:512][  0]LogLinker: Warning: '/Game/TopDownBP/TopDownOverview' 파일을 찾을 수 없습니다.
[2018.04.14-15.20.25:513][  0]LogUObjectGlobals: Warning: 'Class /Game/TopDownBP/TopDownOverview.TopDownOverview_C' 오브젝트를 찾는 데 실패했습니다.
[2018.04.14-15.20.27:653][  0]LogConsoleResponse: Display: 
[2018.04.14-15.20.33:084][  0]LogFileCache: Scanning file cache for directory 'C:/Users/Jun/Desktop/Documents/GitHub/SecurityGame/SGTset_0.0.4/Content/' took 0.26s
[2018.04.14-15.20.33:085][  0]LogCook: Display: Max memory allowance for cook 16384mb min free memory 0mb
[2018.04.14-15.20.33:085][  0]LogCook: Display: Mobile HDR setting 1
[2018.04.14-15.20.33:124][  0]LogGameplayTags: Display: UGameplayTagsManager::DoneAddingNativeTags. DelegateIsBound: 0
[2018.04.14-15.20.44:835][  0]SourceControl: 소스 콘트롤이 꺼졌습니다.
[2018.04.14-15.20.45:138][  0]Cmd: MAP LOAD FILE="../../../../../../Users/Jun/Desktop/Documents/GitHub/SecurityGame/SGTset_0.0.4/Content/TopDownBP/Maps/TopDownExampleMap.umap" TEMPLATE=0 SHOWPROGRESS=1 FEATURELEVEL=3
[2018.04.14-15.20.46:251][  0]LightingResults: New page: 라이팅 빌드
[2018.04.14-15.20.47:213][  0]MapCheck: New page: 맵 체크
[2018.04.14-15.20.47:213][  0]LightingResults: New page: 라이팅 빌드
[2018.04.14-15.21.05:934][  0]LogAIModule: Creating AISystem for world TopDownExampleMap
[2018.04.14-15.21.07:222][  0]LogEditorServer: Finished looking for orphan Actors (0.000 secs)
[2018.04.14-15.21.07:764][  0]Cmd: MAP CHECKDEP NOCLEARLOG
[2018.04.14-15.21.08:106][  0]MapCheck: 맵 체크 완료: 오류 0 회, 경고 0 회, 소요 시간 342.024ms.
[2018.04.14-15.21.08:106][  0]LogFileHelpers: Loading map 'TopDownExampleMap' took 22.983
[2018.04.14-15.21.12:100][  0]LogCollectionManager: Loaded 0 collections in 0.009913 seconds
[2018.04.14-15.21.13:223][  0]LogFileCache: Scanning file cache for directory 'C:/Users/Jun/Desktop/Documents/GitHub/SecurityGame/SGTset_0.0.4/Saved/Collections/' took 0.01s
[2018.04.14-15.21.13:223][  0]LogFileCache: Scanning file cache for directory 'C:/Users/Jun/Desktop/Documents/GitHub/SecurityGame/SGTset_0.0.4/Content/Developers/Jun/Collections/' took 0.01s
[2018.04.14-15.21.13:223][  0]LogFileCache: Scanning file cache for directory 'C:/Users/Jun/Desktop/Documents/GitHub/SecurityGame/SGTset_0.0.4/Content/Collections/' took 0.01s
[2018.04.14-15.21.13:223][  0]LogCollectionManager: Rebuilt the GUID cache for 0 collections in 0.000001 seconds
[2018.04.14-15.21.13:270][  0]LogContentBrowser: Native class hierarchy populated in 0.0422 seconds. Added 2363 classes and 519 folders.
[2018.04.14-15.21.13:602][  0]LogContentBrowser: Native class hierarchy updated for 'WidgetCarousel' in 0.0003 seconds. Added 0 classes and 0 folders.
[2018.04.14-15.21.21:951][  0]LogContentBrowser: Native class hierarchy updated for 'AddContentDialog' in 0.0005 seconds. Added 0 classes and 0 folders.
[2018.04.14-15.21.22:343][  0]LogContentBrowser: Native class hierarchy updated for 'SceneOutliner' in 0.0009 seconds. Added 1 classes and 2 folders.
[2018.04.14-15.21.25:139][  0]LogSlate: Took 0.304628 seconds to synchronously load lazily loaded font '../../../Engine/Content/Slate/Fonts/Roboto-Regular.ttf' (155K)
[2018.04.14-15.21.26:087][  0]LogSlate: Took 0.887131 seconds to synchronously load lazily loaded font '../../../Engine/Content/Slate/Fonts/NanumGothic.ttf' (4243K)
[2018.04.14-15.21.26:266][  0]LogSlate: Took 0.108673 seconds to synchronously load lazily loaded font '../../../Engine/Content/Slate/Fonts/Roboto-Bold.ttf' (160K)
[2018.04.14-15.21.26:608][  0]LogSlate: Took 0.086939 seconds to synchronously load lazily loaded font '../../../Engine/Content/Editor/Slate/Fonts/FontAwesome.ttf' (139K)
[2018.04.14-15.21.28:387][  0]LogRenderer: Reallocating scene render targets to support 1208x652 Format 10 NumSamples 1 (Frame:1).
[2018.04.14-15.21.32:327][  0]LogSlate: Took 0.014433 seconds to synchronously load lazily loaded font '../../../Engine/Content/Slate/Fonts/Roboto-Light.ttf' (159K)
[2018.04.14-15.21.32:899][  0]LogContentBrowser: Native class hierarchy updated for 'HierarchicalLODOutliner' in 0.0003 seconds. Added 1 classes and 2 folders.
[2018.04.14-15.21.32:899][  0]LogLoad: (Engine Initialization) Total time: 228.41 seconds
[2018.04.14-15.21.32:899][  0]LogLoad: (Engine Initialization) Total Blueprint compile time: 0.00 seconds
[2018.04.14-15.21.32:899][  0]LogExternalProfiler: Found external profiler: VSPerf
[2018.04.14-15.21.32:899][  0]LogExternalProfiler: Using external profiler: VSPerf
[2018.04.14-15.21.33:359][  0]LogContentStreaming: Texture pool size now 3000 MB
[2018.04.14-15.21.33:960][  2]LogAssetRegistry: Asset discovery search completed in 162.7698 seconds
[2018.04.14-15.21.33:961][  2]LogCollectionManager: Rebuilt the object cache for 0 collections in 0.000000 seconds (found 0 objects)
[2018.04.14-15.21.34:001][  2]LogCollectionManager: Fixed up redirectors for 0 collections in 0.000069 seconds (updated 0 objects)
[2018.04.14-15.22.15:280][960]LogTemp: Repeating last play command: 선택된 뷰포트
[2018.04.14-15.22.15:461][960]LogBlueprintUserMessages: Early PlayInEditor Detection: Level '/Game/TopDownBP/Maps/TopDownExampleMap.TopDownExampleMap:PersistentLevel' has LevelScriptBlueprint '/Game/TopDownBP/Maps/TopDownExampleMap.TopDownExampleMap:PersistentLevel.TopDownExampleMap' with GeneratedClass '/Game/TopDownBP/Maps/TopDownExampleMap.TopDownExampleMap_C' with ClassGeneratedBy '/Game/TopDownBP/Maps/TopDownExampleMap.TopDownExampleMap:PersistentLevel.TopDownExampleMap'
[2018.04.14-15.22.15:497][960]LogPlayLevel: PlayLevel: No blueprints needed recompiling
[2018.04.14-15.22.15:530][960]PIE: New page: PIE 세션: TopDownExampleMap (2018. 4. 15. 오전 9:22:15)
[2018.04.14-15.22.15:530][960]LogPlayLevel: Creating play world package: /Game/TopDownBP/Maps/UEDPIE_0_TopDownExampleMap
[2018.04.14-15.22.15:609][960]LogPlayLevel: PIE: StaticDuplicateObject took: (0.078510s)
[2018.04.14-15.22.15:610][960]LogAIModule: Creating AISystem for world TopDownExampleMap
[2018.04.14-15.22.15:610][960]LogPlayLevel: PIE: World Init took: (0.000763s)
[2018.04.14-15.22.15:610][960]LogPlayLevel: PIE: Created PIE world by copying editor world from /Game/TopDownBP/Maps/TopDownExampleMap.TopDownExampleMap to /Game/TopDownBP/Maps/UEDPIE_0_TopDownExampleMap.TopDownExampleMap (0.079601s)
[2018.04.14-15.22.15:630][960]LogInit: XAudio2 using '스피커(High Definition Audio 장치)' : 2 channels at 44.1 kHz using 16 bits per sample (channel mask 0x3)
[2018.04.14-15.22.15:639][960]LogInit: FAudioDevice initialized.
[2018.04.14-15.22.15:727][960]LogLoad: Game class is 'TopDownGameMode_C'
[2018.04.14-15.22.15:775][960]LogWorld: Bringing World /Game/TopDownBP/Maps/UEDPIE_0_TopDownExampleMap.TopDownExampleMap up for play (max tick rate 0) at 2018.04.15-00.22.15
[2018.04.14-15.22.15:776][960]LogWorld: Bringing up level for play took: 0.019685
[2018.04.14-15.22.15:895][960]LogContentBrowser: Native class hierarchy updated for 'MovieSceneCapture' in 0.0004 seconds. Added 11 classes and 0 folders.
[2018.04.14-15.22.16:011][960]PIE: /Game/TopDownBP/Maps/UEDPIE_0_TopDownExampleMap 에 대한 에디터에서 플레이 시작 시간: 0.195
[2018.04.14-15.22.16:012][960]LogBlueprintUserMessages: Late PlayInEditor Detection: Level '/Game/TopDownBP/Maps/TopDownExampleMap.TopDownExampleMap:PersistentLevel' has LevelScriptBlueprint '/Game/TopDownBP/Maps/TopDownExampleMap.TopDownExampleMap:PersistentLevel.TopDownExampleMap' with GeneratedClass '/Game/TopDownBP/Maps/TopDownExampleMap.TopDownExampleMap_C' with ClassGeneratedBy '/Game/TopDownBP/Maps/TopDownExampleMap.TopDownExampleMap:PersistentLevel.TopDownExampleMap'
[2018.04.14-15.22.25:264][ 19]LogBlueprintUserMessages: Early EndPlayMap Detection: Level '/Game/TopDownBP/Maps/TopDownExampleMap.TopDownExampleMap:PersistentLevel' has LevelScriptBlueprint '/Game/TopDownBP/Maps/TopDownExampleMap.TopDownExampleMap:PersistentLevel.TopDownExampleMap' with GeneratedClass '/Game/TopDownBP/Maps/TopDownExampleMap.TopDownExampleMap_C' with ClassGeneratedBy '/Game/TopDownBP/Maps/TopDownExampleMap.TopDownExampleMap:PersistentLevel.TopDownExampleMap'
[2018.04.14-15.22.25:328][ 19]LogBlueprintUserMessages: Late EndPlayMap Detection: Level '/Game/TopDownBP/Maps/TopDownExampleMap.TopDownExampleMap:PersistentLevel' has LevelScriptBlueprint '/Game/TopDownBP/Maps/TopDownExampleMap.TopDownExampleMap:PersistentLevel.TopDownExampleMap' with GeneratedClass '/Game/TopDownBP/Maps/TopDownExampleMap.TopDownExampleMap_C' with ClassGeneratedBy '/Game/TopDownBP/Maps/TopDownExampleMap.TopDownExampleMap:PersistentLevel.TopDownExampleMap'
[2018.04.14-15.23.43:565][365]LogEditorViewport: Clicking on Actor (LMB): StaticMeshActor (SM_Table_A2)
[2018.04.14-15.23.45:220][490]LogEditorViewport: Clicking on Actor (LMB): StaticMeshActor (1Floor)
[2018.04.14-15.23.45:664][534]LogEditorViewport: Clicking on Actor (LMB): BP_Roof_C (BP_Roof)
[2018.04.14-15.24.27:549][ 65]Cmd: EDIT COPY
[2018.04.14-15.24.27:733][ 69]Cmd: EDIT PASTE
[2018.04.14-15.24.52:547][587]LogSlate: Took 0.012164 seconds to synchronously load lazily loaded font '../../../Engine/Content/Editor/Slate/Fonts/Roboto-Italic.ttf' (157K)
[2018.04.14-15.25.19:749][494]Cmd: EDIT COPY
[2018.04.14-15.25.20:146][539]Cmd: EDIT PASTE
[2018.04.14-15.26.01:712][300]LogEditorViewport: Clicking on Actor (LMB): BP_Roof_C (1F_CCTV룸천장)
[2018.04.14-15.26.02:219][338]Cmd: EDIT COPY
[2018.04.14-15.26.02:437][362]Cmd: EDIT PASTE
[2018.04.14-15.26.10:701][145]LogEditorViewport: Clicking Background
[2018.04.14-15.26.12:658][328]LogEditorViewport: Clicking on Actor (LMB): StaticMeshActor (SM_Wall_604)
[2018.04.14-15.26.13:221][360]LogEditorViewport: Clicking on Actor (LMB): BP_Roof_C (1F_CCTV룸천장2)
[2018.04.14-15.26.15:519][590]LogEditorViewport: Clicking Background
[2018.04.14-15.26.16:878][712]LogEditorViewport: Clicking on Actor (LMB): BP_Roof_C (1F_CCTV룸천장2)
[2018.04.14-15.27.29:345][ 75]LogEditorViewport: Clicking Background
[2018.04.14-15.29.03:493][420]LogSlate: Took 0.017321 seconds to synchronously load lazily loaded font '../../../Engine/Content/Slate/Fonts/Roboto-Light.ttf' (159K)
[2018.04.14-15.29.04:183][420]LogSavePackage: Save=504.48ms
[2018.04.14-15.29.04:183][420]LogSavePackage: Moving '../../../../../../Users/Jun/Desktop/Documents/GitHub/SecurityGame/SGTset_0.0.4/Saved/TopDownExampleMap7DE30D914C9EBBFA908D8398E3DC01A2.tmp' to '../../../../../../Users/Jun/Desktop/Documents/GitHub/SecurityGame/SGTset_0.0.4/Content/TopDownBP/Maps/TopDownExampleMap.umap'
[2018.04.14-15.29.04:195][420]LogSavePackage: Display: Finished SavePackage ../../../../../../Users/Jun/Desktop/Documents/GitHub/SecurityGame/SGTset_0.0.4/Content/TopDownBP/Maps/TopDownExampleMap.umap
[2018.04.14-15.29.04:999][420]LogSavePackage: Save=654.67ms
[2018.04.14-15.29.04:999][420]LogSavePackage: Moving '../../../../../../Users/Jun/Desktop/Documents/GitHub/SecurityGame/SGTset_0.0.4/Saved/TopDownExampleMap_BuiltData4A29DC154F99785D13AFD7B38B676098.tmp' to '../../../../../../Users/Jun/Desktop/Documents/GitHub/SecurityGame/SGTset_0.0.4/Content/TopDownBP/Maps/TopDownExampleMap_BuiltData.uasset'
[2018.04.14-15.29.05:002][420]LogSavePackage: Display: Finished SavePackage ../../../../../../Users/Jun/Desktop/Documents/GitHub/SecurityGame/SGTset_0.0.4/Content/TopDownBP/Maps/TopDownExampleMap_BuiltData.uasset
[2018.04.14-15.30.15:597][425]LogEditorViewport: Clicking on Actor (LMB): BP_Roof_C (2F_CCTV룸천장)
[2018.04.14-15.30.18:993][722]Cmd: EDIT COPY
[2018.04.14-15.30.19:164][730]Cmd: EDIT PASTE
[2018.04.14-15.30.38:653][539]LogEditorViewport: Clicking Background
[2018.04.14-15.30.39:844][654]LogEditorViewport: Clicking on Actor (LMB): StaticMeshActor (2Floor)
[2018.04.14-15.30.53:899][ 51]LogSlate: Took 0.016000 seconds to synchronously load lazily loaded font '../../../Engine/Content/Editor/Slate/Fonts/Roboto-BoldCondensed.ttf' (158K)
[2018.04.14-15.31.03:193][963]LogEditorViewport: Clicking on Actor (LMB): StaticMeshActor (2Floor)
[2018.04.14-15.31.03:653][987]LogEditorViewport: Clicking on Actor (LMB): BP_Roof_C (2F_CCTV룸천장2)
[2018.04.14-15.31.20:119][546]LogEditorViewport: Clicking on Actor (LMB): BP_Roof_C (2F_CCTV룸천장)
[2018.04.14-15.31.22:639][811]LogEditorViewport: Clicking on Actor (context menu): StaticMeshActor (2Floor)
[2018.04.14-15.31.23:116][854]LogEditorViewport: Clicking Background
[2018.04.14-15.31.25:756][141]LogEditorViewport: Clicking on Actor (LMB): StaticMeshActor (2Floor)
[2018.04.14-15.31.26:123][177]LogEditorViewport: Clicking on Actor (LMB): BP_Roof_C (2F_CCTV룸천장)
[2018.04.14-15.31.32:108][844]LogEditorViewport: Clicking Background
[2018.04.14-15.31.37:083][392]LogEditorViewport: Clicking on Actor (LMB): BP_Roof_C (2F_CCTV룸천장)
[2018.04.14-15.31.40:420][757]LogEditorViewport: Clicking Background
[2018.04.14-15.31.43:418][ 50]LogEditorViewport: Clicking on Actor (LMB): BP_Roof_C (2F_CCTV룸천장2)
[2018.04.14-15.31.47:918][539]LogEditorViewport: Clicking Background
[2018.04.14-15.31.55:724][396]LogEditorViewport: Clicking on Actor (LMB): BP_Roof_C (2F_CCTV룸천장2)
[2018.04.14-15.32.17:968][771]LogEditorViewport: Clicking Background
[2018.04.14-15.32.26:298][547]LogEditorViewport: Clicking on Actor (LMB): StaticMeshActor (2Floor)
[2018.04.14-15.32.27:066][629]LogEditorViewport: Clicking on Actor (LMB): TopDownCharacter_C (TopDownCharacter)
[2018.04.14-15.32.28:239][709]LogEditorViewport: Clicking Background
[2018.04.14-15.32.30:552][901]LogEditorViewport: Clicking on Actor (LMB): BP_Roof_C (2F_CCTV룸천장)
[2018.04.14-15.32.31:039][951]Cmd: EDIT COPY
[2018.04.14-15.32.31:244][974]Cmd: EDIT PASTE
[2018.04.14-15.32.51:698][974]LogEditorViewport: Clicking Background
[2018.04.14-15.32.53:446][132]LogEditorViewport: Clicking on Actor (LMB): BP_Roof_C (2F_CCTV룸천장)
[2018.04.14-15.32.56:478][378]LogEditorViewport: Clicking on Actor (LMB): BP_Roof_C (2F_CCTV룸천장2)
[2018.04.14-15.32.57:301][465]LogEditorViewport: Clicking on Actor (LMB): BP_Roof_C (2F_CCTV룸천장)
[2018.04.14-15.33.00:259][716]LogEditorViewport: Clicking on Actor (context menu): StaticMeshActor (SM_Wall_Corner_B_201)
[2018.04.14-15.33.00:971][780]LogEditorViewport: Clicking on Actor (LMB): StaticMeshActor (SM_Wall_808)
[2018.04.14-15.33.01:299][811]LogEditorViewport: Clicking on Actor (LMB): BP_Roof_C (2F_CCTV룸천장)
[2018.04.14-15.33.03:429][ 50]LogEditorViewport: Clicking Background
[2018.04.14-15.33.04:883][169]LogEditorViewport: Clicking on Actor (LMB): BP_Roof_C (2F_CCTV룸천장2)
[2018.04.14-15.33.05:949][279]LogEditorViewport: Clicking Background
[2018.04.14-15.33.07:807][450]LogEditorViewport: Clicking on Actor (LMB): BP_Roof_C (2F_CCTV룸천장2)
[2018.04.14-15.33.20:031][604]LogEditorViewport: Clicking on Actor (context menu): StaticMeshActor (2Floor)
[2018.04.14-15.33.20:762][679]LogEditorViewport: Clicking on Actor (LMB): BP_Roof_C (2F_CCTV룸천장2)
[2018.04.14-15.33.38:477][781]Cmd: EDIT COPY
[2018.04.14-15.33.38:637][800]Cmd: EDIT PASTE
[2018.04.14-15.34.03:322][152]Cmd: DUPLICATE
[2018.04.14-15.34.03:322][152]Cmd: ACTOR DUPLICATE
[2018.04.14-15.34.04:916][335]Cmd: TRANSACTION UNDO
[2018.04.14-15.34.04:916][335]LogEditorTransaction: Undo 액터 복제
[2018.04.14-15.34.04:953][335]LogSlate: Took 0.000299 seconds to synchronously load lazily loaded font '../../../Engine/Content/Slate/Fonts/Roboto-Light.ttf' (159K)
[2018.04.14-15.34.07:799][657]Cmd: EDIT COPY
[2018.04.14-15.34.07:980][677]Cmd: EDIT PASTE
[2018.04.14-15.35.02:117][ 61]LogEditorViewport: Clicking on Actor (LMB): StaticMeshActor (2Floor)
[2018.04.14-15.35.52:560][877]LogTemp: Repeating last play command: 선택된 뷰포트
[2018.04.14-15.35.52:584][877]LogBlueprintUserMessages: Early PlayInEditor Detection: Level '/Game/TopDownBP/Maps/TopDownExampleMap.TopDownExampleMap:PersistentLevel' has LevelScriptBlueprint '/Game/TopDownBP/Maps/TopDownExampleMap.TopDownExampleMap:PersistentLevel.TopDownExampleMap' with GeneratedClass '/Game/TopDownBP/Maps/TopDownExampleMap.TopDownExampleMap_C' with ClassGeneratedBy '/Game/TopDownBP/Maps/TopDownExampleMap.TopDownExampleMap:PersistentLevel.TopDownExampleMap'
[2018.04.14-15.35.52:585][877]LogPlayLevel: PlayLevel: No blueprints needed recompiling
[2018.04.14-15.35.52:585][877]PIE: New page: PIE 세션: TopDownExampleMap (2018. 4. 15. 오전 9:35:52)
[2018.04.14-15.35.52:585][877]LogPlayLevel: Creating play world package: /Game/TopDownBP/Maps/UEDPIE_0_TopDownExampleMap
[2018.04.14-15.35.52:619][877]LogPlayLevel: PIE: StaticDuplicateObject took: (0.034165s)
[2018.04.14-15.35.52:629][877]LogAIModule: Creating AISystem for world TopDownExampleMap
[2018.04.14-15.35.52:629][877]LogPlayLevel: PIE: World Init took: (0.010225s)
[2018.04.14-15.35.52:630][877]LogPlayLevel: PIE: Created PIE world by copying editor world from /Game/TopDownBP/Maps/TopDownExampleMap.TopDownExampleMap to /Game/TopDownBP/Maps/UEDPIE_0_TopDownExampleMap.TopDownExampleMap (0.044753s)
[2018.04.14-15.35.52:662][877]LogInit: XAudio2 using '스피커(High Definition Audio 장치)' : 2 channels at 44.1 kHz using 16 bits per sample (channel mask 0x3)
[2018.04.14-15.35.52:671][877]LogInit: FAudioDevice initialized.
[2018.04.14-15.35.52:714][877]LogLoad: Game class is 'TopDownGameMode_C'
[2018.04.14-15.35.52:719][877]LogWorld: Bringing World /Game/TopDownBP/Maps/UEDPIE_0_TopDownExampleMap.TopDownExampleMap up for play (max tick rate 0) at 2018.04.15-00.35.52
[2018.04.14-15.35.52:719][877]LogWorld: Bringing up level for play took: 0.004817
[2018.04.14-15.35.52:721][877]PIE: /Game/TopDownBP/Maps/UEDPIE_0_TopDownExampleMap 에 대한 에디터에서 플레이 시작 시간: 0.896
[2018.04.14-15.35.52:721][877]LogBlueprintUserMessages: Late PlayInEditor Detection: Level '/Game/TopDownBP/Maps/TopDownExampleMap.TopDownExampleMap:PersistentLevel' has LevelScriptBlueprint '/Game/TopDownBP/Maps/TopDownExampleMap.TopDownExampleMap:PersistentLevel.TopDownExampleMap' with GeneratedClass '/Game/TopDownBP/Maps/TopDownExampleMap.TopDownExampleMap_C' with ClassGeneratedBy '/Game/TopDownBP/Maps/TopDownExampleMap.TopDownExampleMap:PersistentLevel.TopDownExampleMap'
[2018.04.14-15.36.29:282][237]LogBlueprintUserMessages: Early EndPlayMap Detection: Level '/Game/TopDownBP/Maps/TopDownExampleMap.TopDownExampleMap:PersistentLevel' has LevelScriptBlueprint '/Game/TopDownBP/Maps/TopDownExampleMap.TopDownExampleMap:PersistentLevel.TopDownExampleMap' with GeneratedClass '/Game/TopDownBP/Maps/TopDownExampleMap.TopDownExampleMap_C' with ClassGeneratedBy '/Game/TopDownBP/Maps/TopDownExampleMap.TopDownExampleMap:PersistentLevel.TopDownExampleMap'
[2018.04.14-15.36.29:314][237]LogBlueprintUserMessages: Late EndPlayMap Detection: Level '/Game/TopDownBP/Maps/TopDownExampleMap.TopDownExampleMap:PersistentLevel' has LevelScriptBlueprint '/Game/TopDownBP/Maps/TopDownExampleMap.TopDownExampleMap:PersistentLevel.TopDownExampleMap' with GeneratedClass '/Game/TopDownBP/Maps/TopDownExampleMap.TopDownExampleMap_C' with ClassGeneratedBy '/Game/TopDownBP/Maps/TopDownExampleMap.TopDownExampleMap:PersistentLevel.TopDownExampleMap'
[2018.04.14-15.36.32:579][546]LogEditorViewport: Clicking on Actor (LMB): StaticMeshActor (SM_Wall_415)
[2018.04.14-15.36.37:973][ 66]LogEditorViewport: Clicking Background
[2018.04.14-15.36.40:364][319]LogEditorViewport: Clicking on Actor (LMB): StaticMeshActor (SM_Wall_415)
[2018.04.14-15.36.44:413][723]LogEditorViewport: Clicking Background
[2018.04.14-15.36.48:882][232]LogEditorViewport: Clicking on Actor (LMB): StaticMeshActor (SM_Wall_415)
[2018.04.14-15.36.53:893][686]LogEditorViewport: Clicking on Actor (LMB): StaticMeshActor (SM_DoorFrame_400)
[2018.04.14-15.37.06:604][916]Cmd: TRANSACTION UNDO
[2018.04.14-15.37.06:604][916]LogEditorTransaction: Undo 액터 이동
[2018.04.14-15.37.06:798][924]Cmd: TRANSACTION UNDO
[2018.04.14-15.37.06:798][924]LogEditorTransaction: Undo 액터 클릭
[2018.04.14-15.37.07:141][941]Cmd: TRANSACTION UNDO
[2018.04.14-15.37.07:141][941]LogEditorTransaction: Undo 액터 이동
[2018.04.14-15.37.07:462][978]Cmd: TRANSACTION UNDO
[2018.04.14-15.37.07:462][978]LogEditorTransaction: Undo 액터 이동
[2018.04.14-15.37.07:799][ 17]Cmd: TRANSACTION UNDO
[2018.04.14-15.37.07:799][ 17]LogEditorTransaction: Undo 액터 클릭
[2018.04.14-15.37.11:512][361]LogEditorViewport: Clicking Background
[2018.04.14-15.37.12:149][382]LogSavePackage: Save=329.48ms
[2018.04.14-15.37.12:149][382]LogSavePackage: Moving '../../../../../../Users/Jun/Desktop/Documents/GitHub/SecurityGame/SGTset_0.0.4/Saved/TopDownExampleMapBF337A574D05A379827F05A4BAB33952.tmp' to '../../../../../../Users/Jun/Desktop/Documents/GitHub/SecurityGame/SGTset_0.0.4/Content/TopDownBP/Maps/TopDownExampleMap.umap'
[2018.04.14-15.37.12:154][382]LogSavePackage: Display: Finished SavePackage ../../../../../../Users/Jun/Desktop/Documents/GitHub/SecurityGame/SGTset_0.0.4/Content/TopDownBP/Maps/TopDownExampleMap.umap
[2018.04.14-15.37.12:675][382]LogSavePackage: Save=410.63ms
[2018.04.14-15.37.12:675][382]LogSavePackage: Moving '../../../../../../Users/Jun/Desktop/Documents/GitHub/SecurityGame/SGTset_0.0.4/Saved/TopDownExampleMap_BuiltDataB7166FDA4B2990ECA00672BF133034F0.tmp' to '../../../../../../Users/Jun/Desktop/Documents/GitHub/SecurityGame/SGTset_0.0.4/Content/TopDownBP/Maps/TopDownExampleMap_BuiltData.uasset'
[2018.04.14-15.37.12:678][382]LogSavePackage: Display: Finished SavePackage ../../../../../../Users/Jun/Desktop/Documents/GitHub/SecurityGame/SGTset_0.0.4/Content/TopDownBP/Maps/TopDownExampleMap_BuiltData.uasset
[2018.04.14-15.38.16:444][446]LogEditorViewport: Clicking on Actor (LMB): StaticMeshActor (SM_Wall_415)
[2018.04.14-15.38.18:760][706]LogEditorViewport: Clicking Background
[2018.04.14-15.38.23:838][282]LogEditorViewport: Clicking on Actor (LMB): StaticMeshActor (SM_Wall_Corner_A_218)
[2018.04.14-15.38.33:885][274]LogEditorViewport: Clicking Background
[2018.04.14-15.38.34:565][291]LogSavePackage: Save=317.70ms
[2018.04.14-15.38.34:565][291]LogSavePackage: Moving '../../../../../../Users/Jun/Desktop/Documents/GitHub/SecurityGame/SGTset_0.0.4/Saved/TopDownExampleMap4D3EF02A49A6999BF88EF9957F5567AD.tmp' to '../../../../../../Users/Jun/Desktop/Documents/GitHub/SecurityGame/SGTset_0.0.4/Content/TopDownBP/Maps/TopDownExampleMap.umap'
[2018.04.14-15.38.34:572][291]LogSavePackage: Display: Finished SavePackage ../../../../../../Users/Jun/Desktop/Documents/GitHub/SecurityGame/SGTset_0.0.4/Content/TopDownBP/Maps/TopDownExampleMap.umap
[2018.04.14-15.38.35:021][291]LogSavePackage: Save=412.83ms
[2018.04.14-15.38.35:021][291]LogSavePackage: Moving '../../../../../../Users/Jun/Desktop/Documents/GitHub/SecurityGame/SGTset_0.0.4/Saved/TopDownExampleMap_BuiltDataFEF3000F45F3419F0B6DE3BA6FFA2FB7.tmp' to '../../../../../../Users/Jun/Desktop/Documents/GitHub/SecurityGame/SGTset_0.0.4/Content/TopDownBP/Maps/TopDownExampleMap_BuiltData.uasset'
[2018.04.14-15.38.35:023][291]LogSavePackage: Display: Finished SavePackage ../../../../../../Users/Jun/Desktop/Documents/GitHub/SecurityGame/SGTset_0.0.4/Content/TopDownBP/Maps/TopDownExampleMap_BuiltData.uasset
[2018.04.14-15.38.50:780][759]LogEditorViewport: Clicking Background
[2018.04.14-15.38.51:375][781]LogSavePackage: Save=331.77ms
[2018.04.14-15.38.51:375][781]LogSavePackage: Moving '../../../../../../Users/Jun/Desktop/Documents/GitHub/SecurityGame/SGTset_0.0.4/Saved/TopDownExampleMapA1B39DE04320BE81AD04638A84C38D3F.tmp' to '../../../../../../Users/Jun/Desktop/Documents/GitHub/SecurityGame/SGTset_0.0.4/Content/TopDownBP/Maps/TopDownExampleMap.umap'
[2018.04.14-15.38.51:380][781]LogSavePackage: Display: Finished SavePackage ../../../../../../Users/Jun/Desktop/Documents/GitHub/SecurityGame/SGTset_0.0.4/Content/TopDownBP/Maps/TopDownExampleMap.umap
[2018.04.14-15.38.51:830][781]LogSavePackage: Save=414.29ms
[2018.04.14-15.38.51:830][781]LogSavePackage: Moving '../../../../../../Users/Jun/Desktop/Documents/GitHub/SecurityGame/SGTset_0.0.4/Saved/TopDownExampleMap_BuiltData109A1A8640809635BD8CF1AA9C45FDD1.tmp' to '../../../../../../Users/Jun/Desktop/Documents/GitHub/SecurityGame/SGTset_0.0.4/Content/TopDownBP/Maps/TopDownExampleMap_BuiltData.uasset'
[2018.04.14-15.38.51:834][781]LogSavePackage: Display: Finished SavePackage ../../../../../../Users/Jun/Desktop/Documents/GitHub/SecurityGame/SGTset_0.0.4/Content/TopDownBP/Maps/TopDownExampleMap_BuiltData.uasset
[2018.04.14-15.44.31:894][417]LogEditorViewport: Clicking on Actor (context menu): StaticMeshActor (SM_Wall_604)
[2018.04.14-15.44.32:128][424]LogEditorViewport: Clicking on Actor (LMB): StaticMeshActor (SM_Wall_604)
[2018.04.14-15.44.51:415][223]LogEditorViewport: Clicking on Actor (LMB): StaticMeshActor (SM_Door_C1)
[2018.04.14-15.45.06:478][606]LogSavePackage: Save=325.74ms
[2018.04.14-15.45.06:478][606]LogSavePackage: Moving '../../../../../../Users/Jun/Desktop/Documents/GitHub/SecurityGame/SGTset_0.0.4/Saved/TopDownExampleMapECCAB8A84A3713C11E8F458C62EE6400.tmp' to '../../../../../../Users/Jun/Desktop/Documents/GitHub/SecurityGame/SGTset_0.0.4/Content/TopDownBP/Maps/TopDownExampleMap.umap'
[2018.04.14-15.45.06:483][606]LogSavePackage: Display: Finished SavePackage ../../../../../../Users/Jun/Desktop/Documents/GitHub/SecurityGame/SGTset_0.0.4/Content/TopDownBP/Maps/TopDownExampleMap.umap
[2018.04.14-15.45.07:002][606]LogSavePackage: Save=411.51ms
[2018.04.14-15.45.07:002][606]LogSavePackage: Moving '../../../../../../Users/Jun/Desktop/Documents/GitHub/SecurityGame/SGTset_0.0.4/Saved/TopDownExampleMap_BuiltDataA1EE1A3B4C62A930CB8C25AC172AFD91.tmp' to '../../../../../../Users/Jun/Desktop/Documents/GitHub/SecurityGame/SGTset_0.0.4/Content/TopDownBP/Maps/TopDownExampleMap_BuiltData.uasset'
[2018.04.14-15.45.07:005][606]LogSavePackage: Display: Finished SavePackage ../../../../../../Users/Jun/Desktop/Documents/GitHub/SecurityGame/SGTset_0.0.4/Content/TopDownBP/Maps/TopDownExampleMap_BuiltData.uasset
[2018.04.14-15.58.26:307][864]LogSavePackage: Save=346.77ms
[2018.04.14-15.58.26:307][864]LogSavePackage: Moving '../../../../../../Users/Jun/Desktop/Documents/GitHub/SecurityGame/SGTset_0.0.4/Saved/TopDownExampleMapB52AD07A427AC5661EB0C58AFC72C980.tmp' to '../../../../../../Users/Jun/Desktop/Documents/GitHub/SecurityGame/SGTset_0.0.4/Content/TopDownBP/Maps/TopDownExampleMap.umap'
[2018.04.14-15.58.26:312][864]LogSavePackage: Display: Finished SavePackage ../../../../../../Users/Jun/Desktop/Documents/GitHub/SecurityGame/SGTset_0.0.4/Content/TopDownBP/Maps/TopDownExampleMap.umap
[2018.04.14-15.58.27:404][864]LogSavePackage: Save=424.52ms
[2018.04.14-15.58.27:404][864]LogSavePackage: Moving '../../../../../../Users/Jun/Desktop/Documents/GitHub/SecurityGame/SGTset_0.0.4/Saved/TopDownExampleMap_BuiltData88D5FDEA46AE493CD6F99AAA132962CA.tmp' to '../../../../../../Users/Jun/Desktop/Documents/GitHub/SecurityGame/SGTset_0.0.4/Content/TopDownBP/Maps/TopDownExampleMap_BuiltData.uasset'
[2018.04.14-15.58.27:408][864]LogSavePackage: Display: Finished SavePackage ../../../../../../Users/Jun/Desktop/Documents/GitHub/SecurityGame/SGTset_0.0.4/Content/TopDownBP/Maps/TopDownExampleMap_BuiltData.uasset
[2018.04.14-15.58.27:464][864]LogSlate: Took 0.055789 seconds to synchronously load lazily loaded font '../../../Engine/Content/Slate/Fonts/Roboto-Regular.ttf' (155K)
[2018.04.14-16.03.34:548][159]LogSavePackage: Save=340.17ms
[2018.04.14-16.03.34:548][159]LogSavePackage: Moving '../../../../../../Users/Jun/Desktop/Documents/GitHub/SecurityGame/SGTset_0.0.4/Saved/TopDownExampleMapDF5C004144B474E6AC5C42B874749A4F.tmp' to '../../../../../../Users/Jun/Desktop/Documents/GitHub/SecurityGame/SGTset_0.0.4/Content/TopDownBP/Maps/TopDownExampleMap.umap'
[2018.04.14-16.03.34:552][159]LogSavePackage: Display: Finished SavePackage ../../../../../../Users/Jun/Desktop/Documents/GitHub/SecurityGame/SGTset_0.0.4/Content/TopDownBP/Maps/TopDownExampleMap.umap
[2018.04.14-16.03.35:157][159]LogSavePackage: Save=416.39ms
[2018.04.14-16.03.35:157][159]LogSavePackage: Moving '../../../../../../Users/Jun/Desktop/Documents/GitHub/SecurityGame/SGTset_0.0.4/Saved/TopDownExampleMap_BuiltData181CB9E3434CFCA1C7CE2DA51A8D39D4.tmp' to '../../../../../../Users/Jun/Desktop/Documents/GitHub/SecurityGame/SGTset_0.0.4/Content/TopDownBP/Maps/TopDownExampleMap_BuiltData.uasset'
[2018.04.14-16.03.35:160][159]LogSavePackage: Display: Finished SavePackage ../../../../../../Users/Jun/Desktop/Documents/GitHub/SecurityGame/SGTset_0.0.4/Content/TopDownBP/Maps/TopDownExampleMap_BuiltData.uasset
[2018.04.14-16.03.37:226][323]LogSavePackage: Save=325.93ms
[2018.04.14-16.03.37:226][323]LogSavePackage: Moving '../../../../../../Users/Jun/Desktop/Documents/GitHub/SecurityGame/SGTset_0.0.4/Saved/TopDownExampleMap69622D944343B717739403896AB67B4D.tmp' to '../../../../../../Users/Jun/Desktop/Documents/GitHub/SecurityGame/SGTset_0.0.4/Content/TopDownBP/Maps/TopDownExampleMap.umap'
[2018.04.14-16.03.37:231][323]LogSavePackage: Display: Finished SavePackage ../../../../../../Users/Jun/Desktop/Documents/GitHub/SecurityGame/SGTset_0.0.4/Content/TopDownBP/Maps/TopDownExampleMap.umap
[2018.04.14-16.03.37:679][323]LogSavePackage: Save=412.07ms
[2018.04.14-16.03.37:679][323]LogSavePackage: Moving '../../../../../../Users/Jun/Desktop/Documents/GitHub/SecurityGame/SGTset_0.0.4/Saved/TopDownExampleMap_BuiltDataD3C23CCB40527ADA651A95B764556A9E.tmp' to '../../../../../../Users/Jun/Desktop/Documents/GitHub/SecurityGame/SGTset_0.0.4/Content/TopDownBP/Maps/TopDownExampleMap_BuiltData.uasset'
[2018.04.14-16.03.37:682][323]LogSavePackage: Display: Finished SavePackage ../../../../../../Users/Jun/Desktop/Documents/GitHub/SecurityGame/SGTset_0.0.4/Content/TopDownBP/Maps/TopDownExampleMap_BuiltData.uasset
[2018.04.14-16.03.41:197][692]Cmd: QUIT_EDITOR
[2018.04.14-16.03.41:438][692]LogExit: Preparing to exit.
[2018.04.14-16.03.42:163][692]LogDirectoryWatcher: A directory notification for 'C:/Users/Jun/Desktop/Documents/GitHub/SecurityGame/SGTset_0.0.4/Content/' was aborted.
[2018.04.14-16.03.42:222][692]LogExit: Editor shut down
[2018.04.14-16.03.42:227][692]LogExit: Transaction tracking system shut down
[2018.04.14-16.03.42:517][692]LogDirectoryWatcher: A directory notification for '../../../Engine/Content/' was aborted.
[2018.04.14-16.03.42:518][692]LogDirectoryWatcher: A directory notification for '../../../../../../Users/Jun/Desktop/Documents/GitHub/SecurityGame/SGTset_0.0.4/Content/' was aborted.
[2018.04.14-16.03.42:518][692]LogDirectoryWatcher: A directory notification for '../../../Engine/Plugins/2D/Paper2D/Content/' was aborted.
[2018.04.14-16.03.42:518][692]LogDirectoryWatcher: A directory notification for '../../../Engine/Plugins/Media/MediaCompositing/Content/' was aborted.
[2018.04.14-16.03.42:518][692]LogDirectoryWatcher: A directory notification for '../../../Engine/Plugins/Runtime/AppleARKit/Content/' was aborted.
[2018.04.14-16.03.42:518][692]LogDirectoryWatcher: A directory notification for '../../../Engine/Plugins/Runtime/Oculus/OculusVR/Content/' was aborted.
[2018.04.14-16.03.42:518][692]LogDirectoryWatcher: A directory notification for '../../../Engine/Plugins/Runtime/Steam/SteamVR/Content/' was aborted.
[2018.04.14-16.03.42:999][692]LogExit: Object subsystem successfully closed.
[2018.04.14-16.03.43:088][692]LogD3D11RHI: Shutdown
[2018.04.14-16.03.43:088][692]LogD3D11RHI: CleanupD3DDevice
[2018.04.14-16.03.43:090][692]LogD3D11RHI: ~FD3D11DynamicRHI
[2018.04.14-16.03.43:551][692]LogModuleManager: Shutting down and abandoning module MovieSceneCapture (550)
[2018.04.14-16.03.43:551][692]LogModuleManager: Shutting down and abandoning module HierarchicalLODOutliner (548)
[2018.04.14-16.03.43:551][692]LogModuleManager: Shutting down and abandoning module SceneOutliner (546)
[2018.04.14-16.03.43:551][692]LogModuleManager: Shutting down and abandoning module AddContentDialog (544)
[2018.04.14-16.03.43:565][692]LogDirectoryWatcher: A directory notification for 'C:/Program Files/Epic Games/UE_4.18/FeaturePacks/' was aborted.
[2018.04.14-16.03.43:572][692]LogModuleManager: Shutting down and abandoning module WidgetCarousel (543)
[2018.04.14-16.03.43:572][692]LogModuleManager: Shutting down and abandoning module EditorWidgets (540)
[2018.04.14-16.03.43:572][692]LogModuleManager: Shutting down and abandoning module CollectionManager (538)
[2018.04.14-16.03.43:573][692]LogDirectoryWatcher: A directory notification for 'C:/Users/Jun/Desktop/Documents/GitHub/SecurityGame/SGTset_0.0.4/Content/Collections/' was aborted.
[2018.04.14-16.03.43:573][692]LogDirectoryWatcher: A directory notification for 'C:/Users/Jun/Desktop/Documents/GitHub/SecurityGame/SGTset_0.0.4/Content/Developers/Jun/Collections/' was aborted.
[2018.04.14-16.03.43:573][692]LogDirectoryWatcher: A directory notification for 'C:/Users/Jun/Desktop/Documents/GitHub/SecurityGame/SGTset_0.0.4/Saved/Collections/' was aborted.
[2018.04.14-16.03.43:573][692]LogModuleManager: Shutting down and abandoning module StatsViewer (536)
[2018.04.14-16.03.43:573][692]LogModuleManager: Shutting down and abandoning module FoliageEdit (534)
[2018.04.14-16.03.43:573][692]LogModuleManager: Shutting down and abandoning module LandscapeEditor (532)
[2018.04.14-16.03.43:586][692]LogModuleManager: Shutting down and abandoning module MeshPaintMode (530)
[2018.04.14-16.03.43:586][692]LogModuleManager: Shutting down and abandoning module SceneDepthPickerMode (528)
[2018.04.14-16.03.43:586][692]LogModuleManager: Shutting down and abandoning module ActorPickerMode (526)
[2018.04.14-16.03.43:586][692]LogModuleManager: Shutting down and abandoning module GeometryMode (524)
[2018.04.14-16.03.43:586][692]LogModuleManager: Shutting down and abandoning module TextureAlignMode (522)
[2018.04.14-16.03.43:586][692]LogModuleManager: Shutting down and abandoning module BspMode (520)
[2018.04.14-16.03.43:586][692]LogModuleManager: Shutting down and abandoning module PIEPreviewDeviceProfileSelector (518)
[2018.04.14-16.03.43:586][692]LogModuleManager: Shutting down and abandoning module HardwareSurvey (516)
[2018.04.14-16.03.43:586][692]LogModuleManager: Shutting down and abandoning module SequenceRecorderSections (514)
[2018.04.14-16.03.43:596][692]LogModuleManager: Shutting down and abandoning module AutomationWorker (512)
[2018.04.14-16.03.43:606][692]LogModuleManager: Shutting down and abandoning module MatineeToLevelSequence (510)
[2018.04.14-16.03.43:606][692]LogModuleManager: Shutting down and abandoning module LevelSequenceEditor (508)
[2018.04.14-16.03.43:626][692]LogModuleManager: Shutting down and abandoning module PlacementMode (507)
[2018.04.14-16.03.43:626][692]LogModuleManager: Shutting down and abandoning module WmfMediaFactory (504)
[2018.04.14-16.03.43:626][692]LogModuleManager: Shutting down and abandoning module WmfMediaEditor (502)
[2018.04.14-16.03.43:626][692]LogModuleManager: Shutting down and abandoning module OpenExrWrapper (500)
[2018.04.14-16.03.43:626][692]LogModuleManager: Shutting down and abandoning module ImgMediaFactory (498)
[2018.04.14-16.03.43:627][692]LogModuleManager: Shutting down and abandoning module ImgMediaEditor (496)
[2018.04.14-16.03.43:627][692]LogModuleManager: Shutting down and abandoning module AvfMediaFactory (494)
[2018.04.14-16.03.43:627][692]LogModuleManager: Shutting down and abandoning module AvfMediaEditor (492)
[2018.04.14-16.03.43:627][692]LogModuleManager: Shutting down and abandoning module AndroidMediaFactory (490)
[2018.04.14-16.03.43:627][692]LogModuleManager: Shutting down and abandoning module AndroidMediaEditor (488)
[2018.04.14-16.03.43:627][692]LogModuleManager: Shutting down and abandoning module CharacterAI (486)
[2018.04.14-16.03.43:627][692]LogModuleManager: Shutting down and abandoning module AudioCapture (484)
[2018.04.14-16.03.43:627][692]LogModuleManager: Shutting down and abandoning module SequenceRecorder (483)
[2018.04.14-16.03.43:627][692]LogModuleManager: Shutting down and abandoning module SmartSnapping (480)
[2018.04.14-16.03.43:627][692]LogModuleManager: Shutting down and abandoning module SessionServices (478)
[2018.04.14-16.03.43:627][692]LogModuleManager: Shutting down and abandoning module ViewportSnapping (476)
[2018.04.14-16.03.43:627][692]LogModuleManager: Shutting down and abandoning module ViewportInteraction (474)
[2018.04.14-16.03.43:627][692]LogModuleManager: Shutting down and abandoning module ClothPainter (472)
[2018.04.14-16.03.43:639][692]LogModuleManager: Shutting down and abandoning module SkeletalMeshEditor (471)
[2018.04.14-16.03.43:664][692]LogModuleManager: Shutting down and abandoning module LogVisualizer (468)
[2018.04.14-16.03.43:664][692]LogModuleManager: Shutting down and abandoning module IntroTutorials (466)
[2018.04.14-16.03.43:665][692]LogModuleManager: Shutting down and abandoning module GameProjectGeneration (465)
[2018.04.14-16.03.43:679][692]LogModuleManager: Shutting down and abandoning module IOSPlatformEditor (462)
[2018.04.14-16.03.43:679][692]LogModuleManager: Shutting down and abandoning module HTML5PlatformEditor (460)
[2018.04.14-16.03.43:679][692]LogModuleManager: Shutting down and abandoning module AndroidPlatformEditor (458)
[2018.04.14-16.03.43:679][692]LogModuleManager: Shutting down and abandoning module AndroidDeviceDetection (457)
[2018.04.14-16.03.43:931][692]LogModuleManager: Shutting down and abandoning module WindowsPlatformEditor (454)
[2018.04.14-16.03.43:931][692]LogModuleManager: Shutting down and abandoning module IOSRuntimeSettings (452)
[2018.04.14-16.03.43:931][692]LogModuleManager: Shutting down and abandoning module AndroidRuntimeSettings (450)
[2018.04.14-16.03.43:931][692]LogModuleManager: Shutting down and abandoning module InputBindingEditor (448)
[2018.04.14-16.03.43:948][692]LogModuleManager: Shutting down and abandoning module MergeActors (446)
[2018.04.14-16.03.43:955][692]LogModuleManager: Shutting down and abandoning module SizeMap (444)
[2018.04.14-16.03.43:955][692]LogModuleManager: Shutting down and abandoning module TreeMap (442)
[2018.04.14-16.03.43:955][692]LogModuleManager: Shutting down and abandoning module ReferenceViewer (440)
[2018.04.14-16.03.43:955][692]LogModuleManager: Shutting down and abandoning module LocalizationDashboard (438)
[2018.04.14-16.03.43:965][692]LogModuleManager: Shutting down and abandoning module LocalizationService (437)
[2018.04.14-16.03.43:979][692]LogModuleManager: Shutting down and abandoning module HardwareTargeting (434)
[2018.04.14-16.03.43:979][692]LogModuleManager: Shutting down and abandoning module DeviceProfileEditor (432)
[2018.04.14-16.03.43:979][692]LogModuleManager: Shutting down and abandoning module UndoHistory (430)
[2018.04.14-16.03.43:979][692]LogModuleManager: Shutting down and abandoning module XmlParser (428)
[2018.04.14-16.03.43:979][692]LogModuleManager: Shutting down and abandoning module Blutility (426)
[2018.04.14-16.03.43:979][692]LogModuleManager: Shutting down and abandoning module ProjectSettingsViewer (424)
[2018.04.14-16.03.43:979][692]LogModuleManager: Shutting down and abandoning module ProjectTargetPlatformEditor (423)
[2018.04.14-16.03.43:979][692]LogModuleManager: Shutting down and abandoning module EditorSettingsViewer (420)
[2018.04.14-16.03.43:979][692]LogModuleManager: Shutting down and abandoning module SettingsEditor (418)
[2018.04.14-16.03.43:980][692]LogModuleManager: Shutting down and abandoning module ProjectLauncher (416)
[2018.04.14-16.03.43:993][692]LogModuleManager: Shutting down and abandoning module SessionFrontend (414)
[2018.04.14-16.03.43:993][692]LogModuleManager: Shutting down and abandoning module ProfilerClient (412)
[2018.04.14-16.03.43:994][692]LogModuleManager: Shutting down and abandoning module DeviceManager (410)
[2018.04.14-16.03.43:994][692]LogModuleManager: Shutting down and abandoning module TargetDeviceServices (409)
[2018.04.14-16.03.44:034][692]LogModuleManager: Shutting down and abandoning module AutomationController (406)
[2018.04.14-16.03.44:048][692]LogModuleManager: Shutting down and abandoning module AutomationWindow (404)
[2018.04.14-16.03.44:111][692]LogModuleManager: Shutting down and abandoning module Layers (402)
[2018.04.14-16.03.44:133][692]LogModuleManager: Shutting down and abandoning module ComponentVisualizers (400)
[2018.04.14-16.03.44:133][692]LogModuleManager: Shutting down and abandoning module DetailCustomizations (398)
[2018.04.14-16.03.44:133][692]LogModuleManager: Shutting down and abandoning module PackagesDialog (396)
[2018.04.14-16.03.44:133][692]LogModuleManager: Shutting down and abandoning module Persona (394)
[2018.04.14-16.03.44:234][692]LogModuleManager: Shutting down and abandoning module AdvancedPreviewScene (393)
[2018.04.14-16.03.44:234][692]LogModuleManager: Shutting down and abandoning module AnimGraph (391)
[2018.04.14-16.03.44:234][692]LogModuleManager: Shutting down and abandoning module Kismet (388)
[2018.04.14-16.03.44:235][692]LogModuleManager: Shutting down and abandoning module ClassViewer (386)
[2018.04.14-16.03.44:235][692]LogModuleManager: Shutting down and abandoning module Toolbox (384)
[2018.04.14-16.03.44:235][692]LogModuleManager: Shutting down and abandoning module ModuleUI (382)
[2018.04.14-16.03.44:245][692]LogModuleManager: Shutting down and abandoning module MovieSceneTools (380)
[2018.04.14-16.03.44:318][692]LogModuleManager: Shutting down and abandoning module OutputLog (378)
[2018.04.14-16.03.44:318][692]LogModuleManager: Shutting down and abandoning module GammaUI (376)
[2018.04.14-16.03.44:344][692]LogModuleManager: Shutting down and abandoning module Documentation (374)
[2018.04.14-16.03.44:344][692]LogModuleManager: Shutting down and abandoning module MovieSceneTracks (372)
[2018.04.14-16.03.44:352][692]LogModuleManager: Shutting down and abandoning module MovieScene (370)
[2018.04.14-16.03.44:352][692]LogModuleManager: Shutting down and abandoning module StreamingPauseRendering (368)
[2018.04.14-16.03.44:352][692]LogModuleManager: Shutting down and abandoning module LauncherPlatform (366)
[2018.04.14-16.03.44:352][692]LogModuleManager: Shutting down and abandoning module AnalyticsET (364)
[2018.04.14-16.03.44:352][692]LogModuleManager: Shutting down and abandoning module PortalServices (362)
[2018.04.14-16.03.44:352][692]LogModuleManager: Shutting down and abandoning module PortalRpc (360)
[2018.04.14-16.03.44:352][692]LogModuleManager: Shutting down and abandoning module MessagingRpc (358)
[2018.04.14-16.03.44:352][692]LogModuleManager: Shutting down and abandoning module AIModule (356)
[2018.04.14-16.03.44:352][692]LogModuleManager: Shutting down and abandoning module GameplayDebugger (355)
[2018.04.14-16.03.44:352][692]LogModuleManager: Shutting down and abandoning module AITestSuite (353)
[2018.04.14-16.03.44:353][692]LogModuleManager: Shutting down and abandoning module DesktopPlatform (350)
[2018.04.14-16.03.44:353][692]LogModuleManager: Shutting down and abandoning module ProfilerService (348)
[2018.04.14-16.03.44:432][692]LogModuleManager: Shutting down and abandoning module TaskGraph (346)
[2018.04.14-16.03.44:472][692]LogModuleManager: Shutting down and abandoning module SteamVRController (344)
[2018.04.14-16.03.44:472][692]LogModuleManager: Shutting down and abandoning module ProceduralMeshComponentEditor (342)
[2018.04.14-16.03.44:472][692]LogModuleManager: Shutting down and abandoning module ProceduralMeshComponent (340)
[2018.04.14-16.03.44:597][692]LogModuleManager: Shutting down and abandoning module OculusInput (338)
[2018.04.14-16.03.44:597][692]LogModuleManager: Shutting down and abandoning module MobilePatchingUtils (336)
[2018.04.14-16.03.44:597][692]LogModuleManager: Shutting down and abandoning module CustomMeshComponent (334)
[2018.04.14-16.03.44:597][692]LogModuleManager: Shutting down and abandoning module CableComponent (332)
[2018.04.14-16.03.44:597][692]LogModuleManager: Shutting down and abandoning module ArchVisCharacter (330)
[2018.04.14-16.03.44:597][692]LogModuleManager: Shutting down and abandoning module AndroidPermission (328)
[2018.04.14-16.03.44:597][692]LogModuleManager: Shutting down and abandoning module ActorSequence (324)
[2018.04.14-16.03.44:598][692]LogModuleManager: Shutting down and abandoning module MediaPlayerEditor (322)
[2018.04.14-16.03.44:717][692]LogModuleManager: Shutting down and abandoning module MediaCompositingEditor (320)
[2018.04.14-16.03.44:717][692]LogModuleManager: Shutting down and abandoning module MediaCompositing (318)
[2018.04.14-16.03.44:717][692]LogModuleManager: Shutting down and abandoning module HTML5Networking (316)
[2018.04.14-16.03.44:718][692]LogModuleManager: Shutting down and abandoning module AlembicImporter (314)
[2018.04.14-16.03.44:718][692]LogModuleManager: Shutting down and abandoning module AlembicLibrary (313)
[2018.04.14-16.03.44:718][692]LogModuleManager: Shutting down and abandoning module GeometryCache (312)
[2018.04.14-16.03.44:808][692]LogModuleManager: Shutting down and abandoning module GeometryCacheEd (311)
[2018.04.14-16.03.44:808][692]LogModuleManager: Shutting down and abandoning module SpeedTreeImporter (306)
[2018.04.14-16.03.44:808][692]LogModuleManager: Shutting down and abandoning module PluginBrowser (304)
[2018.04.14-16.03.45:062][692]LogModuleManager: Shutting down and abandoning module MobileLauncherProfileWizard (302)
[2018.04.14-16.03.45:062][692]LogModuleManager: Shutting down and abandoning module VisualStudioSourceCodeAccess (300)
[2018.04.14-16.03.45:062][692]LogModuleManager: Shutting down and abandoning module VisualStudioCodeSourceCodeAccess (298)
[2018.04.14-16.03.45:062][692]LogModuleManager: Shutting down and abandoning module UObjectPlugin (296)
[2018.04.14-16.03.45:062][692]LogModuleManager: Shutting down and abandoning module SubversionSourceControl (294)
[2018.04.14-16.03.45:062][692]LogModuleManager: Shutting down and abandoning module PerforceSourceControl (292)
[2018.04.14-16.03.45:246][692]LogModuleManager: Shutting down and abandoning module GitSourceControl (290)
[2018.04.14-16.03.45:246][692]LogModuleManager: Shutting down and abandoning module SourceControl (289)
[2018.04.14-16.03.45:254][692]LogModuleManager: Shutting down and abandoning module LightPropagationVolumeEditor (286)
[2018.04.14-16.03.45:255][692]LogModuleManager: Shutting down and abandoning module PaperTiledImporter (284)
[2018.04.14-16.03.45:255][692]LogModuleManager: Shutting down and abandoning module PaperSpriteSheetImporter (282)
[2018.04.14-16.03.45:255][692]LogModuleManager: Shutting down and abandoning module Paper2DEditor (280)
[2018.04.14-16.03.45:294][692]LogModuleManager: Shutting down and abandoning module MeshPaint (279)
[2018.04.14-16.03.45:372][692]LogModuleManager: Shutting down and abandoning module LevelEditor (277)
[2018.04.14-16.03.45:373][692]LogModuleManager: Shutting down and abandoning module PixelInspectorModule (276)
[2018.04.14-16.03.45:373][692]LogModuleManager: Shutting down and abandoning module MainFrame (274)
[2018.04.14-16.03.45:373][692]LogModuleManager: Shutting down and abandoning module HotReload (273)
[2018.04.14-16.03.45:457][692]LogModuleManager: Shutting down and abandoning module RuntimePhysXCooking (268)
[2018.04.14-16.03.45:457][692]LogModuleManager: Shutting down and abandoning module PhysXVehiclesEditor (266)
[2018.04.14-16.03.45:457][692]LogModuleManager: Shutting down and abandoning module PhysXVehicles (264)
[2018.04.14-16.03.45:457][692]LogModuleManager: Shutting down and abandoning module OculusEditor (262)
[2018.04.14-16.03.45:457][692]LogModuleManager: Shutting down and abandoning module LocationServicesBPLibrary (260)
[2018.04.14-16.03.45:457][692]LogModuleManager: Shutting down and abandoning module ImmediatePhysicsEditor (258)
[2018.04.14-16.03.45:457][692]LogModuleManager: Shutting down and abandoning module ImmediatePhysics (256)
[2018.04.14-16.03.45:581][692]LogModuleManager: Shutting down and abandoning module UdpMessaging (254)
[2018.04.14-16.03.45:681][692]LogModuleManager: Shutting down and abandoning module TcpMessaging (252)
[2018.04.14-16.03.45:781][692]LogModuleManager: Shutting down and abandoning module GameplayTagsEditor (250)
[2018.04.14-16.03.45:816][692]LogModuleManager: Shutting down and abandoning module FacialAnimationEditor (248)
[2018.04.14-16.03.45:816][692]LogModuleManager: Shutting down and abandoning module FacialAnimation (246)
[2018.04.14-16.03.45:816][692]LogModuleManager: Shutting down and abandoning module AssetManagerEditor (244)
[2018.04.14-16.03.45:816][692]LogModuleManager: Shutting down and abandoning module GraphEditor (243)
[2018.04.14-16.03.45:816][692]LogModuleManager: Shutting down and abandoning module ContentBrowser (241)
[2018.04.14-16.03.45:818][692]LogModuleManager: Shutting down and abandoning module LightPropagationVolumeRuntime (238)
[2018.04.14-16.03.45:818][692]LogModuleManager: Shutting down and abandoning module Paper2D (236)
[2018.04.14-16.03.45:818][692]LogModuleManager: Shutting down and abandoning module WindowsMoviePlayer (234)
[2018.04.14-16.03.45:856][692]LogModuleManager: Shutting down and abandoning module WmfMedia (232)
[2018.04.14-16.03.45:872][692]LogModuleManager: Shutting down and abandoning module ImgMedia (230)
[2018.04.14-16.03.45:872][692]LogModuleManager: Shutting down and abandoning module PacketHandler (228)
[2018.04.14-16.03.45:872][692]LogModuleManager: Shutting down and abandoning module ClothingSystemEditor (226)
[2018.04.14-16.03.45:872][692]LogModuleManager: Shutting down and abandoning module ClothingSystemRuntime (224)
[2018.04.14-16.03.45:872][692]LogModuleManager: Shutting down and abandoning module MediaAssets (222)
[2018.04.14-16.03.45:872][692]LogModuleManager: Shutting down and abandoning module Media (221)
[2018.04.14-16.03.45:877][692]LogModuleManager: Shutting down and abandoning module Overlay (218)
[2018.04.14-16.03.45:877][692]LogModuleManager: Shutting down and abandoning module OverlayEditor (217)
[2018.04.14-16.03.45:877][692]LogModuleManager: Shutting down and abandoning module VREditor (214)
[2018.04.14-16.03.45:905][692]LogModuleManager: Shutting down and abandoning module StringTableEditor (212)
[2018.04.14-16.03.45:905][692]LogModuleManager: Shutting down and abandoning module GameplayTasksEditor (210)
[2018.04.14-16.03.45:905][692]LogModuleManager: Shutting down and abandoning module BehaviorTreeEditor (208)
[2018.04.14-16.03.45:953][692]LogModuleManager: Shutting down and abandoning module FunctionalTesting (206)
[2018.04.14-16.03.45:953][692]LogModuleManager: Shutting down and abandoning module CollisionAnalyzer (204)
[2018.04.14-16.03.45:962][692]LogModuleManager: Shutting down and abandoning module WorkspaceMenuStructure (203)
[2018.04.14-16.03.45:962][692]LogModuleManager: Shutting down and abandoning module UMG (200)
[2018.04.14-16.03.45:962][692]LogModuleManager: Shutting down and abandoning module UMGEditor (199)
[2018.04.14-16.03.45:974][692]LogModuleManager: Shutting down and abandoning module Sequencer (198)
[2018.04.14-16.03.46:018][692]LogModuleManager: Shutting down and abandoning module MessageLog (195)
[2018.04.14-16.03.46:018][692]LogModuleManager: Shutting down and abandoning module SlateReflector (190)
[2018.04.14-16.03.46:033][692]LogModuleManager: Shutting down and abandoning module Slate (188)
[2018.04.14-16.03.46:033][692]LogModuleManager: Shutting down and abandoning module EditorStyle (186)
[2018.04.14-16.03.46:035][692]LogModuleManager: Shutting down and abandoning module MRMesh (184)
[2018.04.14-16.03.46:036][692]LogModuleManager: Shutting down and abandoning module SourceCodeAccess (182)
[2018.04.14-16.03.46:036][692]LogModuleManager: Shutting down and abandoning module HeadMountedDisplay (180)
[2018.04.14-16.03.46:036][692]LogModuleManager: Shutting down and abandoning module XAudio2 (178)
[2018.04.14-16.03.46:036][692]LogModuleManager: Shutting down and abandoning module Networking (176)
[2018.04.14-16.03.46:036][692]LogModuleManager: Shutting down and abandoning module Core (172)
[2018.04.14-16.03.46:036][692]LogModuleManager: Shutting down and abandoning module LevelSequence (168)
[2018.04.14-16.03.46:067][692]LogModuleManager: Shutting down and abandoning module DirectoryWatcher (166)
[2018.04.14-16.03.46:068][692]LogModuleManager: Shutting down and abandoning module KismetCompiler (164)
[2018.04.14-16.03.46:068][692]LogModuleManager: Shutting down and abandoning module MeshUtilities (162)
[2018.04.14-16.03.46:087][692]LogModuleManager: Shutting down and abandoning module MeshMergeUtilities (161)
[2018.04.14-16.03.46:132][692]LogModuleManager: Shutting down and abandoning module MeshReductionInterface (160)
[2018.04.14-16.03.46:132][692]LogModuleManager: Shutting down and abandoning module SimplygonSwarm (159)
[2018.04.14-16.03.46:178][692]LogModuleManager: Shutting down and abandoning module SimplygonMeshReduction (157)
[2018.04.14-16.03.46:178][692]LogModuleManager: Shutting down and abandoning module QuadricMeshReduction (155)
[2018.04.14-16.03.46:188][692]LogModuleManager: Shutting down and abandoning module MaterialBaking (151)
[2018.04.14-16.03.46:194][692]LogModuleManager: Shutting down and abandoning module DerivedDataCache (148)
[2018.04.14-16.03.46:228][692]LogDerivedDataCache: Shutdown
[2018.04.14-16.03.46:228][692]LogModuleManager: Shutting down and abandoning module TargetPlatform (146)
[2018.04.14-16.03.46:228][692]LogModuleManager: Shutting down and abandoning module VulkanShaderFormat (145)
[2018.04.14-16.03.46:228][692]LogModuleManager: Shutting down and abandoning module ShaderFormatVectorVM (143)
[2018.04.14-16.03.46:228][692]LogModuleManager: Shutting down and abandoning module ShaderFormatOpenGL (141)
[2018.04.14-16.03.46:228][692]LogModuleManager: Shutting down and abandoning module ShaderFormatD3D (139)
[2018.04.14-16.03.46:228][692]LogModuleManager: Shutting down and abandoning module MetalShaderFormat (137)
[2018.04.14-16.03.46:228][692]LogModuleManager: Shutting down and abandoning module TextureFormatUncompressed (135)
[2018.04.14-16.03.46:228][692]LogModuleManager: Shutting down and abandoning module TextureFormatPVR (133)
[2018.04.14-16.03.46:228][692]LogModuleManager: Shutting down and abandoning module TextureFormatDXT (131)
[2018.04.14-16.03.46:228][692]LogModuleManager: Shutting down and abandoning module TextureFormatIntelISPCTexComp (129)
[2018.04.14-16.03.46:229][692]LogModuleManager: Shutting down and abandoning module TextureFormatASTC (127)
[2018.04.14-16.03.46:229][692]LogModuleManager: Shutting down and abandoning module ImageWrapper (126)
[2018.04.14-16.03.46:229][692]LogModuleManager: Shutting down and abandoning module TextureFormatAndroid (123)
[2018.04.14-16.03.46:229][692]LogModuleManager: Shutting down and abandoning module AudioFormatOpus (121)
[2018.04.14-16.03.46:229][692]LogModuleManager: Shutting down and abandoning module AudioFormatOgg (119)
[2018.04.14-16.03.46:229][692]LogModuleManager: Shutting down and abandoning module AudioFormatADPCM (117)
[2018.04.14-16.03.46:229][692]LogModuleManager: Shutting down and abandoning module LinuxTargetPlatform (115)
[2018.04.14-16.03.46:229][692]LogModuleManager: Shutting down and abandoning module LinuxServerTargetPlatform (113)
[2018.04.14-16.03.46:229][692]LogModuleManager: Shutting down and abandoning module LinuxNoEditorTargetPlatform (111)
[2018.04.14-16.03.46:229][692]LogModuleManager: Shutting down and abandoning module LinuxClientTargetPlatform (109)
[2018.04.14-16.03.46:229][692]LogModuleManager: Shutting down and abandoning module TVOSTargetPlatform (107)
[2018.04.14-16.03.46:229][692]LogModuleManager: Shutting down and abandoning module Messaging (105)
[2018.04.14-16.03.46:229][692]LogModuleManager: Shutting down and abandoning module IOSTargetPlatform (103)
[2018.04.14-16.03.46:229][692]LogModuleManager: Shutting down and abandoning module HTML5TargetPlatform (101)
[2018.04.14-16.03.46:229][692]LogModuleManager: Shutting down and abandoning module AndroidTargetPlatform (99)
[2018.04.14-16.03.46:229][692]LogModuleManager: Shutting down and abandoning module Android_PVRTCTargetPlatform (97)
[2018.04.14-16.03.46:229][692]LogModuleManager: Shutting down and abandoning module Android_MultiTargetPlatform (95)
[2018.04.14-16.03.46:229][692]LogModuleManager: Shutting down and abandoning module Android_ETC2TargetPlatform (93)
[2018.04.14-16.03.46:229][692]LogModuleManager: Shutting down and abandoning module Android_ETC1TargetPlatform (91)
[2018.04.14-16.03.46:229][692]LogModuleManager: Shutting down and abandoning module Android_DXTTargetPlatform (89)
[2018.04.14-16.03.46:229][692]LogModuleManager: Shutting down and abandoning module Android_ATCTargetPlatform (87)
[2018.04.14-16.03.46:229][692]LogModuleManager: Shutting down and abandoning module Android_ASTCTargetPlatform (85)
[2018.04.14-16.03.46:229][692]LogModuleManager: Shutting down and abandoning module WindowsTargetPlatform (83)
[2018.04.14-16.03.46:229][692]LogModuleManager: Shutting down and abandoning module WindowsServerTargetPlatform (81)
[2018.04.14-16.03.46:229][692]LogModuleManager: Shutting down and abandoning module WindowsNoEditorTargetPlatform (79)
[2018.04.14-16.03.46:229][692]LogModuleManager: Shutting down and abandoning module WindowsClientTargetPlatform (77)
[2018.04.14-16.03.46:229][692]LogModuleManager: Shutting down and abandoning module MacTargetPlatform (75)
[2018.04.14-16.03.46:229][692]LogModuleManager: Shutting down and abandoning module MacServerTargetPlatform (73)
[2018.04.14-16.03.46:229][692]LogModuleManager: Shutting down and abandoning module MacNoEditorTargetPlatform (71)
[2018.04.14-16.03.46:229][692]LogModuleManager: Shutting down and abandoning module MacClientTargetPlatform (69)
[2018.04.14-16.03.46:229][692]LogModuleManager: Shutting down and abandoning module AllDesktopTargetPlatform (67)
[2018.04.14-16.03.46:229][692]LogModuleManager: Shutting down and abandoning module InputCore (64)
[2018.04.14-16.03.46:229][692]LogModuleManager: Shutting down and abandoning module Settings (62)
[2018.04.14-16.03.46:229][692]LogModuleManager: Shutting down and abandoning module PhysXCooking (60)
[2018.04.14-16.03.46:229][692]LogModuleManager: Shutting down and abandoning module SteamVR (58)
[2018.04.14-16.03.46:229][692]LogModuleManager: Shutting down and abandoning module OculusHMD (56)
[2018.04.14-16.03.46:253][692]LogModuleManager: Shutting down and abandoning module ExampleDeviceProfileSelector (54)
[2018.04.14-16.03.46:253][692]LogModuleManager: Shutting down and abandoning module AppleARKit (52)
[2018.04.14-16.03.46:253][692]LogModuleManager: Shutting down and abandoning module AugmentedReality (51)
[2018.04.14-16.03.46:253][692]LogModuleManager: Shutting down and abandoning module OnlineBlueprintSupport (48)
[2018.04.14-16.03.46:253][692]LogModuleManager: Shutting down and abandoning module OnlineSubsystem (44)
[2018.04.14-16.03.46:257][692]LogModuleManager: Shutting down and abandoning module XMPP (43)
[2018.04.14-16.03.46:268][692]LogModuleManager: Shutting down and abandoning module HTTP (41)
[2018.04.14-16.03.46:268][692]LogHttp: Display: Http module shutting down, but needs to wait on 1 outstanding Http requests:
[2018.04.14-16.03.46:268][692]LogHttp: Display: 	verb=[POST] url=[https://datarouter.ol.epicgames.com/datarouter/api/v1/public/data?SessionID=%7B9548E35F-4090-FE5D-8660-6BA7FC9C1CF5%7D&AppID=UEEditor.Rocket.Release&AppVersion=4.18.3-3832480%2B%2B%2BUE4%2BRelease-4.18&UserID=8df51c5f4f4d4d29f573928dad119570%7C92e601156b18439c8aaf9522ba7a0171%7Cef4b3eab-7438-4a4c-8751-defd260d6574&AppEnvironment=datacollector-binary&UploadType=eteventstream] status=Processing
[2018.04.14-16.03.46:281][692]LogModuleManager: Shutting down and abandoning module SSL (40)
[2018.04.14-16.03.46:282][692]LogModuleManager: Shutting down and abandoning module AnimationModifiers (36)
[2018.04.14-16.03.46:307][692]LogModuleManager: Shutting down and abandoning module PropertyEditor (35)
[2018.04.14-16.03.46:307][692]LogModuleManager: Shutting down and abandoning module AudioEditor (32)
[2018.04.14-16.03.46:344][692]LogModuleManager: Shutting down and abandoning module TextureCompressor (30)
[2018.04.14-16.03.46:429][692]LogModuleManager: Shutting down and abandoning module ShaderCore (28)
[2018.04.14-16.03.46:430][692]LogModuleManager: Shutting down and abandoning module Landscape (26)
[2018.04.14-16.03.46:430][692]LogModuleManager: Shutting down and abandoning module SlateRHIRenderer (24)
[2018.04.14-16.03.46:440][692]LogModuleManager: Shutting down and abandoning module OpenGLDrv (22)
[2018.04.14-16.03.46:483][692]LogModuleManager: Shutting down and abandoning module D3D11RHI (20)
[2018.04.14-16.03.46:483][692]LogModuleManager: Shutting down and abandoning module AnimGraphRuntime (18)
[2018.04.14-16.03.46:483][692]LogModuleManager: Shutting down and abandoning module Renderer (16)
[2018.04.14-16.03.46:483][692]LogModuleManager: Shutting down and abandoning module Engine (14)
[2018.04.14-16.03.46:483][692]LogModuleManager: Shutting down and abandoning module CoreUObject (12)
[2018.04.14-16.03.46:483][692]LogModuleManager: Shutting down and abandoning module NetworkFile (10)
[2018.04.14-16.03.46:487][692]LogModuleManager: Shutting down and abandoning module CookedIterativeFile (8)
[2018.04.14-16.03.46:487][692]LogModuleManager: Shutting down and abandoning module StreamingFile (6)
[2018.04.14-16.03.46:518][692]LogModuleManager: Shutting down and abandoning module SandboxFile (4)
[2018.04.14-16.03.46:518][692]LogModuleManager: Shutting down and abandoning module PakFile (2)
[2018.04.14-16.03.46:550][692]LogExit: Exiting.
[2018.04.14-16.03.46:571][692]Log file closed, 04/15/18 01:03:46
