Log file open, 06/19/18 01:34:21
LogWindows: Failed to load 'aqProf.dll' (GetLastError=126)
LogWindows: File 'aqProf.dll' does not exist
LogWindows: Failed to load 'VSPerf140.dll' (GetLastError=126)
LogWindows: File 'VSPerf140.dll' does not exist
LogWindows: Failed to load 'VtuneApi.dll' (GetLastError=126)
LogWindows: File 'VtuneApi.dll' does not exist
LogWindows: Failed to load 'VtuneApi32e.dll' (GetLastError=126)
LogWindows: File 'VtuneApi32e.dll' does not exist
LogInit: Display: Running engine for game: Trolley
LogPlatformFile: Not using cached read wrapper
LogInit: Display: RandInit(1103980082) SRandInit(1103980082).
LogInit: Read version file with build ID '3709383'
LogInit: Overriding engine version to CL 3832480, compatible CL 3709383
LogInit: Registered custom module enumerator with build ID '3709383'
LogTaskGraph: Started task graph with 5 named threads and 20 total threads with 3 sets of task threads.
LogStats: Stats thread started at 0.228357
LogD3D11RHI: Aftermath initialized
LogModuleManager: Display: Found up-to-date module file ../../../Engine/Plugins/2D/Paper2D/Binaries/Win64/UE4Editor-Paper2D.dll (API version 3709383).
LogModuleManager: Display: Found up-to-date module file ../../../Engine/Plugins/2D/Paper2D/Binaries/Win64/UE4Editor-Paper2DEditor.dll (API version 3709383).
LogModuleManager: Display: Found up-to-date module file ../../../Engine/Plugins/2D/Paper2D/Binaries/Win64/UE4Editor-PaperSpriteSheetImporter.dll (API version 3709383).
LogModuleManager: Display: Found up-to-date module file ../../../Engine/Plugins/2D/Paper2D/Binaries/Win64/UE4Editor-PaperTiledImporter.dll (API version 3709383).
LogModuleManager: Display: Found up-to-date module file ../../../Engine/Plugins/2D/Paper2D/Binaries/Win64/UE4Editor-SmartSnapping.dll (API version 3709383).
LogModuleManager: Display: Found up-to-date module file ../../../Engine/Plugins/Blendables/LightPropagationVolume/Binaries/Win64/UE4Editor-LightPropagationVolumeRuntime.dll (API version 3709383).
LogModuleManager: Display: Found up-to-date module file ../../../Engine/Plugins/Blendables/LightPropagationVolume/Binaries/Win64/UE4Editor-LightPropagationVolumeEditor.dll (API version 3709383).
LogModuleManager: Display: Found up-to-date module file ../../../Engine/Plugins/Developer/GitSourceControl/Binaries/Win64/UE4Editor-GitSourceControl.dll (API version 3709383).
LogModuleManager: Display: Found up-to-date module file ../../../Engine/Plugins/Developer/PerforceSourceControl/Binaries/Win64/UE4Editor-PerforceSourceControl.dll (API version 3709383).
LogModuleManager: Display: Found up-to-date module file ../../../Engine/Plugins/Developer/SubversionSourceControl/Binaries/Win64/UE4Editor-SubversionSourceControl.dll (API version 3709383).
LogModuleManager: Display: Found up-to-date module file ../../../Engine/Plugins/Developer/UObjectPlugin/Binaries/Win64/UE4Editor-UObjectPlugin.dll (API version 3709383).
LogModuleManager: Display: Found up-to-date module file ../../../Engine/Plugins/Developer/VisualStudioCodeSourceCodeAccess/Binaries/Win64/UE4Editor-VisualStudioCodeSourceCodeAccess.dll (API version 3709383).
LogModuleManager: Display: Found up-to-date module file ../../../Engine/Plugins/Developer/VisualStudioSourceCodeAccess/Binaries/Win64/UE4Editor-VisualStudioSourceCodeAccess.dll (API version 3709383).
LogModuleManager: Display: Found up-to-date module file ../../../Engine/Plugins/Editor/AssetManagerEditor/Binaries/Win64/UE4Editor-AssetManagerEditor.dll (API version 3709383).
LogModuleManager: Display: Found up-to-date module file ../../../Engine/Plugins/Editor/AudioCapture/Binaries/Win64/UE4Editor-AudioCapture.dll (API version 3709383).
LogModuleManager: Display: Found up-to-date module file ../../../Engine/Plugins/Editor/FacialAnimation/Binaries/Win64/UE4Editor-FacialAnimation.dll (API version 3709383).
LogModuleManager: Display: Found up-to-date module file ../../../Engine/Plugins/Editor/FacialAnimation/Binaries/Win64/UE4Editor-FacialAnimationEditor.dll (API version 3709383).
LogModuleManager: Display: Found up-to-date module file ../../../Engine/Plugins/Editor/GameplayTagsEditor/Binaries/Win64/UE4Editor-GameplayTagsEditor.dll (API version 3709383).
LogModuleManager: Display: Found up-to-date module file ../../../Engine/Plugins/Editor/MobileLauncherProfileWizard/Binaries/Win64/UE4Editor-MobileLauncherProfileWizard.dll (API version 3709383).
LogModuleManager: Display: Found up-to-date module file ../../../Engine/Plugins/Editor/PluginBrowser/Binaries/Win64/UE4Editor-PluginBrowser.dll (API version 3709383).
LogModuleManager: Display: Found up-to-date module file ../../../Engine/Plugins/Editor/SpeedTreeImporter/Binaries/Win64/UE4Editor-SpeedTreeImporter.dll (API version 3709383).
LogModuleManager: Display: Found up-to-date module file ../../../Engine/Plugins/Experimental/AlembicImporter/Binaries/Win64/UE4Editor-AlembicImporter.dll (API version 3709383).
LogModuleManager: Display: Found up-to-date module file ../../../Engine/Plugins/Experimental/AlembicImporter/Binaries/Win64/UE4Editor-AlembicLibrary.dll (API version 3709383).
LogModuleManager: Display: Found up-to-date module file ../../../Engine/Plugins/Experimental/CharacterAI/Binaries/Win64/UE4Editor-CharacterAI.dll (API version 3709383).
LogModuleManager: Display: Found up-to-date module file ../../../Engine/Plugins/Experimental/HTML5Networking/Binaries/Win64/UE4Editor-HTML5Networking.dll (API version 3709383).
LogModuleManager: Display: Found up-to-date module file ../../../Engine/Plugins/Media/AndroidMedia/Binaries/Win64/UE4Editor-AndroidMediaEditor.dll (API version 3709383).
LogModuleManager: Display: Found up-to-date module file ../../../Engine/Plugins/Media/AndroidMedia/Binaries/Win64/UE4Editor-AndroidMediaFactory.dll (API version 3709383).
LogModuleManager: Display: Found up-to-date module file ../../../Engine/Plugins/Media/AvfMedia/Binaries/Win64/UE4Editor-AvfMediaEditor.dll (API version 3709383).
LogModuleManager: Display: Found up-to-date module file ../../../Engine/Plugins/Media/AvfMedia/Binaries/Win64/UE4Editor-AvfMediaFactory.dll (API version 3709383).
LogModuleManager: Display: Found up-to-date module file ../../../Engine/Plugins/Media/AvfMedia/Binaries/Win64/UE4Editor-AvfMediaFactory.dll (API version 3709383).
LogModuleManager: Display: Found up-to-date module file ../../../Engine/Plugins/Media/ImgMedia/Binaries/Win64/UE4Editor-ImgMedia.dll (API version 3709383).
LogModuleManager: Display: Found up-to-date module file ../../../Engine/Plugins/Media/ImgMedia/Binaries/Win64/UE4Editor-ImgMediaEditor.dll (API version 3709383).
LogModuleManager: Display: Found up-to-date module file ../../../Engine/Plugins/Media/ImgMedia/Binaries/Win64/UE4Editor-ImgMediaFactory.dll (API version 3709383).
LogModuleManager: Display: Found up-to-date module file ../../../Engine/Plugins/Media/ImgMedia/Binaries/Win64/UE4Editor-ImgMediaFactory.dll (API version 3709383).
LogModuleManager: Display: Found up-to-date module file ../../../Engine/Plugins/Media/ImgMedia/Binaries/Win64/UE4Editor-OpenExrWrapper.dll (API version 3709383).
LogModuleManager: Display: Found up-to-date module file ../../../Engine/Plugins/Media/MediaCompositing/Binaries/Win64/UE4Editor-MediaCompositing.dll (API version 3709383).
LogModuleManager: Display: Found up-to-date module file ../../../Engine/Plugins/Media/MediaCompositing/Binaries/Win64/UE4Editor-MediaCompositingEditor.dll (API version 3709383).
LogModuleManager: Display: Found up-to-date module file ../../../Engine/Plugins/Media/MediaPlayerEditor/Binaries/Win64/UE4Editor-MediaPlayerEditor.dll (API version 3709383).
LogModuleManager: Display: Found up-to-date module file ../../../Engine/Plugins/Media/WmfMedia/Binaries/Win64/UE4Editor-WmfMedia.dll (API version 3709383).
LogModuleManager: Display: Found up-to-date module file ../../../Engine/Plugins/Media/WmfMedia/Binaries/Win64/UE4Editor-WmfMediaEditor.dll (API version 3709383).
LogModuleManager: Display: Found up-to-date module file ../../../Engine/Plugins/Media/WmfMedia/Binaries/Win64/UE4Editor-WmfMediaFactory.dll (API version 3709383).
LogModuleManager: Display: Found up-to-date module file ../../../Engine/Plugins/Media/WmfMedia/Binaries/Win64/UE4Editor-WmfMediaFactory.dll (API version 3709383).
LogModuleManager: Display: Found up-to-date module file ../../../Engine/Plugins/Messaging/TcpMessaging/Binaries/Win64/UE4Editor-TcpMessaging.dll (API version 3709383).
LogModuleManager: Display: Found up-to-date module file ../../../Engine/Plugins/Messaging/UdpMessaging/Binaries/Win64/UE4Editor-UdpMessaging.dll (API version 3709383).
LogModuleManager: Display: Found up-to-date module file ../../../Engine/Plugins/MovieScene/ActorSequence/Binaries/Win64/UE4Editor-ActorSequence.dll (API version 3709383).
LogModuleManager: Display: Found up-to-date module file ../../../Engine/Plugins/MovieScene/LevelSequenceEditor/Binaries/Win64/UE4Editor-LevelSequenceEditor.dll (API version 3709383).
LogModuleManager: Display: Found up-to-date module file ../../../Engine/Plugins/MovieScene/MatineeToLevelSequence/Binaries/Win64/UE4Editor-MatineeToLevelSequence.dll (API version 3709383).
LogModuleManager: Display: Found up-to-date module file ../../../Engine/Plugins/Online/OnlineSubsystem/Binaries/Win64/UE4Editor-OnlineSubsystem.dll (API version 3709383).
LogModuleManager: Display: Found up-to-date module file ../../../Engine/Plugins/Runtime/AndroidPermission/Binaries/Win64/UE4Editor-AndroidPermission.dll (API version 3709383).
LogModuleManager: Display: Found up-to-date module file ../../../Engine/Plugins/Online/OnlineSubsystemNull/Binaries/Win64/UE4Editor-OnlineSubsystemNull.dll (API version 3709383).
LogModuleManager: Display: Found up-to-date module file ../../../Engine/Plugins/Online/OnlineSubsystemUtils/Binaries/Win64/UE4Editor-OnlineSubsystemUtils.dll (API version 3709383).
LogModuleManager: Display: Found up-to-date module file ../../../Engine/Plugins/Online/OnlineSubsystemUtils/Binaries/Win64/UE4Editor-OnlineBlueprintSupport.dll (API version 3709383).
LogModuleManager: Display: Found up-to-date module file ../../../Engine/Plugins/Runtime/AndroidDeviceProfileSelector/Binaries/Win64/UE4Editor-AndroidDeviceProfileSelector.dll (API version 3709383).
LogModuleManager: Display: Found up-to-date module file ../../../Engine/Plugins/Runtime/AppleARKit/Binaries/Win64/UE4Editor-AppleARKit.dll (API version 3709383).
LogModuleManager: Display: Found up-to-date module file ../../../Engine/Plugins/Runtime/ArchVisCharacter/Binaries/Win64/UE4Editor-ArchVisCharacter.dll (API version 3709383).
LogModuleManager: Display: Found up-to-date module file ../../../Engine/Plugins/Runtime/CableComponent/Binaries/Win64/UE4Editor-CableComponent.dll (API version 3709383).
LogModuleManager: Display: Found up-to-date module file ../../../Engine/Plugins/Runtime/CustomMeshComponent/Binaries/Win64/UE4Editor-CustomMeshComponent.dll (API version 3709383).
LogModuleManager: Display: Found up-to-date module file ../../../Engine/Plugins/Runtime/ExampleDeviceProfileSelector/Binaries/Win64/UE4Editor-ExampleDeviceProfileSelector.dll (API version 3709383).
LogModuleManager: Display: Found up-to-date module file ../../../Engine/Plugins/Runtime/ImmediatePhysics/Binaries/Win64/UE4Editor-ImmediatePhysics.dll (API version 3709383).
LogModuleManager: Display: Found up-to-date module file ../../../Engine/Plugins/Runtime/ImmediatePhysics/Binaries/Win64/UE4Editor-ImmediatePhysicsEditor.dll (API version 3709383).
LogModuleManager: Display: Found up-to-date module file ../../../Engine/Plugins/Runtime/LocationServicesBPLibrary/Binaries/Win64/UE4Editor-LocationServicesBPLibrary.dll (API version 3709383).
LogModuleManager: Display: Found up-to-date module file ../../../Engine/Plugins/Runtime/MobilePatchingUtils/Binaries/Win64/UE4Editor-MobilePatchingUtils.dll (API version 3709383).
LogModuleManager: Display: Found up-to-date module file ../../../Engine/Plugins/Runtime/Oculus/OculusVR/Binaries/Win64/UE4Editor-OculusHMD.dll (API version 3709383).
LogModuleManager: Display: Found up-to-date module file ../../../Engine/Plugins/Runtime/Oculus/OculusVR/Binaries/Win64/UE4Editor-OculusInput.dll (API version 3709383).
LogModuleManager: Display: Found up-to-date module file ../../../Engine/Plugins/Runtime/Oculus/OculusVR/Binaries/Win64/UE4Editor-OculusEditor.dll (API version 3709383).
LogModuleManager: Display: Found up-to-date module file ../../../Engine/Plugins/Runtime/PhysXVehicles/Binaries/Win64/UE4Editor-PhysXVehicles.dll (API version 3709383).
LogModuleManager: Display: Found up-to-date module file ../../../Engine/Plugins/Runtime/PhysXVehicles/Binaries/Win64/UE4Editor-PhysXVehiclesEditor.dll (API version 3709383).
LogModuleManager: Display: Found up-to-date module file ../../../Engine/Plugins/Runtime/ProceduralMeshComponent/Binaries/Win64/UE4Editor-ProceduralMeshComponent.dll (API version 3709383).
LogModuleManager: Display: Found up-to-date module file ../../../Engine/Plugins/Runtime/ProceduralMeshComponent/Binaries/Win64/UE4Editor-ProceduralMeshComponentEditor.dll (API version 3709383).
LogModuleManager: Display: Found up-to-date module file ../../../Engine/Plugins/Runtime/RuntimePhysXCooking/Binaries/Win64/UE4Editor-RuntimePhysXCooking.dll (API version 3709383).
LogModuleManager: Display: Found up-to-date module file ../../../Engine/Plugins/Runtime/Steam/SteamVR/Binaries/Win64/UE4Editor-SteamVR.dll (API version 3709383).
LogModuleManager: Display: Found up-to-date module file ../../../Engine/Plugins/Runtime/Steam/SteamVR/Binaries/Win64/UE4Editor-SteamVRController.dll (API version 3709383).
LogModuleManager: Display: Found up-to-date module file ../../../Engine/Plugins/Runtime/WindowsMoviePlayer/Binaries/Win64/UE4Editor-WindowsMoviePlayer.dll (API version 3709383).
LogPluginManager: Mounting plugin Paper2D
LogPluginManager: Mounting plugin LightPropagationVolume
LogPluginManager: Mounting plugin CodeLiteSourceCodeAccess
LogPluginManager: Mounting plugin GitSourceControl
LogPluginManager: Mounting plugin KDevelopSourceCodeAccess
LogPluginManager: Mounting plugin NullSourceCodeAccess
LogPluginManager: Mounting plugin PerforceSourceControl
LogPluginManager: Mounting plugin SubversionSourceControl
LogPluginManager: Mounting plugin UObjectPlugin
LogPluginManager: Mounting plugin VisualStudioCodeSourceCodeAccess
LogPluginManager: Mounting plugin VisualStudioSourceCodeAccess
LogPluginManager: Mounting plugin XCodeSourceCodeAccess
LogPluginManager: Mounting plugin AssetManagerEditor
LogPluginManager: Mounting plugin AudioCapture
LogPluginManager: Mounting plugin FacialAnimation
LogPluginManager: Mounting plugin GameplayTagsEditor
LogPluginManager: Mounting plugin MobileLauncherProfileWizard
LogPluginManager: Mounting plugin PluginBrowser
LogPluginManager: Mounting plugin SpeedTreeImporter
LogPluginManager: Mounting plugin AlembicImporter
LogPluginManager: Mounting plugin CharacterAI
LogPluginManager: Mounting plugin HTML5Networking
LogPluginManager: Mounting plugin AndroidMedia
LogPluginManager: Mounting plugin AvfMedia
LogPluginManager: Mounting plugin ImgMedia
LogPluginManager: Mounting plugin MediaCompositing
LogPluginManager: Mounting plugin MediaPlayerEditor
LogPluginManager: Mounting plugin WmfMedia
LogPluginManager: Mounting plugin TcpMessaging
LogPluginManager: Mounting plugin UdpMessaging
LogPluginManager: Mounting plugin ActorSequence
LogPluginManager: Mounting plugin LevelSequenceEditor
LogPluginManager: Mounting plugin MatineeToLevelSequence
LogPluginManager: Mounting plugin OnlineSubsystemGooglePlay
LogPluginManager: Mounting plugin OnlineSubsystemIOS
LogPluginManager: Mounting plugin OnlineSubsystem
LogPluginManager: Mounting plugin OnlineSubsystemNull
LogPluginManager: Mounting plugin OnlineSubsystemUtils
LogPluginManager: Mounting plugin AndroidDeviceProfileSelector
LogPluginManager: Mounting plugin AndroidMoviePlayer
LogPluginManager: Mounting plugin AndroidPermission
LogPluginManager: Mounting plugin AppleARKit
LogPluginManager: Mounting plugin AppleMoviePlayer
LogPluginManager: Mounting plugin ArchVisCharacter
LogPluginManager: Mounting plugin CableComponent
LogPluginManager: Mounting plugin CustomMeshComponent
LogPluginManager: Mounting plugin ExampleDeviceProfileSelector
LogPluginManager: Mounting plugin GoogleCloudMessaging
LogPluginManager: Mounting plugin ImmediatePhysics
LogPluginManager: Mounting plugin IOSDeviceProfileSelector
LogPluginManager: Mounting plugin LinuxDeviceProfileSelector
LogPluginManager: Mounting plugin LocationServicesBPLibrary
LogPluginManager: Mounting plugin MobilePatchingUtils
LogPluginManager: Mounting plugin OculusVR
LogPluginManager: Plugin shader directory ../../../Engine/Plugins/Runtime/Oculus/OculusVR/Shaders found
LogPluginManager: Mapping shader source directory ../../../Engine/Plugins/Runtime/Oculus/OculusVR/Shaders to virtual directory /Plugin/OculusVR
LogPluginManager: Mounting plugin PhysXVehicles
LogPluginManager: Mounting plugin ProceduralMeshComponent
LogPluginManager: Mounting plugin RuntimePhysXCooking
LogPluginManager: Mounting plugin SteamVR
LogPluginManager: Mounting plugin WindowsMoviePlayer
LogInit: Using libcurl 7.47.1
LogInit:  - built for x86_64-pc-win32
LogInit:  - supports SSL with OpenSSL/1.0.2g
LogInit:  - supports HTTP deflate (compression) using libz 1.2.8
LogInit:  - other features:
LogInit:      CURL_VERSION_SSL
LogInit:      CURL_VERSION_LIBZ
LogInit:      CURL_VERSION_IPV6
LogInit:      CURL_VERSION_ASYNCHDNS
LogInit:      CURL_VERSION_LARGEFILE
LogInit:      CURL_VERSION_IDN
LogInit:  CurlRequestOptions (configurable via config and command line):
LogInit:  - bVerifyPeer = false  - Libcurl will NOT verify peer certificate
LogInit:  - bUseHttpProxy = false  - Libcurl will NOT use HTTP proxy
LogInit:  - bDontReuseConnections = false  - Libcurl will reuse connections
LogInit:  - CertBundlePath = nullptr  - Libcurl will use whatever was configured at build time.
LogInit: Build: ++UE4+Release-4.18-CL-3832480
LogInit: Engine Version: 4.18.3-3832480+++UE4+Release-4.18
LogInit: Compatible Engine Version: 4.18.0-3709383+++UE4+Release-4.18
LogInit: Net CL: 3709383
LogDevObjectVersion: Number of dev versions registered: 16
LogDevObjectVersion:   Dev-Blueprints (B0D832E4-1F89-4F0D-ACCF-7EB736FD4AA2): 10
LogDevObjectVersion:   Dev-Build (E1C64328-A22C-4D53-A36C-8E866417BD8C): 0
LogDevObjectVersion:   Dev-Core (375EC13C-06E4-48FB-B500-84F0262A717E): 2
LogDevObjectVersion:   Dev-Editor (E4B068ED-F494-42E9-A231-DA0B2E46BB41): 20
LogDevObjectVersion:   Dev-Framework (CFFC743F-43B0-4480-9391-14DF171D2073): 30
LogDevObjectVersion:   Dev-Mobile (B02B49B5-BB20-44E9-A304-32B752E40360): 0
LogDevObjectVersion:   Dev-Networking (A4E4105C-59A1-49B5-A7C5-40C4547EDFEE): 0
LogDevObjectVersion:   Dev-Online (39C831C9-5AE6-47DC-9A44-9C173E1C8E7C): 0
LogDevObjectVersion:   Dev-Physics (78F01B33-EBEA-4F98-B9B4-84EACCB95AA2): 0
LogDevObjectVersion:   Dev-Platform (6631380F-2D4D-43E0-8009-CF276956A95A): 0
LogDevObjectVersion:   Dev-Rendering (12F88B9F-8875-4AFC-A67C-D90C383ABD29): 20
LogDevObjectVersion:   Dev-Sequencer (7B5AE74C-D270-4C10-A958-57980B212A5A): 4
LogDevObjectVersion:   Dev-VR (D7296918-1DD6-4BDD-9DE2-64A83CC13884): 0
LogDevObjectVersion:   Dev-LoadTimes (C2A15278-BFE7-4AFE-6C17-90FF531DF755): 1
LogDevObjectVersion:   Private-Geometry (6EACA3D4-40EC-4CC1-B786-8BED09428FC5): 1
LogDevObjectVersion:   Dev-AnimPhys (29E575DD-E0A3-4627-9D10-D276232CDCEA): 12
LogInit: Compiled (64-bit): Jan 12 2018 02:04:55
LogInit: Compiled with Visual C++: 19.00.24215.01
LogInit: Build Configuration: Development
LogInit: Branch Name: ++UE4+Release-4.18
LogInit: Command line:  
LogInit: Base directory: C:/Program Files/Epic Games/UE_4.18/Engine/Binaries/Win64/
LogInit: Installed Engine Build: 1
LogInit: Presizing for max 8388607 objects, including 0 objects not considered by GC, pre-allocating 0 bytes for permanent pool.
LogInit: Object subsystem initialized
[2018.06.18-16.34.22:659][  0]LogInit: Selected Device Profile: [Windows]
[2018.06.18-16.34.22:659][  0]LogInit: Applying CVar settings loaded from the selected device profile: [Windows]
[2018.06.18-16.34.22:669][  0]LogInit: Computer: JUN-HYOENG-HOME
[2018.06.18-16.34.22:669][  0]LogInit: User: user
[2018.06.18-16.34.22:669][  0]LogInit: CPU Page size=4096, Cores=6
[2018.06.18-16.34.22:669][  0]LogInit: High frequency timer resolution =2.929687 MHz
[2018.06.18-16.34.22:669][  0]LogMemory: Memory total: Physical=15.9GB (16GB approx)
[2018.06.18-16.34.22:669][  0]LogMemory: Platform Memory Stats for Windows
[2018.06.18-16.34.22:669][  0]LogMemory: Process Physical Memory: 272.57 MB used, 272.57 MB peak
[2018.06.18-16.34.22:669][  0]LogMemory: Process Virtual Memory: 269.88 MB used, 269.88 MB peak
[2018.06.18-16.34.22:669][  0]LogMemory: Physical Memory: 5328.09 MB used,  10969.89 MB free, 16297.98 MB total
[2018.06.18-16.34.22:669][  0]LogMemory: Virtual Memory: 4782.39 MB used,  10969.89 MB free, 134217728.00 MB total
[2018.06.18-16.34.22:828][  0]LogInit: Using OS detected language (ko-KR).
[2018.06.18-16.34.22:828][  0]LogInit: Using OS detected locale (ko-KR).
[2018.06.18-16.34.22:830][  0]LogTextLocalizationManager: No specific localization for 'ko-KR' exists, so the 'ko' localization will be used.
[2018.06.18-16.34.22:970][  0]LogInit: Setting process to per monitor DPI aware
[2018.06.18-16.34.23:201][  0]LogD3D11RHI: D3D11 adapters:
[2018.06.18-16.34.23:254][  0]LogD3D11RHI:    0. 'NVIDIA GeForce GTX 1060 6GB' (Feature Level 11_0)
[2018.06.18-16.34.23:254][  0]LogD3D11RHI:       6052/0/8148 MB DedicatedVideo/DedicatedSystem/SharedSystem, Outputs:2, VendorId:0x10de
[2018.06.18-16.34.23:256][  0]LogD3D11RHI:    1. 'Microsoft Basic Render Driver' (Feature Level 11_0)
[2018.06.18-16.34.23:256][  0]LogD3D11RHI:       0/0/8148 MB DedicatedVideo/DedicatedSystem/SharedSystem, Outputs:0, VendorId:0x1414
[2018.06.18-16.34.23:256][  0]LogD3D11RHI: Chosen D3D11 Adapter: 0
[2018.06.18-16.34.23:261][  0]LogD3D11RHI: Creating new Direct3DDevice
[2018.06.18-16.34.23:261][  0]LogD3D11RHI:     GPU DeviceId: 0x1c03 (for the marketing name, search the web for "GPU Device Id")
[2018.06.18-16.34.23:261][  0]LogWindows: EnumDisplayDevices:
[2018.06.18-16.34.23:261][  0]LogWindows:    0. 'NVIDIA GeForce GTX 1060 6GB' (P:1 D:1)
[2018.06.18-16.34.23:261][  0]LogWindows:    1. 'NVIDIA GeForce GTX 1060 6GB' (P:0 D:1)
[2018.06.18-16.34.23:261][  0]LogWindows:    2. 'NVIDIA GeForce GTX 1060 6GB' (P:0 D:0)
[2018.06.18-16.34.23:261][  0]LogWindows:    3. 'NVIDIA GeForce GTX 1060 6GB' (P:0 D:0)
[2018.06.18-16.34.23:261][  0]LogWindows: DebugString: GetVideoDriverDetailsInvalid PrimaryIsNotTheChoosenAdapter GetVideoDriverDetailsInvalid PrimaryIsNotTheChoosenAdapter GetVideoDriverDetailsInvalid PrimaryIsNotTheChoosenAdapter GetVideoDriverDetailsInvalid PrimaryIsNotTheChoosenAdapter FoundDriverCount:0 
[2018.06.18-16.34.23:262][  0]LogD3D11RHI:     Adapter Name: NVIDIA GeForce GTX 1060 6GB
[2018.06.18-16.34.23:262][  0]LogD3D11RHI:   Driver Version: Unknown (internal:Unknown, unified:Unknown)
[2018.06.18-16.34.23:262][  0]LogD3D11RHI:      Driver Date: Unknown
[2018.06.18-16.34.23:262][  0]LogRHI: Texture pool is 4236 MB (70% of 6052 MB)
[2018.06.18-16.34.23:291][  0]LogD3D11RHI: Async texture creation enabled
[2018.06.18-16.34.23:309][  0]LogD3D11RHI: GPU Timing Frequency: 1000.000000 (Debug: 2 2)
[2018.06.18-16.34.23:353][  0]LogShaderCompilers: Guid format shader working directory is -13 characters bigger than the processId version (../../../../../../Users/user/Documents/GitHub/SecurityGame/Intermediate/Shaders/WorkingDirectory/9068/).
[2018.06.18-16.34.23:353][  0]LogShaderCompilers: Cleaned the shader compiler working directory 'C:/Users/user/AppData/Local/Temp/UnrealShaderWorkingDir/1CF484FE4C848CC0B66A3BB99F873F70/'.
[2018.06.18-16.34.23:353][  0]LogShaderCompilers: Display: Using Local Shader Compiler.
[2018.06.18-16.34.24:129][  0]LogTemp: Display: Loaded TP AllDesktopTargetPlatform
[2018.06.18-16.34.24:186][  0]LogTemp: Display: Loaded TP MacClientTargetPlatform
[2018.06.18-16.34.24:244][  0]LogTemp: Display: Loaded TP MacNoEditorTargetPlatform
[2018.06.18-16.34.24:299][  0]LogTemp: Display: Loaded TP MacServerTargetPlatform
[2018.06.18-16.34.24:355][  0]LogTemp: Display: Loaded TP MacTargetPlatform
[2018.06.18-16.34.24:411][  0]LogTemp: Display: Loaded TP WindowsClientTargetPlatform
[2018.06.18-16.34.24:466][  0]LogTemp: Display: Loaded TP WindowsNoEditorTargetPlatform
[2018.06.18-16.34.24:519][  0]LogTemp: Display: Loaded TP WindowsServerTargetPlatform
[2018.06.18-16.34.24:569][  0]LogTemp: Display: Loaded TP WindowsTargetPlatform
[2018.06.18-16.34.24:622][  0]LogTemp: Display: Loaded TP Android_ASTCTargetPlatform
[2018.06.18-16.34.24:676][  0]LogTemp: Display: Loaded TP Android_ATCTargetPlatform
[2018.06.18-16.34.24:729][  0]LogTemp: Display: Loaded TP Android_DXTTargetPlatform
[2018.06.18-16.34.24:782][  0]LogTemp: Display: Loaded TP Android_ETC1TargetPlatform
[2018.06.18-16.34.24:836][  0]LogTemp: Display: Loaded TP Android_ETC2TargetPlatform
[2018.06.18-16.34.24:940][  0]LogTemp: Display: Loaded TP Android_MultiTargetPlatform
[2018.06.18-16.34.24:940][  0]LogTemp: Display: Loaded TP Android_PVRTCTargetPlatform
[2018.06.18-16.34.24:992][  0]LogTemp: Display: Loaded TP AndroidTargetPlatform
[2018.06.18-16.34.25:035][  0]LogTemp: Display: Loaded TP HTML5TargetPlatform
[2018.06.18-16.34.25:130][  0]LogTemp: Display: Loaded TP IOSTargetPlatform
[2018.06.18-16.34.25:156][  0]LogTemp: Display: Loaded TP TVOSTargetPlatform
[2018.06.18-16.34.25:208][  0]LogTemp: Display: Loaded TP LinuxClientTargetPlatform
[2018.06.18-16.34.25:259][  0]LogTemp: Display: Loaded TP LinuxNoEditorTargetPlatform
[2018.06.18-16.34.25:310][  0]LogTemp: Display: Loaded TP LinuxServerTargetPlatform
[2018.06.18-16.34.25:365][  0]LogTemp: Display: Loaded TP LinuxTargetPlatform
[2018.06.18-16.34.25:365][  0]LogTargetPlatformManager: Display: Building Assets For Windows
[2018.06.18-16.34.25:855][  0]LogDerivedDataCache: Display: Max Cache Size: 512 MB
[2018.06.18-16.34.25:910][  0]LogDerivedDataCache: Loaded boot cache 0.06s 78MB C:/Users/user/AppData/Local/UnrealEngine/4.18/DerivedDataCache/Boot.ddc.
[2018.06.18-16.34.25:910][  0]LogDerivedDataCache: Display: Loaded Boot cache: C:/Users/user/AppData/Local/UnrealEngine/4.18/DerivedDataCache/Boot.ddc
[2018.06.18-16.34.25:910][  0]LogDerivedDataCache: FDerivedDataBackendGraph:  Pak pak cache file ../../../../../../Users/user/Documents/GitHub/SecurityGame/DerivedDataCache/DDC.ddp not found, will not use a pak cache.
[2018.06.18-16.34.25:910][  0]LogDerivedDataCache: Unable to find inner node Pak for hierarchical cache Hierarchy.
[2018.06.18-16.34.25:910][  0]LogDerivedDataCache: FDerivedDataBackendGraph:  CompressedPak pak cache file ../../../../../../Users/user/Documents/GitHub/SecurityGame/DerivedDataCache/Compressed.ddp not found, will not use a pak cache.
[2018.06.18-16.34.25:910][  0]LogDerivedDataCache: Unable to find inner node CompressedPak for hierarchical cache Hierarchy.
[2018.06.18-16.34.25:923][  0]LogDerivedDataCache: Display: Pak cache opened for reading ../../../Engine/DerivedDataCache/Compressed.ddp.
[2018.06.18-16.34.25:935][  0]LogDerivedDataCache: Using Local data cache path C:/Users/user/AppData/Local/UnrealEngine/Common/DerivedDataCache: Writable
[2018.06.18-16.34.25:946][  0]LogMaterial: Verifying Global Shaders for PCD3D_SM5
[2018.06.18-16.34.25:947][  0]LogSlate: Using Freetype 2.6.0
[2018.06.18-16.34.25:947][  0]LogSlate: SlateFontCache - WITH_FREETYPE: 1, WITH_HARFBUZZ: 1
[2018.06.18-16.34.25:947][  0]LogSlate: SlateFontCache - WITH_FREETYPE: 1, WITH_HARFBUZZ: 1
[2018.06.18-16.34.26:244][  0]LogInit: Selected Device Profile: [Windows]
[2018.06.18-16.34.26:586][  0]LogSimplygon: Simplygon DLL not present - disabling.
[2018.06.18-16.34.26:632][  0]LogMeshReduction: Using SimplygonSwarm for distributed automatic mesh merging
[2018.06.18-16.34.26:632][  0]LogMeshReduction: Using QuadricMeshReduction for automatic static mesh reduction
[2018.06.18-16.34.26:632][  0]LogMeshReduction: No automatic skeletal mesh reduction module available
[2018.06.18-16.34.26:632][  0]LogMeshReduction: No automatic mesh merging module available
[2018.06.18-16.34.26:632][  0]LogMeshMerging: No automatic mesh merging module available
[2018.06.18-16.34.26:663][  0]LogNetVersion: Trolley , NetCL: 3709383, EngineNetVer: 2, GameNetVer: 0 (Checksum: 2282078908)
[2018.06.18-16.34.26:816][  0]LogAssetRegistry: FAssetRegistry took 0.0250 seconds to start up
[2018.06.18-16.34.27:254][  0]LogPackageLocalizationCache: Processed 7 localized package path(s) for 2 prioritized culture(s) in 0.052364 seconds
[2018.06.18-16.34.27:259][  0]LogUObjectArray: 35870 objects as part of root set at end of initial load.
[2018.06.18-16.34.27:259][  0]LogUObjectAllocator: 7363704 out of 0 bytes used by permanent object pool.
[2018.06.18-16.34.27:259][  0]LogUObjectArray: CloseDisregardForGC: 0/0 objects in disregard for GC pool
[2018.06.18-16.34.27:318][  0]LogInit: WinSock: version 1.1 (2.2), MaxSocks=32767, MaxUdp=65467
[2018.06.18-16.34.29:950][  0]LogTcpMessaging: Initializing TcpMessaging bridge
[2018.06.18-16.34.29:992][  0]LogUdpMessaging: Initializing bridge on interface 0.0.0.0:0 to multicast group 230.0.0.1:6666.
[2018.06.18-16.34.30:713][  0]LogMaterial: Uniform references updated for custom material expression Custom.
[2018.06.18-16.34.31:139][  0]SourceControl: 소스 콘트롤이 꺼졌습니다.
[2018.06.18-16.34.31:140][  0]SourceControl: 소스 콘트롤이 꺼졌습니다.
[2018.06.18-16.34.31:196][  0]SourceControl: 소스 콘트롤이 꺼졌습니다.
[2018.06.18-16.34.31:252][  0]SourceControl: 소스 콘트롤이 꺼졌습니다.
[2018.06.18-16.34.32:107][  0]LogAndroidPermission: UAndroidPermissionCallbackProxy::GetInstance
[2018.06.18-16.34.32:393][  0]LogOcInput: OculusInput pre-init called
[2018.06.18-16.34.32:717][  0]LogEngine: Initializing Engine...
[2018.06.18-16.34.32:719][  0]LogHMD: Failed to initialize OpenVR with code 110
[2018.06.18-16.34.32:894][  0]LogStats: UGameplayTagsManager::ConstructGameplayTagTree: Construct from data asset -  0.000 s
[2018.06.18-16.34.32:895][  0]LogStats: UGameplayTagsManager::ConstructGameplayTagTree: GameplayTagTreeChangedEvent.Broadcast -  0.000 s
[2018.06.18-16.34.33:031][  0]LogAIModule: Creating AISystem for world Untitled
[2018.06.18-16.34.33:040][  0]LogInit: XAudio2 using '스피커(Realtek High Definition Audio)' : 2 channels at 48 kHz using 32 bits per sample (channel mask 0x3)
[2018.06.18-16.34.33:075][  0]LogInit: FAudioDevice initialized.
[2018.06.18-16.34.33:145][  0]LogDerivedDataCache: Saved boot cache 0.07s 78MB C:/Users/user/AppData/Local/UnrealEngine/4.18/DerivedDataCache/Boot.ddc.
[2018.06.18-16.34.33:151][  0]LogInit: Texture streaming: Enabled
[2018.06.18-16.34.33:256][  0]LogEngineSessionManager: EngineSessionManager initialized
[2018.06.18-16.34.33:396][  0]LogInit: Transaction tracking system initialized
[2018.06.18-16.34.33:743][  0]BlueprintLog: New page: 에디터 로드
[2018.06.18-16.34.34:692][  0]LocalizationService: 현지화 서비스가 비활성화되었습니다.
[2018.06.18-16.34.35:684][  0]LogConsoleResponse: Display: 
[2018.06.18-16.34.35:837][  0]LogCook: Display: Max memory allowance for cook 16384mb min free memory 0mb
[2018.06.18-16.34.35:837][  0]LogCook: Display: Mobile HDR setting 1
[2018.06.18-16.34.35:837][  0]LogGameplayTags: Display: UGameplayTagsManager::DoneAddingNativeTags. DelegateIsBound: 0
[2018.06.18-16.34.36:316][  0]LogFileCache: Scanning file cache for directory 'C:/Users/user/Documents/GitHub/SecurityGame/Content/' took 0.02s
[2018.06.18-16.34.37:076][  0]SourceControl: 소스 콘트롤이 꺼졌습니다.
[2018.06.18-16.34.37:076][  0]Cmd: MAP LOAD FILE="../../../../../../Users/user/Documents/GitHub/SecurityGame/Content/TopDownBP/Maps/Day1.umap" TEMPLATE=0 SHOWPROGRESS=1 FEATURELEVEL=3
[2018.06.18-16.34.37:076][  0]LightingResults: New page: 라이팅 빌드
[2018.06.18-16.34.37:121][  0]MapCheck: New page: 맵 체크
[2018.06.18-16.34.37:121][  0]LightingResults: New page: 라이팅 빌드
[2018.06.18-16.34.38:220][  0]LogMaterial: Uniform references updated for custom material expression Custom.
[2018.06.18-16.34.39:088][  0]LogAIModule: Creating AISystem for world Day1
[2018.06.18-16.34.39:149][  0]LogEditorServer: Finished looking for orphan Actors (0.000 secs)
[2018.06.18-16.34.39:167][  0]Cmd: MAP CHECKDEP NOCLEARLOG
[2018.06.18-16.34.39:263][  0]MapCheck: 맵 체크 완료: 오류 0 회, 경고 0 회, 소요 시간 95.675ms.
[2018.06.18-16.34.39:263][  0]LogFileHelpers: Loading map 'Day1' took 2.188
[2018.06.18-16.34.39:397][  0]LogCollectionManager: Loaded 0 collections in 0.001410 seconds
[2018.06.18-16.34.39:484][  0]LogFileCache: Scanning file cache for directory 'C:/Users/user/Documents/GitHub/SecurityGame/Saved/Collections/' took 0.01s
[2018.06.18-16.34.39:484][  0]LogFileCache: Scanning file cache for directory 'C:/Users/user/Documents/GitHub/SecurityGame/Content/Developers/user/Collections/' took 0.01s
[2018.06.18-16.34.39:484][  0]LogFileCache: Scanning file cache for directory 'C:/Users/user/Documents/GitHub/SecurityGame/Content/Collections/' took 0.01s
[2018.06.18-16.34.39:484][  0]LogCollectionManager: Rebuilt the GUID cache for 0 collections in 0.000000 seconds
[2018.06.18-16.34.39:491][  0]LogContentBrowser: Native class hierarchy populated in 0.0066 seconds. Added 2363 classes and 519 folders.
[2018.06.18-16.34.39:559][  0]LogContentBrowser: Native class hierarchy updated for 'WidgetCarousel' in 0.0002 seconds. Added 0 classes and 0 folders.
[2018.06.18-16.34.39:592][  0]LogContentBrowser: Native class hierarchy updated for 'AddContentDialog' in 0.0002 seconds. Added 0 classes and 0 folders.
[2018.06.18-16.34.39:638][  0]LogContentBrowser: Native class hierarchy updated for 'SceneOutliner' in 0.0002 seconds. Added 1 classes and 2 folders.
[2018.06.18-16.34.39:707][  0]LogSlate: Took 0.000161 seconds to synchronously load lazily loaded font '../../../Engine/Content/Slate/Fonts/Roboto-Regular.ttf' (155K)
[2018.06.18-16.34.39:709][  0]LogSlate: Took 0.001882 seconds to synchronously load lazily loaded font '../../../Engine/Content/Slate/Fonts/NanumGothic.ttf' (4243K)
[2018.06.18-16.34.39:710][  0]LogSlate: Took 0.000148 seconds to synchronously load lazily loaded font '../../../Engine/Content/Slate/Fonts/Roboto-Bold.ttf' (160K)
[2018.06.18-16.34.39:713][  0]LogSlate: Took 0.000135 seconds to synchronously load lazily loaded font '../../../Engine/Content/Editor/Slate/Fonts/FontAwesome.ttf' (139K)
[2018.06.18-16.34.39:793][  0]LogRenderer: Reallocating scene render targets to support 256x256 Format 10 NumSamples 1 (Frame:1).
[2018.06.18-16.34.39:873][  0]LogRenderer: Reallocating scene render targets to support 1312x604 Format 10 NumSamples 1 (Frame:1).
[2018.06.18-16.34.40:040][  0]LogContentBrowser: Native class hierarchy updated for 'HierarchicalLODOutliner' in 0.0002 seconds. Added 1 classes and 2 folders.
[2018.06.18-16.34.40:040][  0]LogLoad: (Engine Initialization) Total time: 19.56 seconds
[2018.06.18-16.34.40:040][  0]LogLoad: (Engine Initialization) Total Blueprint compile time: 0.00 seconds
[2018.06.18-16.34.40:040][  0]LogExternalProfiler: No external profilers were discovered.  External profiling features will not be available.
[2018.06.18-16.34.40:435][  0]LogContentStreaming: Texture pool size now 1000 MB
[2018.06.18-16.34.40:480][  0]LogSlate: Took 0.000193 seconds to synchronously load lazily loaded font '../../../Engine/Content/Slate/Fonts/Roboto-Light.ttf' (159K)
[2018.06.18-16.34.40:716][  1]LogFileCache: Retrieving MD5 hashes for directory 'C:/Users/user/Documents/GitHub/SecurityGame/Content/' took 0.31s
[2018.06.18-16.34.40:736][  1]LogAssetRegistry: Asset discovery search completed in 13.9425 seconds
[2018.06.18-16.34.40:739][  1]LogCollectionManager: Rebuilt the object cache for 0 collections in 0.000000 seconds (found 0 objects)
[2018.06.18-16.34.40:739][  1]LogCollectionManager: Fixed up redirectors for 0 collections in 0.000048 seconds (updated 0 objects)
[2018.06.18-16.34.45:246][105]LogSlate: Took 0.000195 seconds to synchronously load lazily loaded font '../../../Engine/Content/Slate/Fonts/Roboto-Light.ttf' (159K)
[2018.06.18-16.34.45:262][105]Cmd: MAP LOAD FILE="../../../../../../Users/user/Documents/GitHub/SecurityGame/Content/TopDownBP/Maps/Day1.umap" TEMPLATE=0 SHOWPROGRESS=1 FEATURELEVEL=3
[2018.06.18-16.34.45:262][105]LightingResults: New page: 라이팅 빌드
[2018.06.18-16.34.45:263][105]LoadErrors: New page: 맵 로드중: Day1.umap
[2018.06.18-16.34.45:267][105]MapCheck: New page: 맵 체크
[2018.06.18-16.34.45:267][105]LightingResults: New page: 라이팅 빌드
[2018.06.18-16.34.45:536][105]LogAIModule: Creating AISystem for world Day1
[2018.06.18-16.34.45:667][105]LogEditorServer: Finished looking for orphan Actors (0.000 secs)
[2018.06.18-16.34.45:720][105]Cmd: MAP CHECKDEP NOCLEARLOG
[2018.06.18-16.34.45:817][105]MapCheck: 맵 체크 완료: 오류 0 회, 경고 0 회, 소요 시간 97.002ms.
[2018.06.18-16.34.45:818][105]LogFileHelpers: Loading map 'Day1' took 0.556
[2018.06.18-16.34.46:840][200]LogSlate: Took 0.000165 seconds to synchronously load lazily loaded font '../../../Engine/Content/Slate/Fonts/Roboto-Light.ttf' (159K)
[2018.06.18-16.34.47:543][246]LogContentBrowser: Native class hierarchy updated for 'BlueprintGraph' in 0.0005 seconds. Added 116 classes and 0 folders.
[2018.06.18-16.34.48:045][246]LogSlate: Took 0.000181 seconds to synchronously load lazily loaded font '../../../Engine/Content/Editor/Slate/Fonts/Roboto-BoldCondensed.ttf' (158K)
[2018.06.18-16.34.48:199][247]LogSlate: Took 0.000205 seconds to synchronously load lazily loaded font '../../../Engine/Content/Editor/Slate/Fonts/Roboto-Italic.ttf' (157K)
[2018.06.18-16.36.45:269][764]BlueprintLog: New page: Day1 컴파일
[2018.06.18-16.36.45:833][785]Cmd: OBJ SAVEPACKAGE PACKAGE="/Game/TopDownBP/Maps/Day1" FILE="../../../../../../Users/user/Documents/GitHub/SecurityGame/Content/TopDownBP/Maps/Day1.umap" SILENT=true AUTOSAVING=false KEEPDIRTY=false
[2018.06.18-16.36.46:841][785]LogSavePackage: Save=980.58ms
[2018.06.18-16.36.46:841][785]LogSavePackage: Moving '../../../../../../Users/user/Documents/GitHub/SecurityGame/Saved/Day1B80630084F495EE906BBAEB997A879A0.tmp' to '../../../../../../Users/user/Documents/GitHub/SecurityGame/Content/TopDownBP/Maps/Day1.umap'
[2018.06.18-16.36.46:845][785]LogSavePackage: Display: Finished SavePackage ../../../../../../Users/user/Documents/GitHub/SecurityGame/Content/TopDownBP/Maps/Day1.umap
[2018.06.18-16.36.46:881][785]LogFileHelpers: Saving map 'Day1' took 1.146
[2018.06.18-16.36.49:138][891]LogAIModule: Creating AISystem for world Day2
[2018.06.18-16.36.49:197][891]Cmd: MAP LOAD FILE="../../../../../../Users/user/Documents/GitHub/SecurityGame/Content/TopDownBP/Maps/Day2.umap" TEMPLATE=0 SHOWPROGRESS=1 FEATURELEVEL=3
[2018.06.18-16.36.49:197][891]LightingResults: New page: 라이팅 빌드
[2018.06.18-16.36.49:198][891]LoadErrors: New page: 맵 로드중: Day2.umap
[2018.06.18-16.36.49:250][891]MapCheck: New page: 맵 체크
[2018.06.18-16.36.49:250][891]LightingResults: New page: 라이팅 빌드
[2018.06.18-16.36.49:448][891]LogEditorServer: Finished looking for orphan Actors (0.000 secs)
[2018.06.18-16.36.49:504][891]Cmd: MAP CHECKDEP NOCLEARLOG
[2018.06.18-16.36.49:602][891]MapCheck: 맵 체크 완료: 오류 0 회, 경고 0 회, 소요 시간 97.194ms.
[2018.06.18-16.36.49:602][891]LogFileHelpers: Loading map 'Day2' took 0.406
[2018.06.18-16.36.56:270][259]BlueprintLog: New page: Day2 컴파일
[2018.06.18-16.36.56:670][265]Cmd: OBJ SAVEPACKAGE PACKAGE="/Game/TopDownBP/Maps/Day2" FILE="../../../../../../Users/user/Documents/GitHub/SecurityGame/Content/TopDownBP/Maps/Day2.umap" SILENT=true AUTOSAVING=false KEEPDIRTY=false
[2018.06.18-16.36.57:684][265]LogSavePackage: Save=985.21ms
[2018.06.18-16.36.57:684][265]LogSavePackage: Moving '../../../../../../Users/user/Documents/GitHub/SecurityGame/Saved/Day201818F4A45F55F9689552F807DEEAB70.tmp' to '../../../../../../Users/user/Documents/GitHub/SecurityGame/Content/TopDownBP/Maps/Day2.umap'
[2018.06.18-16.36.57:687][265]LogSavePackage: Display: Finished SavePackage ../../../../../../Users/user/Documents/GitHub/SecurityGame/Content/TopDownBP/Maps/Day2.umap
[2018.06.18-16.36.57:725][265]LogFileHelpers: Saving map 'Day2' took 1.152
[2018.06.18-16.36.58:458][276]LogAIModule: Creating AISystem for world Day3
[2018.06.18-16.36.58:524][276]Cmd: MAP LOAD FILE="../../../../../../Users/user/Documents/GitHub/SecurityGame/Content/TopDownBP/Maps/Day3.umap" TEMPLATE=0 SHOWPROGRESS=1 FEATURELEVEL=3
[2018.06.18-16.36.58:524][276]LightingResults: New page: 라이팅 빌드
[2018.06.18-16.36.58:524][276]LoadErrors: New page: 맵 로드중: Day3.umap
[2018.06.18-16.36.58:577][276]MapCheck: New page: 맵 체크
[2018.06.18-16.36.58:577][276]LightingResults: New page: 라이팅 빌드
[2018.06.18-16.36.58:815][276]LogEditorServer: Finished looking for orphan Actors (0.000 secs)
[2018.06.18-16.36.58:871][276]Cmd: MAP CHECKDEP NOCLEARLOG
[2018.06.18-16.36.58:969][276]MapCheck: 맵 체크 완료: 오류 0 회, 경고 0 회, 소요 시간 98.203ms.
[2018.06.18-16.36.58:969][276]LogFileHelpers: Loading map 'Day3' took 0.446
[2018.06.18-16.37.58:009][692]LogAIModule: Creating AISystem for world Day4
[2018.06.18-16.37.59:002][692]Cmd: OBJ SAVEPACKAGE PACKAGE="/Game/TopDownBP/Maps/Day3" FILE="../../../../../../Users/user/Documents/GitHub/SecurityGame/Content/TopDownBP/Maps/Day3.umap" SILENT=true AUTOSAVING=false KEEPDIRTY=false
[2018.06.18-16.37.59:506][692]LogSlate: Took 0.000136 seconds to synchronously load lazily loaded font '../../../Engine/Content/Slate/Fonts/Roboto-Regular.ttf' (155K)
[2018.06.18-16.38.00:054][692]LogSavePackage: Save=1024.63ms
[2018.06.18-16.38.00:054][692]LogSavePackage: Moving '../../../../../../Users/user/Documents/GitHub/SecurityGame/Saved/Day3C3C1636D4A7D49F58575CEA50F52E078.tmp' to '../../../../../../Users/user/Documents/GitHub/SecurityGame/Content/TopDownBP/Maps/Day3.umap'
[2018.06.18-16.38.00:057][692]LogSavePackage: Display: Finished SavePackage ../../../../../../Users/user/Documents/GitHub/SecurityGame/Content/TopDownBP/Maps/Day3.umap
[2018.06.18-16.38.00:093][692]LogFileHelpers: Saving map 'Day3' took 1.194
[2018.06.18-16.38.00:094][692]Cmd: MAP LOAD FILE="../../../../../../Users/user/Documents/GitHub/SecurityGame/Content/TopDownBP/Maps/Day4.umap" TEMPLATE=0 SHOWPROGRESS=1 FEATURELEVEL=3
[2018.06.18-16.38.00:094][692]LightingResults: New page: 라이팅 빌드
[2018.06.18-16.38.00:094][692]LoadErrors: New page: 맵 로드중: Day4.umap
[2018.06.18-16.38.00:147][692]MapCheck: New page: 맵 체크
[2018.06.18-16.38.00:148][692]LightingResults: New page: 라이팅 빌드
[2018.06.18-16.38.00:410][692]LogEditorServer: Finished looking for orphan Actors (0.000 secs)
[2018.06.18-16.38.00:467][692]Cmd: MAP CHECKDEP NOCLEARLOG
[2018.06.18-16.38.00:566][692]MapCheck: 맵 체크 완료: 오류 0 회, 경고 0 회, 소요 시간 98.577ms.
[2018.06.18-16.38.00:566][692]LogFileHelpers: Loading map 'Day4' took 0.473
[2018.06.18-16.38.16:217][291]LogAIModule: Creating AISystem for world Day3
[2018.06.18-16.38.16:277][291]Cmd: MAP LOAD FILE="../../../../../../Users/user/Documents/GitHub/SecurityGame/Content/TopDownBP/Maps/Day3.umap" TEMPLATE=0 SHOWPROGRESS=1 FEATURELEVEL=3
[2018.06.18-16.38.16:277][291]LightingResults: New page: 라이팅 빌드
[2018.06.18-16.38.16:278][291]LoadErrors: New page: 맵 로드중: Day3.umap
[2018.06.18-16.38.16:331][291]MapCheck: New page: 맵 체크
[2018.06.18-16.38.16:331][291]LightingResults: New page: 라이팅 빌드
[2018.06.18-16.38.16:626][291]LogEditorServer: Finished looking for orphan Actors (0.000 secs)
[2018.06.18-16.38.16:682][291]Cmd: MAP CHECKDEP NOCLEARLOG
[2018.06.18-16.38.16:781][291]MapCheck: 맵 체크 완료: 오류 0 회, 경고 0 회, 소요 시간 98.604ms.
[2018.06.18-16.38.16:781][291]LogFileHelpers: Loading map 'Day3' took 0.505
[2018.06.18-16.38.20:446][498]LogAIModule: Creating AISystem for world Day4
[2018.06.18-16.38.20:508][498]Cmd: MAP LOAD FILE="../../../../../../Users/user/Documents/GitHub/SecurityGame/Content/TopDownBP/Maps/Day4.umap" TEMPLATE=0 SHOWPROGRESS=1 FEATURELEVEL=3
[2018.06.18-16.38.20:508][498]LightingResults: New page: 라이팅 빌드
[2018.06.18-16.38.20:508][498]LoadErrors: New page: 맵 로드중: Day4.umap
[2018.06.18-16.38.20:563][498]MapCheck: New page: 맵 체크
[2018.06.18-16.38.20:563][498]LightingResults: New page: 라이팅 빌드
[2018.06.18-16.38.20:891][498]LogEditorServer: Finished looking for orphan Actors (0.000 secs)
[2018.06.18-16.38.20:947][498]Cmd: MAP CHECKDEP NOCLEARLOG
[2018.06.18-16.38.21:046][498]MapCheck: 맵 체크 완료: 오류 0 회, 경고 0 회, 소요 시간 100.254ms.
[2018.06.18-16.38.21:046][498]LogFileHelpers: Loading map 'Day4' took 0.540
[2018.06.18-16.38.26:718][903]BlueprintLog: New page: Day4 컴파일
[2018.06.18-16.38.27:190][917]Cmd: OBJ SAVEPACKAGE PACKAGE="/Game/TopDownBP/Maps/Day4" FILE="../../../../../../Users/user/Documents/GitHub/SecurityGame/Content/TopDownBP/Maps/Day4.umap" SILENT=true AUTOSAVING=false KEEPDIRTY=false
[2018.06.18-16.38.28:236][917]LogSavePackage: Save=1011.47ms
[2018.06.18-16.38.28:236][917]LogSavePackage: Moving '../../../../../../Users/user/Documents/GitHub/SecurityGame/Saved/Day47070194A4E216A5558D18D8155F93B96.tmp' to '../../../../../../Users/user/Documents/GitHub/SecurityGame/Content/TopDownBP/Maps/Day4.umap'
[2018.06.18-16.38.28:239][917]LogSavePackage: Display: Finished SavePackage ../../../../../../Users/user/Documents/GitHub/SecurityGame/Content/TopDownBP/Maps/Day4.umap
[2018.06.18-16.38.28:275][917]LogFileHelpers: Saving map 'Day4' took 1.183
[2018.06.18-16.38.29:336][947]LogAIModule: Creating AISystem for world Day5
[2018.06.18-16.38.29:401][947]Cmd: MAP LOAD FILE="../../../../../../Users/user/Documents/GitHub/SecurityGame/Content/TopDownBP/Maps/Day5.umap" TEMPLATE=0 SHOWPROGRESS=1 FEATURELEVEL=3
[2018.06.18-16.38.29:401][947]LightingResults: New page: 라이팅 빌드
[2018.06.18-16.38.29:401][947]LoadErrors: New page: 맵 로드중: Day5.umap
[2018.06.18-16.38.29:455][947]MapCheck: New page: 맵 체크
[2018.06.18-16.38.29:455][947]LightingResults: New page: 라이팅 빌드
[2018.06.18-16.38.29:816][947]LogEditorServer: Finished looking for orphan Actors (0.000 secs)
[2018.06.18-16.38.29:872][947]Cmd: MAP CHECKDEP NOCLEARLOG
[2018.06.18-16.38.29:974][947]MapCheck: 맵 체크 완료: 오류 0 회, 경고 0 회, 소요 시간 102.761ms.
[2018.06.18-16.38.29:974][947]LogFileHelpers: Loading map 'Day5' took 0.575
[2018.06.18-16.38.42:844][759]BlueprintLog: New page: Day5 컴파일
[2018.06.18-16.38.43:449][782]Cmd: OBJ SAVEPACKAGE PACKAGE="/Game/TopDownBP/Maps/Day5" FILE="../../../../../../Users/user/Documents/GitHub/SecurityGame/Content/TopDownBP/Maps/Day5.umap" SILENT=true AUTOSAVING=false KEEPDIRTY=false
[2018.06.18-16.38.45:722][782]LogSavePackage: Save=2206.58ms
[2018.06.18-16.38.45:722][782]LogSavePackage: Moving '../../../../../../Users/user/Documents/GitHub/SecurityGame/Saved/Day532D387E048FEF053CFA48A9A52B1D669.tmp' to '../../../../../../Users/user/Documents/GitHub/SecurityGame/Content/TopDownBP/Maps/Day5.umap'
[2018.06.18-16.38.45:729][782]LogSavePackage: Display: Finished SavePackage ../../../../../../Users/user/Documents/GitHub/SecurityGame/Content/TopDownBP/Maps/Day5.umap
[2018.06.18-16.38.45:765][782]LogFileHelpers: Saving map 'Day5' took 2.422
[2018.06.18-16.38.56:649][961]LogAIModule: Creating AISystem for world Day1
[2018.06.18-16.38.56:708][961]Cmd: MAP LOAD FILE="../../../../../../Users/user/Documents/GitHub/SecurityGame/Content/TopDownBP/Maps/Day1.umap" TEMPLATE=0 SHOWPROGRESS=1 FEATURELEVEL=3
[2018.06.18-16.38.56:709][961]LightingResults: New page: 라이팅 빌드
[2018.06.18-16.38.56:709][961]LoadErrors: New page: 맵 로드중: Day1.umap
[2018.06.18-16.38.56:770][961]MapCheck: New page: 맵 체크
[2018.06.18-16.38.56:770][961]LightingResults: New page: 라이팅 빌드
[2018.06.18-16.38.57:180][961]LogEditorServer: Finished looking for orphan Actors (0.000 secs)
[2018.06.18-16.38.57:236][961]Cmd: MAP CHECKDEP NOCLEARLOG
[2018.06.18-16.38.57:339][961]MapCheck: 맵 체크 완료: 오류 0 회, 경고 0 회, 소요 시간 104.131ms.
[2018.06.18-16.38.57:339][961]LogFileHelpers: Loading map 'Day1' took 0.631
[2018.06.18-16.38.58:294][ 48]LogTemp: Repeating last play command: 새 에디터 창 (PIE)
[2018.06.18-16.38.58:474][ 48]LogBlueprintUserMessages: Early PlayInEditor Detection: Level '/Game/TopDownBP/Maps/Day1.Day1:PersistentLevel' has LevelScriptBlueprint '/Game/TopDownBP/Maps/Day1.Day1:PersistentLevel.Day1' with GeneratedClass '/Game/TopDownBP/Maps/Day1.Day1_C' with ClassGeneratedBy '/Game/TopDownBP/Maps/Day1.Day1:PersistentLevel.Day1'
[2018.06.18-16.38.58:474][ 48]LogPlayLevel: PlayLevel: No blueprints needed recompiling
[2018.06.18-16.38.58:474][ 48]PIE: New page: PIE 세션: Day1 (2018. 6. 19. 오전 10:38:58)
[2018.06.18-16.38.58:475][ 48]LogPlayLevel: Creating play world package: /Game/TopDownBP/Maps/UEDPIE_0_Day1
[2018.06.18-16.38.58:520][ 48]LogPlayLevel: PIE: StaticDuplicateObject took: (0.045176s)
[2018.06.18-16.38.58:520][ 48]LogAIModule: Creating AISystem for world Day1
[2018.06.18-16.38.58:520][ 48]LogPlayLevel: PIE: World Init took: (0.000512s)
[2018.06.18-16.38.58:520][ 48]LogPlayLevel: PIE: Created PIE world by copying editor world from /Game/TopDownBP/Maps/Day1.Day1 to /Game/TopDownBP/Maps/UEDPIE_0_Day1.Day1 (0.046083s)
[2018.06.18-16.38.58:542][ 48]LogInit: XAudio2 using '스피커(Realtek High Definition Audio)' : 2 channels at 48 kHz using 32 bits per sample (channel mask 0x3)
[2018.06.18-16.38.58:552][ 48]LogInit: FAudioDevice initialized.
[2018.06.18-16.38.58:628][ 48]LogLoad: Game class is 'TopDownGameMode_C'
[2018.06.18-16.38.58:642][ 48]LogWorld: Bringing World /Game/TopDownBP/Maps/UEDPIE_0_Day1.Day1 up for play (max tick rate 0) at 2018.06.19-01.38.58
[2018.06.18-16.38.58:644][ 48]LogWorld: Bringing up level for play took: 0.015195
[2018.06.18-16.38.58:692][ 48]LogContentBrowser: Native class hierarchy updated for 'MovieSceneCapture' in 0.0002 seconds. Added 11 classes and 0 folders.
[2018.06.18-16.38.58:967][ 48]PIE: /Game/TopDownBP/Maps/UEDPIE_0_Day1 에 대한 에디터에서 플레이 시작 시간: 1.119
[2018.06.18-16.38.58:967][ 48]LogBlueprintUserMessages: Late PlayInEditor Detection: Level '/Game/TopDownBP/Maps/Day1.Day1:PersistentLevel' has LevelScriptBlueprint '/Game/TopDownBP/Maps/Day1.Day1:PersistentLevel.Day1' with GeneratedClass '/Game/TopDownBP/Maps/Day1.Day1_C' with ClassGeneratedBy '/Game/TopDownBP/Maps/Day1.Day1:PersistentLevel.Day1'
[2018.06.18-16.38.59:042][ 49]LogRenderer: Reallocating scene render targets to support 1920x1080 Format 10 NumSamples 1 (Frame:1).
[2018.06.18-16.39.07:674][668]Cmd: DISALBLEALLSCREENMESSAGES
[2018.06.18-16.39.07:674][668]Command not recognized: DISALBLEALLSCREENMESSAGES
[2018.06.18-16.39.15:037][202]LogBlueprintUserMessages: Early EndPlayMap Detection: Level '/Game/TopDownBP/Maps/Day1.Day1:PersistentLevel' has LevelScriptBlueprint '/Game/TopDownBP/Maps/Day1.Day1:PersistentLevel.Day1' with GeneratedClass '/Game/TopDownBP/Maps/Day1.Day1_C' with ClassGeneratedBy '/Game/TopDownBP/Maps/Day1.Day1:PersistentLevel.Day1'
[2018.06.18-16.39.15:092][202]LogBlueprintUserMessages: Late EndPlayMap Detection: Level '/Game/TopDownBP/Maps/Day1.Day1:PersistentLevel' has LevelScriptBlueprint '/Game/TopDownBP/Maps/Day1.Day1:PersistentLevel.Day1' with GeneratedClass '/Game/TopDownBP/Maps/Day1.Day1_C' with ClassGeneratedBy '/Game/TopDownBP/Maps/Day1.Day1:PersistentLevel.Day1'
[2018.06.18-16.39.15:936][248]LogTemp: Repeating last play command: 새 에디터 창 (PIE)
[2018.06.18-16.39.15:958][248]LogBlueprintUserMessages: Early PlayInEditor Detection: Level '/Game/TopDownBP/Maps/Day1.Day1:PersistentLevel' has LevelScriptBlueprint '/Game/TopDownBP/Maps/Day1.Day1:PersistentLevel.Day1' with GeneratedClass '/Game/TopDownBP/Maps/Day1.Day1_C' with ClassGeneratedBy '/Game/TopDownBP/Maps/Day1.Day1:PersistentLevel.Day1'
[2018.06.18-16.39.15:959][248]LogPlayLevel: PlayLevel: No blueprints needed recompiling
[2018.06.18-16.39.15:959][248]PIE: New page: PIE 세션: Day1 (2018. 6. 19. 오전 10:39:15)
[2018.06.18-16.39.15:959][248]LogPlayLevel: Creating play world package: /Game/TopDownBP/Maps/UEDPIE_0_Day1
[2018.06.18-16.39.15:997][248]LogPlayLevel: PIE: StaticDuplicateObject took: (0.037677s)
[2018.06.18-16.39.15:997][248]LogAIModule: Creating AISystem for world Day1
[2018.06.18-16.39.15:997][248]LogPlayLevel: PIE: World Init took: (0.000519s)
[2018.06.18-16.39.15:997][248]LogPlayLevel: PIE: Created PIE world by copying editor world from /Game/TopDownBP/Maps/Day1.Day1 to /Game/TopDownBP/Maps/UEDPIE_0_Day1.Day1 (0.038538s)
[2018.06.18-16.39.16:018][248]LogInit: XAudio2 using '스피커(Realtek High Definition Audio)' : 2 channels at 48 kHz using 32 bits per sample (channel mask 0x3)
[2018.06.18-16.39.16:029][248]LogInit: FAudioDevice initialized.
[2018.06.18-16.39.16:087][248]LogLoad: Game class is 'TopDownGameMode_C'
[2018.06.18-16.39.16:101][248]LogWorld: Bringing World /Game/TopDownBP/Maps/UEDPIE_0_Day1.Day1 up for play (max tick rate 0) at 2018.06.19-01.39.16
[2018.06.18-16.39.16:103][248]LogWorld: Bringing up level for play took: 0.014565
[2018.06.18-16.39.16:380][248]PIE: /Game/TopDownBP/Maps/UEDPIE_0_Day1 에 대한 에디터에서 플레이 시작 시간: 0.532
[2018.06.18-16.39.16:380][248]LogBlueprintUserMessages: Late PlayInEditor Detection: Level '/Game/TopDownBP/Maps/Day1.Day1:PersistentLevel' has LevelScriptBlueprint '/Game/TopDownBP/Maps/Day1.Day1:PersistentLevel.Day1' with GeneratedClass '/Game/TopDownBP/Maps/Day1.Day1_C' with ClassGeneratedBy '/Game/TopDownBP/Maps/Day1.Day1:PersistentLevel.Day1'
[2018.06.18-16.39.16:414][248]LogRenderer: Reallocating scene render targets to support 1932x1116 Format 10 NumSamples 1 (Frame:1).
[2018.06.18-16.39.25:060][879]Cmd: DISALBLEALLSCREENMESSAGES
[2018.06.18-16.39.25:060][879]Command not recognized: DISALBLEALLSCREENMESSAGES
[2018.06.18-16.39.35:966][686]LogBlueprintUserMessages: Early EndPlayMap Detection: Level '/Game/TopDownBP/Maps/Day1.Day1:PersistentLevel' has LevelScriptBlueprint '/Game/TopDownBP/Maps/Day1.Day1:PersistentLevel.Day1' with GeneratedClass '/Game/TopDownBP/Maps/Day1.Day1_C' with ClassGeneratedBy '/Game/TopDownBP/Maps/Day1.Day1:PersistentLevel.Day1'
[2018.06.18-16.39.36:021][686]LogBlueprintUserMessages: Late EndPlayMap Detection: Level '/Game/TopDownBP/Maps/Day1.Day1:PersistentLevel' has LevelScriptBlueprint '/Game/TopDownBP/Maps/Day1.Day1:PersistentLevel.Day1' with GeneratedClass '/Game/TopDownBP/Maps/Day1.Day1_C' with ClassGeneratedBy '/Game/TopDownBP/Maps/Day1.Day1:PersistentLevel.Day1'
[2018.06.18-16.39.59:761][ 13]LogWindowsTextInputMethodSystem: Display: IME system now activated using TSF (Microsoft 입력기).
[2018.06.18-16.39.59:976][ 14]Cmd: QUIT_EDITOR
[2018.06.18-16.40.00:729][ 14]LogExit: Preparing to exit.
[2018.06.18-16.40.01:204][ 14]LogDirectoryWatcher: A directory notification for 'C:/Users/user/Documents/GitHub/SecurityGame/Content/' was aborted.
[2018.06.18-16.40.01:251][ 14]LogExit: Editor shut down
[2018.06.18-16.40.01:254][ 14]LogExit: Transaction tracking system shut down
[2018.06.18-16.40.01:453][ 14]LogDirectoryWatcher: A directory notification for '../../../Engine/Content/' was aborted.
[2018.06.18-16.40.01:453][ 14]LogDirectoryWatcher: A directory notification for '../../../../../../Users/user/Documents/GitHub/SecurityGame/Content/' was aborted.
[2018.06.18-16.40.01:453][ 14]LogDirectoryWatcher: A directory notification for '../../../Engine/Plugins/2D/Paper2D/Content/' was aborted.
[2018.06.18-16.40.01:453][ 14]LogDirectoryWatcher: A directory notification for '../../../Engine/Plugins/Media/MediaCompositing/Content/' was aborted.
[2018.06.18-16.40.01:453][ 14]LogDirectoryWatcher: A directory notification for '../../../Engine/Plugins/Runtime/AppleARKit/Content/' was aborted.
[2018.06.18-16.40.01:454][ 14]LogDirectoryWatcher: A directory notification for '../../../Engine/Plugins/Runtime/Oculus/OculusVR/Content/' was aborted.
[2018.06.18-16.40.01:454][ 14]LogDirectoryWatcher: A directory notification for '../../../Engine/Plugins/Runtime/Steam/SteamVR/Content/' was aborted.
[2018.06.18-16.40.01:520][ 14]LogExit: Object subsystem successfully closed.
[2018.06.18-16.40.01:547][ 14]LogD3D11RHI: Shutdown
[2018.06.18-16.40.01:547][ 14]LogD3D11RHI: CleanupD3DDevice
[2018.06.18-16.40.01:550][ 14]LogD3D11RHI: ~FD3D11DynamicRHI
[2018.06.18-16.40.01:565][ 14]LogModuleManager: Shutting down and abandoning module MovieSceneCapture (552)
[2018.06.18-16.40.01:565][ 14]LogModuleManager: Shutting down and abandoning module BlueprintGraph (550)
[2018.06.18-16.40.01:565][ 14]LogModuleManager: Shutting down and abandoning module HierarchicalLODOutliner (548)
[2018.06.18-16.40.01:565][ 14]LogModuleManager: Shutting down and abandoning module SceneOutliner (546)
[2018.06.18-16.40.01:565][ 14]LogModuleManager: Shutting down and abandoning module AddContentDialog (544)
[2018.06.18-16.40.01:565][ 14]LogDirectoryWatcher: A directory notification for 'C:/Program Files/Epic Games/UE_4.18/FeaturePacks/' was aborted.
[2018.06.18-16.40.01:566][ 14]LogModuleManager: Shutting down and abandoning module WidgetCarousel (543)
[2018.06.18-16.40.01:566][ 14]LogModuleManager: Shutting down and abandoning module EditorWidgets (540)
[2018.06.18-16.40.01:566][ 14]LogModuleManager: Shutting down and abandoning module CollectionManager (538)
[2018.06.18-16.40.01:566][ 14]LogDirectoryWatcher: A directory notification for 'C:/Users/user/Documents/GitHub/SecurityGame/Content/Collections/' was aborted.
[2018.06.18-16.40.01:566][ 14]LogDirectoryWatcher: A directory notification for 'C:/Users/user/Documents/GitHub/SecurityGame/Content/Developers/user/Collections/' was aborted.
[2018.06.18-16.40.01:566][ 14]LogDirectoryWatcher: A directory notification for 'C:/Users/user/Documents/GitHub/SecurityGame/Saved/Collections/' was aborted.
[2018.06.18-16.40.01:566][ 14]LogModuleManager: Shutting down and abandoning module StatsViewer (536)
[2018.06.18-16.40.01:566][ 14]LogModuleManager: Shutting down and abandoning module FoliageEdit (534)
[2018.06.18-16.40.01:566][ 14]LogModuleManager: Shutting down and abandoning module LandscapeEditor (532)
[2018.06.18-16.40.01:566][ 14]LogModuleManager: Shutting down and abandoning module MeshPaintMode (530)
[2018.06.18-16.40.01:567][ 14]LogModuleManager: Shutting down and abandoning module SceneDepthPickerMode (528)
[2018.06.18-16.40.01:567][ 14]LogModuleManager: Shutting down and abandoning module ActorPickerMode (526)
[2018.06.18-16.40.01:567][ 14]LogModuleManager: Shutting down and abandoning module GeometryMode (524)
[2018.06.18-16.40.01:567][ 14]LogModuleManager: Shutting down and abandoning module TextureAlignMode (522)
[2018.06.18-16.40.01:567][ 14]LogModuleManager: Shutting down and abandoning module BspMode (520)
[2018.06.18-16.40.01:567][ 14]LogModuleManager: Shutting down and abandoning module PIEPreviewDeviceProfileSelector (518)
[2018.06.18-16.40.01:567][ 14]LogModuleManager: Shutting down and abandoning module HardwareSurvey (516)
[2018.06.18-16.40.01:567][ 14]LogModuleManager: Shutting down and abandoning module SequenceRecorderSections (514)
[2018.06.18-16.40.01:567][ 14]LogModuleManager: Shutting down and abandoning module AutomationWorker (512)
[2018.06.18-16.40.01:567][ 14]LogModuleManager: Shutting down and abandoning module MatineeToLevelSequence (510)
[2018.06.18-16.40.01:567][ 14]LogModuleManager: Shutting down and abandoning module LevelSequenceEditor (508)
[2018.06.18-16.40.01:567][ 14]LogModuleManager: Shutting down and abandoning module PlacementMode (507)
[2018.06.18-16.40.01:567][ 14]LogModuleManager: Shutting down and abandoning module WmfMediaFactory (504)
[2018.06.18-16.40.01:567][ 14]LogModuleManager: Shutting down and abandoning module WmfMediaEditor (502)
[2018.06.18-16.40.01:567][ 14]LogModuleManager: Shutting down and abandoning module OpenExrWrapper (500)
[2018.06.18-16.40.01:567][ 14]LogModuleManager: Shutting down and abandoning module ImgMediaFactory (498)
[2018.06.18-16.40.01:567][ 14]LogModuleManager: Shutting down and abandoning module ImgMediaEditor (496)
[2018.06.18-16.40.01:567][ 14]LogModuleManager: Shutting down and abandoning module AvfMediaFactory (494)
[2018.06.18-16.40.01:567][ 14]LogModuleManager: Shutting down and abandoning module AvfMediaEditor (492)
[2018.06.18-16.40.01:567][ 14]LogModuleManager: Shutting down and abandoning module AndroidMediaFactory (490)
[2018.06.18-16.40.01:567][ 14]LogModuleManager: Shutting down and abandoning module AndroidMediaEditor (488)
[2018.06.18-16.40.01:567][ 14]LogModuleManager: Shutting down and abandoning module CharacterAI (486)
[2018.06.18-16.40.01:567][ 14]LogModuleManager: Shutting down and abandoning module AudioCapture (484)
[2018.06.18-16.40.01:567][ 14]LogModuleManager: Shutting down and abandoning module SequenceRecorder (483)
[2018.06.18-16.40.01:567][ 14]LogModuleManager: Shutting down and abandoning module SmartSnapping (480)
[2018.06.18-16.40.01:567][ 14]LogModuleManager: Shutting down and abandoning module SessionServices (478)
[2018.06.18-16.40.01:567][ 14]LogModuleManager: Shutting down and abandoning module ViewportSnapping (476)
[2018.06.18-16.40.01:567][ 14]LogModuleManager: Shutting down and abandoning module ViewportInteraction (474)
[2018.06.18-16.40.01:567][ 14]LogModuleManager: Shutting down and abandoning module ClothPainter (472)
[2018.06.18-16.40.01:567][ 14]LogModuleManager: Shutting down and abandoning module SkeletalMeshEditor (471)
[2018.06.18-16.40.01:567][ 14]LogModuleManager: Shutting down and abandoning module LogVisualizer (468)
[2018.06.18-16.40.01:567][ 14]LogModuleManager: Shutting down and abandoning module IntroTutorials (466)
[2018.06.18-16.40.01:567][ 14]LogModuleManager: Shutting down and abandoning module GameProjectGeneration (465)
[2018.06.18-16.40.01:567][ 14]LogModuleManager: Shutting down and abandoning module IOSPlatformEditor (462)
[2018.06.18-16.40.01:567][ 14]LogModuleManager: Shutting down and abandoning module HTML5PlatformEditor (460)
[2018.06.18-16.40.01:567][ 14]LogModuleManager: Shutting down and abandoning module AndroidPlatformEditor (458)
[2018.06.18-16.40.01:567][ 14]LogModuleManager: Shutting down and abandoning module AndroidDeviceDetection (457)
[2018.06.18-16.40.02:277][ 14]LogModuleManager: Shutting down and abandoning module WindowsPlatformEditor (454)
[2018.06.18-16.40.02:277][ 14]LogModuleManager: Shutting down and abandoning module IOSRuntimeSettings (452)
[2018.06.18-16.40.02:277][ 14]LogModuleManager: Shutting down and abandoning module AndroidRuntimeSettings (450)
[2018.06.18-16.40.02:277][ 14]LogModuleManager: Shutting down and abandoning module InputBindingEditor (448)
[2018.06.18-16.40.02:277][ 14]LogModuleManager: Shutting down and abandoning module MergeActors (446)
[2018.06.18-16.40.02:277][ 14]LogModuleManager: Shutting down and abandoning module SizeMap (444)
[2018.06.18-16.40.02:277][ 14]LogModuleManager: Shutting down and abandoning module TreeMap (442)
[2018.06.18-16.40.02:277][ 14]LogModuleManager: Shutting down and abandoning module ReferenceViewer (440)
[2018.06.18-16.40.02:277][ 14]LogModuleManager: Shutting down and abandoning module LocalizationDashboard (438)
[2018.06.18-16.40.02:277][ 14]LogModuleManager: Shutting down and abandoning module LocalizationService (437)
[2018.06.18-16.40.02:277][ 14]LogModuleManager: Shutting down and abandoning module HardwareTargeting (434)
[2018.06.18-16.40.02:277][ 14]LogModuleManager: Shutting down and abandoning module DeviceProfileEditor (432)
[2018.06.18-16.40.02:277][ 14]LogModuleManager: Shutting down and abandoning module UndoHistory (430)
[2018.06.18-16.40.02:277][ 14]LogModuleManager: Shutting down and abandoning module XmlParser (428)
[2018.06.18-16.40.02:277][ 14]LogModuleManager: Shutting down and abandoning module Blutility (426)
[2018.06.18-16.40.02:277][ 14]LogModuleManager: Shutting down and abandoning module ProjectSettingsViewer (424)
[2018.06.18-16.40.02:277][ 14]LogModuleManager: Shutting down and abandoning module ProjectTargetPlatformEditor (423)
[2018.06.18-16.40.02:277][ 14]LogModuleManager: Shutting down and abandoning module EditorSettingsViewer (420)
[2018.06.18-16.40.02:277][ 14]LogModuleManager: Shutting down and abandoning module SettingsEditor (418)
[2018.06.18-16.40.02:278][ 14]LogModuleManager: Shutting down and abandoning module ProjectLauncher (416)
[2018.06.18-16.40.02:278][ 14]LogModuleManager: Shutting down and abandoning module SessionFrontend (414)
[2018.06.18-16.40.02:278][ 14]LogModuleManager: Shutting down and abandoning module ProfilerClient (412)
[2018.06.18-16.40.02:278][ 14]LogModuleManager: Shutting down and abandoning module DeviceManager (410)
[2018.06.18-16.40.02:278][ 14]LogModuleManager: Shutting down and abandoning module TargetDeviceServices (409)
[2018.06.18-16.40.02:332][ 14]LogModuleManager: Shutting down and abandoning module AutomationController (406)
[2018.06.18-16.40.02:332][ 14]LogModuleManager: Shutting down and abandoning module AutomationWindow (404)
[2018.06.18-16.40.02:332][ 14]LogModuleManager: Shutting down and abandoning module Layers (402)
[2018.06.18-16.40.02:332][ 14]LogModuleManager: Shutting down and abandoning module ComponentVisualizers (400)
[2018.06.18-16.40.02:332][ 14]LogModuleManager: Shutting down and abandoning module DetailCustomizations (398)
[2018.06.18-16.40.02:332][ 14]LogModuleManager: Shutting down and abandoning module PackagesDialog (396)
[2018.06.18-16.40.02:332][ 14]LogModuleManager: Shutting down and abandoning module Persona (394)
[2018.06.18-16.40.02:332][ 14]LogModuleManager: Shutting down and abandoning module AdvancedPreviewScene (393)
[2018.06.18-16.40.02:332][ 14]LogModuleManager: Shutting down and abandoning module AnimGraph (391)
[2018.06.18-16.40.02:332][ 14]LogModuleManager: Shutting down and abandoning module Kismet (388)
[2018.06.18-16.40.02:338][ 14]LogModuleManager: Shutting down and abandoning module ClassViewer (386)
[2018.06.18-16.40.02:338][ 14]LogModuleManager: Shutting down and abandoning module Toolbox (384)
[2018.06.18-16.40.02:338][ 14]LogModuleManager: Shutting down and abandoning module ModuleUI (382)
[2018.06.18-16.40.02:338][ 14]LogModuleManager: Shutting down and abandoning module MovieSceneTools (380)
[2018.06.18-16.40.02:338][ 14]LogModuleManager: Shutting down and abandoning module OutputLog (378)
[2018.06.18-16.40.02:338][ 14]LogModuleManager: Shutting down and abandoning module GammaUI (376)
[2018.06.18-16.40.02:338][ 14]LogModuleManager: Shutting down and abandoning module Documentation (374)
[2018.06.18-16.40.02:339][ 14]LogModuleManager: Shutting down and abandoning module MovieSceneTracks (372)
[2018.06.18-16.40.02:339][ 14]LogModuleManager: Shutting down and abandoning module MovieScene (370)
[2018.06.18-16.40.02:339][ 14]LogModuleManager: Shutting down and abandoning module StreamingPauseRendering (368)
[2018.06.18-16.40.02:339][ 14]LogModuleManager: Shutting down and abandoning module LauncherPlatform (366)
[2018.06.18-16.40.02:339][ 14]LogModuleManager: Shutting down and abandoning module AnalyticsET (364)
[2018.06.18-16.40.02:339][ 14]LogModuleManager: Shutting down and abandoning module PortalServices (362)
[2018.06.18-16.40.02:339][ 14]LogModuleManager: Shutting down and abandoning module PortalRpc (360)
[2018.06.18-16.40.02:339][ 14]LogModuleManager: Shutting down and abandoning module MessagingRpc (358)
[2018.06.18-16.40.02:339][ 14]LogModuleManager: Shutting down and abandoning module AIModule (356)
[2018.06.18-16.40.02:339][ 14]LogModuleManager: Shutting down and abandoning module GameplayDebugger (355)
[2018.06.18-16.40.02:339][ 14]LogModuleManager: Shutting down and abandoning module AITestSuite (353)
[2018.06.18-16.40.02:339][ 14]LogModuleManager: Shutting down and abandoning module DesktopPlatform (350)
[2018.06.18-16.40.02:339][ 14]LogModuleManager: Shutting down and abandoning module ProfilerService (348)
[2018.06.18-16.40.02:524][ 14]LogModuleManager: Shutting down and abandoning module TaskGraph (346)
[2018.06.18-16.40.02:524][ 14]LogModuleManager: Shutting down and abandoning module SteamVRController (344)
[2018.06.18-16.40.02:524][ 14]LogModuleManager: Shutting down and abandoning module ProceduralMeshComponentEditor (342)
[2018.06.18-16.40.02:524][ 14]LogModuleManager: Shutting down and abandoning module ProceduralMeshComponent (340)
[2018.06.18-16.40.02:524][ 14]LogModuleManager: Shutting down and abandoning module OculusInput (338)
[2018.06.18-16.40.02:524][ 14]LogModuleManager: Shutting down and abandoning module MobilePatchingUtils (336)
[2018.06.18-16.40.02:524][ 14]LogModuleManager: Shutting down and abandoning module CustomMeshComponent (334)
[2018.06.18-16.40.02:524][ 14]LogModuleManager: Shutting down and abandoning module CableComponent (332)
[2018.06.18-16.40.02:524][ 14]LogModuleManager: Shutting down and abandoning module ArchVisCharacter (330)
[2018.06.18-16.40.02:524][ 14]LogModuleManager: Shutting down and abandoning module AndroidPermission (328)
[2018.06.18-16.40.02:524][ 14]LogModuleManager: Shutting down and abandoning module ActorSequence (324)
[2018.06.18-16.40.02:524][ 14]LogModuleManager: Shutting down and abandoning module MediaPlayerEditor (322)
[2018.06.18-16.40.02:524][ 14]LogModuleManager: Shutting down and abandoning module MediaCompositingEditor (320)
[2018.06.18-16.40.02:524][ 14]LogModuleManager: Shutting down and abandoning module MediaCompositing (318)
[2018.06.18-16.40.02:524][ 14]LogModuleManager: Shutting down and abandoning module HTML5Networking (316)
[2018.06.18-16.40.02:524][ 14]LogModuleManager: Shutting down and abandoning module AlembicImporter (314)
[2018.06.18-16.40.02:524][ 14]LogModuleManager: Shutting down and abandoning module AlembicLibrary (313)
[2018.06.18-16.40.02:524][ 14]LogModuleManager: Shutting down and abandoning module GeometryCache (312)
[2018.06.18-16.40.02:524][ 14]LogModuleManager: Shutting down and abandoning module GeometryCacheEd (311)
[2018.06.18-16.40.02:524][ 14]LogModuleManager: Shutting down and abandoning module SpeedTreeImporter (306)
[2018.06.18-16.40.02:524][ 14]LogModuleManager: Shutting down and abandoning module PluginBrowser (304)
[2018.06.18-16.40.02:524][ 14]LogModuleManager: Shutting down and abandoning module MobileLauncherProfileWizard (302)
[2018.06.18-16.40.02:524][ 14]LogModuleManager: Shutting down and abandoning module VisualStudioSourceCodeAccess (300)
[2018.06.18-16.40.02:525][ 14]LogModuleManager: Shutting down and abandoning module VisualStudioCodeSourceCodeAccess (298)
[2018.06.18-16.40.02:525][ 14]LogModuleManager: Shutting down and abandoning module UObjectPlugin (296)
[2018.06.18-16.40.02:525][ 14]LogModuleManager: Shutting down and abandoning module SubversionSourceControl (294)
[2018.06.18-16.40.02:525][ 14]LogModuleManager: Shutting down and abandoning module PerforceSourceControl (292)
[2018.06.18-16.40.02:525][ 14]LogModuleManager: Shutting down and abandoning module GitSourceControl (290)
[2018.06.18-16.40.02:525][ 14]LogModuleManager: Shutting down and abandoning module SourceControl (289)
[2018.06.18-16.40.02:525][ 14]LogModuleManager: Shutting down and abandoning module LightPropagationVolumeEditor (286)
[2018.06.18-16.40.02:525][ 14]LogModuleManager: Shutting down and abandoning module PaperTiledImporter (284)
[2018.06.18-16.40.02:525][ 14]LogModuleManager: Shutting down and abandoning module PaperSpriteSheetImporter (282)
[2018.06.18-16.40.02:525][ 14]LogModuleManager: Shutting down and abandoning module Paper2DEditor (280)
[2018.06.18-16.40.02:525][ 14]LogModuleManager: Shutting down and abandoning module MeshPaint (279)
[2018.06.18-16.40.02:525][ 14]LogModuleManager: Shutting down and abandoning module LevelEditor (277)
[2018.06.18-16.40.02:525][ 14]LogModuleManager: Shutting down and abandoning module PixelInspectorModule (276)
[2018.06.18-16.40.02:525][ 14]LogModuleManager: Shutting down and abandoning module MainFrame (274)
[2018.06.18-16.40.02:525][ 14]LogModuleManager: Shutting down and abandoning module HotReload (273)
[2018.06.18-16.40.02:526][ 14]LogModuleManager: Shutting down and abandoning module RuntimePhysXCooking (268)
[2018.06.18-16.40.02:526][ 14]LogModuleManager: Shutting down and abandoning module PhysXVehiclesEditor (266)
[2018.06.18-16.40.02:526][ 14]LogModuleManager: Shutting down and abandoning module PhysXVehicles (264)
[2018.06.18-16.40.02:526][ 14]LogModuleManager: Shutting down and abandoning module OculusEditor (262)
[2018.06.18-16.40.02:526][ 14]LogModuleManager: Shutting down and abandoning module LocationServicesBPLibrary (260)
[2018.06.18-16.40.02:526][ 14]LogModuleManager: Shutting down and abandoning module ImmediatePhysicsEditor (258)
[2018.06.18-16.40.02:526][ 14]LogModuleManager: Shutting down and abandoning module ImmediatePhysics (256)
[2018.06.18-16.40.02:526][ 14]LogModuleManager: Shutting down and abandoning module UdpMessaging (254)
[2018.06.18-16.40.02:627][ 14]LogModuleManager: Shutting down and abandoning module TcpMessaging (252)
[2018.06.18-16.40.02:728][ 14]LogModuleManager: Shutting down and abandoning module GameplayTagsEditor (250)
[2018.06.18-16.40.02:728][ 14]LogModuleManager: Shutting down and abandoning module FacialAnimationEditor (248)
[2018.06.18-16.40.02:728][ 14]LogModuleManager: Shutting down and abandoning module FacialAnimation (246)
[2018.06.18-16.40.02:728][ 14]LogModuleManager: Shutting down and abandoning module AssetManagerEditor (244)
[2018.06.18-16.40.02:728][ 14]LogModuleManager: Shutting down and abandoning module GraphEditor (243)
[2018.06.18-16.40.02:728][ 14]LogModuleManager: Shutting down and abandoning module ContentBrowser (241)
[2018.06.18-16.40.02:729][ 14]LogModuleManager: Shutting down and abandoning module LightPropagationVolumeRuntime (238)
[2018.06.18-16.40.02:729][ 14]LogModuleManager: Shutting down and abandoning module Paper2D (236)
[2018.06.18-16.40.02:729][ 14]LogModuleManager: Shutting down and abandoning module WindowsMoviePlayer (234)
[2018.06.18-16.40.02:729][ 14]LogModuleManager: Shutting down and abandoning module WmfMedia (232)
[2018.06.18-16.40.02:730][ 14]LogModuleManager: Shutting down and abandoning module ImgMedia (230)
[2018.06.18-16.40.02:731][ 14]LogModuleManager: Shutting down and abandoning module PacketHandler (228)
[2018.06.18-16.40.02:731][ 14]LogModuleManager: Shutting down and abandoning module ClothingSystemEditor (226)
[2018.06.18-16.40.02:731][ 14]LogModuleManager: Shutting down and abandoning module ClothingSystemRuntime (224)
[2018.06.18-16.40.02:731][ 14]LogModuleManager: Shutting down and abandoning module MediaAssets (222)
[2018.06.18-16.40.02:731][ 14]LogModuleManager: Shutting down and abandoning module Media (221)
[2018.06.18-16.40.02:737][ 14]LogModuleManager: Shutting down and abandoning module Overlay (218)
[2018.06.18-16.40.02:737][ 14]LogModuleManager: Shutting down and abandoning module OverlayEditor (217)
[2018.06.18-16.40.02:737][ 14]LogModuleManager: Shutting down and abandoning module VREditor (214)
[2018.06.18-16.40.02:738][ 14]LogModuleManager: Shutting down and abandoning module StringTableEditor (212)
[2018.06.18-16.40.02:738][ 14]LogModuleManager: Shutting down and abandoning module GameplayTasksEditor (210)
[2018.06.18-16.40.02:738][ 14]LogModuleManager: Shutting down and abandoning module BehaviorTreeEditor (208)
[2018.06.18-16.40.02:738][ 14]LogModuleManager: Shutting down and abandoning module FunctionalTesting (206)
[2018.06.18-16.40.02:738][ 14]LogModuleManager: Shutting down and abandoning module CollisionAnalyzer (204)
[2018.06.18-16.40.02:738][ 14]LogModuleManager: Shutting down and abandoning module WorkspaceMenuStructure (203)
[2018.06.18-16.40.02:738][ 14]LogModuleManager: Shutting down and abandoning module UMG (200)
[2018.06.18-16.40.02:738][ 14]LogModuleManager: Shutting down and abandoning module UMGEditor (199)
[2018.06.18-16.40.02:738][ 14]LogModuleManager: Shutting down and abandoning module Sequencer (198)
[2018.06.18-16.40.02:738][ 14]LogModuleManager: Shutting down and abandoning module MessageLog (195)
[2018.06.18-16.40.02:738][ 14]LogModuleManager: Shutting down and abandoning module SlateReflector (190)
[2018.06.18-16.40.02:738][ 14]LogModuleManager: Shutting down and abandoning module Slate (188)
[2018.06.18-16.40.02:738][ 14]LogModuleManager: Shutting down and abandoning module EditorStyle (186)
[2018.06.18-16.40.02:740][ 14]LogModuleManager: Shutting down and abandoning module MRMesh (184)
[2018.06.18-16.40.02:740][ 14]LogModuleManager: Shutting down and abandoning module SourceCodeAccess (182)
[2018.06.18-16.40.02:740][ 14]LogModuleManager: Shutting down and abandoning module HeadMountedDisplay (180)
[2018.06.18-16.40.02:740][ 14]LogModuleManager: Shutting down and abandoning module XAudio2 (178)
[2018.06.18-16.40.02:740][ 14]LogModuleManager: Shutting down and abandoning module Networking (176)
[2018.06.18-16.40.02:740][ 14]LogModuleManager: Shutting down and abandoning module Core (172)
[2018.06.18-16.40.02:740][ 14]LogModuleManager: Shutting down and abandoning module LevelSequence (168)
[2018.06.18-16.40.02:740][ 14]LogModuleManager: Shutting down and abandoning module DirectoryWatcher (166)
[2018.06.18-16.40.02:741][ 14]LogModuleManager: Shutting down and abandoning module KismetCompiler (164)
[2018.06.18-16.40.02:741][ 14]LogModuleManager: Shutting down and abandoning module MeshUtilities (162)
[2018.06.18-16.40.02:741][ 14]LogModuleManager: Shutting down and abandoning module MeshMergeUtilities (161)
[2018.06.18-16.40.02:741][ 14]LogModuleManager: Shutting down and abandoning module MeshReductionInterface (160)
[2018.06.18-16.40.02:741][ 14]LogModuleManager: Shutting down and abandoning module SimplygonSwarm (159)
[2018.06.18-16.40.02:741][ 14]LogModuleManager: Shutting down and abandoning module SimplygonMeshReduction (157)
[2018.06.18-16.40.02:741][ 14]LogModuleManager: Shutting down and abandoning module QuadricMeshReduction (155)
[2018.06.18-16.40.02:741][ 14]LogModuleManager: Shutting down and abandoning module MaterialBaking (151)
[2018.06.18-16.40.02:741][ 14]LogModuleManager: Shutting down and abandoning module DerivedDataCache (148)
[2018.06.18-16.40.02:816][ 14]LogDerivedDataCache: Shutdown
[2018.06.18-16.40.02:816][ 14]LogModuleManager: Shutting down and abandoning module TargetPlatform (146)
[2018.06.18-16.40.02:816][ 14]LogModuleManager: Shutting down and abandoning module VulkanShaderFormat (145)
[2018.06.18-16.40.02:816][ 14]LogModuleManager: Shutting down and abandoning module ShaderFormatVectorVM (143)
[2018.06.18-16.40.02:817][ 14]LogModuleManager: Shutting down and abandoning module ShaderFormatOpenGL (141)
[2018.06.18-16.40.02:817][ 14]LogModuleManager: Shutting down and abandoning module ShaderFormatD3D (139)
[2018.06.18-16.40.02:817][ 14]LogModuleManager: Shutting down and abandoning module MetalShaderFormat (137)
[2018.06.18-16.40.02:817][ 14]LogModuleManager: Shutting down and abandoning module TextureFormatUncompressed (135)
[2018.06.18-16.40.02:817][ 14]LogModuleManager: Shutting down and abandoning module TextureFormatPVR (133)
[2018.06.18-16.40.02:817][ 14]LogModuleManager: Shutting down and abandoning module TextureFormatDXT (131)
[2018.06.18-16.40.02:817][ 14]LogModuleManager: Shutting down and abandoning module TextureFormatIntelISPCTexComp (129)
[2018.06.18-16.40.02:817][ 14]LogModuleManager: Shutting down and abandoning module TextureFormatASTC (127)
[2018.06.18-16.40.02:817][ 14]LogModuleManager: Shutting down and abandoning module ImageWrapper (126)
[2018.06.18-16.40.02:817][ 14]LogModuleManager: Shutting down and abandoning module TextureFormatAndroid (123)
[2018.06.18-16.40.02:817][ 14]LogModuleManager: Shutting down and abandoning module AudioFormatOpus (121)
[2018.06.18-16.40.02:817][ 14]LogModuleManager: Shutting down and abandoning module AudioFormatOgg (119)
[2018.06.18-16.40.02:817][ 14]LogModuleManager: Shutting down and abandoning module AudioFormatADPCM (117)
[2018.06.18-16.40.02:817][ 14]LogModuleManager: Shutting down and abandoning module LinuxTargetPlatform (115)
[2018.06.18-16.40.02:817][ 14]LogModuleManager: Shutting down and abandoning module LinuxServerTargetPlatform (113)
[2018.06.18-16.40.02:817][ 14]LogModuleManager: Shutting down and abandoning module LinuxNoEditorTargetPlatform (111)
[2018.06.18-16.40.02:817][ 14]LogModuleManager: Shutting down and abandoning module LinuxClientTargetPlatform (109)
[2018.06.18-16.40.02:817][ 14]LogModuleManager: Shutting down and abandoning module TVOSTargetPlatform (107)
[2018.06.18-16.40.02:817][ 14]LogModuleManager: Shutting down and abandoning module Messaging (105)
[2018.06.18-16.40.02:817][ 14]LogModuleManager: Shutting down and abandoning module IOSTargetPlatform (103)
[2018.06.18-16.40.02:817][ 14]LogModuleManager: Shutting down and abandoning module HTML5TargetPlatform (101)
[2018.06.18-16.40.02:817][ 14]LogModuleManager: Shutting down and abandoning module AndroidTargetPlatform (99)
[2018.06.18-16.40.02:817][ 14]LogModuleManager: Shutting down and abandoning module Android_PVRTCTargetPlatform (97)
[2018.06.18-16.40.02:817][ 14]LogModuleManager: Shutting down and abandoning module Android_MultiTargetPlatform (95)
[2018.06.18-16.40.02:817][ 14]LogModuleManager: Shutting down and abandoning module Android_ETC2TargetPlatform (93)
[2018.06.18-16.40.02:817][ 14]LogModuleManager: Shutting down and abandoning module Android_ETC1TargetPlatform (91)
[2018.06.18-16.40.02:817][ 14]LogModuleManager: Shutting down and abandoning module Android_DXTTargetPlatform (89)
[2018.06.18-16.40.02:817][ 14]LogModuleManager: Shutting down and abandoning module Android_ATCTargetPlatform (87)
[2018.06.18-16.40.02:817][ 14]LogModuleManager: Shutting down and abandoning module Android_ASTCTargetPlatform (85)
[2018.06.18-16.40.02:817][ 14]LogModuleManager: Shutting down and abandoning module WindowsTargetPlatform (83)
[2018.06.18-16.40.02:817][ 14]LogModuleManager: Shutting down and abandoning module WindowsServerTargetPlatform (81)
[2018.06.18-16.40.02:817][ 14]LogModuleManager: Shutting down and abandoning module WindowsNoEditorTargetPlatform (79)
[2018.06.18-16.40.02:817][ 14]LogModuleManager: Shutting down and abandoning module WindowsClientTargetPlatform (77)
[2018.06.18-16.40.02:817][ 14]LogModuleManager: Shutting down and abandoning module MacTargetPlatform (75)
[2018.06.18-16.40.02:817][ 14]LogModuleManager: Shutting down and abandoning module MacServerTargetPlatform (73)
[2018.06.18-16.40.02:817][ 14]LogModuleManager: Shutting down and abandoning module MacNoEditorTargetPlatform (71)
[2018.06.18-16.40.02:817][ 14]LogModuleManager: Shutting down and abandoning module MacClientTargetPlatform (69)
[2018.06.18-16.40.02:817][ 14]LogModuleManager: Shutting down and abandoning module AllDesktopTargetPlatform (67)
[2018.06.18-16.40.02:817][ 14]LogModuleManager: Shutting down and abandoning module InputCore (64)
[2018.06.18-16.40.02:817][ 14]LogModuleManager: Shutting down and abandoning module Settings (62)
[2018.06.18-16.40.02:817][ 14]LogModuleManager: Shutting down and abandoning module PhysXCooking (60)
[2018.06.18-16.40.02:817][ 14]LogModuleManager: Shutting down and abandoning module SteamVR (58)
[2018.06.18-16.40.02:817][ 14]LogModuleManager: Shutting down and abandoning module OculusHMD (56)
[2018.06.18-16.40.02:817][ 14]LogModuleManager: Shutting down and abandoning module ExampleDeviceProfileSelector (54)
[2018.06.18-16.40.02:817][ 14]LogModuleManager: Shutting down and abandoning module AppleARKit (52)
[2018.06.18-16.40.02:817][ 14]LogModuleManager: Shutting down and abandoning module AugmentedReality (51)
[2018.06.18-16.40.02:818][ 14]LogModuleManager: Shutting down and abandoning module OnlineBlueprintSupport (48)
[2018.06.18-16.40.02:818][ 14]LogModuleManager: Shutting down and abandoning module OnlineSubsystem (44)
[2018.06.18-16.40.02:818][ 14]LogModuleManager: Shutting down and abandoning module XMPP (43)
[2018.06.18-16.40.02:818][ 14]LogModuleManager: Shutting down and abandoning module HTTP (41)
[2018.06.18-16.40.02:818][ 14]LogHttp: Display: Http module shutting down, but needs to wait on 1 outstanding Http requests:
[2018.06.18-16.40.02:818][ 14]LogHttp: Display: 	verb=[POST] url=[https://datarouter.ol.epicgames.com/datarouter/api/v1/public/data?SessionID=%7B84932E16-4B45-4CF5-EF17-08976D18BD27%7D&AppID=UEEditor.Rocket.Release&AppVersion=4.18.3-3832480%2B%2B%2BUE4%2BRelease-4.18&UserID=b5a2aad048c5dd91a640ef9c48d8cb5d%7C92e601156b18439c8aaf9522ba7a0171%7C35688319-27be-4d42-a38e-675d2b994995&AppEnvironment=datacollector-binary&UploadType=eteventstream] status=Processing
[2018.06.18-16.40.02:820][ 14]LogModuleManager: Shutting down and abandoning module SSL (40)
[2018.06.18-16.40.02:821][ 14]LogModuleManager: Shutting down and abandoning module AnimationModifiers (36)
[2018.06.18-16.40.02:821][ 14]LogModuleManager: Shutting down and abandoning module PropertyEditor (35)
[2018.06.18-16.40.02:821][ 14]LogModuleManager: Shutting down and abandoning module AudioEditor (32)
[2018.06.18-16.40.02:821][ 14]LogModuleManager: Shutting down and abandoning module TextureCompressor (30)
[2018.06.18-16.40.02:821][ 14]LogModuleManager: Shutting down and abandoning module ShaderCore (28)
[2018.06.18-16.40.02:821][ 14]LogModuleManager: Shutting down and abandoning module Landscape (26)
[2018.06.18-16.40.02:821][ 14]LogModuleManager: Shutting down and abandoning module SlateRHIRenderer (24)
[2018.06.18-16.40.02:823][ 14]LogModuleManager: Shutting down and abandoning module OpenGLDrv (22)
[2018.06.18-16.40.02:823][ 14]LogModuleManager: Shutting down and abandoning module D3D11RHI (20)
[2018.06.18-16.40.02:823][ 14]LogModuleManager: Shutting down and abandoning module AnimGraphRuntime (18)
[2018.06.18-16.40.02:823][ 14]LogModuleManager: Shutting down and abandoning module Renderer (16)
[2018.06.18-16.40.02:823][ 14]LogModuleManager: Shutting down and abandoning module Engine (14)
[2018.06.18-16.40.02:823][ 14]LogModuleManager: Shutting down and abandoning module CoreUObject (12)
[2018.06.18-16.40.02:823][ 14]LogModuleManager: Shutting down and abandoning module NetworkFile (10)
[2018.06.18-16.40.02:823][ 14]LogModuleManager: Shutting down and abandoning module CookedIterativeFile (8)
[2018.06.18-16.40.02:823][ 14]LogModuleManager: Shutting down and abandoning module StreamingFile (6)
[2018.06.18-16.40.02:823][ 14]LogModuleManager: Shutting down and abandoning module SandboxFile (4)
[2018.06.18-16.40.02:823][ 14]LogModuleManager: Shutting down and abandoning module PakFile (2)
[2018.06.18-16.40.02:829][ 14]LogExit: Exiting.
[2018.06.18-16.40.02:850][ 14]Log file closed, 06/19/18 01:40:02
