Log file open, 05/27/18 12:44:50
LogWindows: Failed to load 'aqProf.dll' (GetLastError=126)
LogWindows: File 'aqProf.dll' does not exist
LogWindows: Failed to load 'VSPerf140.dll' (GetLastError=126)
LogWindows: File 'VSPerf140.dll' does not exist
LogWindows: Failed to load 'VtuneApi.dll' (GetLastError=126)
LogWindows: File 'VtuneApi.dll' does not exist
LogWindows: Failed to load 'VtuneApi32e.dll' (GetLastError=126)
LogWindows: File 'VtuneApi32e.dll' does not exist
LogInit: Display: Running engine for game: Trolley
LogPlatformFile: Not using cached read wrapper
LogInit: Display: RandInit(844090984) SRandInit(844090984).
LogInit: Read version file with build ID '3709383'
LogInit: Overriding engine version to CL 3832480, compatible CL 3709383
LogInit: Registered custom module enumerator with build ID '3709383'
LogTaskGraph: Started task graph with 5 named threads and 20 total threads with 3 sets of task threads.
LogStats: Stats thread started at 0.805606
LogD3D11RHI: Aftermath initialized
LogModuleManager: Display: Found up-to-date module file ../../../Engine/Plugins/2D/Paper2D/Binaries/Win64/UE4Editor-Paper2D.dll (API version 3709383).
LogModuleManager: Display: Found up-to-date module file ../../../Engine/Plugins/2D/Paper2D/Binaries/Win64/UE4Editor-Paper2DEditor.dll (API version 3709383).
LogModuleManager: Display: Found up-to-date module file ../../../Engine/Plugins/2D/Paper2D/Binaries/Win64/UE4Editor-PaperSpriteSheetImporter.dll (API version 3709383).
LogModuleManager: Display: Found up-to-date module file ../../../Engine/Plugins/2D/Paper2D/Binaries/Win64/UE4Editor-PaperTiledImporter.dll (API version 3709383).
LogModuleManager: Display: Found up-to-date module file ../../../Engine/Plugins/2D/Paper2D/Binaries/Win64/UE4Editor-SmartSnapping.dll (API version 3709383).
LogModuleManager: Display: Found up-to-date module file ../../../Engine/Plugins/Blendables/LightPropagationVolume/Binaries/Win64/UE4Editor-LightPropagationVolumeRuntime.dll (API version 3709383).
LogModuleManager: Display: Found up-to-date module file ../../../Engine/Plugins/Blendables/LightPropagationVolume/Binaries/Win64/UE4Editor-LightPropagationVolumeEditor.dll (API version 3709383).
LogModuleManager: Display: Found up-to-date module file ../../../Engine/Plugins/Developer/GitSourceControl/Binaries/Win64/UE4Editor-GitSourceControl.dll (API version 3709383).
LogModuleManager: Display: Found up-to-date module file ../../../Engine/Plugins/Developer/PerforceSourceControl/Binaries/Win64/UE4Editor-PerforceSourceControl.dll (API version 3709383).
LogModuleManager: Display: Found up-to-date module file ../../../Engine/Plugins/Developer/SubversionSourceControl/Binaries/Win64/UE4Editor-SubversionSourceControl.dll (API version 3709383).
LogModuleManager: Display: Found up-to-date module file ../../../Engine/Plugins/Developer/UObjectPlugin/Binaries/Win64/UE4Editor-UObjectPlugin.dll (API version 3709383).
LogModuleManager: Display: Found up-to-date module file ../../../Engine/Plugins/Developer/VisualStudioCodeSourceCodeAccess/Binaries/Win64/UE4Editor-VisualStudioCodeSourceCodeAccess.dll (API version 3709383).
LogModuleManager: Display: Found up-to-date module file ../../../Engine/Plugins/Developer/VisualStudioSourceCodeAccess/Binaries/Win64/UE4Editor-VisualStudioSourceCodeAccess.dll (API version 3709383).
LogModuleManager: Display: Found up-to-date module file ../../../Engine/Plugins/Editor/AssetManagerEditor/Binaries/Win64/UE4Editor-AssetManagerEditor.dll (API version 3709383).
LogModuleManager: Display: Found up-to-date module file ../../../Engine/Plugins/Editor/AudioCapture/Binaries/Win64/UE4Editor-AudioCapture.dll (API version 3709383).
LogModuleManager: Display: Found up-to-date module file ../../../Engine/Plugins/Editor/FacialAnimation/Binaries/Win64/UE4Editor-FacialAnimation.dll (API version 3709383).
LogModuleManager: Display: Found up-to-date module file ../../../Engine/Plugins/Editor/FacialAnimation/Binaries/Win64/UE4Editor-FacialAnimationEditor.dll (API version 3709383).
LogModuleManager: Display: Found up-to-date module file ../../../Engine/Plugins/Editor/GameplayTagsEditor/Binaries/Win64/UE4Editor-GameplayTagsEditor.dll (API version 3709383).
LogModuleManager: Display: Found up-to-date module file ../../../Engine/Plugins/Editor/MobileLauncherProfileWizard/Binaries/Win64/UE4Editor-MobileLauncherProfileWizard.dll (API version 3709383).
LogModuleManager: Display: Found up-to-date module file ../../../Engine/Plugins/Editor/PluginBrowser/Binaries/Win64/UE4Editor-PluginBrowser.dll (API version 3709383).
LogModuleManager: Display: Found up-to-date module file ../../../Engine/Plugins/Editor/SpeedTreeImporter/Binaries/Win64/UE4Editor-SpeedTreeImporter.dll (API version 3709383).
LogModuleManager: Display: Found up-to-date module file ../../../Engine/Plugins/Experimental/AlembicImporter/Binaries/Win64/UE4Editor-AlembicImporter.dll (API version 3709383).
LogModuleManager: Display: Found up-to-date module file ../../../Engine/Plugins/Experimental/AlembicImporter/Binaries/Win64/UE4Editor-AlembicLibrary.dll (API version 3709383).
LogModuleManager: Display: Found up-to-date module file ../../../Engine/Plugins/Experimental/CharacterAI/Binaries/Win64/UE4Editor-CharacterAI.dll (API version 3709383).
LogModuleManager: Display: Found up-to-date module file ../../../Engine/Plugins/Experimental/HTML5Networking/Binaries/Win64/UE4Editor-HTML5Networking.dll (API version 3709383).
LogModuleManager: Display: Found up-to-date module file ../../../Engine/Plugins/Media/AndroidMedia/Binaries/Win64/UE4Editor-AndroidMediaEditor.dll (API version 3709383).
LogModuleManager: Display: Found up-to-date module file ../../../Engine/Plugins/Media/AndroidMedia/Binaries/Win64/UE4Editor-AndroidMediaFactory.dll (API version 3709383).
LogModuleManager: Display: Found up-to-date module file ../../../Engine/Plugins/Media/AvfMedia/Binaries/Win64/UE4Editor-AvfMediaEditor.dll (API version 3709383).
LogModuleManager: Display: Found up-to-date module file ../../../Engine/Plugins/Media/AvfMedia/Binaries/Win64/UE4Editor-AvfMediaFactory.dll (API version 3709383).
LogModuleManager: Display: Found up-to-date module file ../../../Engine/Plugins/Media/AvfMedia/Binaries/Win64/UE4Editor-AvfMediaFactory.dll (API version 3709383).
LogModuleManager: Display: Found up-to-date module file ../../../Engine/Plugins/Media/ImgMedia/Binaries/Win64/UE4Editor-ImgMedia.dll (API version 3709383).
LogModuleManager: Display: Found up-to-date module file ../../../Engine/Plugins/Media/ImgMedia/Binaries/Win64/UE4Editor-ImgMediaEditor.dll (API version 3709383).
LogModuleManager: Display: Found up-to-date module file ../../../Engine/Plugins/Media/ImgMedia/Binaries/Win64/UE4Editor-ImgMediaFactory.dll (API version 3709383).
LogModuleManager: Display: Found up-to-date module file ../../../Engine/Plugins/Media/ImgMedia/Binaries/Win64/UE4Editor-ImgMediaFactory.dll (API version 3709383).
LogModuleManager: Display: Found up-to-date module file ../../../Engine/Plugins/Media/ImgMedia/Binaries/Win64/UE4Editor-OpenExrWrapper.dll (API version 3709383).
LogModuleManager: Display: Found up-to-date module file ../../../Engine/Plugins/Media/MediaCompositing/Binaries/Win64/UE4Editor-MediaCompositing.dll (API version 3709383).
LogModuleManager: Display: Found up-to-date module file ../../../Engine/Plugins/Media/MediaCompositing/Binaries/Win64/UE4Editor-MediaCompositingEditor.dll (API version 3709383).
LogModuleManager: Display: Found up-to-date module file ../../../Engine/Plugins/Media/MediaPlayerEditor/Binaries/Win64/UE4Editor-MediaPlayerEditor.dll (API version 3709383).
LogModuleManager: Display: Found up-to-date module file ../../../Engine/Plugins/Media/WmfMedia/Binaries/Win64/UE4Editor-WmfMedia.dll (API version 3709383).
LogModuleManager: Display: Found up-to-date module file ../../../Engine/Plugins/Media/WmfMedia/Binaries/Win64/UE4Editor-WmfMediaEditor.dll (API version 3709383).
LogModuleManager: Display: Found up-to-date module file ../../../Engine/Plugins/Media/WmfMedia/Binaries/Win64/UE4Editor-WmfMediaFactory.dll (API version 3709383).
LogModuleManager: Display: Found up-to-date module file ../../../Engine/Plugins/Media/WmfMedia/Binaries/Win64/UE4Editor-WmfMediaFactory.dll (API version 3709383).
LogModuleManager: Display: Found up-to-date module file ../../../Engine/Plugins/Messaging/TcpMessaging/Binaries/Win64/UE4Editor-TcpMessaging.dll (API version 3709383).
LogModuleManager: Display: Found up-to-date module file ../../../Engine/Plugins/Messaging/UdpMessaging/Binaries/Win64/UE4Editor-UdpMessaging.dll (API version 3709383).
LogModuleManager: Display: Found up-to-date module file ../../../Engine/Plugins/MovieScene/ActorSequence/Binaries/Win64/UE4Editor-ActorSequence.dll (API version 3709383).
LogModuleManager: Display: Found up-to-date module file ../../../Engine/Plugins/MovieScene/LevelSequenceEditor/Binaries/Win64/UE4Editor-LevelSequenceEditor.dll (API version 3709383).
LogModuleManager: Display: Found up-to-date module file ../../../Engine/Plugins/MovieScene/MatineeToLevelSequence/Binaries/Win64/UE4Editor-MatineeToLevelSequence.dll (API version 3709383).
LogModuleManager: Display: Found up-to-date module file ../../../Engine/Plugins/Online/OnlineSubsystem/Binaries/Win64/UE4Editor-OnlineSubsystem.dll (API version 3709383).
LogModuleManager: Display: Found up-to-date module file ../../../Engine/Plugins/Runtime/AndroidPermission/Binaries/Win64/UE4Editor-AndroidPermission.dll (API version 3709383).
LogModuleManager: Display: Found up-to-date module file ../../../Engine/Plugins/Online/OnlineSubsystemNull/Binaries/Win64/UE4Editor-OnlineSubsystemNull.dll (API version 3709383).
LogModuleManager: Display: Found up-to-date module file ../../../Engine/Plugins/Online/OnlineSubsystemUtils/Binaries/Win64/UE4Editor-OnlineSubsystemUtils.dll (API version 3709383).
LogModuleManager: Display: Found up-to-date module file ../../../Engine/Plugins/Online/OnlineSubsystemUtils/Binaries/Win64/UE4Editor-OnlineBlueprintSupport.dll (API version 3709383).
LogModuleManager: Display: Found up-to-date module file ../../../Engine/Plugins/Runtime/AndroidDeviceProfileSelector/Binaries/Win64/UE4Editor-AndroidDeviceProfileSelector.dll (API version 3709383).
LogModuleManager: Display: Found up-to-date module file ../../../Engine/Plugins/Runtime/AppleARKit/Binaries/Win64/UE4Editor-AppleARKit.dll (API version 3709383).
LogModuleManager: Display: Found up-to-date module file ../../../Engine/Plugins/Runtime/ArchVisCharacter/Binaries/Win64/UE4Editor-ArchVisCharacter.dll (API version 3709383).
LogModuleManager: Display: Found up-to-date module file ../../../Engine/Plugins/Runtime/CableComponent/Binaries/Win64/UE4Editor-CableComponent.dll (API version 3709383).
LogModuleManager: Display: Found up-to-date module file ../../../Engine/Plugins/Runtime/CustomMeshComponent/Binaries/Win64/UE4Editor-CustomMeshComponent.dll (API version 3709383).
LogModuleManager: Display: Found up-to-date module file ../../../Engine/Plugins/Runtime/ExampleDeviceProfileSelector/Binaries/Win64/UE4Editor-ExampleDeviceProfileSelector.dll (API version 3709383).
LogModuleManager: Display: Found up-to-date module file ../../../Engine/Plugins/Runtime/ImmediatePhysics/Binaries/Win64/UE4Editor-ImmediatePhysics.dll (API version 3709383).
LogModuleManager: Display: Found up-to-date module file ../../../Engine/Plugins/Runtime/ImmediatePhysics/Binaries/Win64/UE4Editor-ImmediatePhysicsEditor.dll (API version 3709383).
LogModuleManager: Display: Found up-to-date module file ../../../Engine/Plugins/Runtime/LocationServicesBPLibrary/Binaries/Win64/UE4Editor-LocationServicesBPLibrary.dll (API version 3709383).
LogModuleManager: Display: Found up-to-date module file ../../../Engine/Plugins/Runtime/MobilePatchingUtils/Binaries/Win64/UE4Editor-MobilePatchingUtils.dll (API version 3709383).
LogModuleManager: Display: Found up-to-date module file ../../../Engine/Plugins/Runtime/Oculus/OculusVR/Binaries/Win64/UE4Editor-OculusHMD.dll (API version 3709383).
LogModuleManager: Display: Found up-to-date module file ../../../Engine/Plugins/Runtime/Oculus/OculusVR/Binaries/Win64/UE4Editor-OculusInput.dll (API version 3709383).
LogModuleManager: Display: Found up-to-date module file ../../../Engine/Plugins/Runtime/Oculus/OculusVR/Binaries/Win64/UE4Editor-OculusEditor.dll (API version 3709383).
LogModuleManager: Display: Found up-to-date module file ../../../Engine/Plugins/Runtime/PhysXVehicles/Binaries/Win64/UE4Editor-PhysXVehicles.dll (API version 3709383).
LogModuleManager: Display: Found up-to-date module file ../../../Engine/Plugins/Runtime/PhysXVehicles/Binaries/Win64/UE4Editor-PhysXVehiclesEditor.dll (API version 3709383).
LogModuleManager: Display: Found up-to-date module file ../../../Engine/Plugins/Runtime/ProceduralMeshComponent/Binaries/Win64/UE4Editor-ProceduralMeshComponent.dll (API version 3709383).
LogModuleManager: Display: Found up-to-date module file ../../../Engine/Plugins/Runtime/ProceduralMeshComponent/Binaries/Win64/UE4Editor-ProceduralMeshComponentEditor.dll (API version 3709383).
LogModuleManager: Display: Found up-to-date module file ../../../Engine/Plugins/Runtime/RuntimePhysXCooking/Binaries/Win64/UE4Editor-RuntimePhysXCooking.dll (API version 3709383).
LogModuleManager: Display: Found up-to-date module file ../../../Engine/Plugins/Runtime/Steam/SteamVR/Binaries/Win64/UE4Editor-SteamVR.dll (API version 3709383).
LogModuleManager: Display: Found up-to-date module file ../../../Engine/Plugins/Runtime/Steam/SteamVR/Binaries/Win64/UE4Editor-SteamVRController.dll (API version 3709383).
LogModuleManager: Display: Found up-to-date module file ../../../Engine/Plugins/Runtime/WindowsMoviePlayer/Binaries/Win64/UE4Editor-WindowsMoviePlayer.dll (API version 3709383).
LogPluginManager: Mounting plugin Paper2D
LogPluginManager: Mounting plugin LightPropagationVolume
LogPluginManager: Mounting plugin CodeLiteSourceCodeAccess
LogPluginManager: Mounting plugin GitSourceControl
LogPluginManager: Mounting plugin KDevelopSourceCodeAccess
LogPluginManager: Mounting plugin NullSourceCodeAccess
LogPluginManager: Mounting plugin PerforceSourceControl
LogPluginManager: Mounting plugin SubversionSourceControl
LogPluginManager: Mounting plugin UObjectPlugin
LogPluginManager: Mounting plugin VisualStudioCodeSourceCodeAccess
LogPluginManager: Mounting plugin VisualStudioSourceCodeAccess
LogPluginManager: Mounting plugin XCodeSourceCodeAccess
LogPluginManager: Mounting plugin AssetManagerEditor
LogPluginManager: Mounting plugin AudioCapture
LogPluginManager: Mounting plugin FacialAnimation
LogPluginManager: Mounting plugin GameplayTagsEditor
LogPluginManager: Mounting plugin MobileLauncherProfileWizard
LogPluginManager: Mounting plugin PluginBrowser
LogPluginManager: Mounting plugin SpeedTreeImporter
LogPluginManager: Mounting plugin AlembicImporter
LogPluginManager: Mounting plugin CharacterAI
LogPluginManager: Mounting plugin HTML5Networking
LogPluginManager: Mounting plugin AndroidMedia
LogPluginManager: Mounting plugin AvfMedia
LogPluginManager: Mounting plugin ImgMedia
LogPluginManager: Mounting plugin MediaCompositing
LogPluginManager: Mounting plugin MediaPlayerEditor
LogPluginManager: Mounting plugin WmfMedia
LogPluginManager: Mounting plugin TcpMessaging
LogPluginManager: Mounting plugin UdpMessaging
LogPluginManager: Mounting plugin ActorSequence
LogPluginManager: Mounting plugin LevelSequenceEditor
LogPluginManager: Mounting plugin MatineeToLevelSequence
LogPluginManager: Mounting plugin OnlineSubsystemGooglePlay
LogPluginManager: Mounting plugin OnlineSubsystemIOS
LogPluginManager: Mounting plugin OnlineSubsystem
LogPluginManager: Mounting plugin OnlineSubsystemNull
LogPluginManager: Mounting plugin OnlineSubsystemUtils
LogPluginManager: Mounting plugin AndroidDeviceProfileSelector
LogPluginManager: Mounting plugin AndroidMoviePlayer
LogPluginManager: Mounting plugin AndroidPermission
LogPluginManager: Mounting plugin AppleARKit
LogPluginManager: Mounting plugin AppleMoviePlayer
LogPluginManager: Mounting plugin ArchVisCharacter
LogPluginManager: Mounting plugin CableComponent
LogPluginManager: Mounting plugin CustomMeshComponent
LogPluginManager: Mounting plugin ExampleDeviceProfileSelector
LogPluginManager: Mounting plugin GoogleCloudMessaging
LogPluginManager: Mounting plugin ImmediatePhysics
LogPluginManager: Mounting plugin IOSDeviceProfileSelector
LogPluginManager: Mounting plugin LinuxDeviceProfileSelector
LogPluginManager: Mounting plugin LocationServicesBPLibrary
LogPluginManager: Mounting plugin MobilePatchingUtils
LogPluginManager: Mounting plugin OculusVR
LogPluginManager: Plugin shader directory ../../../Engine/Plugins/Runtime/Oculus/OculusVR/Shaders found
LogPluginManager: Mapping shader source directory ../../../Engine/Plugins/Runtime/Oculus/OculusVR/Shaders to virtual directory /Plugin/OculusVR
LogPluginManager: Mounting plugin PhysXVehicles
LogPluginManager: Mounting plugin ProceduralMeshComponent
LogPluginManager: Mounting plugin RuntimePhysXCooking
LogPluginManager: Mounting plugin SteamVR
LogPluginManager: Mounting plugin WindowsMoviePlayer
LogInit: Using libcurl 7.47.1
LogInit:  - built for x86_64-pc-win32
LogInit:  - supports SSL with OpenSSL/1.0.2g
LogInit:  - supports HTTP deflate (compression) using libz 1.2.8
LogInit:  - other features:
LogInit:      CURL_VERSION_SSL
LogInit:      CURL_VERSION_LIBZ
LogInit:      CURL_VERSION_IPV6
LogInit:      CURL_VERSION_ASYNCHDNS
LogInit:      CURL_VERSION_LARGEFILE
LogInit:      CURL_VERSION_IDN
LogInit:  CurlRequestOptions (configurable via config and command line):
LogInit:  - bVerifyPeer = false  - Libcurl will NOT verify peer certificate
LogInit:  - bUseHttpProxy = false  - Libcurl will NOT use HTTP proxy
LogInit:  - bDontReuseConnections = false  - Libcurl will reuse connections
LogInit:  - CertBundlePath = nullptr  - Libcurl will use whatever was configured at build time.
LogInit: Build: ++UE4+Release-4.18-CL-3832480
LogInit: Engine Version: 4.18.3-3832480+++UE4+Release-4.18
LogInit: Compatible Engine Version: 4.18.0-3709383+++UE4+Release-4.18
LogInit: Net CL: 3709383
LogDevObjectVersion: Number of dev versions registered: 16
LogDevObjectVersion:   Dev-Blueprints (B0D832E4-1F89-4F0D-ACCF-7EB736FD4AA2): 10
LogDevObjectVersion:   Dev-Build (E1C64328-A22C-4D53-A36C-8E866417BD8C): 0
LogDevObjectVersion:   Dev-Core (375EC13C-06E4-48FB-B500-84F0262A717E): 2
LogDevObjectVersion:   Dev-Editor (E4B068ED-F494-42E9-A231-DA0B2E46BB41): 20
LogDevObjectVersion:   Dev-Framework (CFFC743F-43B0-4480-9391-14DF171D2073): 30
LogDevObjectVersion:   Dev-Mobile (B02B49B5-BB20-44E9-A304-32B752E40360): 0
LogDevObjectVersion:   Dev-Networking (A4E4105C-59A1-49B5-A7C5-40C4547EDFEE): 0
LogDevObjectVersion:   Dev-Online (39C831C9-5AE6-47DC-9A44-9C173E1C8E7C): 0
LogDevObjectVersion:   Dev-Physics (78F01B33-EBEA-4F98-B9B4-84EACCB95AA2): 0
LogDevObjectVersion:   Dev-Platform (6631380F-2D4D-43E0-8009-CF276956A95A): 0
LogDevObjectVersion:   Dev-Rendering (12F88B9F-8875-4AFC-A67C-D90C383ABD29): 20
LogDevObjectVersion:   Dev-Sequencer (7B5AE74C-D270-4C10-A958-57980B212A5A): 4
LogDevObjectVersion:   Dev-VR (D7296918-1DD6-4BDD-9DE2-64A83CC13884): 0
LogDevObjectVersion:   Dev-LoadTimes (C2A15278-BFE7-4AFE-6C17-90FF531DF755): 1
LogDevObjectVersion:   Private-Geometry (6EACA3D4-40EC-4CC1-B786-8BED09428FC5): 1
LogDevObjectVersion:   Dev-AnimPhys (29E575DD-E0A3-4627-9D10-D276232CDCEA): 12
LogInit: Compiled (64-bit): Jan 12 2018 02:04:55
LogInit: Compiled with Visual C++: 19.00.24215.01
LogInit: Build Configuration: Development
LogInit: Branch Name: ++UE4+Release-4.18
LogInit: Command line:  
LogInit: Base directory: C:/Program Files/Epic Games/UE_4.18/Engine/Binaries/Win64/
LogInit: Installed Engine Build: 1
LogInit: Presizing for max 8388607 objects, including 0 objects not considered by GC, pre-allocating 0 bytes for permanent pool.
LogInit: Object subsystem initialized
[2018.05.27-03.44.52:304][  0]LogInit: Selected Device Profile: [Windows]
[2018.05.27-03.44.52:304][  0]LogInit: Applying CVar settings loaded from the selected device profile: [Windows]
[2018.05.27-03.44.52:328][  0]LogInit: Computer: JUN-HYOENG-HOME
[2018.05.27-03.44.52:328][  0]LogInit: User: user
[2018.05.27-03.44.52:328][  0]LogInit: CPU Page size=4096, Cores=6
[2018.05.27-03.44.52:328][  0]LogInit: High frequency timer resolution =2.929689 MHz
[2018.05.27-03.44.52:328][  0]LogMemory: Memory total: Physical=15.9GB (16GB approx)
[2018.05.27-03.44.52:328][  0]LogMemory: Platform Memory Stats for Windows
[2018.05.27-03.44.52:328][  0]LogMemory: Process Physical Memory: 275.73 MB used, 275.73 MB peak
[2018.05.27-03.44.52:328][  0]LogMemory: Process Virtual Memory: 272.09 MB used, 272.09 MB peak
[2018.05.27-03.44.52:328][  0]LogMemory: Physical Memory: 3653.49 MB used,  12644.49 MB free, 16297.98 MB total
[2018.05.27-03.44.52:328][  0]LogMemory: Virtual Memory: 4784.98 MB used,  12644.49 MB free, 134217728.00 MB total
[2018.05.27-03.44.52:634][  0]LogInit: Using OS detected language (ko-KR).
[2018.05.27-03.44.52:634][  0]LogInit: Using OS detected locale (ko-KR).
[2018.05.27-03.44.52:701][  0]LogTextLocalizationManager: No specific localization for 'ko-KR' exists, so the 'ko' localization will be used.
[2018.05.27-03.44.52:907][  0]LogInit: Setting process to per monitor DPI aware
[2018.05.27-03.44.54:831][  0]LogD3D11RHI: D3D11 adapters:
[2018.05.27-03.44.54:970][  0]LogD3D11RHI:    0. 'NVIDIA GeForce GTX 1060 6GB' (Feature Level 11_0)
[2018.05.27-03.44.54:970][  0]LogD3D11RHI:       6052/0/8148 MB DedicatedVideo/DedicatedSystem/SharedSystem, Outputs:2, VendorId:0x10de
[2018.05.27-03.44.54:981][  0]LogD3D11RHI:    1. 'Microsoft Basic Render Driver' (Feature Level 11_0)
[2018.05.27-03.44.54:981][  0]LogD3D11RHI:       0/0/8148 MB DedicatedVideo/DedicatedSystem/SharedSystem, Outputs:0, VendorId:0x1414
[2018.05.27-03.44.54:981][  0]LogD3D11RHI: Chosen D3D11 Adapter: 0
[2018.05.27-03.44.54:986][  0]LogD3D11RHI: Creating new Direct3DDevice
[2018.05.27-03.44.54:986][  0]LogD3D11RHI:     GPU DeviceId: 0x1c03 (for the marketing name, search the web for "GPU Device Id")
[2018.05.27-03.44.54:986][  0]LogWindows: EnumDisplayDevices:
[2018.05.27-03.44.54:986][  0]LogWindows:    0. 'NVIDIA GeForce GTX 1060 6GB' (P:1 D:1)
[2018.05.27-03.44.54:987][  0]LogWindows:    1. 'NVIDIA GeForce GTX 1060 6GB' (P:0 D:1)
[2018.05.27-03.44.54:987][  0]LogWindows:    2. 'NVIDIA GeForce GTX 1060 6GB' (P:0 D:0)
[2018.05.27-03.44.54:987][  0]LogWindows:    3. 'NVIDIA GeForce GTX 1060 6GB' (P:0 D:0)
[2018.05.27-03.44.54:987][  0]LogWindows: DebugString: GetVideoDriverDetailsInvalid PrimaryIsNotTheChoosenAdapter GetVideoDriverDetailsInvalid PrimaryIsNotTheChoosenAdapter GetVideoDriverDetailsInvalid PrimaryIsNotTheChoosenAdapter GetVideoDriverDetailsInvalid PrimaryIsNotTheChoosenAdapter FoundDriverCount:0 
[2018.05.27-03.44.54:987][  0]LogD3D11RHI:     Adapter Name: NVIDIA GeForce GTX 1060 6GB
[2018.05.27-03.44.54:987][  0]LogD3D11RHI:   Driver Version: Unknown (internal:Unknown, unified:Unknown)
[2018.05.27-03.44.54:987][  0]LogD3D11RHI:      Driver Date: Unknown
[2018.05.27-03.44.54:987][  0]LogRHI: Texture pool is 4236 MB (70% of 6052 MB)
[2018.05.27-03.44.55:021][  0]LogD3D11RHI: Async texture creation enabled
[2018.05.27-03.44.55:051][  0]LogD3D11RHI: GPU Timing Frequency: 1000.000000 (Debug: 2 2)
[2018.05.27-03.44.55:100][  0]LogShaderCompilers: Guid format shader working directory is -13 characters bigger than the processId version (../../../../../../Users/user/Documents/GitHub/SecurityGame/Intermediate/Shaders/WorkingDirectory/9204/).
[2018.05.27-03.44.55:100][  0]LogShaderCompilers: Cleaned the shader compiler working directory 'C:/Users/user/AppData/Local/Temp/UnrealShaderWorkingDir/84DD8FE64666B14906840FA28C7D12A2/'.
[2018.05.27-03.44.55:100][  0]LogShaderCompilers: Display: Using Local Shader Compiler.
[2018.05.27-03.44.57:465][  0]LogTemp: Display: Loaded TP AllDesktopTargetPlatform
[2018.05.27-03.44.57:526][  0]LogTemp: Display: Loaded TP MacClientTargetPlatform
[2018.05.27-03.44.57:584][  0]LogTemp: Display: Loaded TP MacNoEditorTargetPlatform
[2018.05.27-03.44.57:640][  0]LogTemp: Display: Loaded TP MacServerTargetPlatform
[2018.05.27-03.44.57:700][  0]LogTemp: Display: Loaded TP MacTargetPlatform
[2018.05.27-03.44.57:761][  0]LogTemp: Display: Loaded TP WindowsClientTargetPlatform
[2018.05.27-03.44.57:818][  0]LogTemp: Display: Loaded TP WindowsNoEditorTargetPlatform
[2018.05.27-03.44.57:877][  0]LogTemp: Display: Loaded TP WindowsServerTargetPlatform
[2018.05.27-03.44.57:927][  0]LogTemp: Display: Loaded TP WindowsTargetPlatform
[2018.05.27-03.44.57:986][  0]LogTemp: Display: Loaded TP Android_ASTCTargetPlatform
[2018.05.27-03.44.58:043][  0]LogTemp: Display: Loaded TP Android_ATCTargetPlatform
[2018.05.27-03.44.58:099][  0]LogTemp: Display: Loaded TP Android_DXTTargetPlatform
[2018.05.27-03.44.58:158][  0]LogTemp: Display: Loaded TP Android_ETC1TargetPlatform
[2018.05.27-03.44.58:215][  0]LogTemp: Display: Loaded TP Android_ETC2TargetPlatform
[2018.05.27-03.44.58:328][  0]LogTemp: Display: Loaded TP Android_MultiTargetPlatform
[2018.05.27-03.44.58:328][  0]LogTemp: Display: Loaded TP Android_PVRTCTargetPlatform
[2018.05.27-03.44.58:392][  0]LogTemp: Display: Loaded TP AndroidTargetPlatform
[2018.05.27-03.44.58:442][  0]LogTemp: Display: Loaded TP HTML5TargetPlatform
[2018.05.27-03.44.58:551][  0]LogTemp: Display: Loaded TP IOSTargetPlatform
[2018.05.27-03.44.58:581][  0]LogTemp: Display: Loaded TP TVOSTargetPlatform
[2018.05.27-03.44.58:637][  0]LogTemp: Display: Loaded TP LinuxClientTargetPlatform
[2018.05.27-03.44.58:694][  0]LogTemp: Display: Loaded TP LinuxNoEditorTargetPlatform
[2018.05.27-03.44.58:752][  0]LogTemp: Display: Loaded TP LinuxServerTargetPlatform
[2018.05.27-03.44.58:810][  0]LogTemp: Display: Loaded TP LinuxTargetPlatform
[2018.05.27-03.44.58:810][  0]LogTargetPlatformManager: Display: Building Assets For Windows
[2018.05.27-03.44.59:418][  0]LogDerivedDataCache: Display: Max Cache Size: 512 MB
[2018.05.27-03.44.59:702][  0]LogDerivedDataCache: Loaded boot cache 0.28s 78MB C:/Users/user/AppData/Local/UnrealEngine/4.18/DerivedDataCache/Boot.ddc.
[2018.05.27-03.44.59:702][  0]LogDerivedDataCache: Display: Loaded Boot cache: C:/Users/user/AppData/Local/UnrealEngine/4.18/DerivedDataCache/Boot.ddc
[2018.05.27-03.44.59:702][  0]LogDerivedDataCache: FDerivedDataBackendGraph:  Pak pak cache file ../../../../../../Users/user/Documents/GitHub/SecurityGame/DerivedDataCache/DDC.ddp not found, will not use a pak cache.
[2018.05.27-03.44.59:702][  0]LogDerivedDataCache: Unable to find inner node Pak for hierarchical cache Hierarchy.
[2018.05.27-03.44.59:702][  0]LogDerivedDataCache: FDerivedDataBackendGraph:  CompressedPak pak cache file ../../../../../../Users/user/Documents/GitHub/SecurityGame/DerivedDataCache/Compressed.ddp not found, will not use a pak cache.
[2018.05.27-03.44.59:702][  0]LogDerivedDataCache: Unable to find inner node CompressedPak for hierarchical cache Hierarchy.
[2018.05.27-03.44.59:724][  0]LogDerivedDataCache: Display: Pak cache opened for reading ../../../Engine/DerivedDataCache/Compressed.ddp.
[2018.05.27-03.44.59:736][  0]LogDerivedDataCache: Using Local data cache path C:/Users/user/AppData/Local/UnrealEngine/Common/DerivedDataCache: Writable
[2018.05.27-03.44.59:747][  0]LogMaterial: Verifying Global Shaders for PCD3D_SM5
[2018.05.27-03.44.59:752][  0]LogSlate: Using Freetype 2.6.0
[2018.05.27-03.44.59:760][  0]LogSlate: SlateFontCache - WITH_FREETYPE: 1, WITH_HARFBUZZ: 1
[2018.05.27-03.44.59:760][  0]LogSlate: SlateFontCache - WITH_FREETYPE: 1, WITH_HARFBUZZ: 1
[2018.05.27-03.45.00:446][  0]LogInit: Selected Device Profile: [Windows]
[2018.05.27-03.45.00:958][  0]LogSimplygon: Simplygon DLL not present - disabling.
[2018.05.27-03.45.01:006][  0]LogMeshReduction: Using SimplygonSwarm for distributed automatic mesh merging
[2018.05.27-03.45.01:007][  0]LogMeshReduction: Using QuadricMeshReduction for automatic static mesh reduction
[2018.05.27-03.45.01:007][  0]LogMeshReduction: No automatic skeletal mesh reduction module available
[2018.05.27-03.45.01:007][  0]LogMeshReduction: No automatic mesh merging module available
[2018.05.27-03.45.01:007][  0]LogMeshMerging: No automatic mesh merging module available
[2018.05.27-03.45.01:076][  0]LogNetVersion: Trolley , NetCL: 3709383, EngineNetVer: 2, GameNetVer: 0 (Checksum: 2282078908)
[2018.05.27-03.45.01:461][  0]LogAssetRegistry: FAssetRegistry took 0.0279 seconds to start up
[2018.05.27-03.45.02:380][  0]LogPackageLocalizationCache: Processed 7 localized package path(s) for 2 prioritized culture(s) in 0.057733 seconds
[2018.05.27-03.45.02:385][  0]LogUObjectArray: 35870 objects as part of root set at end of initial load.
[2018.05.27-03.45.02:385][  0]LogUObjectAllocator: 7363704 out of 0 bytes used by permanent object pool.
[2018.05.27-03.45.02:385][  0]LogUObjectArray: CloseDisregardForGC: 0/0 objects in disregard for GC pool
[2018.05.27-03.45.02:448][  0]LogInit: WinSock: version 1.1 (2.2), MaxSocks=32767, MaxUdp=65467
[2018.05.27-03.45.07:459][  0]LogTcpMessaging: Initializing TcpMessaging bridge
[2018.05.27-03.45.07:509][  0]LogUdpMessaging: Initializing bridge on interface 0.0.0.0:0 to multicast group 230.0.0.1:6666.
[2018.05.27-03.45.08:374][  0]LogMaterial: Uniform references updated for custom material expression Custom.
[2018.05.27-03.45.08:877][  0]SourceControl: 소스 콘트롤이 꺼졌습니다.
[2018.05.27-03.45.08:877][  0]SourceControl: 소스 콘트롤이 꺼졌습니다.
[2018.05.27-03.45.08:947][  0]SourceControl: 소스 콘트롤이 꺼졌습니다.
[2018.05.27-03.45.09:012][  0]SourceControl: 소스 콘트롤이 꺼졌습니다.
[2018.05.27-03.45.10:017][  0]LogAndroidPermission: UAndroidPermissionCallbackProxy::GetInstance
[2018.05.27-03.45.10:337][  0]LogOcInput: OculusInput pre-init called
[2018.05.27-03.45.10:694][  0]LogEngine: Initializing Engine...
[2018.05.27-03.45.10:697][  0]LogHMD: Failed to initialize OpenVR with code 110
[2018.05.27-03.45.10:883][  0]LogStats: UGameplayTagsManager::ConstructGameplayTagTree: Construct from data asset -  0.000 s
[2018.05.27-03.45.10:883][  0]LogStats: UGameplayTagsManager::ConstructGameplayTagTree: GameplayTagTreeChangedEvent.Broadcast -  0.000 s
[2018.05.27-03.45.11:049][  0]LogAIModule: Creating AISystem for world Untitled
[2018.05.27-03.45.11:064][  0]LogInit: XAudio2 using '스피커(Realtek High Definition Audio)' : 2 channels at 48 kHz using 32 bits per sample (channel mask 0x3)
[2018.05.27-03.45.11:083][  0]LogInit: FAudioDevice initialized.
[2018.05.27-03.45.11:153][  0]LogDerivedDataCache: Saved boot cache 0.07s 78MB C:/Users/user/AppData/Local/UnrealEngine/4.18/DerivedDataCache/Boot.ddc.
[2018.05.27-03.45.11:165][  0]LogInit: Texture streaming: Enabled
[2018.05.27-03.45.11:282][  0]LogEngineSessionManager: EngineSessionManager initialized
[2018.05.27-03.45.11:498][  0]LogInit: Transaction tracking system initialized
[2018.05.27-03.45.11:897][  0]BlueprintLog: New page: 에디터 로드
[2018.05.27-03.45.13:018][  0]LocalizationService: 현지화 서비스가 비활성화되었습니다.
[2018.05.27-03.45.13:955][  0]LogConsoleResponse: Display: 
[2018.05.27-03.45.14:261][  0]LogCook: Display: Max memory allowance for cook 16384mb min free memory 0mb
[2018.05.27-03.45.14:261][  0]LogCook: Display: Mobile HDR setting 1
[2018.05.27-03.45.14:262][  0]LogGameplayTags: Display: UGameplayTagsManager::DoneAddingNativeTags. DelegateIsBound: 0
[2018.05.27-03.45.15:168][  0]LogFileCache: Scanning file cache for directory 'C:/Users/user/Documents/GitHub/SecurityGame/Content/' took 0.02s
[2018.05.27-03.45.15:801][  0]SourceControl: 소스 콘트롤이 꺼졌습니다.
[2018.05.27-03.45.15:803][  0]Cmd: MAP LOAD FILE="../../../../../../Users/user/Documents/GitHub/SecurityGame/Content/TopDownBP/Maps/TopDownExampleMap.umap" TEMPLATE=0 SHOWPROGRESS=1 FEATURELEVEL=3
[2018.05.27-03.45.15:803][  0]LogEditorServer: Warning: Can't find file '../../../../../../Users/user/Documents/GitHub/SecurityGame/Content/TopDownBP/Maps/TopDownExampleMap.umap'
[2018.05.27-03.45.15:803][  0]Cmd: MAP CHECKDEP NOCLEARLOG
[2018.05.27-03.45.15:849][  0]MapCheck: 맵 체크 완료: 오류 0 회, 경고 0 회, 소요 시간 46.291ms.
[2018.05.27-03.45.15:849][  0]LogFileHelpers: Loading map 'TopDownExampleMap' took 0.048
[2018.05.27-03.45.16:053][  0]LogCollectionManager: Loaded 0 collections in 0.001854 seconds
[2018.05.27-03.45.16:162][  0]LogFileCache: Scanning file cache for directory 'C:/Users/user/Documents/GitHub/SecurityGame/Saved/Collections/' took 0.01s
[2018.05.27-03.45.16:162][  0]LogFileCache: Scanning file cache for directory 'C:/Users/user/Documents/GitHub/SecurityGame/Content/Developers/user/Collections/' took 0.01s
[2018.05.27-03.45.16:162][  0]LogFileCache: Scanning file cache for directory 'C:/Users/user/Documents/GitHub/SecurityGame/Content/Collections/' took 0.01s
[2018.05.27-03.45.16:162][  0]LogCollectionManager: Rebuilt the GUID cache for 0 collections in 0.000000 seconds
[2018.05.27-03.45.16:171][  0]LogContentBrowser: Native class hierarchy populated in 0.0072 seconds. Added 2363 classes and 519 folders.
[2018.05.27-03.45.16:250][  0]LogContentBrowser: Native class hierarchy updated for 'WidgetCarousel' in 0.0002 seconds. Added 0 classes and 0 folders.
[2018.05.27-03.45.16:571][  0]LogContentBrowser: Native class hierarchy updated for 'AddContentDialog' in 0.0002 seconds. Added 0 classes and 0 folders.
[2018.05.27-03.45.16:629][  0]LogContentBrowser: Native class hierarchy updated for 'SceneOutliner' in 0.0002 seconds. Added 1 classes and 2 folders.
[2018.05.27-03.45.16:909][  0]LogContentBrowser: Native class hierarchy updated for 'HierarchicalLODOutliner' in 0.0002 seconds. Added 1 classes and 2 folders.
[2018.05.27-03.45.16:909][  0]LogLoad: (Engine Initialization) Total time: 29.43 seconds
[2018.05.27-03.45.16:909][  0]LogLoad: (Engine Initialization) Total Blueprint compile time: 0.00 seconds
[2018.05.27-03.45.16:909][  0]LogExternalProfiler: No external profilers were discovered.  External profiling features will not be available.
[2018.05.27-03.45.17:272][  0]LogContentStreaming: Texture pool size now 1000 MB
[2018.05.27-03.45.17:279][  0]LogSlate: Took 0.004275 seconds to synchronously load lazily loaded font '../../../Engine/Content/Slate/Fonts/Roboto-Regular.ttf' (155K)
[2018.05.27-03.45.17:299][  0]LogSlate: Took 0.019293 seconds to synchronously load lazily loaded font '../../../Engine/Content/Slate/Fonts/NanumGothic.ttf' (4243K)
[2018.05.27-03.45.17:304][  0]LogSlate: Took 0.003915 seconds to synchronously load lazily loaded font '../../../Engine/Content/Slate/Fonts/Roboto-Bold.ttf' (160K)
[2018.05.27-03.45.17:314][  0]LogSlate: Took 0.007017 seconds to synchronously load lazily loaded font '../../../Engine/Content/Editor/Slate/Fonts/FontAwesome.ttf' (139K)
[2018.05.27-03.45.17:495][  0]LogSlate: Took 0.003366 seconds to synchronously load lazily loaded font '../../../Engine/Content/Slate/Fonts/Roboto-Light.ttf' (159K)
[2018.05.27-03.45.17:517][  1]LogRenderer: Reallocating scene render targets to support 960x360 Format 10 NumSamples 1 (Frame:1).
[2018.05.27-03.45.17:594][  1]LogAssetRegistry: Asset discovery search completed in 16.1564 seconds
[2018.05.27-03.45.17:596][  1]LogCollectionManager: Rebuilt the object cache for 0 collections in 0.000000 seconds (found 0 objects)
[2018.05.27-03.45.17:596][  1]LogCollectionManager: Fixed up redirectors for 0 collections in 0.000035 seconds (updated 0 objects)
[2018.05.27-03.45.58:974][125]LogRenderer: Reallocating scene render targets to support 1208x576 Format 10 NumSamples 1 (Frame:3).
[2018.05.27-03.46.10:192][439]LogSlate: Took 0.000122 seconds to synchronously load lazily loaded font '../../../Engine/Content/Slate/Fonts/Roboto-Light.ttf' (159K)
[2018.05.27-03.46.10:680][439]LogMaterial: Uniform references updated for custom material expression Custom.
[2018.05.27-03.46.11:414][439]LogAIModule: Creating AISystem for world Day1
[2018.05.27-03.46.11:451][439]LogSlate: Took 0.000132 seconds to synchronously load lazily loaded font '../../../Engine/Content/Slate/Fonts/Roboto-Regular.ttf' (155K)
[2018.05.27-03.46.11:472][439]Cmd: MAP LOAD FILE="../../../../../../Users/user/Documents/GitHub/SecurityGame/Content/TopDownBP/Maps/Day1.umap" TEMPLATE=0 SHOWPROGRESS=1 FEATURELEVEL=3
[2018.05.27-03.46.11:472][439]LightingResults: New page: 라이팅 빌드
[2018.05.27-03.46.11:518][439]LogContentBrowser: Native class hierarchy updated for 'StatsViewer' in 0.0002 seconds. Added 5 classes and 0 folders.
[2018.05.27-03.46.11:519][439]LoadErrors: New page: 맵 로드중: Day1.umap
[2018.05.27-03.46.11:520][439]MapCheck: New page: 맵 체크
[2018.05.27-03.46.11:520][439]LightingResults: New page: 라이팅 빌드
[2018.05.27-03.46.11:619][439]LogEditorServer: Finished looking for orphan Actors (0.000 secs)
[2018.05.27-03.46.11:670][439]Cmd: MAP CHECKDEP NOCLEARLOG
[2018.05.27-03.46.11:735][439]MapCheck: 맵 체크 완료: 오류 0 회, 경고 0 회, 소요 시간 64.496ms.
[2018.05.27-03.46.11:735][439]LogFileHelpers: Loading map 'Day1' took 0.264
[2018.05.27-03.46.19:061][271]LogSlate: Took 0.003292 seconds to synchronously load lazily loaded font '../../../Engine/Content/Editor/Slate/Fonts/Roboto-Italic.ttf' (157K)
[2018.05.27-03.46.32:029][811]LogEditorViewport: Clicking on Actor (LMB): BP_Roof_C (2F_CCTV룸천장)
[2018.05.27-03.46.32:604][874]LogEditorViewport: Clicking on Actor (LMB): BP_Roof_C (2F_선임연구실천장)
[2018.05.27-03.46.33:455][973]LogEditorViewport: Clicking on Actor (LMB): BP_Roof_C (2F_CCTV룸천장)
[2018.05.27-03.46.57:394][733]LogMetaData: Removing '/Game/TopDownBP/Blueprints/1F관리사무실_천장.SKEL_1F관리사무실_천장_C' ref from Metadata '/Game/TopDownBP/Blueprints/BP_Roof_2.PackageMetaData'
[2018.05.27-03.46.57:394][733]LogMetaData: Removing '/Game/TopDownBP/Blueprints/1F관리사무실_천장.1F관리사무실_천장_C' ref from Metadata '/Game/TopDownBP/Blueprints/BP_Roof_2.PackageMetaData'
[2018.05.27-03.46.57:434][733]Cmd: OBJ SAVEPACKAGE PACKAGE="/Game/TopDownBP/Blueprints/1F관리사무실_천장" FILE="../../../../../../Users/user/Documents/GitHub/SecurityGame/Content/TopDownBP/Blueprints/1F관리사무실_천장.uasset" SILENT=true
[2018.05.27-03.46.57:477][733]LogSavePackage: Save=41.07ms
[2018.05.27-03.46.57:477][733]LogSavePackage: Moving '../../../../../../Users/user/Documents/GitHub/SecurityGame/Saved/1F관리사무실_천장FDD03EC74262AC49123ED695A240FE31.tmp' to '../../../../../../Users/user/Documents/GitHub/SecurityGame/Content/TopDownBP/Blueprints/1F관리사무실_천장.uasset'
[2018.05.27-03.46.57:481][733]LogSavePackage: Display: Finished SavePackage ../../../../../../Users/user/Documents/GitHub/SecurityGame/Content/TopDownBP/Blueprints/1F관리사무실_천장.uasset
[2018.05.27-03.46.59:370][908]LogContentBrowser: Native class hierarchy updated for 'BlueprintGraph' in 0.0005 seconds. Added 116 classes and 0 folders.
[2018.05.27-03.46.59:951][908]LogSlate: Took 0.003343 seconds to synchronously load lazily loaded font '../../../Engine/Content/Editor/Slate/Fonts/Roboto-BoldCondensed.ttf' (158K)
[2018.05.27-03.47.12:679][ 75]BlueprintLog: New page: 1F관리사무실_천장 컴파일
[2018.05.27-03.47.13:263][ 96]Cmd: OBJ SAVEPACKAGE PACKAGE="/Game/TopDownBP/Blueprints/1F관리사무실_천장" FILE="../../../../../../Users/user/Documents/GitHub/SecurityGame/Content/TopDownBP/Blueprints/1F관리사무실_천장.uasset" SILENT=true
[2018.05.27-03.47.13:314][ 96]LogSavePackage: Save=43.92ms
[2018.05.27-03.47.13:314][ 96]LogSavePackage: Moving '../../../../../../Users/user/Documents/GitHub/SecurityGame/Saved/1F관리사무실_천장F34602E24FB5E633E70ECD9581DBD9F2.tmp' to '../../../../../../Users/user/Documents/GitHub/SecurityGame/Content/TopDownBP/Blueprints/1F관리사무실_천장.uasset'
[2018.05.27-03.47.13:316][ 96]LogSavePackage: Display: Finished SavePackage ../../../../../../Users/user/Documents/GitHub/SecurityGame/Content/TopDownBP/Blueprints/1F관리사무실_천장.uasset
[2018.05.27-03.47.15:861][322]LogRenderer: Reallocating scene render targets to support 1208x808 Format 10 NumSamples 1 (Frame:1).
[2018.05.27-03.47.34:263][277]BlueprintLog: New page: 1F관리사무실_천장 컴파일
[2018.05.27-03.47.34:810][295]Cmd: OBJ SAVEPACKAGE PACKAGE="/Game/TopDownBP/Blueprints/1F관리사무실_천장" FILE="../../../../../../Users/user/Documents/GitHub/SecurityGame/Content/TopDownBP/Blueprints/1F관리사무실_천장.uasset" SILENT=true
[2018.05.27-03.47.34:857][295]LogSavePackage: Save=44.57ms
[2018.05.27-03.47.34:857][295]LogSavePackage: Moving '../../../../../../Users/user/Documents/GitHub/SecurityGame/Saved/1F관리사무실_천장8661B533431E7E2D58B1B9AE767EB4F8.tmp' to '../../../../../../Users/user/Documents/GitHub/SecurityGame/Content/TopDownBP/Blueprints/1F관리사무실_천장.uasset'
[2018.05.27-03.47.34:860][295]LogSavePackage: Display: Finished SavePackage ../../../../../../Users/user/Documents/GitHub/SecurityGame/Content/TopDownBP/Blueprints/1F관리사무실_천장.uasset
[2018.05.27-03.47.37:495][549]LogEditorViewport: Clicking on Actor (LMB): BP_Roof_C (1F_경비원실천장)
[2018.05.27-03.48.23:380][ 25]BlueprintLog: New page: BP_Roof 컴파일
[2018.05.27-03.48.24:341][ 25]Cmd: OBJ SAVEPACKAGE PACKAGE="/Game/TopDownBP/Blueprints/BP_Roof" FILE="../../../../../../Users/user/Documents/GitHub/SecurityGame/Content/TopDownBP/Blueprints/BP_Roof.uasset" SILENT=true
[2018.05.27-03.48.24:387][ 25]LogSavePackage: Save=38.43ms
[2018.05.27-03.48.24:387][ 25]LogSavePackage: Moving '../../../../../../Users/user/Documents/GitHub/SecurityGame/Saved/BP_RoofFB55407D4A1CF1724B4632A594CC15A6.tmp' to '../../../../../../Users/user/Documents/GitHub/SecurityGame/Content/TopDownBP/Blueprints/BP_Roof.uasset'
[2018.05.27-03.48.24:390][ 25]LogSavePackage: Display: Finished SavePackage ../../../../../../Users/user/Documents/GitHub/SecurityGame/Content/TopDownBP/Blueprints/BP_Roof.uasset
[2018.05.27-03.48.29:803][524]LogEditorViewport: Clicking on Actor (LMB): BP_Roof_C (1F_경비원실천장)
[2018.05.27-03.48.31:110][652]Cmd: DELETE
[2018.05.27-03.48.31:110][652]Cmd: ACTOR DELETE
[2018.05.27-03.48.31:126][652]LogEditorActor: Deleted Actor: BP_Roof_C
[2018.05.27-03.48.31:149][652]LogEditorActor: Deleted 1 Actors (0.034 secs)
[2018.05.27-03.48.36:160][137]LogEditorViewport: Clicking on Actor (LMB): BP_Roof_C (1F_CCTV룸천장)
[2018.05.27-03.48.43:603][899]LogEditorViewport: Clicking on Actor (LMB): 1F관리사무실_천장_C (1F관리사무실_천장)
[2018.05.27-03.48.44:915][ 34]LogEditorViewport: Clicking on Actor (LMB): BP_Roof_C (1F_CCTV룸천장)
[2018.05.27-03.48.46:296][175]LogEditorViewport: Clicking on Actor (LMB): 1F관리사무실_천장_C (1F관리사무실_천장)
[2018.05.27-03.49.08:033][295]LogEditorViewport: Clicking on Actor (LMB): 1F관리사무실_천장_C (1F관리사무실_천장)
[2018.05.27-03.49.17:509][181]LogEditorViewport: Clicking Background
[2018.05.27-03.49.19:936][444]LogEditorViewport: Clicking on Actor (LMB): 1F관리사무실_천장_C (1F관리사무실_천장)
[2018.05.27-03.49.22:437][687]LogEditorViewport: Clicking Background
[2018.05.27-03.49.32:739][843]LogTemp: Repeating last play command: 새 에디터 창 (PIE)
[2018.05.27-03.49.32:866][843]LogBlueprintUserMessages: Early PlayInEditor Detection: Level '/Game/TopDownBP/Maps/Day1.Day1:PersistentLevel' has LevelScriptBlueprint '/Game/TopDownBP/Maps/Day1.Day1:PersistentLevel.Day1' with GeneratedClass '/Game/TopDownBP/Maps/Day1.Day1_C' with ClassGeneratedBy '/Game/TopDownBP/Maps/Day1.Day1:PersistentLevel.Day1'
[2018.05.27-03.49.32:868][843]BlueprintLog: New page: 플레이 전 자동 컴파일
[2018.05.27-03.49.32:869][843]LogPlayLevel: [PlayLevel] Compiling Day1 before play...
[2018.05.27-03.49.32:961][843]LogPlayLevel: PlayLevel: Blueprint regeneration took 93 ms (1 blueprints)
[2018.05.27-03.49.32:962][843]PIE: New page: PIE 세션: Day1 (2018. 5. 27. 오후 9:49:32)
[2018.05.27-03.49.32:962][843]LogPlayLevel: Creating play world package: /Game/TopDownBP/Maps/UEDPIE_0_Day1
[2018.05.27-03.49.32:984][843]LogPlayLevel: PIE: StaticDuplicateObject took: (0.021964s)
[2018.05.27-03.49.32:985][843]LogAIModule: Creating AISystem for world Day1
[2018.05.27-03.49.32:985][843]LogPlayLevel: PIE: World Init took: (0.001221s)
[2018.05.27-03.49.32:986][843]LogPlayLevel: PIE: Created PIE world by copying editor world from /Game/TopDownBP/Maps/Day1.Day1 to /Game/TopDownBP/Maps/UEDPIE_0_Day1.Day1 (0.023664s)
[2018.05.27-03.49.33:009][843]LogInit: XAudio2 using '스피커(Realtek High Definition Audio)' : 2 channels at 48 kHz using 32 bits per sample (channel mask 0x3)
[2018.05.27-03.49.33:021][843]LogInit: FAudioDevice initialized.
[2018.05.27-03.49.33:101][843]LogLoad: Game class is 'TopDownGameMode_C'
[2018.05.27-03.49.33:109][843]LogWorld: Bringing World /Game/TopDownBP/Maps/UEDPIE_0_Day1.Day1 up for play (max tick rate 0) at 2018.05.27-12.49.33
[2018.05.27-03.49.33:110][843]LogWorld: Bringing up level for play took: 0.006648
[2018.05.27-03.49.33:161][843]LogContentBrowser: Native class hierarchy updated for 'MovieSceneCapture' in 0.0002 seconds. Added 11 classes and 0 folders.
[2018.05.27-03.49.33:175][843]PIE: /Game/TopDownBP/Maps/UEDPIE_0_Day1 에 대한 에디터에서 플레이 시작 시간: 1.261
[2018.05.27-03.49.33:176][843]LogBlueprintUserMessages: Late PlayInEditor Detection: Level '/Game/TopDownBP/Maps/Day1.Day1:PersistentLevel' has LevelScriptBlueprint '/Game/TopDownBP/Maps/Day1.Day1:PersistentLevel.Day1' with GeneratedClass '/Game/TopDownBP/Maps/Day1.Day1_C' with ClassGeneratedBy '/Game/TopDownBP/Maps/Day1.Day1:PersistentLevel.Day1'
[2018.05.27-03.49.33:240][843]LogRenderer: Reallocating scene render targets to support 1292x808 Format 10 NumSamples 1 (Frame:1).
[2018.05.27-03.49.33:281][844]LogCharacterMovement: Warning: GetSimulationTimeStep() - Max iterations 8 hit while remaining time 0.069584 > MaxSimulationTimeStep (0.050) for 'TopDownCharacter', movement 'Walking'
[2018.05.27-03.49.38:430][344]LogBlueprintUserMessages: Early EndPlayMap Detection: Level '/Game/TopDownBP/Maps/Day1.Day1:PersistentLevel' has LevelScriptBlueprint '/Game/TopDownBP/Maps/Day1.Day1:PersistentLevel.Day1' with GeneratedClass '/Game/TopDownBP/Maps/Day1.Day1_C' with ClassGeneratedBy '/Game/TopDownBP/Maps/Day1.Day1:PersistentLevel.Day1'
[2018.05.27-03.49.38:491][344]LogBlueprintUserMessages: Late EndPlayMap Detection: Level '/Game/TopDownBP/Maps/Day1.Day1:PersistentLevel' has LevelScriptBlueprint '/Game/TopDownBP/Maps/Day1.Day1:PersistentLevel.Day1' with GeneratedClass '/Game/TopDownBP/Maps/Day1.Day1_C' with ClassGeneratedBy '/Game/TopDownBP/Maps/Day1.Day1:PersistentLevel.Day1'
[2018.05.27-03.49.43:003][807]LogEditorViewport: Clicking on Actor (LMB): TopDownCharacter_C (TopDownCharacter)
[2018.05.27-03.50.17:578][601]LogTemp: Repeating last play command: 새 에디터 창 (PIE)
[2018.05.27-03.50.17:600][601]LogBlueprintUserMessages: Early PlayInEditor Detection: Level '/Game/TopDownBP/Maps/Day1.Day1:PersistentLevel' has LevelScriptBlueprint '/Game/TopDownBP/Maps/Day1.Day1:PersistentLevel.Day1' with GeneratedClass '/Game/TopDownBP/Maps/Day1.Day1_C' with ClassGeneratedBy '/Game/TopDownBP/Maps/Day1.Day1:PersistentLevel.Day1'
[2018.05.27-03.50.17:600][601]LogPlayLevel: PlayLevel: No blueprints needed recompiling
[2018.05.27-03.50.17:600][601]PIE: New page: PIE 세션: Day1 (2018. 5. 27. 오후 9:50:17)
[2018.05.27-03.50.17:600][601]LogPlayLevel: Creating play world package: /Game/TopDownBP/Maps/UEDPIE_0_Day1
[2018.05.27-03.50.17:621][601]LogPlayLevel: PIE: StaticDuplicateObject took: (0.020039s)
[2018.05.27-03.50.17:621][601]LogAIModule: Creating AISystem for world Day1
[2018.05.27-03.50.17:621][601]LogPlayLevel: PIE: World Init took: (0.000524s)
[2018.05.27-03.50.17:621][601]LogPlayLevel: PIE: Created PIE world by copying editor world from /Game/TopDownBP/Maps/Day1.Day1 to /Game/TopDownBP/Maps/UEDPIE_0_Day1.Day1 (0.020811s)
[2018.05.27-03.50.17:647][601]LogInit: XAudio2 using '스피커(Realtek High Definition Audio)' : 2 channels at 48 kHz using 32 bits per sample (channel mask 0x3)
[2018.05.27-03.50.17:659][601]LogInit: FAudioDevice initialized.
[2018.05.27-03.50.17:727][601]LogLoad: Game class is 'TopDownGameMode_C'
[2018.05.27-03.50.17:732][601]LogWorld: Bringing World /Game/TopDownBP/Maps/UEDPIE_0_Day1.Day1 up for play (max tick rate 0) at 2018.05.27-12.50.17
[2018.05.27-03.50.17:733][601]LogWorld: Bringing up level for play took: 0.005040
[2018.05.27-03.50.17:739][601]PIE: /Game/TopDownBP/Maps/UEDPIE_0_Day1 에 대한 에디터에서 플레이 시작 시간: -0.176
[2018.05.27-03.50.17:739][601]LogBlueprintUserMessages: Late PlayInEditor Detection: Level '/Game/TopDownBP/Maps/Day1.Day1:PersistentLevel' has LevelScriptBlueprint '/Game/TopDownBP/Maps/Day1.Day1:PersistentLevel.Day1' with GeneratedClass '/Game/TopDownBP/Maps/Day1.Day1_C' with ClassGeneratedBy '/Game/TopDownBP/Maps/Day1.Day1:PersistentLevel.Day1'
[2018.05.27-03.50.26:652][466]LogBlueprintUserMessages: Early EndPlayMap Detection: Level '/Game/TopDownBP/Maps/Day1.Day1:PersistentLevel' has LevelScriptBlueprint '/Game/TopDownBP/Maps/Day1.Day1:PersistentLevel.Day1' with GeneratedClass '/Game/TopDownBP/Maps/Day1.Day1_C' with ClassGeneratedBy '/Game/TopDownBP/Maps/Day1.Day1:PersistentLevel.Day1'
[2018.05.27-03.50.26:707][466]LogBlueprintUserMessages: Late EndPlayMap Detection: Level '/Game/TopDownBP/Maps/Day1.Day1:PersistentLevel' has LevelScriptBlueprint '/Game/TopDownBP/Maps/Day1.Day1:PersistentLevel.Day1' with GeneratedClass '/Game/TopDownBP/Maps/Day1.Day1_C' with ClassGeneratedBy '/Game/TopDownBP/Maps/Day1.Day1:PersistentLevel.Day1'
[2018.05.27-03.50.31:336][955]LogEditorViewport: Clicking on Actor (LMB): 1F관리사무실_천장_C (1F관리사무실_천장)
[2018.05.27-03.50.33:843][188]LogEditorViewport: Clicking on Actor (LMB): TopDownCharacter_C (TopDownCharacter)
[2018.05.27-03.50.39:733][707]Cmd: OBJ SAVEPACKAGE PACKAGE="/Game/TopDownBP/Blueprints/BP_Roof" FILE="../../../../../../Users/user/Documents/GitHub/SecurityGame/Content/TopDownBP/Blueprints/BP_Roof.uasset" SILENT=true
[2018.05.27-03.50.39:768][707]LogSavePackage: Save=31.99ms
[2018.05.27-03.50.39:768][707]LogSavePackage: Moving '../../../../../../Users/user/Documents/GitHub/SecurityGame/Saved/BP_RoofDFF1752341E0B47C3CA12D9260EFE1C4.tmp' to '../../../../../../Users/user/Documents/GitHub/SecurityGame/Content/TopDownBP/Blueprints/BP_Roof.uasset'
[2018.05.27-03.50.39:769][707]LogSavePackage: Display: Finished SavePackage ../../../../../../Users/user/Documents/GitHub/SecurityGame/Content/TopDownBP/Blueprints/BP_Roof.uasset
[2018.05.27-03.50.46:275][217]BlueprintLog: New page: 2F계단 컴파일
[2018.05.27-03.50.46:909][237]Cmd: OBJ SAVEPACKAGE PACKAGE="/Game/TopDownBP/Blueprints/2F계단" FILE="../../../../../../Users/user/Documents/GitHub/SecurityGame/Content/TopDownBP/Blueprints/2F계단.uasset" SILENT=true
[2018.05.27-03.50.46:987][237]LogSavePackage: Save=71.93ms
[2018.05.27-03.50.46:987][237]LogSavePackage: Moving '../../../../../../Users/user/Documents/GitHub/SecurityGame/Saved/2F계단534CBF1D4CDD68EBD4023F809FE84E7C.tmp' to '../../../../../../Users/user/Documents/GitHub/SecurityGame/Content/TopDownBP/Blueprints/2F계단.uasset'
[2018.05.27-03.50.46:989][237]LogSavePackage: Display: Finished SavePackage ../../../../../../Users/user/Documents/GitHub/SecurityGame/Content/TopDownBP/Blueprints/2F계단.uasset
[2018.05.27-03.50.48:358][346]LogTemp: Repeating last play command: 새 에디터 창 (PIE)
[2018.05.27-03.50.48:387][346]LogBlueprintUserMessages: Early PlayInEditor Detection: Level '/Game/TopDownBP/Maps/Day1.Day1:PersistentLevel' has LevelScriptBlueprint '/Game/TopDownBP/Maps/Day1.Day1:PersistentLevel.Day1' with GeneratedClass '/Game/TopDownBP/Maps/Day1.Day1_C' with ClassGeneratedBy '/Game/TopDownBP/Maps/Day1.Day1:PersistentLevel.Day1'
[2018.05.27-03.50.48:387][346]LogPlayLevel: PlayLevel: No blueprints needed recompiling
[2018.05.27-03.50.48:387][346]PIE: New page: PIE 세션: Day1 (2018. 5. 27. 오후 9:50:48)
[2018.05.27-03.50.48:387][346]LogPlayLevel: Creating play world package: /Game/TopDownBP/Maps/UEDPIE_0_Day1
[2018.05.27-03.50.48:408][346]LogPlayLevel: PIE: StaticDuplicateObject took: (0.021377s)
[2018.05.27-03.50.48:409][346]LogAIModule: Creating AISystem for world Day1
[2018.05.27-03.50.48:409][346]LogPlayLevel: PIE: World Init took: (0.000881s)
[2018.05.27-03.50.48:410][346]LogPlayLevel: PIE: Created PIE world by copying editor world from /Game/TopDownBP/Maps/Day1.Day1 to /Game/TopDownBP/Maps/UEDPIE_0_Day1.Day1 (0.022569s)
[2018.05.27-03.50.48:434][346]LogInit: XAudio2 using '스피커(Realtek High Definition Audio)' : 2 channels at 48 kHz using 32 bits per sample (channel mask 0x3)
[2018.05.27-03.50.48:446][346]LogInit: FAudioDevice initialized.
[2018.05.27-03.50.48:507][346]LogLoad: Game class is 'TopDownGameMode_C'
[2018.05.27-03.50.48:512][346]LogWorld: Bringing World /Game/TopDownBP/Maps/UEDPIE_0_Day1.Day1 up for play (max tick rate 0) at 2018.05.27-12.50.48
[2018.05.27-03.50.48:513][346]LogWorld: Bringing up level for play took: 0.004982
[2018.05.27-03.50.48:521][346]PIE: /Game/TopDownBP/Maps/UEDPIE_0_Day1 에 대한 에디터에서 플레이 시작 시간: 0.607
[2018.05.27-03.50.48:522][346]LogBlueprintUserMessages: Late PlayInEditor Detection: Level '/Game/TopDownBP/Maps/Day1.Day1:PersistentLevel' has LevelScriptBlueprint '/Game/TopDownBP/Maps/Day1.Day1:PersistentLevel.Day1' with GeneratedClass '/Game/TopDownBP/Maps/Day1.Day1_C' with ClassGeneratedBy '/Game/TopDownBP/Maps/Day1.Day1:PersistentLevel.Day1'
[2018.05.27-03.51.41:001][151]LogBlueprintUserMessages: Early EndPlayMap Detection: Level '/Game/TopDownBP/Maps/Day1.Day1:PersistentLevel' has LevelScriptBlueprint '/Game/TopDownBP/Maps/Day1.Day1:PersistentLevel.Day1' with GeneratedClass '/Game/TopDownBP/Maps/Day1.Day1_C' with ClassGeneratedBy '/Game/TopDownBP/Maps/Day1.Day1:PersistentLevel.Day1'
[2018.05.27-03.51.41:041][151]LogBlueprintUserMessages: Late EndPlayMap Detection: Level '/Game/TopDownBP/Maps/Day1.Day1:PersistentLevel' has LevelScriptBlueprint '/Game/TopDownBP/Maps/Day1.Day1:PersistentLevel.Day1' with GeneratedClass '/Game/TopDownBP/Maps/Day1.Day1_C' with ClassGeneratedBy '/Game/TopDownBP/Maps/Day1.Day1:PersistentLevel.Day1'
[2018.05.27-03.51.44:133][417]LogEditorViewport: Clicking on Actor (LMB): StaticMeshActor (SM_Shelf_C1)
[2018.05.27-03.51.45:296][512]LogEditorViewport: Clicking on Actor (CTRL LMB): StaticMeshActor (SM_Shelf_C5)
[2018.05.27-03.51.45:884][560]LogEditorViewport: Clicking on Actor (CTRL LMB): StaticMeshActor (SM_Shelf_C6)
[2018.05.27-03.51.46:275][590]LogEditorViewport: Clicking on Actor (CTRL LMB): StaticMeshActor (SM_Shelf_B3)
[2018.05.27-03.51.46:667][620]LogEditorViewport: Clicking on Actor (CTRL LMB): StaticMeshActor (SM_Shelf_B1)
[2018.05.27-03.51.47:265][668]LogEditorViewport: Clicking on Actor (CTRL LMB): StaticMeshActor (SM_Shelf_C2)
[2018.05.27-03.51.49:375][825]LogEditorViewport: Clicking on Actor (CTRL LMB): StaticMeshActor (SM_Shelf_C3)
[2018.05.27-03.51.49:765][849]LogEditorViewport: Clicking on Actor (CTRL LMB): StaticMeshActor (SM_Shelf_C4)
[2018.05.27-03.51.51:011][954]LogEditorViewport: Clicking on Actor (CTRL LMB): StaticMeshActor (table2)
[2018.05.27-03.51.52:670][ 83]LogEditorViewport: Clicking on Actor (CTRL LMB): StaticMeshActor (table)
[2018.05.27-03.51.54:049][173]LogEditorViewport: Clicking on Actor (CTRL LMB): StaticMeshActor (SM_Table_A3)
[2018.05.27-03.51.54:876][216]LogEditorViewport: Clicking on Actor (CTRL LMB): StaticMeshActor (SM_Chairs_C6)
[2018.05.27-03.51.55:667][279]LogEditorViewport: Clicking on Actor (CTRL LMB): StaticMeshActor (SM_Shelf_A13)
[2018.05.27-03.51.56:133][315]LogEditorViewport: Clicking on Actor (CTRL LMB): StaticMeshActor (SM_Shelf_A12)
[2018.05.27-03.51.58:008][448]LogEditorViewport: Clicking on Actor (CTRL LMB): StaticMeshActor (SM_Shelf_A11)
[2018.05.27-03.51.58:452][467]LogEditorViewport: Clicking on Actor (CTRL LMB): StaticMeshActor (SM_Shelf_A10)
[2018.05.27-03.51.58:883][499]LogEditorViewport: Clicking on Actor (CTRL LMB): StaticMeshActor (SM_Shelf_A9)
[2018.05.27-03.51.59:387][538]LogEditorViewport: Clicking on Actor (CTRL LMB): StaticMeshActor (SM_Shelf_A8)
[2018.05.27-03.52.14:771][880]LogTemp: Repeating last play command: 새 에디터 창 (PIE)
[2018.05.27-03.52.14:793][880]LogBlueprintUserMessages: Early PlayInEditor Detection: Level '/Game/TopDownBP/Maps/Day1.Day1:PersistentLevel' has LevelScriptBlueprint '/Game/TopDownBP/Maps/Day1.Day1:PersistentLevel.Day1' with GeneratedClass '/Game/TopDownBP/Maps/Day1.Day1_C' with ClassGeneratedBy '/Game/TopDownBP/Maps/Day1.Day1:PersistentLevel.Day1'
[2018.05.27-03.52.14:794][880]LogPlayLevel: PlayLevel: No blueprints needed recompiling
[2018.05.27-03.52.14:794][880]PIE: New page: PIE 세션: Day1 (2018. 5. 27. 오후 9:52:14)
[2018.05.27-03.52.14:794][880]LogPlayLevel: Creating play world package: /Game/TopDownBP/Maps/UEDPIE_0_Day1
[2018.05.27-03.52.14:814][880]LogPlayLevel: PIE: StaticDuplicateObject took: (0.020419s)
[2018.05.27-03.52.14:815][880]LogAIModule: Creating AISystem for world Day1
[2018.05.27-03.52.14:815][880]LogPlayLevel: PIE: World Init took: (0.000519s)
[2018.05.27-03.52.14:815][880]LogPlayLevel: PIE: Created PIE world by copying editor world from /Game/TopDownBP/Maps/Day1.Day1 to /Game/TopDownBP/Maps/UEDPIE_0_Day1.Day1 (0.021179s)
[2018.05.27-03.52.14:838][880]LogInit: XAudio2 using '스피커(Realtek High Definition Audio)' : 2 channels at 48 kHz using 32 bits per sample (channel mask 0x3)
[2018.05.27-03.52.14:851][880]LogInit: FAudioDevice initialized.
[2018.05.27-03.52.14:913][880]LogLoad: Game class is 'TopDownGameMode_C'
[2018.05.27-03.52.14:918][880]LogWorld: Bringing World /Game/TopDownBP/Maps/UEDPIE_0_Day1.Day1 up for play (max tick rate 0) at 2018.05.27-12.52.14
[2018.05.27-03.52.14:918][880]LogWorld: Bringing up level for play took: 0.004721
[2018.05.27-03.52.14:931][880]PIE: /Game/TopDownBP/Maps/UEDPIE_0_Day1 에 대한 에디터에서 플레이 시작 시간: 1.015
[2018.05.27-03.52.14:931][880]LogBlueprintUserMessages: Late PlayInEditor Detection: Level '/Game/TopDownBP/Maps/Day1.Day1:PersistentLevel' has LevelScriptBlueprint '/Game/TopDownBP/Maps/Day1.Day1:PersistentLevel.Day1' with GeneratedClass '/Game/TopDownBP/Maps/Day1.Day1_C' with ClassGeneratedBy '/Game/TopDownBP/Maps/Day1.Day1:PersistentLevel.Day1'
[2018.05.27-03.52.26:281][800]LogBlueprintUserMessages: Early EndPlayMap Detection: Level '/Game/TopDownBP/Maps/Day1.Day1:PersistentLevel' has LevelScriptBlueprint '/Game/TopDownBP/Maps/Day1.Day1:PersistentLevel.Day1' with GeneratedClass '/Game/TopDownBP/Maps/Day1.Day1_C' with ClassGeneratedBy '/Game/TopDownBP/Maps/Day1.Day1:PersistentLevel.Day1'
[2018.05.27-03.52.26:345][800]LogBlueprintUserMessages: Late EndPlayMap Detection: Level '/Game/TopDownBP/Maps/Day1.Day1:PersistentLevel' has LevelScriptBlueprint '/Game/TopDownBP/Maps/Day1.Day1:PersistentLevel.Day1' with GeneratedClass '/Game/TopDownBP/Maps/Day1.Day1_C' with ClassGeneratedBy '/Game/TopDownBP/Maps/Day1.Day1:PersistentLevel.Day1'
[2018.05.27-03.52.27:042][855]LogEditorViewport: Clicking on Actor (LMB): StaticMeshActor (table)
[2018.05.27-03.52.29:995][109]LogEditorViewport: Clicking on Actor (LMB): BP_Roof_C (2F_메인연구실천장)
[2018.05.27-03.52.30:812][179]LogEditorViewport: Clicking on Actor (LMB): StaticMeshActor (table)
[2018.05.27-03.52.37:448][751]LogEditorViewport: Clicking on Actor (CTRL LMB): StaticMeshActor (table2)
[2018.05.27-03.52.38:211][816]LogEditorViewport: Clicking on Actor (LMB): StaticMeshActor (table2)
[2018.05.27-03.52.57:413][577]LogEditorViewport: Clicking on Actor (LMB): StaticMeshActor (table)
[2018.05.27-03.52.59:357][748]LogEditorViewport: Clicking on Actor (LMB): StaticMeshActor (SM_Shelf_C4)
[2018.05.27-03.53.01:359][927]LogEditorViewport: Clicking on Actor (LMB): StaticMeshActor (table2)
[2018.05.27-03.53.14:329][ 63]Cmd: OBJ SAVEPACKAGE PACKAGE="/Game/TopDownBP/Maps/Day1" FILE="../../../../../../Users/user/Documents/GitHub/SecurityGame/Content/TopDownBP/Maps/Day1.umap" SILENT=true AUTOSAVING=false KEEPDIRTY=false
[2018.05.27-03.53.15:297][ 63]LogSavePackage: Save=921.71ms
[2018.05.27-03.53.15:297][ 63]LogSavePackage: Moving '../../../../../../Users/user/Documents/GitHub/SecurityGame/Saved/Day1CE0B60044CAA910AC1D62398A9F28C54.tmp' to '../../../../../../Users/user/Documents/GitHub/SecurityGame/Content/TopDownBP/Maps/Day1.umap'
[2018.05.27-03.53.15:301][ 63]LogSavePackage: Display: Finished SavePackage ../../../../../../Users/user/Documents/GitHub/SecurityGame/Content/TopDownBP/Maps/Day1.umap
[2018.05.27-03.53.33:154][645]Cmd: OBJ SAVEPACKAGE PACKAGE="/Game/TopDownBP/Maps/Day1" FILE="../../../../../../Users/user/Documents/GitHub/SecurityGame/Content/TopDownBP/Maps/Day1.umap" SILENT=true AUTOSAVING=false KEEPDIRTY=false
[2018.05.27-03.53.34:087][645]LogSavePackage: Save=911.53ms
[2018.05.27-03.53.34:087][645]LogSavePackage: Moving '../../../../../../Users/user/Documents/GitHub/SecurityGame/Saved/Day14D1A5C144AD6BBC6AD79279E4D5696D3.tmp' to '../../../../../../Users/user/Documents/GitHub/SecurityGame/Content/TopDownBP/Maps/Day1.umap'
[2018.05.27-03.53.34:094][645]LogSavePackage: Display: Finished SavePackage ../../../../../../Users/user/Documents/GitHub/SecurityGame/Content/TopDownBP/Maps/Day1.umap
[2018.05.27-03.53.50:090][ 36]LogEditorViewport: Clicking on Actor (LMB): TopDownCharacter_C (TopDownCharacter)
[2018.05.27-03.54.01:072][738]Cmd: OBJ SAVEPACKAGE PACKAGE="/Game/TopDownBP/Maps/Day1" FILE="../../../../../../Users/user/Documents/GitHub/SecurityGame/Content/TopDownBP/Maps/Day1.umap" SILENT=true AUTOSAVING=false KEEPDIRTY=false
[2018.05.27-03.54.02:006][738]LogSavePackage: Save=912.94ms
[2018.05.27-03.54.02:006][738]LogSavePackage: Moving '../../../../../../Users/user/Documents/GitHub/SecurityGame/Saved/Day11AEB0CF64C4823149ADD599D013574EF.tmp' to '../../../../../../Users/user/Documents/GitHub/SecurityGame/Content/TopDownBP/Maps/Day1.umap'
[2018.05.27-03.54.02:011][738]LogSavePackage: Display: Finished SavePackage ../../../../../../Users/user/Documents/GitHub/SecurityGame/Content/TopDownBP/Maps/Day1.umap
[2018.05.27-03.54.14:239][708]Cmd: OBJ SAVEPACKAGE PACKAGE="/Game/TopDownBP/Maps/Day1" FILE="../../../../../../Users/user/Documents/GitHub/SecurityGame/Content/TopDownBP/Maps/Day1.umap" SILENT=true AUTOSAVING=false KEEPDIRTY=false
[2018.05.27-03.54.15:176][708]LogSavePackage: Save=916.56ms
[2018.05.27-03.54.15:176][708]LogSavePackage: Moving '../../../../../../Users/user/Documents/GitHub/SecurityGame/Saved/Day16CBF25504A9766E91EA4D0AC06BAB483.tmp' to '../../../../../../Users/user/Documents/GitHub/SecurityGame/Content/TopDownBP/Maps/Day1.umap'
[2018.05.27-03.54.15:182][708]LogSavePackage: Display: Finished SavePackage ../../../../../../Users/user/Documents/GitHub/SecurityGame/Content/TopDownBP/Maps/Day1.umap
[2018.05.27-03.54.20:051][119]Cmd: OBJ SAVEPACKAGE PACKAGE="/Game/TopDownBP/Maps/Day1" FILE="../../../../../../Users/user/Documents/GitHub/SecurityGame/Content/TopDownBP/Maps/Day1.umap" SILENT=true AUTOSAVING=false KEEPDIRTY=false
[2018.05.27-03.54.20:984][119]LogSavePackage: Save=911.74ms
[2018.05.27-03.54.20:984][119]LogSavePackage: Moving '../../../../../../Users/user/Documents/GitHub/SecurityGame/Saved/Day119C3927F469A46BBA33D04A1804479DE.tmp' to '../../../../../../Users/user/Documents/GitHub/SecurityGame/Content/TopDownBP/Maps/Day1.umap'
[2018.05.27-03.54.20:989][119]LogSavePackage: Display: Finished SavePackage ../../../../../../Users/user/Documents/GitHub/SecurityGame/Content/TopDownBP/Maps/Day1.umap
[2018.05.27-03.54.24:363][377]LogActorComponent: UnregisterComponent: (/Engine/Transient.EditorFloorComp) Not registered. Aborting.
[2018.05.27-03.54.24:435][377]LogActorComponent: UnregisterComponent: (/Engine/Transient.EditorFloorComp) Not registered. Aborting.
[2018.05.27-03.54.25:738][516]LogWindowsTextInputMethodSystem: Display: IME system now activated using TSF (Microsoft 입력기).
[2018.05.27-03.54.25:848][517]Cmd: QUIT_EDITOR
[2018.05.27-03.54.26:809][517]LogExit: Preparing to exit.
[2018.05.27-03.54.27:840][517]LogDirectoryWatcher: A directory notification for 'C:/Users/user/Documents/GitHub/SecurityGame/Content/' was aborted.
[2018.05.27-03.54.27:870][517]LogExit: Editor shut down
[2018.05.27-03.54.27:878][517]LogExit: Transaction tracking system shut down
[2018.05.27-03.54.28:086][517]LogDirectoryWatcher: A directory notification for '../../../Engine/Content/' was aborted.
[2018.05.27-03.54.28:087][517]LogDirectoryWatcher: A directory notification for '../../../../../../Users/user/Documents/GitHub/SecurityGame/Content/' was aborted.
[2018.05.27-03.54.28:087][517]LogDirectoryWatcher: A directory notification for '../../../Engine/Plugins/2D/Paper2D/Content/' was aborted.
[2018.05.27-03.54.28:087][517]LogDirectoryWatcher: A directory notification for '../../../Engine/Plugins/Media/MediaCompositing/Content/' was aborted.
[2018.05.27-03.54.28:087][517]LogDirectoryWatcher: A directory notification for '../../../Engine/Plugins/Runtime/AppleARKit/Content/' was aborted.
[2018.05.27-03.54.28:087][517]LogDirectoryWatcher: A directory notification for '../../../Engine/Plugins/Runtime/Oculus/OculusVR/Content/' was aborted.
[2018.05.27-03.54.28:087][517]LogDirectoryWatcher: A directory notification for '../../../Engine/Plugins/Runtime/Steam/SteamVR/Content/' was aborted.
[2018.05.27-03.54.28:157][517]LogExit: Object subsystem successfully closed.
[2018.05.27-03.54.28:201][517]LogD3D11RHI: Shutdown
[2018.05.27-03.54.28:202][517]LogD3D11RHI: CleanupD3DDevice
[2018.05.27-03.54.28:205][517]LogD3D11RHI: ~FD3D11DynamicRHI
[2018.05.27-03.54.28:228][517]LogModuleManager: Shutting down and abandoning module MovieSceneCapture (552)
[2018.05.27-03.54.28:228][517]LogModuleManager: Shutting down and abandoning module BlueprintGraph (550)
[2018.05.27-03.54.28:228][517]LogModuleManager: Shutting down and abandoning module StatsViewer (548)
[2018.05.27-03.54.28:228][517]LogModuleManager: Shutting down and abandoning module HierarchicalLODOutliner (546)
[2018.05.27-03.54.28:228][517]LogModuleManager: Shutting down and abandoning module SceneOutliner (544)
[2018.05.27-03.54.28:228][517]LogModuleManager: Shutting down and abandoning module AddContentDialog (542)
[2018.05.27-03.54.28:228][517]LogDirectoryWatcher: A directory notification for 'C:/Program Files/Epic Games/UE_4.18/FeaturePacks/' was aborted.
[2018.05.27-03.54.28:228][517]LogModuleManager: Shutting down and abandoning module WidgetCarousel (541)
[2018.05.27-03.54.28:228][517]LogModuleManager: Shutting down and abandoning module EditorWidgets (538)
[2018.05.27-03.54.28:228][517]LogModuleManager: Shutting down and abandoning module CollectionManager (536)
[2018.05.27-03.54.28:228][517]LogDirectoryWatcher: A directory notification for 'C:/Users/user/Documents/GitHub/SecurityGame/Content/Collections/' was aborted.
[2018.05.27-03.54.28:228][517]LogDirectoryWatcher: A directory notification for 'C:/Users/user/Documents/GitHub/SecurityGame/Content/Developers/user/Collections/' was aborted.
[2018.05.27-03.54.28:228][517]LogDirectoryWatcher: A directory notification for 'C:/Users/user/Documents/GitHub/SecurityGame/Saved/Collections/' was aborted.
[2018.05.27-03.54.28:228][517]LogModuleManager: Shutting down and abandoning module FoliageEdit (534)
[2018.05.27-03.54.28:228][517]LogModuleManager: Shutting down and abandoning module LandscapeEditor (532)
[2018.05.27-03.54.28:229][517]LogModuleManager: Shutting down and abandoning module MeshPaintMode (530)
[2018.05.27-03.54.28:229][517]LogModuleManager: Shutting down and abandoning module SceneDepthPickerMode (528)
[2018.05.27-03.54.28:229][517]LogModuleManager: Shutting down and abandoning module ActorPickerMode (526)
[2018.05.27-03.54.28:229][517]LogModuleManager: Shutting down and abandoning module GeometryMode (524)
[2018.05.27-03.54.28:229][517]LogModuleManager: Shutting down and abandoning module TextureAlignMode (522)
[2018.05.27-03.54.28:229][517]LogModuleManager: Shutting down and abandoning module BspMode (520)
[2018.05.27-03.54.28:229][517]LogModuleManager: Shutting down and abandoning module PIEPreviewDeviceProfileSelector (518)
[2018.05.27-03.54.28:229][517]LogModuleManager: Shutting down and abandoning module HardwareSurvey (516)
[2018.05.27-03.54.28:229][517]LogModuleManager: Shutting down and abandoning module SequenceRecorderSections (514)
[2018.05.27-03.54.28:229][517]LogModuleManager: Shutting down and abandoning module AutomationWorker (512)
[2018.05.27-03.54.28:229][517]LogModuleManager: Shutting down and abandoning module MatineeToLevelSequence (510)
[2018.05.27-03.54.28:229][517]LogModuleManager: Shutting down and abandoning module LevelSequenceEditor (508)
[2018.05.27-03.54.28:229][517]LogModuleManager: Shutting down and abandoning module PlacementMode (507)
[2018.05.27-03.54.28:229][517]LogModuleManager: Shutting down and abandoning module WmfMediaFactory (504)
[2018.05.27-03.54.28:229][517]LogModuleManager: Shutting down and abandoning module WmfMediaEditor (502)
[2018.05.27-03.54.28:229][517]LogModuleManager: Shutting down and abandoning module OpenExrWrapper (500)
[2018.05.27-03.54.28:229][517]LogModuleManager: Shutting down and abandoning module ImgMediaFactory (498)
[2018.05.27-03.54.28:229][517]LogModuleManager: Shutting down and abandoning module ImgMediaEditor (496)
[2018.05.27-03.54.28:230][517]LogModuleManager: Shutting down and abandoning module AvfMediaFactory (494)
[2018.05.27-03.54.28:230][517]LogModuleManager: Shutting down and abandoning module AvfMediaEditor (492)
[2018.05.27-03.54.28:230][517]LogModuleManager: Shutting down and abandoning module AndroidMediaFactory (490)
[2018.05.27-03.54.28:230][517]LogModuleManager: Shutting down and abandoning module AndroidMediaEditor (488)
[2018.05.27-03.54.28:230][517]LogModuleManager: Shutting down and abandoning module CharacterAI (486)
[2018.05.27-03.54.28:230][517]LogModuleManager: Shutting down and abandoning module AudioCapture (484)
[2018.05.27-03.54.28:230][517]LogModuleManager: Shutting down and abandoning module SequenceRecorder (483)
[2018.05.27-03.54.28:230][517]LogModuleManager: Shutting down and abandoning module SmartSnapping (480)
[2018.05.27-03.54.28:230][517]LogModuleManager: Shutting down and abandoning module SessionServices (478)
[2018.05.27-03.54.28:230][517]LogModuleManager: Shutting down and abandoning module ViewportSnapping (476)
[2018.05.27-03.54.28:230][517]LogModuleManager: Shutting down and abandoning module ViewportInteraction (474)
[2018.05.27-03.54.28:230][517]LogModuleManager: Shutting down and abandoning module ClothPainter (472)
[2018.05.27-03.54.28:230][517]LogModuleManager: Shutting down and abandoning module SkeletalMeshEditor (471)
[2018.05.27-03.54.28:230][517]LogModuleManager: Shutting down and abandoning module LogVisualizer (468)
[2018.05.27-03.54.28:230][517]LogModuleManager: Shutting down and abandoning module IntroTutorials (466)
[2018.05.27-03.54.28:230][517]LogModuleManager: Shutting down and abandoning module GameProjectGeneration (465)
[2018.05.27-03.54.28:231][517]LogModuleManager: Shutting down and abandoning module IOSPlatformEditor (462)
[2018.05.27-03.54.28:231][517]LogModuleManager: Shutting down and abandoning module HTML5PlatformEditor (460)
[2018.05.27-03.54.28:231][517]LogModuleManager: Shutting down and abandoning module AndroidPlatformEditor (458)
[2018.05.27-03.54.28:231][517]LogModuleManager: Shutting down and abandoning module AndroidDeviceDetection (457)
[2018.05.27-03.54.28:787][517]LogModuleManager: Shutting down and abandoning module WindowsPlatformEditor (454)
[2018.05.27-03.54.28:787][517]LogModuleManager: Shutting down and abandoning module IOSRuntimeSettings (452)
[2018.05.27-03.54.28:787][517]LogModuleManager: Shutting down and abandoning module AndroidRuntimeSettings (450)
[2018.05.27-03.54.28:787][517]LogModuleManager: Shutting down and abandoning module InputBindingEditor (448)
[2018.05.27-03.54.28:787][517]LogModuleManager: Shutting down and abandoning module MergeActors (446)
[2018.05.27-03.54.28:789][517]LogModuleManager: Shutting down and abandoning module SizeMap (444)
[2018.05.27-03.54.28:789][517]LogModuleManager: Shutting down and abandoning module TreeMap (442)
[2018.05.27-03.54.28:789][517]LogModuleManager: Shutting down and abandoning module ReferenceViewer (440)
[2018.05.27-03.54.28:789][517]LogModuleManager: Shutting down and abandoning module LocalizationDashboard (438)
[2018.05.27-03.54.28:789][517]LogModuleManager: Shutting down and abandoning module LocalizationService (437)
[2018.05.27-03.54.28:789][517]LogModuleManager: Shutting down and abandoning module HardwareTargeting (434)
[2018.05.27-03.54.28:789][517]LogModuleManager: Shutting down and abandoning module DeviceProfileEditor (432)
[2018.05.27-03.54.28:789][517]LogModuleManager: Shutting down and abandoning module UndoHistory (430)
[2018.05.27-03.54.28:789][517]LogModuleManager: Shutting down and abandoning module XmlParser (428)
[2018.05.27-03.54.28:789][517]LogModuleManager: Shutting down and abandoning module Blutility (426)
[2018.05.27-03.54.28:789][517]LogModuleManager: Shutting down and abandoning module ProjectSettingsViewer (424)
[2018.05.27-03.54.28:789][517]LogModuleManager: Shutting down and abandoning module ProjectTargetPlatformEditor (423)
[2018.05.27-03.54.28:789][517]LogModuleManager: Shutting down and abandoning module EditorSettingsViewer (420)
[2018.05.27-03.54.28:789][517]LogModuleManager: Shutting down and abandoning module SettingsEditor (418)
[2018.05.27-03.54.28:790][517]LogModuleManager: Shutting down and abandoning module ProjectLauncher (416)
[2018.05.27-03.54.28:790][517]LogModuleManager: Shutting down and abandoning module SessionFrontend (414)
[2018.05.27-03.54.28:790][517]LogModuleManager: Shutting down and abandoning module ProfilerClient (412)
[2018.05.27-03.54.28:790][517]LogModuleManager: Shutting down and abandoning module DeviceManager (410)
[2018.05.27-03.54.28:790][517]LogModuleManager: Shutting down and abandoning module TargetDeviceServices (409)
[2018.05.27-03.54.28:844][517]LogModuleManager: Shutting down and abandoning module AutomationController (406)
[2018.05.27-03.54.28:844][517]LogModuleManager: Shutting down and abandoning module AutomationWindow (404)
[2018.05.27-03.54.28:845][517]LogModuleManager: Shutting down and abandoning module Layers (402)
[2018.05.27-03.54.28:846][517]LogModuleManager: Shutting down and abandoning module ComponentVisualizers (400)
[2018.05.27-03.54.28:846][517]LogModuleManager: Shutting down and abandoning module DetailCustomizations (398)
[2018.05.27-03.54.28:846][517]LogModuleManager: Shutting down and abandoning module PackagesDialog (396)
[2018.05.27-03.54.28:846][517]LogModuleManager: Shutting down and abandoning module Persona (394)
[2018.05.27-03.54.28:847][517]LogModuleManager: Shutting down and abandoning module AdvancedPreviewScene (393)
[2018.05.27-03.54.28:847][517]LogModuleManager: Shutting down and abandoning module AnimGraph (391)
[2018.05.27-03.54.28:847][517]LogModuleManager: Shutting down and abandoning module Kismet (388)
[2018.05.27-03.54.28:852][517]LogModuleManager: Shutting down and abandoning module ClassViewer (386)
[2018.05.27-03.54.28:852][517]LogModuleManager: Shutting down and abandoning module Toolbox (384)
[2018.05.27-03.54.28:852][517]LogModuleManager: Shutting down and abandoning module ModuleUI (382)
[2018.05.27-03.54.28:852][517]LogModuleManager: Shutting down and abandoning module MovieSceneTools (380)
[2018.05.27-03.54.28:853][517]LogModuleManager: Shutting down and abandoning module OutputLog (378)
[2018.05.27-03.54.28:853][517]LogModuleManager: Shutting down and abandoning module GammaUI (376)
[2018.05.27-03.54.28:853][517]LogModuleManager: Shutting down and abandoning module Documentation (374)
[2018.05.27-03.54.28:853][517]LogModuleManager: Shutting down and abandoning module MovieSceneTracks (372)
[2018.05.27-03.54.28:853][517]LogModuleManager: Shutting down and abandoning module MovieScene (370)
[2018.05.27-03.54.28:853][517]LogModuleManager: Shutting down and abandoning module StreamingPauseRendering (368)
[2018.05.27-03.54.28:853][517]LogModuleManager: Shutting down and abandoning module LauncherPlatform (366)
[2018.05.27-03.54.28:853][517]LogModuleManager: Shutting down and abandoning module AnalyticsET (364)
[2018.05.27-03.54.28:853][517]LogModuleManager: Shutting down and abandoning module PortalServices (362)
[2018.05.27-03.54.28:853][517]LogModuleManager: Shutting down and abandoning module PortalRpc (360)
[2018.05.27-03.54.28:853][517]LogModuleManager: Shutting down and abandoning module MessagingRpc (358)
[2018.05.27-03.54.28:853][517]LogModuleManager: Shutting down and abandoning module AIModule (356)
[2018.05.27-03.54.28:853][517]LogModuleManager: Shutting down and abandoning module GameplayDebugger (355)
[2018.05.27-03.54.28:853][517]LogModuleManager: Shutting down and abandoning module AITestSuite (353)
[2018.05.27-03.54.28:853][517]LogModuleManager: Shutting down and abandoning module DesktopPlatform (350)
[2018.05.27-03.54.28:853][517]LogModuleManager: Shutting down and abandoning module ProfilerService (348)
[2018.05.27-03.54.28:920][517]LogModuleManager: Shutting down and abandoning module TaskGraph (346)
[2018.05.27-03.54.28:920][517]LogModuleManager: Shutting down and abandoning module SteamVRController (344)
[2018.05.27-03.54.28:920][517]LogModuleManager: Shutting down and abandoning module ProceduralMeshComponentEditor (342)
[2018.05.27-03.54.28:920][517]LogModuleManager: Shutting down and abandoning module ProceduralMeshComponent (340)
[2018.05.27-03.54.28:920][517]LogModuleManager: Shutting down and abandoning module OculusInput (338)
[2018.05.27-03.54.28:920][517]LogModuleManager: Shutting down and abandoning module MobilePatchingUtils (336)
[2018.05.27-03.54.28:920][517]LogModuleManager: Shutting down and abandoning module CustomMeshComponent (334)
[2018.05.27-03.54.28:920][517]LogModuleManager: Shutting down and abandoning module CableComponent (332)
[2018.05.27-03.54.28:920][517]LogModuleManager: Shutting down and abandoning module ArchVisCharacter (330)
[2018.05.27-03.54.28:920][517]LogModuleManager: Shutting down and abandoning module AndroidPermission (328)
[2018.05.27-03.54.28:920][517]LogModuleManager: Shutting down and abandoning module ActorSequence (324)
[2018.05.27-03.54.28:920][517]LogModuleManager: Shutting down and abandoning module MediaPlayerEditor (322)
[2018.05.27-03.54.28:921][517]LogModuleManager: Shutting down and abandoning module MediaCompositingEditor (320)
[2018.05.27-03.54.28:921][517]LogModuleManager: Shutting down and abandoning module MediaCompositing (318)
[2018.05.27-03.54.28:921][517]LogModuleManager: Shutting down and abandoning module HTML5Networking (316)
[2018.05.27-03.54.28:921][517]LogModuleManager: Shutting down and abandoning module AlembicImporter (314)
[2018.05.27-03.54.28:921][517]LogModuleManager: Shutting down and abandoning module AlembicLibrary (313)
[2018.05.27-03.54.28:921][517]LogModuleManager: Shutting down and abandoning module GeometryCache (312)
[2018.05.27-03.54.28:921][517]LogModuleManager: Shutting down and abandoning module GeometryCacheEd (311)
[2018.05.27-03.54.28:921][517]LogModuleManager: Shutting down and abandoning module SpeedTreeImporter (306)
[2018.05.27-03.54.28:921][517]LogModuleManager: Shutting down and abandoning module PluginBrowser (304)
[2018.05.27-03.54.28:921][517]LogModuleManager: Shutting down and abandoning module MobileLauncherProfileWizard (302)
[2018.05.27-03.54.28:921][517]LogModuleManager: Shutting down and abandoning module VisualStudioSourceCodeAccess (300)
[2018.05.27-03.54.28:921][517]LogModuleManager: Shutting down and abandoning module VisualStudioCodeSourceCodeAccess (298)
[2018.05.27-03.54.28:922][517]LogModuleManager: Shutting down and abandoning module UObjectPlugin (296)
[2018.05.27-03.54.28:922][517]LogModuleManager: Shutting down and abandoning module SubversionSourceControl (294)
[2018.05.27-03.54.28:922][517]LogModuleManager: Shutting down and abandoning module PerforceSourceControl (292)
[2018.05.27-03.54.28:922][517]LogModuleManager: Shutting down and abandoning module GitSourceControl (290)
[2018.05.27-03.54.28:922][517]LogModuleManager: Shutting down and abandoning module SourceControl (289)
[2018.05.27-03.54.28:922][517]LogModuleManager: Shutting down and abandoning module LightPropagationVolumeEditor (286)
[2018.05.27-03.54.28:922][517]LogModuleManager: Shutting down and abandoning module PaperTiledImporter (284)
[2018.05.27-03.54.28:922][517]LogModuleManager: Shutting down and abandoning module PaperSpriteSheetImporter (282)
[2018.05.27-03.54.28:922][517]LogModuleManager: Shutting down and abandoning module Paper2DEditor (280)
[2018.05.27-03.54.28:922][517]LogModuleManager: Shutting down and abandoning module MeshPaint (279)
[2018.05.27-03.54.28:922][517]LogModuleManager: Shutting down and abandoning module LevelEditor (277)
[2018.05.27-03.54.28:923][517]LogModuleManager: Shutting down and abandoning module PixelInspectorModule (276)
[2018.05.27-03.54.28:923][517]LogModuleManager: Shutting down and abandoning module MainFrame (274)
[2018.05.27-03.54.28:923][517]LogModuleManager: Shutting down and abandoning module HotReload (273)
[2018.05.27-03.54.28:923][517]LogModuleManager: Shutting down and abandoning module RuntimePhysXCooking (268)
[2018.05.27-03.54.28:923][517]LogModuleManager: Shutting down and abandoning module PhysXVehiclesEditor (266)
[2018.05.27-03.54.28:923][517]LogModuleManager: Shutting down and abandoning module PhysXVehicles (264)
[2018.05.27-03.54.28:923][517]LogModuleManager: Shutting down and abandoning module OculusEditor (262)
[2018.05.27-03.54.28:923][517]LogModuleManager: Shutting down and abandoning module LocationServicesBPLibrary (260)
[2018.05.27-03.54.28:923][517]LogModuleManager: Shutting down and abandoning module ImmediatePhysicsEditor (258)
[2018.05.27-03.54.28:923][517]LogModuleManager: Shutting down and abandoning module ImmediatePhysics (256)
[2018.05.27-03.54.28:923][517]LogModuleManager: Shutting down and abandoning module UdpMessaging (254)
[2018.05.27-03.54.29:025][517]LogModuleManager: Shutting down and abandoning module TcpMessaging (252)
[2018.05.27-03.54.29:125][517]LogModuleManager: Shutting down and abandoning module GameplayTagsEditor (250)
[2018.05.27-03.54.29:125][517]LogModuleManager: Shutting down and abandoning module FacialAnimationEditor (248)
[2018.05.27-03.54.29:125][517]LogModuleManager: Shutting down and abandoning module FacialAnimation (246)
[2018.05.27-03.54.29:125][517]LogModuleManager: Shutting down and abandoning module AssetManagerEditor (244)
[2018.05.27-03.54.29:125][517]LogModuleManager: Shutting down and abandoning module GraphEditor (243)
[2018.05.27-03.54.29:125][517]LogModuleManager: Shutting down and abandoning module ContentBrowser (241)
[2018.05.27-03.54.29:125][517]LogModuleManager: Shutting down and abandoning module LightPropagationVolumeRuntime (238)
[2018.05.27-03.54.29:125][517]LogModuleManager: Shutting down and abandoning module Paper2D (236)
[2018.05.27-03.54.29:125][517]LogModuleManager: Shutting down and abandoning module WindowsMoviePlayer (234)
[2018.05.27-03.54.29:125][517]LogModuleManager: Shutting down and abandoning module WmfMedia (232)
[2018.05.27-03.54.29:129][517]LogModuleManager: Shutting down and abandoning module ImgMedia (230)
[2018.05.27-03.54.29:129][517]LogModuleManager: Shutting down and abandoning module PacketHandler (228)
[2018.05.27-03.54.29:129][517]LogModuleManager: Shutting down and abandoning module ClothingSystemEditor (226)
[2018.05.27-03.54.29:129][517]LogModuleManager: Shutting down and abandoning module ClothingSystemRuntime (224)
[2018.05.27-03.54.29:129][517]LogModuleManager: Shutting down and abandoning module MediaAssets (222)
[2018.05.27-03.54.29:129][517]LogModuleManager: Shutting down and abandoning module Media (221)
[2018.05.27-03.54.29:135][517]LogModuleManager: Shutting down and abandoning module Overlay (218)
[2018.05.27-03.54.29:135][517]LogModuleManager: Shutting down and abandoning module OverlayEditor (217)
[2018.05.27-03.54.29:135][517]LogModuleManager: Shutting down and abandoning module VREditor (214)
[2018.05.27-03.54.29:135][517]LogModuleManager: Shutting down and abandoning module StringTableEditor (212)
[2018.05.27-03.54.29:135][517]LogModuleManager: Shutting down and abandoning module GameplayTasksEditor (210)
[2018.05.27-03.54.29:135][517]LogModuleManager: Shutting down and abandoning module BehaviorTreeEditor (208)
[2018.05.27-03.54.29:136][517]LogModuleManager: Shutting down and abandoning module FunctionalTesting (206)
[2018.05.27-03.54.29:136][517]LogModuleManager: Shutting down and abandoning module CollisionAnalyzer (204)
[2018.05.27-03.54.29:136][517]LogModuleManager: Shutting down and abandoning module WorkspaceMenuStructure (203)
[2018.05.27-03.54.29:136][517]LogModuleManager: Shutting down and abandoning module UMG (200)
[2018.05.27-03.54.29:136][517]LogModuleManager: Shutting down and abandoning module UMGEditor (199)
[2018.05.27-03.54.29:136][517]LogModuleManager: Shutting down and abandoning module Sequencer (198)
[2018.05.27-03.54.29:137][517]LogModuleManager: Shutting down and abandoning module MessageLog (195)
[2018.05.27-03.54.29:137][517]LogModuleManager: Shutting down and abandoning module SlateReflector (190)
[2018.05.27-03.54.29:137][517]LogModuleManager: Shutting down and abandoning module Slate (188)
[2018.05.27-03.54.29:138][517]LogModuleManager: Shutting down and abandoning module EditorStyle (186)
[2018.05.27-03.54.29:139][517]LogModuleManager: Shutting down and abandoning module MRMesh (184)
[2018.05.27-03.54.29:139][517]LogModuleManager: Shutting down and abandoning module SourceCodeAccess (182)
[2018.05.27-03.54.29:139][517]LogModuleManager: Shutting down and abandoning module HeadMountedDisplay (180)
[2018.05.27-03.54.29:139][517]LogModuleManager: Shutting down and abandoning module XAudio2 (178)
[2018.05.27-03.54.29:139][517]LogModuleManager: Shutting down and abandoning module Networking (176)
[2018.05.27-03.54.29:139][517]LogModuleManager: Shutting down and abandoning module Core (172)
[2018.05.27-03.54.29:139][517]LogModuleManager: Shutting down and abandoning module LevelSequence (168)
[2018.05.27-03.54.29:140][517]LogModuleManager: Shutting down and abandoning module DirectoryWatcher (166)
[2018.05.27-03.54.29:141][517]LogModuleManager: Shutting down and abandoning module KismetCompiler (164)
[2018.05.27-03.54.29:141][517]LogModuleManager: Shutting down and abandoning module MeshUtilities (162)
[2018.05.27-03.54.29:141][517]LogModuleManager: Shutting down and abandoning module MeshMergeUtilities (161)
[2018.05.27-03.54.29:141][517]LogModuleManager: Shutting down and abandoning module MeshReductionInterface (160)
[2018.05.27-03.54.29:141][517]LogModuleManager: Shutting down and abandoning module SimplygonSwarm (159)
[2018.05.27-03.54.29:141][517]LogModuleManager: Shutting down and abandoning module SimplygonMeshReduction (157)
[2018.05.27-03.54.29:141][517]LogModuleManager: Shutting down and abandoning module QuadricMeshReduction (155)
[2018.05.27-03.54.29:141][517]LogModuleManager: Shutting down and abandoning module MaterialBaking (151)
[2018.05.27-03.54.29:141][517]LogModuleManager: Shutting down and abandoning module DerivedDataCache (148)
[2018.05.27-03.54.29:172][517]LogDerivedDataCache: Shutdown
[2018.05.27-03.54.29:172][517]LogModuleManager: Shutting down and abandoning module TargetPlatform (146)
[2018.05.27-03.54.29:172][517]LogModuleManager: Shutting down and abandoning module VulkanShaderFormat (145)
[2018.05.27-03.54.29:172][517]LogModuleManager: Shutting down and abandoning module ShaderFormatVectorVM (143)
[2018.05.27-03.54.29:173][517]LogModuleManager: Shutting down and abandoning module ShaderFormatOpenGL (141)
[2018.05.27-03.54.29:173][517]LogModuleManager: Shutting down and abandoning module ShaderFormatD3D (139)
[2018.05.27-03.54.29:173][517]LogModuleManager: Shutting down and abandoning module MetalShaderFormat (137)
[2018.05.27-03.54.29:173][517]LogModuleManager: Shutting down and abandoning module TextureFormatUncompressed (135)
[2018.05.27-03.54.29:173][517]LogModuleManager: Shutting down and abandoning module TextureFormatPVR (133)
[2018.05.27-03.54.29:173][517]LogModuleManager: Shutting down and abandoning module TextureFormatDXT (131)
[2018.05.27-03.54.29:173][517]LogModuleManager: Shutting down and abandoning module TextureFormatIntelISPCTexComp (129)
[2018.05.27-03.54.29:173][517]LogModuleManager: Shutting down and abandoning module TextureFormatASTC (127)
[2018.05.27-03.54.29:173][517]LogModuleManager: Shutting down and abandoning module ImageWrapper (126)
[2018.05.27-03.54.29:173][517]LogModuleManager: Shutting down and abandoning module TextureFormatAndroid (123)
[2018.05.27-03.54.29:173][517]LogModuleManager: Shutting down and abandoning module AudioFormatOpus (121)
[2018.05.27-03.54.29:173][517]LogModuleManager: Shutting down and abandoning module AudioFormatOgg (119)
[2018.05.27-03.54.29:173][517]LogModuleManager: Shutting down and abandoning module AudioFormatADPCM (117)
[2018.05.27-03.54.29:173][517]LogModuleManager: Shutting down and abandoning module LinuxTargetPlatform (115)
[2018.05.27-03.54.29:173][517]LogModuleManager: Shutting down and abandoning module LinuxServerTargetPlatform (113)
[2018.05.27-03.54.29:173][517]LogModuleManager: Shutting down and abandoning module LinuxNoEditorTargetPlatform (111)
[2018.05.27-03.54.29:173][517]LogModuleManager: Shutting down and abandoning module LinuxClientTargetPlatform (109)
[2018.05.27-03.54.29:173][517]LogModuleManager: Shutting down and abandoning module TVOSTargetPlatform (107)
[2018.05.27-03.54.29:173][517]LogModuleManager: Shutting down and abandoning module Messaging (105)
[2018.05.27-03.54.29:173][517]LogModuleManager: Shutting down and abandoning module IOSTargetPlatform (103)
[2018.05.27-03.54.29:173][517]LogModuleManager: Shutting down and abandoning module HTML5TargetPlatform (101)
[2018.05.27-03.54.29:173][517]LogModuleManager: Shutting down and abandoning module AndroidTargetPlatform (99)
[2018.05.27-03.54.29:173][517]LogModuleManager: Shutting down and abandoning module Android_PVRTCTargetPlatform (97)
[2018.05.27-03.54.29:173][517]LogModuleManager: Shutting down and abandoning module Android_MultiTargetPlatform (95)
[2018.05.27-03.54.29:173][517]LogModuleManager: Shutting down and abandoning module Android_ETC2TargetPlatform (93)
[2018.05.27-03.54.29:173][517]LogModuleManager: Shutting down and abandoning module Android_ETC1TargetPlatform (91)
[2018.05.27-03.54.29:173][517]LogModuleManager: Shutting down and abandoning module Android_DXTTargetPlatform (89)
[2018.05.27-03.54.29:173][517]LogModuleManager: Shutting down and abandoning module Android_ATCTargetPlatform (87)
[2018.05.27-03.54.29:173][517]LogModuleManager: Shutting down and abandoning module Android_ASTCTargetPlatform (85)
[2018.05.27-03.54.29:173][517]LogModuleManager: Shutting down and abandoning module WindowsTargetPlatform (83)
[2018.05.27-03.54.29:173][517]LogModuleManager: Shutting down and abandoning module WindowsServerTargetPlatform (81)
[2018.05.27-03.54.29:173][517]LogModuleManager: Shutting down and abandoning module WindowsNoEditorTargetPlatform (79)
[2018.05.27-03.54.29:173][517]LogModuleManager: Shutting down and abandoning module WindowsClientTargetPlatform (77)
[2018.05.27-03.54.29:173][517]LogModuleManager: Shutting down and abandoning module MacTargetPlatform (75)
[2018.05.27-03.54.29:173][517]LogModuleManager: Shutting down and abandoning module MacServerTargetPlatform (73)
[2018.05.27-03.54.29:173][517]LogModuleManager: Shutting down and abandoning module MacNoEditorTargetPlatform (71)
[2018.05.27-03.54.29:173][517]LogModuleManager: Shutting down and abandoning module MacClientTargetPlatform (69)
[2018.05.27-03.54.29:173][517]LogModuleManager: Shutting down and abandoning module AllDesktopTargetPlatform (67)
[2018.05.27-03.54.29:173][517]LogModuleManager: Shutting down and abandoning module InputCore (64)
[2018.05.27-03.54.29:173][517]LogModuleManager: Shutting down and abandoning module Settings (62)
[2018.05.27-03.54.29:173][517]LogModuleManager: Shutting down and abandoning module PhysXCooking (60)
[2018.05.27-03.54.29:173][517]LogModuleManager: Shutting down and abandoning module SteamVR (58)
[2018.05.27-03.54.29:173][517]LogModuleManager: Shutting down and abandoning module OculusHMD (56)
[2018.05.27-03.54.29:173][517]LogModuleManager: Shutting down and abandoning module ExampleDeviceProfileSelector (54)
[2018.05.27-03.54.29:173][517]LogModuleManager: Shutting down and abandoning module AppleARKit (52)
[2018.05.27-03.54.29:173][517]LogModuleManager: Shutting down and abandoning module AugmentedReality (51)
[2018.05.27-03.54.29:173][517]LogModuleManager: Shutting down and abandoning module OnlineBlueprintSupport (48)
[2018.05.27-03.54.29:173][517]LogModuleManager: Shutting down and abandoning module OnlineSubsystem (44)
[2018.05.27-03.54.29:174][517]LogModuleManager: Shutting down and abandoning module XMPP (43)
[2018.05.27-03.54.29:175][517]LogModuleManager: Shutting down and abandoning module HTTP (41)
[2018.05.27-03.54.29:175][517]LogHttp: Display: Http module shutting down, but needs to wait on 1 outstanding Http requests:
[2018.05.27-03.54.29:175][517]LogHttp: Display: 	verb=[POST] url=[https://datarouter.ol.epicgames.com/datarouter/api/v1/public/data?SessionID=%7BD3F31618-4350-B71C-2A08-CD95F217F3EE%7D&AppID=UEEditor.Rocket.Release&AppVersion=4.18.3-3832480%2B%2B%2BUE4%2BRelease-4.18&UserID=b5a2aad048c5dd91a640ef9c48d8cb5d%7C92e601156b18439c8aaf9522ba7a0171%7C35688319-27be-4d42-a38e-675d2b994995&AppEnvironment=datacollector-binary&UploadType=eteventstream] status=Processing
[2018.05.27-03.54.29:193][517]LogModuleManager: Shutting down and abandoning module SSL (40)
[2018.05.27-03.54.29:194][517]LogModuleManager: Shutting down and abandoning module AnimationModifiers (36)
[2018.05.27-03.54.29:194][517]LogModuleManager: Shutting down and abandoning module PropertyEditor (35)
[2018.05.27-03.54.29:194][517]LogModuleManager: Shutting down and abandoning module AudioEditor (32)
[2018.05.27-03.54.29:195][517]LogModuleManager: Shutting down and abandoning module TextureCompressor (30)
[2018.05.27-03.54.29:195][517]LogModuleManager: Shutting down and abandoning module ShaderCore (28)
[2018.05.27-03.54.29:195][517]LogModuleManager: Shutting down and abandoning module Landscape (26)
[2018.05.27-03.54.29:195][517]LogModuleManager: Shutting down and abandoning module SlateRHIRenderer (24)
[2018.05.27-03.54.29:197][517]LogModuleManager: Shutting down and abandoning module OpenGLDrv (22)
[2018.05.27-03.54.29:197][517]LogModuleManager: Shutting down and abandoning module D3D11RHI (20)
[2018.05.27-03.54.29:197][517]LogModuleManager: Shutting down and abandoning module AnimGraphRuntime (18)
[2018.05.27-03.54.29:197][517]LogModuleManager: Shutting down and abandoning module Renderer (16)
[2018.05.27-03.54.29:197][517]LogModuleManager: Shutting down and abandoning module Engine (14)
[2018.05.27-03.54.29:197][517]LogModuleManager: Shutting down and abandoning module CoreUObject (12)
[2018.05.27-03.54.29:197][517]LogModuleManager: Shutting down and abandoning module NetworkFile (10)
[2018.05.27-03.54.29:197][517]LogModuleManager: Shutting down and abandoning module CookedIterativeFile (8)
[2018.05.27-03.54.29:197][517]LogModuleManager: Shutting down and abandoning module StreamingFile (6)
[2018.05.27-03.54.29:197][517]LogModuleManager: Shutting down and abandoning module SandboxFile (4)
[2018.05.27-03.54.29:197][517]LogModuleManager: Shutting down and abandoning module PakFile (2)
[2018.05.27-03.54.29:201][517]LogExit: Exiting.
[2018.05.27-03.54.29:220][517]Log file closed, 05/27/18 12:54:29
