Log file open, 05/29/18 23:39:36
LogWindows: Failed to load 'aqProf.dll' (GetLastError=126)
LogWindows: File 'aqProf.dll' does not exist
LogWindows: Failed to load 'VSPerf140.dll' (GetLastError=126)
LogWindows: File 'VSPerf140.dll' does not exist
LogWindows: Failed to load 'VtuneApi.dll' (GetLastError=126)
LogWindows: File 'VtuneApi.dll' does not exist
LogWindows: Failed to load 'VtuneApi32e.dll' (GetLastError=126)
LogWindows: File 'VtuneApi32e.dll' does not exist
LogInit: Display: Running engine for game: Trolley
LogPlatformFile: Not using cached read wrapper
LogInit: Display: RandInit(-1564369362) SRandInit(-1564369362).
LogInit: Read version file with build ID '3709383'
LogInit: Overriding engine version to CL 3832480, compatible CL 3709383
LogInit: Registered custom module enumerator with build ID '3709383'
LogTaskGraph: Started task graph with 5 named threads and 20 total threads with 3 sets of task threads.
LogStats: Stats thread started at 0.234907
LogD3D11RHI: Aftermath initialized
LogModuleManager: Display: Found up-to-date module file ../../../Engine/Plugins/2D/Paper2D/Binaries/Win64/UE4Editor-Paper2D.dll (API version 3709383).
LogModuleManager: Display: Found up-to-date module file ../../../Engine/Plugins/2D/Paper2D/Binaries/Win64/UE4Editor-Paper2DEditor.dll (API version 3709383).
LogModuleManager: Display: Found up-to-date module file ../../../Engine/Plugins/2D/Paper2D/Binaries/Win64/UE4Editor-PaperSpriteSheetImporter.dll (API version 3709383).
LogModuleManager: Display: Found up-to-date module file ../../../Engine/Plugins/2D/Paper2D/Binaries/Win64/UE4Editor-PaperTiledImporter.dll (API version 3709383).
LogModuleManager: Display: Found up-to-date module file ../../../Engine/Plugins/2D/Paper2D/Binaries/Win64/UE4Editor-SmartSnapping.dll (API version 3709383).
LogModuleManager: Display: Found up-to-date module file ../../../Engine/Plugins/Blendables/LightPropagationVolume/Binaries/Win64/UE4Editor-LightPropagationVolumeRuntime.dll (API version 3709383).
LogModuleManager: Display: Found up-to-date module file ../../../Engine/Plugins/Blendables/LightPropagationVolume/Binaries/Win64/UE4Editor-LightPropagationVolumeEditor.dll (API version 3709383).
LogModuleManager: Display: Found up-to-date module file ../../../Engine/Plugins/Developer/GitSourceControl/Binaries/Win64/UE4Editor-GitSourceControl.dll (API version 3709383).
LogModuleManager: Display: Found up-to-date module file ../../../Engine/Plugins/Developer/PerforceSourceControl/Binaries/Win64/UE4Editor-PerforceSourceControl.dll (API version 3709383).
LogModuleManager: Display: Found up-to-date module file ../../../Engine/Plugins/Developer/SubversionSourceControl/Binaries/Win64/UE4Editor-SubversionSourceControl.dll (API version 3709383).
LogModuleManager: Display: Found up-to-date module file ../../../Engine/Plugins/Developer/UObjectPlugin/Binaries/Win64/UE4Editor-UObjectPlugin.dll (API version 3709383).
LogModuleManager: Display: Found up-to-date module file ../../../Engine/Plugins/Developer/VisualStudioCodeSourceCodeAccess/Binaries/Win64/UE4Editor-VisualStudioCodeSourceCodeAccess.dll (API version 3709383).
LogModuleManager: Display: Found up-to-date module file ../../../Engine/Plugins/Developer/VisualStudioSourceCodeAccess/Binaries/Win64/UE4Editor-VisualStudioSourceCodeAccess.dll (API version 3709383).
LogModuleManager: Display: Found up-to-date module file ../../../Engine/Plugins/Editor/AssetManagerEditor/Binaries/Win64/UE4Editor-AssetManagerEditor.dll (API version 3709383).
LogModuleManager: Display: Found up-to-date module file ../../../Engine/Plugins/Editor/AudioCapture/Binaries/Win64/UE4Editor-AudioCapture.dll (API version 3709383).
LogModuleManager: Display: Found up-to-date module file ../../../Engine/Plugins/Editor/FacialAnimation/Binaries/Win64/UE4Editor-FacialAnimation.dll (API version 3709383).
LogModuleManager: Display: Found up-to-date module file ../../../Engine/Plugins/Editor/FacialAnimation/Binaries/Win64/UE4Editor-FacialAnimationEditor.dll (API version 3709383).
LogModuleManager: Display: Found up-to-date module file ../../../Engine/Plugins/Editor/GameplayTagsEditor/Binaries/Win64/UE4Editor-GameplayTagsEditor.dll (API version 3709383).
LogModuleManager: Display: Found up-to-date module file ../../../Engine/Plugins/Editor/MobileLauncherProfileWizard/Binaries/Win64/UE4Editor-MobileLauncherProfileWizard.dll (API version 3709383).
LogModuleManager: Display: Found up-to-date module file ../../../Engine/Plugins/Editor/PluginBrowser/Binaries/Win64/UE4Editor-PluginBrowser.dll (API version 3709383).
LogModuleManager: Display: Found up-to-date module file ../../../Engine/Plugins/Editor/SpeedTreeImporter/Binaries/Win64/UE4Editor-SpeedTreeImporter.dll (API version 3709383).
LogModuleManager: Display: Found up-to-date module file ../../../Engine/Plugins/Experimental/AlembicImporter/Binaries/Win64/UE4Editor-AlembicImporter.dll (API version 3709383).
LogModuleManager: Display: Found up-to-date module file ../../../Engine/Plugins/Experimental/AlembicImporter/Binaries/Win64/UE4Editor-AlembicLibrary.dll (API version 3709383).
LogModuleManager: Display: Found up-to-date module file ../../../Engine/Plugins/Experimental/CharacterAI/Binaries/Win64/UE4Editor-CharacterAI.dll (API version 3709383).
LogModuleManager: Display: Found up-to-date module file ../../../Engine/Plugins/Experimental/HTML5Networking/Binaries/Win64/UE4Editor-HTML5Networking.dll (API version 3709383).
LogModuleManager: Display: Found up-to-date module file ../../../Engine/Plugins/Media/AndroidMedia/Binaries/Win64/UE4Editor-AndroidMediaEditor.dll (API version 3709383).
LogModuleManager: Display: Found up-to-date module file ../../../Engine/Plugins/Media/AndroidMedia/Binaries/Win64/UE4Editor-AndroidMediaFactory.dll (API version 3709383).
LogModuleManager: Display: Found up-to-date module file ../../../Engine/Plugins/Media/AvfMedia/Binaries/Win64/UE4Editor-AvfMediaEditor.dll (API version 3709383).
LogModuleManager: Display: Found up-to-date module file ../../../Engine/Plugins/Media/AvfMedia/Binaries/Win64/UE4Editor-AvfMediaFactory.dll (API version 3709383).
LogModuleManager: Display: Found up-to-date module file ../../../Engine/Plugins/Media/AvfMedia/Binaries/Win64/UE4Editor-AvfMediaFactory.dll (API version 3709383).
LogModuleManager: Display: Found up-to-date module file ../../../Engine/Plugins/Media/ImgMedia/Binaries/Win64/UE4Editor-ImgMedia.dll (API version 3709383).
LogModuleManager: Display: Found up-to-date module file ../../../Engine/Plugins/Media/ImgMedia/Binaries/Win64/UE4Editor-ImgMediaEditor.dll (API version 3709383).
LogModuleManager: Display: Found up-to-date module file ../../../Engine/Plugins/Media/ImgMedia/Binaries/Win64/UE4Editor-ImgMediaFactory.dll (API version 3709383).
LogModuleManager: Display: Found up-to-date module file ../../../Engine/Plugins/Media/ImgMedia/Binaries/Win64/UE4Editor-ImgMediaFactory.dll (API version 3709383).
LogModuleManager: Display: Found up-to-date module file ../../../Engine/Plugins/Media/ImgMedia/Binaries/Win64/UE4Editor-OpenExrWrapper.dll (API version 3709383).
LogModuleManager: Display: Found up-to-date module file ../../../Engine/Plugins/Media/MediaCompositing/Binaries/Win64/UE4Editor-MediaCompositing.dll (API version 3709383).
LogModuleManager: Display: Found up-to-date module file ../../../Engine/Plugins/Media/MediaCompositing/Binaries/Win64/UE4Editor-MediaCompositingEditor.dll (API version 3709383).
LogModuleManager: Display: Found up-to-date module file ../../../Engine/Plugins/Media/MediaPlayerEditor/Binaries/Win64/UE4Editor-MediaPlayerEditor.dll (API version 3709383).
LogModuleManager: Display: Found up-to-date module file ../../../Engine/Plugins/Media/WmfMedia/Binaries/Win64/UE4Editor-WmfMedia.dll (API version 3709383).
LogModuleManager: Display: Found up-to-date module file ../../../Engine/Plugins/Media/WmfMedia/Binaries/Win64/UE4Editor-WmfMediaEditor.dll (API version 3709383).
LogModuleManager: Display: Found up-to-date module file ../../../Engine/Plugins/Media/WmfMedia/Binaries/Win64/UE4Editor-WmfMediaFactory.dll (API version 3709383).
LogModuleManager: Display: Found up-to-date module file ../../../Engine/Plugins/Media/WmfMedia/Binaries/Win64/UE4Editor-WmfMediaFactory.dll (API version 3709383).
LogModuleManager: Display: Found up-to-date module file ../../../Engine/Plugins/Messaging/TcpMessaging/Binaries/Win64/UE4Editor-TcpMessaging.dll (API version 3709383).
LogModuleManager: Display: Found up-to-date module file ../../../Engine/Plugins/Messaging/UdpMessaging/Binaries/Win64/UE4Editor-UdpMessaging.dll (API version 3709383).
LogModuleManager: Display: Found up-to-date module file ../../../Engine/Plugins/MovieScene/ActorSequence/Binaries/Win64/UE4Editor-ActorSequence.dll (API version 3709383).
LogModuleManager: Display: Found up-to-date module file ../../../Engine/Plugins/MovieScene/LevelSequenceEditor/Binaries/Win64/UE4Editor-LevelSequenceEditor.dll (API version 3709383).
LogModuleManager: Display: Found up-to-date module file ../../../Engine/Plugins/MovieScene/MatineeToLevelSequence/Binaries/Win64/UE4Editor-MatineeToLevelSequence.dll (API version 3709383).
LogModuleManager: Display: Found up-to-date module file ../../../Engine/Plugins/Online/OnlineSubsystem/Binaries/Win64/UE4Editor-OnlineSubsystem.dll (API version 3709383).
LogModuleManager: Display: Found up-to-date module file ../../../Engine/Plugins/Runtime/AndroidPermission/Binaries/Win64/UE4Editor-AndroidPermission.dll (API version 3709383).
LogModuleManager: Display: Found up-to-date module file ../../../Engine/Plugins/Online/OnlineSubsystemNull/Binaries/Win64/UE4Editor-OnlineSubsystemNull.dll (API version 3709383).
LogModuleManager: Display: Found up-to-date module file ../../../Engine/Plugins/Online/OnlineSubsystemUtils/Binaries/Win64/UE4Editor-OnlineSubsystemUtils.dll (API version 3709383).
LogModuleManager: Display: Found up-to-date module file ../../../Engine/Plugins/Online/OnlineSubsystemUtils/Binaries/Win64/UE4Editor-OnlineBlueprintSupport.dll (API version 3709383).
LogModuleManager: Display: Found up-to-date module file ../../../Engine/Plugins/Runtime/AndroidDeviceProfileSelector/Binaries/Win64/UE4Editor-AndroidDeviceProfileSelector.dll (API version 3709383).
LogModuleManager: Display: Found up-to-date module file ../../../Engine/Plugins/Runtime/AppleARKit/Binaries/Win64/UE4Editor-AppleARKit.dll (API version 3709383).
LogModuleManager: Display: Found up-to-date module file ../../../Engine/Plugins/Runtime/ArchVisCharacter/Binaries/Win64/UE4Editor-ArchVisCharacter.dll (API version 3709383).
LogModuleManager: Display: Found up-to-date module file ../../../Engine/Plugins/Runtime/CableComponent/Binaries/Win64/UE4Editor-CableComponent.dll (API version 3709383).
LogModuleManager: Display: Found up-to-date module file ../../../Engine/Plugins/Runtime/CustomMeshComponent/Binaries/Win64/UE4Editor-CustomMeshComponent.dll (API version 3709383).
LogModuleManager: Display: Found up-to-date module file ../../../Engine/Plugins/Runtime/ExampleDeviceProfileSelector/Binaries/Win64/UE4Editor-ExampleDeviceProfileSelector.dll (API version 3709383).
LogModuleManager: Display: Found up-to-date module file ../../../Engine/Plugins/Runtime/ImmediatePhysics/Binaries/Win64/UE4Editor-ImmediatePhysics.dll (API version 3709383).
LogModuleManager: Display: Found up-to-date module file ../../../Engine/Plugins/Runtime/ImmediatePhysics/Binaries/Win64/UE4Editor-ImmediatePhysicsEditor.dll (API version 3709383).
LogModuleManager: Display: Found up-to-date module file ../../../Engine/Plugins/Runtime/LocationServicesBPLibrary/Binaries/Win64/UE4Editor-LocationServicesBPLibrary.dll (API version 3709383).
LogModuleManager: Display: Found up-to-date module file ../../../Engine/Plugins/Runtime/MobilePatchingUtils/Binaries/Win64/UE4Editor-MobilePatchingUtils.dll (API version 3709383).
LogModuleManager: Display: Found up-to-date module file ../../../Engine/Plugins/Runtime/Oculus/OculusVR/Binaries/Win64/UE4Editor-OculusHMD.dll (API version 3709383).
LogModuleManager: Display: Found up-to-date module file ../../../Engine/Plugins/Runtime/Oculus/OculusVR/Binaries/Win64/UE4Editor-OculusInput.dll (API version 3709383).
LogModuleManager: Display: Found up-to-date module file ../../../Engine/Plugins/Runtime/Oculus/OculusVR/Binaries/Win64/UE4Editor-OculusEditor.dll (API version 3709383).
LogModuleManager: Display: Found up-to-date module file ../../../Engine/Plugins/Runtime/PhysXVehicles/Binaries/Win64/UE4Editor-PhysXVehicles.dll (API version 3709383).
LogModuleManager: Display: Found up-to-date module file ../../../Engine/Plugins/Runtime/PhysXVehicles/Binaries/Win64/UE4Editor-PhysXVehiclesEditor.dll (API version 3709383).
LogModuleManager: Display: Found up-to-date module file ../../../Engine/Plugins/Runtime/ProceduralMeshComponent/Binaries/Win64/UE4Editor-ProceduralMeshComponent.dll (API version 3709383).
LogModuleManager: Display: Found up-to-date module file ../../../Engine/Plugins/Runtime/ProceduralMeshComponent/Binaries/Win64/UE4Editor-ProceduralMeshComponentEditor.dll (API version 3709383).
LogModuleManager: Display: Found up-to-date module file ../../../Engine/Plugins/Runtime/RuntimePhysXCooking/Binaries/Win64/UE4Editor-RuntimePhysXCooking.dll (API version 3709383).
LogModuleManager: Display: Found up-to-date module file ../../../Engine/Plugins/Runtime/Steam/SteamVR/Binaries/Win64/UE4Editor-SteamVR.dll (API version 3709383).
LogModuleManager: Display: Found up-to-date module file ../../../Engine/Plugins/Runtime/Steam/SteamVR/Binaries/Win64/UE4Editor-SteamVRController.dll (API version 3709383).
LogModuleManager: Display: Found up-to-date module file ../../../Engine/Plugins/Runtime/WindowsMoviePlayer/Binaries/Win64/UE4Editor-WindowsMoviePlayer.dll (API version 3709383).
LogPluginManager: Mounting plugin Paper2D
LogPluginManager: Mounting plugin LightPropagationVolume
LogPluginManager: Mounting plugin CodeLiteSourceCodeAccess
LogPluginManager: Mounting plugin GitSourceControl
LogPluginManager: Mounting plugin KDevelopSourceCodeAccess
LogPluginManager: Mounting plugin NullSourceCodeAccess
LogPluginManager: Mounting plugin PerforceSourceControl
LogPluginManager: Mounting plugin SubversionSourceControl
LogPluginManager: Mounting plugin UObjectPlugin
LogPluginManager: Mounting plugin VisualStudioCodeSourceCodeAccess
LogPluginManager: Mounting plugin VisualStudioSourceCodeAccess
LogPluginManager: Mounting plugin XCodeSourceCodeAccess
LogPluginManager: Mounting plugin AssetManagerEditor
LogPluginManager: Mounting plugin AudioCapture
LogPluginManager: Mounting plugin FacialAnimation
LogPluginManager: Mounting plugin GameplayTagsEditor
LogPluginManager: Mounting plugin MobileLauncherProfileWizard
LogPluginManager: Mounting plugin PluginBrowser
LogPluginManager: Mounting plugin SpeedTreeImporter
LogPluginManager: Mounting plugin AlembicImporter
LogPluginManager: Mounting plugin CharacterAI
LogPluginManager: Mounting plugin HTML5Networking
LogPluginManager: Mounting plugin AndroidMedia
LogPluginManager: Mounting plugin AvfMedia
LogPluginManager: Mounting plugin ImgMedia
LogPluginManager: Mounting plugin MediaCompositing
LogPluginManager: Mounting plugin MediaPlayerEditor
LogPluginManager: Mounting plugin WmfMedia
LogPluginManager: Mounting plugin TcpMessaging
LogPluginManager: Mounting plugin UdpMessaging
LogPluginManager: Mounting plugin ActorSequence
LogPluginManager: Mounting plugin LevelSequenceEditor
LogPluginManager: Mounting plugin MatineeToLevelSequence
LogPluginManager: Mounting plugin OnlineSubsystemGooglePlay
LogPluginManager: Mounting plugin OnlineSubsystemIOS
LogPluginManager: Mounting plugin OnlineSubsystem
LogPluginManager: Mounting plugin OnlineSubsystemNull
LogPluginManager: Mounting plugin OnlineSubsystemUtils
LogPluginManager: Mounting plugin AndroidDeviceProfileSelector
LogPluginManager: Mounting plugin AndroidMoviePlayer
LogPluginManager: Mounting plugin AndroidPermission
LogPluginManager: Mounting plugin AppleARKit
LogPluginManager: Mounting plugin AppleMoviePlayer
LogPluginManager: Mounting plugin ArchVisCharacter
LogPluginManager: Mounting plugin CableComponent
LogPluginManager: Mounting plugin CustomMeshComponent
LogPluginManager: Mounting plugin ExampleDeviceProfileSelector
LogPluginManager: Mounting plugin GoogleCloudMessaging
LogPluginManager: Mounting plugin ImmediatePhysics
LogPluginManager: Mounting plugin IOSDeviceProfileSelector
LogPluginManager: Mounting plugin LinuxDeviceProfileSelector
LogPluginManager: Mounting plugin LocationServicesBPLibrary
LogPluginManager: Mounting plugin MobilePatchingUtils
LogPluginManager: Mounting plugin OculusVR
LogPluginManager: Plugin shader directory ../../../Engine/Plugins/Runtime/Oculus/OculusVR/Shaders found
LogPluginManager: Mapping shader source directory ../../../Engine/Plugins/Runtime/Oculus/OculusVR/Shaders to virtual directory /Plugin/OculusVR
LogPluginManager: Mounting plugin PhysXVehicles
LogPluginManager: Mounting plugin ProceduralMeshComponent
LogPluginManager: Mounting plugin RuntimePhysXCooking
LogPluginManager: Mounting plugin SteamVR
LogPluginManager: Mounting plugin WindowsMoviePlayer
LogInit: Using libcurl 7.47.1
LogInit:  - built for x86_64-pc-win32
LogInit:  - supports SSL with OpenSSL/1.0.2g
LogInit:  - supports HTTP deflate (compression) using libz 1.2.8
LogInit:  - other features:
LogInit:      CURL_VERSION_SSL
LogInit:      CURL_VERSION_LIBZ
LogInit:      CURL_VERSION_IPV6
LogInit:      CURL_VERSION_ASYNCHDNS
LogInit:      CURL_VERSION_LARGEFILE
LogInit:      CURL_VERSION_IDN
LogInit:  CurlRequestOptions (configurable via config and command line):
LogInit:  - bVerifyPeer = false  - Libcurl will NOT verify peer certificate
LogInit:  - bUseHttpProxy = false  - Libcurl will NOT use HTTP proxy
LogInit:  - bDontReuseConnections = false  - Libcurl will reuse connections
LogInit:  - CertBundlePath = nullptr  - Libcurl will use whatever was configured at build time.
LogInit: Build: ++UE4+Release-4.18-CL-3832480
LogInit: Engine Version: 4.18.3-3832480+++UE4+Release-4.18
LogInit: Compatible Engine Version: 4.18.0-3709383+++UE4+Release-4.18
LogInit: Net CL: 3709383
LogDevObjectVersion: Number of dev versions registered: 16
LogDevObjectVersion:   Dev-Blueprints (B0D832E4-1F89-4F0D-ACCF-7EB736FD4AA2): 10
LogDevObjectVersion:   Dev-Build (E1C64328-A22C-4D53-A36C-8E866417BD8C): 0
LogDevObjectVersion:   Dev-Core (375EC13C-06E4-48FB-B500-84F0262A717E): 2
LogDevObjectVersion:   Dev-Editor (E4B068ED-F494-42E9-A231-DA0B2E46BB41): 20
LogDevObjectVersion:   Dev-Framework (CFFC743F-43B0-4480-9391-14DF171D2073): 30
LogDevObjectVersion:   Dev-Mobile (B02B49B5-BB20-44E9-A304-32B752E40360): 0
LogDevObjectVersion:   Dev-Networking (A4E4105C-59A1-49B5-A7C5-40C4547EDFEE): 0
LogDevObjectVersion:   Dev-Online (39C831C9-5AE6-47DC-9A44-9C173E1C8E7C): 0
LogDevObjectVersion:   Dev-Physics (78F01B33-EBEA-4F98-B9B4-84EACCB95AA2): 0
LogDevObjectVersion:   Dev-Platform (6631380F-2D4D-43E0-8009-CF276956A95A): 0
LogDevObjectVersion:   Dev-Rendering (12F88B9F-8875-4AFC-A67C-D90C383ABD29): 20
LogDevObjectVersion:   Dev-Sequencer (7B5AE74C-D270-4C10-A958-57980B212A5A): 4
LogDevObjectVersion:   Dev-VR (D7296918-1DD6-4BDD-9DE2-64A83CC13884): 0
LogDevObjectVersion:   Dev-LoadTimes (C2A15278-BFE7-4AFE-6C17-90FF531DF755): 1
LogDevObjectVersion:   Private-Geometry (6EACA3D4-40EC-4CC1-B786-8BED09428FC5): 1
LogDevObjectVersion:   Dev-AnimPhys (29E575DD-E0A3-4627-9D10-D276232CDCEA): 12
LogInit: Compiled (64-bit): Jan 12 2018 02:04:55
LogInit: Compiled with Visual C++: 19.00.24215.01
LogInit: Build Configuration: Development
LogInit: Branch Name: ++UE4+Release-4.18
LogInit: Command line:  
LogInit: Base directory: C:/Program Files/Epic Games/UE_4.18/Engine/Binaries/Win64/
LogInit: Installed Engine Build: 1
LogInit: Presizing for max 8388607 objects, including 0 objects not considered by GC, pre-allocating 0 bytes for permanent pool.
LogInit: Object subsystem initialized
[2018.05.29-14.39.37:855][  0]LogInit: Selected Device Profile: [Windows]
[2018.05.29-14.39.37:855][  0]LogInit: Applying CVar settings loaded from the selected device profile: [Windows]
[2018.05.29-14.39.37:866][  0]LogInit: Computer: JUN-HYOENG-HOME
[2018.05.29-14.39.37:866][  0]LogInit: User: user
[2018.05.29-14.39.37:866][  0]LogInit: CPU Page size=4096, Cores=6
[2018.05.29-14.39.37:866][  0]LogInit: High frequency timer resolution =2.929686 MHz
[2018.05.29-14.39.37:866][  0]LogMemory: Memory total: Physical=15.9GB (16GB approx)
[2018.05.29-14.39.37:866][  0]LogMemory: Platform Memory Stats for Windows
[2018.05.29-14.39.37:866][  0]LogMemory: Process Physical Memory: 272.93 MB used, 272.93 MB peak
[2018.05.29-14.39.37:866][  0]LogMemory: Process Virtual Memory: 272.00 MB used, 272.00 MB peak
[2018.05.29-14.39.37:866][  0]LogMemory: Physical Memory: 4178.98 MB used,  12118.99 MB free, 16297.98 MB total
[2018.05.29-14.39.37:866][  0]LogMemory: Virtual Memory: 4784.44 MB used,  12118.99 MB free, 134217728.00 MB total
[2018.05.29-14.39.38:043][  0]LogInit: Using OS detected language (ko-KR).
[2018.05.29-14.39.38:043][  0]LogInit: Using OS detected locale (ko-KR).
[2018.05.29-14.39.38:046][  0]LogTextLocalizationManager: No specific localization for 'ko-KR' exists, so the 'ko' localization will be used.
[2018.05.29-14.39.38:228][  0]LogInit: Setting process to per monitor DPI aware
[2018.05.29-14.39.38:466][  0]LogD3D11RHI: D3D11 adapters:
[2018.05.29-14.39.38:518][  0]LogD3D11RHI:    0. 'NVIDIA GeForce GTX 1060 6GB' (Feature Level 11_0)
[2018.05.29-14.39.38:518][  0]LogD3D11RHI:       6052/0/8148 MB DedicatedVideo/DedicatedSystem/SharedSystem, Outputs:2, VendorId:0x10de
[2018.05.29-14.39.38:520][  0]LogD3D11RHI:    1. 'Microsoft Basic Render Driver' (Feature Level 11_0)
[2018.05.29-14.39.38:520][  0]LogD3D11RHI:       0/0/8148 MB DedicatedVideo/DedicatedSystem/SharedSystem, Outputs:0, VendorId:0x1414
[2018.05.29-14.39.38:520][  0]LogD3D11RHI: Chosen D3D11 Adapter: 0
[2018.05.29-14.39.38:525][  0]LogD3D11RHI: Creating new Direct3DDevice
[2018.05.29-14.39.38:525][  0]LogD3D11RHI:     GPU DeviceId: 0x1c03 (for the marketing name, search the web for "GPU Device Id")
[2018.05.29-14.39.38:525][  0]LogWindows: EnumDisplayDevices:
[2018.05.29-14.39.38:525][  0]LogWindows:    0. 'NVIDIA GeForce GTX 1060 6GB' (P:1 D:1)
[2018.05.29-14.39.38:525][  0]LogWindows:    1. 'NVIDIA GeForce GTX 1060 6GB' (P:0 D:1)
[2018.05.29-14.39.38:525][  0]LogWindows:    2. 'NVIDIA GeForce GTX 1060 6GB' (P:0 D:0)
[2018.05.29-14.39.38:525][  0]LogWindows:    3. 'NVIDIA GeForce GTX 1060 6GB' (P:0 D:0)
[2018.05.29-14.39.38:525][  0]LogWindows: DebugString: GetVideoDriverDetailsInvalid PrimaryIsNotTheChoosenAdapter GetVideoDriverDetailsInvalid PrimaryIsNotTheChoosenAdapter GetVideoDriverDetailsInvalid PrimaryIsNotTheChoosenAdapter GetVideoDriverDetailsInvalid PrimaryIsNotTheChoosenAdapter FoundDriverCount:0 
[2018.05.29-14.39.38:525][  0]LogD3D11RHI:     Adapter Name: NVIDIA GeForce GTX 1060 6GB
[2018.05.29-14.39.38:525][  0]LogD3D11RHI:   Driver Version: Unknown (internal:Unknown, unified:Unknown)
[2018.05.29-14.39.38:525][  0]LogD3D11RHI:      Driver Date: Unknown
[2018.05.29-14.39.38:525][  0]LogRHI: Texture pool is 4236 MB (70% of 6052 MB)
[2018.05.29-14.39.38:556][  0]LogD3D11RHI: Async texture creation enabled
[2018.05.29-14.39.38:572][  0]LogD3D11RHI: GPU Timing Frequency: 1000.000000 (Debug: 2 2)
[2018.05.29-14.39.38:617][  0]LogShaderCompilers: Guid format shader working directory is -13 characters bigger than the processId version (../../../../../../Users/user/Documents/GitHub/SecurityGame/Intermediate/Shaders/WorkingDirectory/9736/).
[2018.05.29-14.39.38:617][  0]LogShaderCompilers: Cleaned the shader compiler working directory 'C:/Users/user/AppData/Local/Temp/UnrealShaderWorkingDir/090BFC6C4FA21A409722F1B7D6E7F5CC/'.
[2018.05.29-14.39.38:617][  0]LogShaderCompilers: Display: Using Local Shader Compiler.
[2018.05.29-14.39.39:410][  0]LogTemp: Display: Loaded TP AllDesktopTargetPlatform
[2018.05.29-14.39.39:468][  0]LogTemp: Display: Loaded TP MacClientTargetPlatform
[2018.05.29-14.39.39:525][  0]LogTemp: Display: Loaded TP MacNoEditorTargetPlatform
[2018.05.29-14.39.39:582][  0]LogTemp: Display: Loaded TP MacServerTargetPlatform
[2018.05.29-14.39.39:641][  0]LogTemp: Display: Loaded TP MacTargetPlatform
[2018.05.29-14.39.39:698][  0]LogTemp: Display: Loaded TP WindowsClientTargetPlatform
[2018.05.29-14.39.39:754][  0]LogTemp: Display: Loaded TP WindowsNoEditorTargetPlatform
[2018.05.29-14.39.39:812][  0]LogTemp: Display: Loaded TP WindowsServerTargetPlatform
[2018.05.29-14.39.39:863][  0]LogTemp: Display: Loaded TP WindowsTargetPlatform
[2018.05.29-14.39.39:920][  0]LogTemp: Display: Loaded TP Android_ASTCTargetPlatform
[2018.05.29-14.39.39:975][  0]LogTemp: Display: Loaded TP Android_ATCTargetPlatform
[2018.05.29-14.39.40:032][  0]LogTemp: Display: Loaded TP Android_DXTTargetPlatform
[2018.05.29-14.39.40:089][  0]LogTemp: Display: Loaded TP Android_ETC1TargetPlatform
[2018.05.29-14.39.40:145][  0]LogTemp: Display: Loaded TP Android_ETC2TargetPlatform
[2018.05.29-14.39.40:257][  0]LogTemp: Display: Loaded TP Android_MultiTargetPlatform
[2018.05.29-14.39.40:257][  0]LogTemp: Display: Loaded TP Android_PVRTCTargetPlatform
[2018.05.29-14.39.40:313][  0]LogTemp: Display: Loaded TP AndroidTargetPlatform
[2018.05.29-14.39.40:360][  0]LogTemp: Display: Loaded TP HTML5TargetPlatform
[2018.05.29-14.39.40:459][  0]LogTemp: Display: Loaded TP IOSTargetPlatform
[2018.05.29-14.39.40:487][  0]LogTemp: Display: Loaded TP TVOSTargetPlatform
[2018.05.29-14.39.40:542][  0]LogTemp: Display: Loaded TP LinuxClientTargetPlatform
[2018.05.29-14.39.40:598][  0]LogTemp: Display: Loaded TP LinuxNoEditorTargetPlatform
[2018.05.29-14.39.40:654][  0]LogTemp: Display: Loaded TP LinuxServerTargetPlatform
[2018.05.29-14.39.40:710][  0]LogTemp: Display: Loaded TP LinuxTargetPlatform
[2018.05.29-14.39.40:710][  0]LogTargetPlatformManager: Display: Building Assets For Windows
[2018.05.29-14.39.41:243][  0]LogDerivedDataCache: Display: Max Cache Size: 512 MB
[2018.05.29-14.39.41:299][  0]LogDerivedDataCache: Loaded boot cache 0.06s 78MB C:/Users/user/AppData/Local/UnrealEngine/4.18/DerivedDataCache/Boot.ddc.
[2018.05.29-14.39.41:299][  0]LogDerivedDataCache: Display: Loaded Boot cache: C:/Users/user/AppData/Local/UnrealEngine/4.18/DerivedDataCache/Boot.ddc
[2018.05.29-14.39.41:299][  0]LogDerivedDataCache: FDerivedDataBackendGraph:  Pak pak cache file ../../../../../../Users/user/Documents/GitHub/SecurityGame/DerivedDataCache/DDC.ddp not found, will not use a pak cache.
[2018.05.29-14.39.41:299][  0]LogDerivedDataCache: Unable to find inner node Pak for hierarchical cache Hierarchy.
[2018.05.29-14.39.41:299][  0]LogDerivedDataCache: FDerivedDataBackendGraph:  CompressedPak pak cache file ../../../../../../Users/user/Documents/GitHub/SecurityGame/DerivedDataCache/Compressed.ddp not found, will not use a pak cache.
[2018.05.29-14.39.41:299][  0]LogDerivedDataCache: Unable to find inner node CompressedPak for hierarchical cache Hierarchy.
[2018.05.29-14.39.41:312][  0]LogDerivedDataCache: Display: Pak cache opened for reading ../../../Engine/DerivedDataCache/Compressed.ddp.
[2018.05.29-14.39.41:324][  0]LogDerivedDataCache: Using Local data cache path C:/Users/user/AppData/Local/UnrealEngine/Common/DerivedDataCache: Writable
[2018.05.29-14.39.41:332][  0]LogMaterial: Verifying Global Shaders for PCD3D_SM5
[2018.05.29-14.39.41:332][  0]LogSlate: Using Freetype 2.6.0
[2018.05.29-14.39.41:333][  0]LogSlate: SlateFontCache - WITH_FREETYPE: 1, WITH_HARFBUZZ: 1
[2018.05.29-14.39.41:333][  0]LogSlate: SlateFontCache - WITH_FREETYPE: 1, WITH_HARFBUZZ: 1
[2018.05.29-14.39.41:637][  0]LogInit: Selected Device Profile: [Windows]
[2018.05.29-14.39.41:982][  0]LogSimplygon: Simplygon DLL not present - disabling.
[2018.05.29-14.39.42:030][  0]LogMeshReduction: Using SimplygonSwarm for distributed automatic mesh merging
[2018.05.29-14.39.42:030][  0]LogMeshReduction: Using QuadricMeshReduction for automatic static mesh reduction
[2018.05.29-14.39.42:030][  0]LogMeshReduction: No automatic skeletal mesh reduction module available
[2018.05.29-14.39.42:030][  0]LogMeshReduction: No automatic mesh merging module available
[2018.05.29-14.39.42:030][  0]LogMeshMerging: No automatic mesh merging module available
[2018.05.29-14.39.42:065][  0]LogNetVersion: Trolley , NetCL: 3709383, EngineNetVer: 2, GameNetVer: 0 (Checksum: 2282078908)
[2018.05.29-14.39.42:232][  0]LogAssetRegistry: FAssetRegistry took 0.0251 seconds to start up
[2018.05.29-14.39.42:695][  0]LogPackageLocalizationCache: Processed 7 localized package path(s) for 2 prioritized culture(s) in 0.053511 seconds
[2018.05.29-14.39.42:700][  0]LogUObjectArray: 35870 objects as part of root set at end of initial load.
[2018.05.29-14.39.42:700][  0]LogUObjectAllocator: 7363704 out of 0 bytes used by permanent object pool.
[2018.05.29-14.39.42:700][  0]LogUObjectArray: CloseDisregardForGC: 0/0 objects in disregard for GC pool
[2018.05.29-14.39.42:763][  0]LogInit: WinSock: version 1.1 (2.2), MaxSocks=32767, MaxUdp=65467
[2018.05.29-14.39.45:553][  0]LogTcpMessaging: Initializing TcpMessaging bridge
[2018.05.29-14.39.45:623][  0]LogUdpMessaging: Initializing bridge on interface 0.0.0.0:0 to multicast group 230.0.0.1:6666.
[2018.05.29-14.39.46:390][  0]LogMaterial: Uniform references updated for custom material expression Custom.
[2018.05.29-14.39.46:871][  0]SourceControl: 소스 콘트롤이 꺼졌습니다.
[2018.05.29-14.39.46:871][  0]SourceControl: 소스 콘트롤이 꺼졌습니다.
[2018.05.29-14.39.46:934][  0]SourceControl: 소스 콘트롤이 꺼졌습니다.
[2018.05.29-14.39.46:998][  0]SourceControl: 소스 콘트롤이 꺼졌습니다.
[2018.05.29-14.39.47:954][  0]LogAndroidPermission: UAndroidPermissionCallbackProxy::GetInstance
[2018.05.29-14.39.48:278][  0]LogOcInput: OculusInput pre-init called
[2018.05.29-14.39.48:606][  0]LogEngine: Initializing Engine...
[2018.05.29-14.39.48:608][  0]LogHMD: Failed to initialize OpenVR with code 110
[2018.05.29-14.39.48:783][  0]LogStats: UGameplayTagsManager::ConstructGameplayTagTree: Construct from data asset -  0.000 s
[2018.05.29-14.39.48:784][  0]LogStats: UGameplayTagsManager::ConstructGameplayTagTree: GameplayTagTreeChangedEvent.Broadcast -  0.000 s
[2018.05.29-14.39.48:934][  0]LogAIModule: Creating AISystem for world Untitled
[2018.05.29-14.39.48:943][  0]LogInit: XAudio2 using '스피커(Realtek High Definition Audio)' : 2 channels at 48 kHz using 32 bits per sample (channel mask 0x3)
[2018.05.29-14.39.48:963][  0]LogInit: FAudioDevice initialized.
[2018.05.29-14.39.49:033][  0]LogDerivedDataCache: Saved boot cache 0.07s 78MB C:/Users/user/AppData/Local/UnrealEngine/4.18/DerivedDataCache/Boot.ddc.
[2018.05.29-14.39.49:045][  0]LogInit: Texture streaming: Enabled
[2018.05.29-14.39.49:163][  0]LogEngineSessionManager: EngineSessionManager initialized
[2018.05.29-14.39.49:319][  0]LogInit: Transaction tracking system initialized
[2018.05.29-14.39.49:700][  0]BlueprintLog: New page: 에디터 로드
[2018.05.29-14.39.50:775][  0]LocalizationService: 현지화 서비스가 비활성화되었습니다.
[2018.05.29-14.39.51:671][  0]LogConsoleResponse: Display: 
[2018.05.29-14.39.51:835][  0]LogCook: Display: Max memory allowance for cook 16384mb min free memory 0mb
[2018.05.29-14.39.51:835][  0]LogCook: Display: Mobile HDR setting 1
[2018.05.29-14.39.51:835][  0]LogGameplayTags: Display: UGameplayTagsManager::DoneAddingNativeTags. DelegateIsBound: 0
[2018.05.29-14.39.53:159][  0]LogFileCache: Scanning file cache for directory 'C:/Users/user/Documents/GitHub/SecurityGame/Content/' took 0.02s
[2018.05.29-14.39.53:212][  0]SourceControl: 소스 콘트롤이 꺼졌습니다.
[2018.05.29-14.39.53:212][  0]Cmd: MAP LOAD FILE="../../../../../../Users/user/Documents/GitHub/SecurityGame/Content/TopDownBP/Maps/Day1.umap" TEMPLATE=0 SHOWPROGRESS=1 FEATURELEVEL=3
[2018.05.29-14.39.53:213][  0]LightingResults: New page: 라이팅 빌드
[2018.05.29-14.39.53:262][  0]MapCheck: New page: 맵 체크
[2018.05.29-14.39.53:262][  0]LightingResults: New page: 라이팅 빌드
[2018.05.29-14.39.53:786][  0]LogMaterial: Uniform references updated for custom material expression Custom.
[2018.05.29-14.39.53:838][  0]LogTexture: Display: 텍스처 빌드: HQ_Lightmap0_1 (AutoDXT, 1024X1024)
[2018.05.29-14.39.53:838][  0]LogTexture: Display: 텍스처 빌드: HQ_Lightmap0_12 (AutoDXT, 1024X1024)
[2018.05.29-14.39.53:838][  0]LogTexture: Display: 텍스처 빌드: HQ_Lightmap0_10 (AutoDXT, 1024X1024)
[2018.05.29-14.39.53:838][  0]LogTexture: Display: 텍스처 빌드: HQ_Lightmap0_11 (AutoDXT, 1024X1024)
[2018.05.29-14.39.55:538][  0]LogTexture: Display: 텍스처 빌드: HQ_Lightmap0_13 (AutoDXT, 1024X1024)
[2018.05.29-14.39.55:538][  0]LogTexture: Display: 텍스처 빌드: HQ_Lightmap0_14 (AutoDXT, 1024X1024)
[2018.05.29-14.39.55:538][  0]LogTexture: Display: 텍스처 빌드: HQ_Lightmap0_2 (AutoDXT, 1024X1024)
[2018.05.29-14.39.55:538][  0]LogTexture: Display: 텍스처 빌드: HQ_Lightmap0_3 (AutoDXT, 1024X1024)
[2018.05.29-14.39.55:538][  0]LogTexture: Display: 텍스처 빌드: HQ_Lightmap0_4 (AutoDXT, 1024X1024)
[2018.05.29-14.39.55:538][  0]LogTexture: Display: 텍스처 빌드: HQ_Lightmap0_5 (AutoDXT, 1024X1024)
[2018.05.29-14.39.55:538][  0]LogTexture: Display: 텍스처 빌드: HQ_Lightmap0_6 (AutoDXT, 1024X1024)
[2018.05.29-14.39.56:830][  0]LogTexture: Display: 텍스처 빌드: HQ_Lightmap0_7 (AutoDXT, 1024X1024)
[2018.05.29-14.39.56:830][  0]LogTexture: Display: 텍스처 빌드: HQ_Lightmap0_8 (AutoDXT, 1024X1024)
[2018.05.29-14.39.56:830][  0]LogTexture: Display: 텍스처 빌드: HQ_Lightmap0_9 (AutoDXT, 1024X1024)
[2018.05.29-14.39.56:830][  0]LogTexture: Display: 텍스처 빌드: LQ_Lightmap_0_1 (DXT1, 1024X1024)
[2018.05.29-14.39.56:830][  0]LogTexture: Display: 텍스처 빌드: LQ_Lightmap_0_10 (DXT1, 1024X1024)
[2018.05.29-14.39.56:830][  0]LogTexture: Display: 텍스처 빌드: LQ_Lightmap_0_11 (DXT1, 1024X1024)
[2018.05.29-14.39.56:830][  0]LogTexture: Display: 텍스처 빌드: LQ_Lightmap_0_12 (DXT1, 1024X1024)
[2018.05.29-14.39.57:875][  0]LogTexture: Display: 텍스처 빌드: LQ_Lightmap_0_13 (DXT1, 1024X1024)
[2018.05.29-14.39.57:875][  0]LogTexture: Display: 텍스처 빌드: LQ_Lightmap_0_14 (DXT1, 1024X1024)
[2018.05.29-14.39.57:875][  0]LogTexture: Display: 텍스처 빌드: LQ_Lightmap_0_2 (DXT1, 1024X1024)
[2018.05.29-14.39.57:875][  0]LogTexture: Display: 텍스처 빌드: LQ_Lightmap_0_3 (DXT1, 1024X1024)
[2018.05.29-14.39.57:875][  0]LogTexture: Display: 텍스처 빌드: LQ_Lightmap_0_4 (DXT1, 1024X1024)
[2018.05.29-14.39.57:875][  0]LogTexture: Display: 텍스처 빌드: LQ_Lightmap_0_5 (DXT1, 1024X1024)
[2018.05.29-14.39.57:875][  0]LogTexture: Display: 텍스처 빌드: LQ_Lightmap_0_6 (DXT1, 1024X1024)
[2018.05.29-14.39.57:875][  0]LogTexture: Display: 텍스처 빌드: LQ_Lightmap_0_7 (DXT1, 1024X1024)
[2018.05.29-14.39.57:875][  0]LogTexture: Display: 텍스처 빌드: LQ_Lightmap_0_8 (DXT1, 1024X1024)
[2018.05.29-14.39.57:875][  0]LogTexture: Display: 텍스처 빌드: LQ_Lightmap_0_9 (DXT1, 1024X1024)
[2018.05.29-14.39.57:876][  0]LogAIModule: Creating AISystem for world Day1
[2018.05.29-14.39.57:899][  0]LogEditorServer: Finished looking for orphan Actors (0.000 secs)
[2018.05.29-14.39.57:915][  0]Cmd: MAP CHECKDEP NOCLEARLOG
[2018.05.29-14.39.57:983][  0]MapCheck: 맵 체크 완료: 오류 0 회, 경고 0 회, 소요 시간 67.257ms.
[2018.05.29-14.39.57:983][  0]LogFileHelpers: Loading map 'Day1' took 4.769
[2018.05.29-14.39.58:135][  0]LogCollectionManager: Loaded 0 collections in 0.001684 seconds
[2018.05.29-14.39.58:264][  0]LogFileCache: Scanning file cache for directory 'C:/Users/user/Documents/GitHub/SecurityGame/Saved/Collections/' took 0.01s
[2018.05.29-14.39.58:264][  0]LogFileCache: Scanning file cache for directory 'C:/Users/user/Documents/GitHub/SecurityGame/Content/Developers/user/Collections/' took 0.01s
[2018.05.29-14.39.58:264][  0]LogFileCache: Scanning file cache for directory 'C:/Users/user/Documents/GitHub/SecurityGame/Content/Collections/' took 0.01s
[2018.05.29-14.39.58:264][  0]LogCollectionManager: Rebuilt the GUID cache for 0 collections in 0.000000 seconds
[2018.05.29-14.39.58:271][  0]LogContentBrowser: Native class hierarchy populated in 0.0065 seconds. Added 2363 classes and 519 folders.
[2018.05.29-14.39.58:347][  0]LogContentBrowser: Native class hierarchy updated for 'WidgetCarousel' in 0.0002 seconds. Added 0 classes and 0 folders.
[2018.05.29-14.39.58:385][  0]LogContentBrowser: Native class hierarchy updated for 'AddContentDialog' in 0.0002 seconds. Added 0 classes and 0 folders.
[2018.05.29-14.39.58:434][  0]LogContentBrowser: Native class hierarchy updated for 'SceneOutliner' in 0.0002 seconds. Added 1 classes and 2 folders.
[2018.05.29-14.39.58:502][  0]LogSlate: Took 0.000144 seconds to synchronously load lazily loaded font '../../../Engine/Content/Slate/Fonts/Roboto-Regular.ttf' (155K)
[2018.05.29-14.39.58:504][  0]LogSlate: Took 0.001875 seconds to synchronously load lazily loaded font '../../../Engine/Content/Slate/Fonts/NanumGothic.ttf' (4243K)
[2018.05.29-14.39.58:505][  0]LogSlate: Took 0.000155 seconds to synchronously load lazily loaded font '../../../Engine/Content/Slate/Fonts/Roboto-Bold.ttf' (160K)
[2018.05.29-14.39.58:508][  0]LogSlate: Took 0.000133 seconds to synchronously load lazily loaded font '../../../Engine/Content/Editor/Slate/Fonts/FontAwesome.ttf' (139K)
[2018.05.29-14.39.58:588][  0]LogRenderer: Reallocating scene render targets to support 256x256 Format 10 NumSamples 1 (Frame:1).
[2018.05.29-14.39.58:622][  0]LogRenderer: Reallocating scene render targets to support 1208x576 Format 10 NumSamples 1 (Frame:1).
[2018.05.29-14.39.58:654][  0]LogSlate: Took 0.000193 seconds to synchronously load lazily loaded font '../../../Engine/Content/Slate/Fonts/Roboto-Light.ttf' (159K)
[2018.05.29-14.39.58:774][  0]LogContentBrowser: Native class hierarchy updated for 'HierarchicalLODOutliner' in 0.0002 seconds. Added 1 classes and 2 folders.
[2018.05.29-14.39.58:774][  0]LogLoad: (Engine Initialization) Total time: 23.47 seconds
[2018.05.29-14.39.58:774][  0]LogLoad: (Engine Initialization) Total Blueprint compile time: 0.00 seconds
[2018.05.29-14.39.58:774][  0]LogExternalProfiler: No external profilers were discovered.  External profiling features will not be available.
[2018.05.29-14.39.59:137][  0]LogContentStreaming: Texture pool size now 1000 MB
[2018.05.29-14.39.59:472][  1]LogAssetRegistry: Asset discovery search completed in 17.2615 seconds
[2018.05.29-14.39.59:473][  1]LogCollectionManager: Rebuilt the object cache for 0 collections in 0.000000 seconds (found 0 objects)
[2018.05.29-14.39.59:473][  1]LogCollectionManager: Fixed up redirectors for 0 collections in 0.000043 seconds (updated 0 objects)
[2018.05.29-14.40.44:169][167]LogSlate: Took 0.000183 seconds to synchronously load lazily loaded font '../../../Engine/Content/Editor/Slate/Fonts/Roboto-Italic.ttf' (157K)
[2018.05.29-14.41.00:143][ 41]LogActorFactory: Actor Factory created Cube
[2018.05.29-14.41.00:926][129]LogActorFactory: Actor Factory created Cube
[2018.05.29-14.41.39:269][422]LogEditorViewport: Clicking on Actor (LMB): StaticMeshActor (1Floor)
[2018.05.29-14.41.40:221][529]LogEditorViewport: Clicking on Actor (LMB): StaticMeshActor (Cube)
[2018.05.29-14.41.57:857][476]LogEditorViewport: Clicking on Actor (LMB): StaticMeshActor (1Floor)
[2018.05.29-14.41.59:538][657]LogEditorViewport: Clicking on Actor (LMB): StaticMeshActor (Cube)
[2018.05.29-14.42.09:023][702]Cmd: EDIT COPY
[2018.05.29-14.42.09:243][727]Cmd: EDIT PASTE
[2018.05.29-14.42.11:792][ 26]LogEditorViewport: Clicking on Actor (LMB): StaticMeshActor (Cube)
[2018.05.29-14.42.17:398][674]LogEditorViewport: Clicking on Actor (LMB): StaticMeshActor (Cube2)
[2018.05.29-14.42.19:717][945]LogEditorViewport: Clicking on Actor (LMB): StaticMeshActor (Cube2)
[2018.05.29-14.42.20:423][ 28]Cmd: DELETE
[2018.05.29-14.42.20:423][ 28]Cmd: ACTOR DELETE
[2018.05.29-14.42.20:433][ 28]LogEditorActor: Deleted Actor: StaticMeshActor
[2018.05.29-14.42.20:444][ 28]LogEditorActor: Deleted 1 Actors (0.020 secs)
[2018.05.29-14.42.20:863][ 78]LogEditorViewport: Clicking on Actor (LMB): StaticMeshActor (Cube)
[2018.05.29-14.42.32:652][467]LogEditorViewport: Clicking on Actor (LMB): StaticMeshActor (Cube)
[2018.05.29-14.42.38:462][152]Cmd: EDIT COPY
[2018.05.29-14.42.38:644][173]Cmd: EDIT PASTE
[2018.05.29-14.42.42:009][569]LogEditorViewport: Clicking on Actor (LMB): StaticMeshActor (Cube)
[2018.05.29-14.42.43:257][713]LogEditorViewport: Clicking on Actor (LMB): StaticMeshActor (Cube2)
[2018.05.29-14.42.44:044][803]Cmd: DELETE
[2018.05.29-14.42.44:044][803]Cmd: ACTOR DELETE
[2018.05.29-14.42.44:049][803]LogEditorActor: Deleted Actor: StaticMeshActor
[2018.05.29-14.42.44:059][803]LogEditorActor: Deleted 1 Actors (0.015 secs)
[2018.05.29-14.42.44:335][835]LogEditorViewport: Clicking on Actor (LMB): StaticMeshActor (Cube)
[2018.05.29-14.42.46:954][139]LogEditorViewport: Clicking on Actor (LMB): StaticMeshActor (Cube)
[2018.05.29-14.42.47:086][153]Cmd: EDIT COPY
[2018.05.29-14.42.47:243][171]Cmd: EDIT PASTE
[2018.05.29-14.42.53:801][951]LogEditorViewport: Clicking on Actor (LMB): StaticMeshActor (Cube)
[2018.05.29-14.42.54:821][ 69]LogEditorViewport: Clicking on Actor (LMB): StaticMeshActor (Cube2)
[2018.05.29-14.42.55:068][ 94]Cmd: DELETE
[2018.05.29-14.42.55:068][ 94]Cmd: ACTOR DELETE
[2018.05.29-14.42.55:072][ 94]LogEditorActor: Deleted Actor: StaticMeshActor
[2018.05.29-14.42.55:082][ 94]LogEditorActor: Deleted 1 Actors (0.014 secs)
[2018.05.29-14.42.55:323][122]LogEditorViewport: Clicking on Actor (LMB): StaticMeshActor (Cube)
[2018.05.29-14.42.57:189][340]LogEditorViewport: Clicking on Actor (LMB): StaticMeshActor (Cube)
[2018.05.29-14.43.00:221][698]LogEditorViewport: Clicking on Actor (LMB): StaticMeshActor (Cube)
[2018.05.29-14.43.02:569][975]Cmd: EDIT COPY
[2018.05.29-14.43.02:730][993]Cmd: EDIT PASTE
[2018.05.29-14.43.06:191][401]LogEditorViewport: Clicking Background
[2018.05.29-14.43.13:583][274]LogEditorViewport: Clicking on Actor (LMB): StaticMeshActor (Cube2)
[2018.05.29-14.43.13:940][297]LogEditorViewport: Clicking on Actor (CTRL LMB): StaticMeshActor (Cube)
[2018.05.29-14.43.18:607][828]LogEditorViewport: Clicking Background
[2018.05.29-14.43.20:041][981]LogEditorViewport: Clicking on Actor (LMB): StaticMeshActor (Cube2)
[2018.05.29-14.43.20:401][ 10]LogEditorViewport: Clicking on Actor (LMB): StaticMeshActor (Cube)
[2018.05.29-14.43.20:901][ 53]LogSlate: Took 0.000125 seconds to synchronously load lazily loaded font '../../../Engine/Content/Slate/Fonts/Roboto-Light.ttf' (159K)
[2018.05.29-14.43.20:909][ 53]Cmd: OBJ SAVEPACKAGE PACKAGE="/Game/TopDownBP/Maps/Day1" FILE="../../../../../../Users/user/Documents/GitHub/SecurityGame/Content/TopDownBP/Maps/Day1.umap" SILENT=true AUTOSAVING=false KEEPDIRTY=false
[2018.05.29-14.43.21:267][ 53]LogSavePackage: Save=336.44ms
[2018.05.29-14.43.21:267][ 53]LogSavePackage: Moving '../../../../../../Users/user/Documents/GitHub/SecurityGame/Saved/Day10EA100B04375E8510C1399B7D1D0F778.tmp' to '../../../../../../Users/user/Documents/GitHub/SecurityGame/Content/TopDownBP/Maps/Day1.umap'
[2018.05.29-14.43.21:272][ 53]LogSavePackage: Display: Finished SavePackage ../../../../../../Users/user/Documents/GitHub/SecurityGame/Content/TopDownBP/Maps/Day1.umap
[2018.05.29-14.43.21:319][ 53]Cmd: OBJ SAVEPACKAGE PACKAGE="/Game/TopDownBP/Maps/Day1_BuiltData" FILE="../../../../../../Users/user/Documents/GitHub/SecurityGame/Content/TopDownBP/Maps/Day1_BuiltData.uasset" SILENT=true
[2018.05.29-14.43.22:166][ 53]LogSlate: Took 0.000158 seconds to synchronously load lazily loaded font '../../../Engine/Content/Slate/Fonts/Roboto-Regular.ttf' (155K)
[2018.05.29-14.43.22:420][ 53]LogSavePackage: Save=1077.51ms
[2018.05.29-14.43.22:420][ 53]LogSavePackage: Moving '../../../../../../Users/user/Documents/GitHub/SecurityGame/Saved/Day1_BuiltData8D2F32F24182211163E07DBF9303945E.tmp' to '../../../../../../Users/user/Documents/GitHub/SecurityGame/Content/TopDownBP/Maps/Day1_BuiltData.uasset'
[2018.05.29-14.43.22:423][ 53]LogSavePackage: Display: Finished SavePackage ../../../../../../Users/user/Documents/GitHub/SecurityGame/Content/TopDownBP/Maps/Day1_BuiltData.uasset
[2018.05.29-14.43.30:379][949]LogContentBrowser: Native class hierarchy updated for 'MaterialEditor' in 0.0002 seconds. Added 1 classes and 0 folders.
[2018.05.29-14.43.30:382][949]LogMaterial: Missing cached shader map for material 유리문, compiling. 
[2018.05.29-14.43.30:708][949]LogMaterial: Missing cached shader map for material 유리문, compiling. 
[2018.05.29-14.43.30:727][949]LogMaterial: Missing cached shader map for material 유리문, compiling. 
[2018.05.29-14.43.30:781][949]LogSlate: Took 0.005356 seconds to synchronously load lazily loaded font '../../../Engine/Content/Editor/Slate/Fonts/Roboto-BoldCondensed.ttf' (158K)
[2018.05.29-14.43.32:660][116]MaterialEditorStats: Base pass shader: 99 instructions
[2018.05.29-14.43.32:660][116]MaterialEditorStats: Base pass shader with Volumetric Lightmap: 172 instructions
[2018.05.29-14.43.32:660][116]MaterialEditorStats: Vertex shader: 29 instructions
[2018.05.29-14.43.32:660][116]MaterialEditorStats: Texture samplers: 2/16
[2018.05.29-14.43.33:326][193]LogMaterial: Missing cached shader map for material 유리문, compiling. 
[2018.05.29-14.43.33:358][193]LogMaterial: Missing cached shader map for material 유리문, compiling. 
[2018.05.29-14.43.42:238][227]LogMaterial: Missing cached shader map for material 유리문, compiling. 
[2018.05.29-14.43.42:259][227]LogMaterial: Uniform references updated for custom material expression Custom.
[2018.05.29-14.43.42:298][228]LogMaterial: Missing cached shader map for material Material_0, compiling. 
[2018.05.29-14.43.42:299][228]LogMaterial: Warning: /Engine/Transient.Material_0 (no disk path found): Failed to compile Material for platform PCD3D_SM5, Default Material will be used in game.
[2018.05.29-14.43.42:299][228]LogMaterial: 	Only translucent materials can use the scene color node.
[2018.05.29-14.43.44:380][439]LogMaterial: Missing cached shader map for material 유리문, compiling. 
[2018.05.29-14.43.45:402][540]LogMaterial: Missing cached shader map for material 유리문, compiling. 
[2018.05.29-14.43.48:103][826]MaterialEditorStats: Base pass shader: 92 instructions
[2018.05.29-14.43.48:103][826]MaterialEditorStats: Base pass shader with Volumetric Lightmap: 113 instructions
[2018.05.29-14.43.48:103][826]MaterialEditorStats: Vertex shader: 122 instructions
[2018.05.29-14.43.48:103][826]MaterialEditorStats: Texture samplers: 3/16
[2018.05.29-14.43.52:498][331]LogMaterial: Missing cached shader map for material 유리문, compiling. 
[2018.05.29-14.43.52:520][331]LogMaterial: Missing cached shader map for material 유리문, compiling. 
[2018.05.29-14.43.55:351][603]MaterialEditorStats: Base pass shader: 92 instructions
[2018.05.29-14.43.55:351][603]MaterialEditorStats: Base pass shader with Volumetric Lightmap: 113 instructions
[2018.05.29-14.43.55:351][603]MaterialEditorStats: Vertex shader: 122 instructions
[2018.05.29-14.43.55:351][603]MaterialEditorStats: Texture samplers: 3/16
[2018.05.29-14.43.57:283][823]LogMaterial: Missing cached shader map for material 유리문, compiling. 
[2018.05.29-14.43.58:312][920]LogMaterial: Missing cached shader map for material 유리문, compiling. 
[2018.05.29-14.43.59:974][ 79]LogMaterial: Missing cached shader map for material 유리문, compiling. 
[2018.05.29-14.44.02:941][365]MaterialEditorStats: Base pass shader: 92 instructions
[2018.05.29-14.44.02:941][365]MaterialEditorStats: Base pass shader with Volumetric Lightmap: 113 instructions
[2018.05.29-14.44.02:941][365]MaterialEditorStats: Vertex shader: 122 instructions
[2018.05.29-14.44.02:941][365]MaterialEditorStats: Texture samplers: 3/16
[2018.05.29-14.44.06:659][791]LogMaterial: Missing cached shader map for material 유리문, compiling. 
[2018.05.29-14.44.09:796][934]MaterialEditorStats: Base pass shader: 92 instructions
[2018.05.29-14.44.09:796][934]MaterialEditorStats: Base pass shader with Volumetric Lightmap: 113 instructions
[2018.05.29-14.44.09:796][934]MaterialEditorStats: Vertex shader: 122 instructions
[2018.05.29-14.44.09:796][934]MaterialEditorStats: Texture samplers: 3/16
[2018.05.29-14.44.15:209][141]LogMaterial: Missing cached shader map for material 유리문, compiling. 
[2018.05.29-14.44.16:189][233]LogMaterial: Missing cached shader map for material 유리문, compiling. 
[2018.05.29-14.44.17:176][324]LogMaterial: Missing cached shader map for material 유리문, compiling. 
[2018.05.29-14.44.17:771][379]LogMaterialEditor: Saving and Compiling material 유리문
[2018.05.29-14.44.18:167][379]LogMaterial: Missing cached shader map for material 유리문, compiling. 
[2018.05.29-14.44.18:229][379]LogMaterial: Missing cached shader map for material 유리문, compiling. 
[2018.05.29-14.44.18:267][379]LogMaterial: Missing cached shader map for material 유리문, compiling. 
[2018.05.29-14.44.18:311][379]LogMaterial: Missing cached shader map for material FDebugViewModeMaterialProxy 유리문, compiling. 
[2018.05.29-14.44.20:618][379]TextureStreamingBuild: Display: Compiling optional shaders took 2.313 seconds.
[2018.05.29-14.44.24:084][379]Cmd: OBJ SAVEPACKAGE PACKAGE="/Game/TopDownBP/Material/유리문" FILE="../../../../../../Users/user/Documents/GitHub/SecurityGame/Content/TopDownBP/Material/유리문.uasset" SILENT=true
[2018.05.29-14.44.24:106][379]LogSavePackage: Save=17.34ms
[2018.05.29-14.44.24:106][379]LogSavePackage: Moving '../../../../../../Users/user/Documents/GitHub/SecurityGame/Saved/유리문EAC129144FFADB20B07A27B3A5DD3504.tmp' to '../../../../../../Users/user/Documents/GitHub/SecurityGame/Content/TopDownBP/Material/유리문.uasset'
[2018.05.29-14.44.24:108][379]LogSavePackage: Display: Finished SavePackage ../../../../../../Users/user/Documents/GitHub/SecurityGame/Content/TopDownBP/Material/유리문.uasset
[2018.05.29-14.44.24:117][379]MaterialEditorStats: Base pass shader: 92 instructions
[2018.05.29-14.44.24:117][379]MaterialEditorStats: Base pass shader with Volumetric Lightmap: 113 instructions
[2018.05.29-14.44.24:118][379]MaterialEditorStats: Vertex shader: 122 instructions
[2018.05.29-14.44.24:118][379]MaterialEditorStats: Texture samplers: 3/16
[2018.05.29-14.44.47:292][564]LogRenderer: Reallocating scene render targets to support 1392x924 Format 10 NumSamples 1 (Frame:1).
[2018.05.29-14.44.58:575][715]Cmd: OBJ SAVEPACKAGE PACKAGE="/Game/TopDownBP/Material/유리문_재질" FILE="../../../../../../Users/user/Documents/GitHub/SecurityGame/Content/TopDownBP/Material/유리문_재질.uasset" SILENT=true
[2018.05.29-14.44.58:590][715]LogMaterial: Missing cached shader map for material FDebugViewModeMaterialProxy 유리문_재질, compiling. 
[2018.05.29-14.44.58:936][715]TextureStreamingBuild: Display: Compiling optional shaders took 0.349 seconds.
[2018.05.29-14.44.58:963][715]LogSavePackage: Save=14.03ms
[2018.05.29-14.44.58:963][715]LogSavePackage: Moving '../../../../../../Users/user/Documents/GitHub/SecurityGame/Saved/유리문_재질E6C9F4EE4BC3FD5F3676EB843B34EED7.tmp' to '../../../../../../Users/user/Documents/GitHub/SecurityGame/Content/TopDownBP/Material/유리문_재질.uasset'
[2018.05.29-14.44.58:965][715]LogSavePackage: Display: Finished SavePackage ../../../../../../Users/user/Documents/GitHub/SecurityGame/Content/TopDownBP/Material/유리문_재질.uasset
[2018.05.29-14.45.05:065][345]LogEditorViewport: Clicking Background
[2018.05.29-14.45.08:204][702]LogEditorViewport: Clicking on Actor (LMB): StaticMeshActor (Cube2)
[2018.05.29-14.45.08:553][730]LogEditorViewport: Clicking on Actor (LMB): StaticMeshActor (Cube)
[2018.05.29-14.45.12:917][217]LogEditorViewport: Clicking Background
[2018.05.29-14.45.19:529][999]LogTemp: Repeating last play command: 새 에디터 창 (PIE)
[2018.05.29-14.45.19:647][999]LogBlueprintUserMessages: Early PlayInEditor Detection: Level '/Game/TopDownBP/Maps/Day1.Day1:PersistentLevel' has LevelScriptBlueprint '/Game/TopDownBP/Maps/Day1.Day1:PersistentLevel.Day1' with GeneratedClass '/Game/TopDownBP/Maps/Day1.Day1_C' with ClassGeneratedBy '/Game/TopDownBP/Maps/Day1.Day1:PersistentLevel.Day1'
[2018.05.29-14.45.19:647][999]LogPlayLevel: PlayLevel: No blueprints needed recompiling
[2018.05.29-14.45.19:647][999]PIE: New page: PIE 세션: Day1 (2018. 5. 30. 오전 8:45:19)
[2018.05.29-14.45.19:647][999]LogPlayLevel: Creating play world package: /Game/TopDownBP/Maps/UEDPIE_0_Day1
[2018.05.29-14.45.19:669][999]LogPlayLevel: PIE: StaticDuplicateObject took: (0.021793s)
[2018.05.29-14.45.19:669][999]LogAIModule: Creating AISystem for world Day1
[2018.05.29-14.45.19:669][999]LogPlayLevel: PIE: World Init took: (0.000537s)
[2018.05.29-14.45.19:670][999]LogPlayLevel: PIE: Created PIE world by copying editor world from /Game/TopDownBP/Maps/Day1.Day1 to /Game/TopDownBP/Maps/UEDPIE_0_Day1.Day1 (0.022595s)
[2018.05.29-14.45.19:683][999]LogInit: XAudio2 using '스피커(Realtek High Definition Audio)' : 2 channels at 48 kHz using 32 bits per sample (channel mask 0x3)
[2018.05.29-14.45.19:695][999]LogInit: FAudioDevice initialized.
[2018.05.29-14.45.19:779][999]LogLoad: Game class is 'TopDownGameMode_C'
[2018.05.29-14.45.19:786][999]LogWorld: Bringing World /Game/TopDownBP/Maps/UEDPIE_0_Day1.Day1 up for play (max tick rate 0) at 2018.05.29-23.45.19
[2018.05.29-14.45.19:786][999]LogWorld: Bringing up level for play took: 0.005998
[2018.05.29-14.45.19:835][999]LogContentBrowser: Native class hierarchy updated for 'MovieSceneCapture' in 0.0002 seconds. Added 11 classes and 0 folders.
[2018.05.29-14.45.19:845][999]PIE: /Game/TopDownBP/Maps/UEDPIE_0_Day1 에 대한 에디터에서 플레이 시작 시간: -0.109
[2018.05.29-14.45.19:845][999]LogBlueprintUserMessages: Late PlayInEditor Detection: Level '/Game/TopDownBP/Maps/Day1.Day1:PersistentLevel' has LevelScriptBlueprint '/Game/TopDownBP/Maps/Day1.Day1:PersistentLevel.Day1' with GeneratedClass '/Game/TopDownBP/Maps/Day1.Day1_C' with ClassGeneratedBy '/Game/TopDownBP/Maps/Day1.Day1:PersistentLevel.Day1'
[2018.05.29-14.45.38:351][107]LogBlueprintUserMessages: Early EndPlayMap Detection: Level '/Game/TopDownBP/Maps/Day1.Day1:PersistentLevel' has LevelScriptBlueprint '/Game/TopDownBP/Maps/Day1.Day1:PersistentLevel.Day1' with GeneratedClass '/Game/TopDownBP/Maps/Day1.Day1_C' with ClassGeneratedBy '/Game/TopDownBP/Maps/Day1.Day1:PersistentLevel.Day1'
[2018.05.29-14.45.38:384][107]LogBlueprintUserMessages: Late EndPlayMap Detection: Level '/Game/TopDownBP/Maps/Day1.Day1:PersistentLevel' has LevelScriptBlueprint '/Game/TopDownBP/Maps/Day1.Day1:PersistentLevel.Day1' with GeneratedClass '/Game/TopDownBP/Maps/Day1.Day1_C' with ClassGeneratedBy '/Game/TopDownBP/Maps/Day1.Day1:PersistentLevel.Day1'
[2018.05.29-14.45.39:802][269]LogEditorViewport: Clicking on Actor (LMB): StaticMeshActor (Cube2)
[2018.05.29-14.45.40:150][306]LogEditorViewport: Clicking on Actor (LMB): StaticMeshActor (Cube)
[2018.05.29-14.45.50:279][516]LogEditorViewport: Clicking on Actor (LMB): StaticMeshActor (Cube2)
[2018.05.29-14.47.22:205][894]LogEditorViewport: Clicking Background
[2018.05.29-14.47.31:739][989]LogEditorViewport: Clicking on Actor (LMB): StaticMeshActor (Cube)
[2018.05.29-14.47.33:742][219]LogEditorViewport: Clicking on Actor (LMB): StaticMeshActor (1Floor)
[2018.05.29-14.47.34:061][252]Cmd: TRANSACTION UNDO
[2018.05.29-14.47.34:062][252]LogEditorTransaction: Undo 액터 스케일
[2018.05.29-14.47.34:092][252]LogSlate: Took 0.000184 seconds to synchronously load lazily loaded font '../../../Engine/Content/Slate/Fonts/Roboto-Light.ttf' (159K)
[2018.05.29-14.47.34:523][300]Cmd: TRANSACTION UNDO
[2018.05.29-14.47.34:523][300]LogEditorTransaction: Undo 액터 클릭
[2018.05.29-14.47.35:889][462]Cmd: TRANSACTION UNDO
[2018.05.29-14.47.35:889][462]LogEditorTransaction: Undo 배경 클릭
[2018.05.29-14.47.39:688][887]LogEditorViewport: Clicking Background
[2018.05.29-14.47.41:236][ 54]LogEditorViewport: Clicking on Actor (LMB): StaticMeshActor (Cube2)
[2018.05.29-14.47.41:704][105]Cmd: DELETE
[2018.05.29-14.47.41:704][105]Cmd: ACTOR DELETE
[2018.05.29-14.47.41:709][105]LogEditorActor: Deleted Actor: StaticMeshActor
[2018.05.29-14.47.41:719][105]LogEditorActor: Deleted 1 Actors (0.015 secs)
[2018.05.29-14.47.52:036][280]LogMaterial: Missing cached shader map for material FDebugViewModeMaterialProxy 유리문_재질, compiling. 
[2018.05.29-14.47.52:380][280]TextureStreamingBuild: Display: Compiling optional shaders took 0.348 seconds.
[2018.05.29-14.48.01:401][315]LogMaterial: Missing cached shader map for material FDebugViewModeMaterialProxy 유리문_재질, compiling. 
[2018.05.29-14.48.01:514][315]TextureStreamingBuild: Display: Compiling optional shaders took 0.116 seconds.
[2018.05.29-14.48.02:977][475]LogEditorViewport: Clicking on Actor (LMB): StaticMeshActor (Cube)
[2018.05.29-14.48.38:812][588]Cmd: OBJ SAVEPACKAGE PACKAGE="/Game/TopDownBP/Material/유리문_재질" FILE="../../../../../../Users/user/Documents/GitHub/SecurityGame/Content/TopDownBP/Material/유리문_재질.uasset" SILENT=true
[2018.05.29-14.48.38:827][588]LogMaterial: Missing cached shader map for material FDebugViewModeMaterialProxy 유리문_재질, compiling. 
[2018.05.29-14.48.39:194][588]TextureStreamingBuild: Display: Compiling optional shaders took 0.370 seconds.
[2018.05.29-14.48.39:229][588]LogSavePackage: Save=15.31ms
[2018.05.29-14.48.39:229][588]LogSavePackage: Moving '../../../../../../Users/user/Documents/GitHub/SecurityGame/Saved/유리문_재질B22A95824B00E9207480FCB3BBBE9260.tmp' to '../../../../../../Users/user/Documents/GitHub/SecurityGame/Content/TopDownBP/Material/유리문_재질.uasset'
[2018.05.29-14.48.39:231][588]LogSavePackage: Display: Finished SavePackage ../../../../../../Users/user/Documents/GitHub/SecurityGame/Content/TopDownBP/Material/유리문_재질.uasset
[2018.05.29-14.48.42:972][  0]LogEditorViewport: Clicking Background
[2018.05.29-14.51.13:063][346]LogEditorViewport: Clicking Background
[2018.05.29-14.51.51:353][623]LogActorFactory: Actor Factory created Cube
[2018.05.29-14.51.52:135][714]LogActorFactory: Actor Factory created Cube
[2018.05.29-14.51.54:711][971]LogEditorViewport: Clicking on Actor (LMB): StaticMeshActor (Cube)
[2018.05.29-14.51.58:654][394]LogEditorViewport: Clicking on Actor (LMB): StaticMeshActor (Cube2)
[2018.05.29-14.51.59:051][437]LogEditorViewport: Clicking on Actor (LMB): StaticMeshActor (Cube)
[2018.05.29-14.52.00:349][588]LogEditorViewport: Clicking on Actor (LMB): StaticMeshActor (Cube2)
[2018.05.29-14.52.00:897][649]LogEditorViewport: Clicking on Actor (LMB): StaticMeshActor (Cube)
[2018.05.29-14.52.14:292][105]LogEditorViewport: Clicking Background
[2018.05.29-14.52.15:776][264]LogEditorViewport: Clicking on Actor (LMB): StaticMeshActor (Cube)
[2018.05.29-14.52.17:210][420]Cmd: TRANSACTION UNDO
[2018.05.29-14.52.17:210][420]LogEditorTransaction: Undo 액터 클릭
[2018.05.29-14.52.17:770][456]Cmd: TRANSACTION UNDO
[2018.05.29-14.52.17:770][456]LogEditorTransaction: Undo 배경 클릭
[2018.05.29-14.52.18:132][489]Cmd: TRANSACTION UNDO
[2018.05.29-14.52.18:132][489]LogEditorTransaction: Undo 스케일 설정
[2018.05.29-14.52.18:428][522]Cmd: TRANSACTION UNDO
[2018.05.29-14.52.18:428][522]LogEditorTransaction: Undo 스케일 설정
[2018.05.29-14.52.18:838][570]Cmd: TRANSACTION UNDO
[2018.05.29-14.52.18:838][570]LogEditorTransaction: Undo 스케일 설정
[2018.05.29-14.52.19:256][619]Cmd: TRANSACTION UNDO
[2018.05.29-14.52.19:256][619]LogEditorTransaction: Undo 액터 클릭
[2018.05.29-14.52.20:084][713]LogEditorViewport: Clicking Background
[2018.05.29-14.52.23:801][139]LogEditorViewport: Clicking on Actor (LMB): StaticMeshActor (Cube2)
[2018.05.29-14.52.26:173][391]LogEditorViewport: Clicking on Actor (LMB): StaticMeshActor (Cube)
[2018.05.29-14.52.30:177][819]LogEditorViewport: Clicking Background
[2018.05.29-14.52.32:698][104]LogEditorViewport: Clicking on Actor (LMB): StaticMeshActor (Cube2)
[2018.05.29-14.52.36:795][529]Cmd: OBJ SAVEPACKAGE PACKAGE="/Game/TopDownBP/Maps/Day1" FILE="../../../../../../Users/user/Documents/GitHub/SecurityGame/Content/TopDownBP/Maps/Day1.umap" SILENT=true AUTOSAVING=false KEEPDIRTY=false
[2018.05.29-14.52.37:155][529]LogSavePackage: Save=337.32ms
[2018.05.29-14.52.37:155][529]LogSavePackage: Moving '../../../../../../Users/user/Documents/GitHub/SecurityGame/Saved/Day1EAEE4DAE4ADBF14F9D6B3398A51F5D0C.tmp' to '../../../../../../Users/user/Documents/GitHub/SecurityGame/Content/TopDownBP/Maps/Day1.umap'
[2018.05.29-14.52.37:157][529]LogSavePackage: Display: Finished SavePackage ../../../../../../Users/user/Documents/GitHub/SecurityGame/Content/TopDownBP/Maps/Day1.umap
[2018.05.29-14.52.37:201][529]Cmd: OBJ SAVEPACKAGE PACKAGE="/Game/TopDownBP/Maps/Day1_BuiltData" FILE="../../../../../../Users/user/Documents/GitHub/SecurityGame/Content/TopDownBP/Maps/Day1_BuiltData.uasset" SILENT=true
[2018.05.29-14.52.37:904][529]LogSavePackage: Save=677.79ms
[2018.05.29-14.52.37:905][529]LogSavePackage: Moving '../../../../../../Users/user/Documents/GitHub/SecurityGame/Saved/Day1_BuiltDataF897F1154E2CAC029A2B21A56CCBC487.tmp' to '../../../../../../Users/user/Documents/GitHub/SecurityGame/Content/TopDownBP/Maps/Day1_BuiltData.uasset'
[2018.05.29-14.52.37:908][529]LogSavePackage: Display: Finished SavePackage ../../../../../../Users/user/Documents/GitHub/SecurityGame/Content/TopDownBP/Maps/Day1_BuiltData.uasset
[2018.05.29-14.52.38:445][560]Cmd: OBJ SAVEPACKAGE PACKAGE="/Game/TopDownBP/Material/유리문_재질" FILE="../../../../../../Users/user/Documents/GitHub/SecurityGame/Content/TopDownBP/Material/유리문_재질.uasset" SILENT=true
[2018.05.29-14.52.38:461][560]LogMaterial: Missing cached shader map for material FDebugViewModeMaterialProxy 유리문_재질, compiling. 
[2018.05.29-14.52.38:795][560]TextureStreamingBuild: Display: Compiling optional shaders took 0.337 seconds.
[2018.05.29-14.52.38:815][560]LogSavePackage: Save=8.01ms
[2018.05.29-14.52.38:815][560]LogSavePackage: Moving '../../../../../../Users/user/Documents/GitHub/SecurityGame/Saved/유리문_재질F4CC10CC4BB9CCD67349A3B71FAF9458.tmp' to '../../../../../../Users/user/Documents/GitHub/SecurityGame/Content/TopDownBP/Material/유리문_재질.uasset'
[2018.05.29-14.52.38:817][560]LogSavePackage: Display: Finished SavePackage ../../../../../../Users/user/Documents/GitHub/SecurityGame/Content/TopDownBP/Material/유리문_재질.uasset
[2018.05.29-14.52.39:616][641]LogEditorViewport: Clicking on Actor (LMB): StaticMeshActor (Cube2)
[2018.05.29-14.53.19:337][160]LogEditorViewport: Clicking on Actor (CTRL LMB): StaticMeshActor (Cube)
[2018.05.29-14.53.39:132][425]LogEditorViewport: Clicking on Actor (LMB): StaticMeshActor (Cube)
[2018.05.29-14.53.45:424][133]LogEditorViewport: Clicking on Actor (LMB): StaticMeshActor (Cube)
[2018.05.29-14.53.46:530][256]LogEditorViewport: Clicking Background
[2018.05.29-14.53.46:943][304]LogEditorViewport: Clicking on Actor (LMB): StaticMeshActor (Cube)
[2018.05.29-14.53.52:047][880]LogEditorViewport: Clicking Background
[2018.05.29-14.53.52:525][934]Cmd: OBJ SAVEPACKAGE PACKAGE="/Game/TopDownBP/Maps/Day1" FILE="../../../../../../Users/user/Documents/GitHub/SecurityGame/Content/TopDownBP/Maps/Day1.umap" SILENT=true AUTOSAVING=false KEEPDIRTY=false
[2018.05.29-14.53.52:876][934]LogSavePackage: Save=336.89ms
[2018.05.29-14.53.52:876][934]LogSavePackage: Moving '../../../../../../Users/user/Documents/GitHub/SecurityGame/Saved/Day1238C688544EEF114750EB681D76CF35B.tmp' to '../../../../../../Users/user/Documents/GitHub/SecurityGame/Content/TopDownBP/Maps/Day1.umap'
[2018.05.29-14.53.52:879][934]LogSavePackage: Display: Finished SavePackage ../../../../../../Users/user/Documents/GitHub/SecurityGame/Content/TopDownBP/Maps/Day1.umap
[2018.05.29-14.53.52:920][934]Cmd: OBJ SAVEPACKAGE PACKAGE="/Game/TopDownBP/Maps/Day1_BuiltData" FILE="../../../../../../Users/user/Documents/GitHub/SecurityGame/Content/TopDownBP/Maps/Day1_BuiltData.uasset" SILENT=true
[2018.05.29-14.53.53:619][934]LogSavePackage: Save=696.53ms
[2018.05.29-14.53.53:619][934]LogSavePackage: Moving '../../../../../../Users/user/Documents/GitHub/SecurityGame/Saved/Day1_BuiltData57A5BE2A4C78158EF8BACF84F5CFAE42.tmp' to '../../../../../../Users/user/Documents/GitHub/SecurityGame/Content/TopDownBP/Maps/Day1_BuiltData.uasset'
[2018.05.29-14.53.53:622][934]LogSavePackage: Display: Finished SavePackage ../../../../../../Users/user/Documents/GitHub/SecurityGame/Content/TopDownBP/Maps/Day1_BuiltData.uasset
[2018.05.29-14.53.53:934][953]LogEditorViewport: Clicking on Actor (LMB): StaticMeshActor (Cube2)
[2018.05.29-14.57.31:785][334]Cmd: OBJ SAVEPACKAGE PACKAGE="/Game/TopDownBP/Maps/Day1" FILE="../../../../../../Users/user/Documents/GitHub/SecurityGame/Content/TopDownBP/Maps/Day1.umap" SILENT=true AUTOSAVING=false KEEPDIRTY=false
[2018.05.29-14.57.32:131][334]LogSavePackage: Save=331.92ms
[2018.05.29-14.57.32:131][334]LogSavePackage: Moving '../../../../../../Users/user/Documents/GitHub/SecurityGame/Saved/Day199959B034CE43C679B5C50AB139C8203.tmp' to '../../../../../../Users/user/Documents/GitHub/SecurityGame/Content/TopDownBP/Maps/Day1.umap'
[2018.05.29-14.57.32:134][334]LogSavePackage: Display: Finished SavePackage ../../../../../../Users/user/Documents/GitHub/SecurityGame/Content/TopDownBP/Maps/Day1.umap
[2018.05.29-14.57.32:175][334]Cmd: OBJ SAVEPACKAGE PACKAGE="/Game/TopDownBP/Maps/Day1_BuiltData" FILE="../../../../../../Users/user/Documents/GitHub/SecurityGame/Content/TopDownBP/Maps/Day1_BuiltData.uasset" SILENT=true
[2018.05.29-14.57.32:852][334]LogSavePackage: Save=673.33ms
[2018.05.29-14.57.32:852][334]LogSavePackage: Moving '../../../../../../Users/user/Documents/GitHub/SecurityGame/Saved/Day1_BuiltData6BACAD9A495AEEAD45C10F8EB4BB57C4.tmp' to '../../../../../../Users/user/Documents/GitHub/SecurityGame/Content/TopDownBP/Maps/Day1_BuiltData.uasset'
[2018.05.29-14.57.32:855][334]LogSavePackage: Display: Finished SavePackage ../../../../../../Users/user/Documents/GitHub/SecurityGame/Content/TopDownBP/Maps/Day1_BuiltData.uasset
[2018.05.29-14.57.34:367][489]Cmd: OBJ SAVEPACKAGE PACKAGE="/Game/TopDownBP/Maps/Day1" FILE="../../../../../../Users/user/Documents/GitHub/SecurityGame/Content/TopDownBP/Maps/Day1.umap" SILENT=true AUTOSAVING=false KEEPDIRTY=false
[2018.05.29-14.57.34:712][489]LogSavePackage: Save=331.06ms
[2018.05.29-14.57.34:712][489]LogSavePackage: Moving '../../../../../../Users/user/Documents/GitHub/SecurityGame/Saved/Day16CC0C38043BB9E22B53132A168D30861.tmp' to '../../../../../../Users/user/Documents/GitHub/SecurityGame/Content/TopDownBP/Maps/Day1.umap'
[2018.05.29-14.57.34:715][489]LogSavePackage: Display: Finished SavePackage ../../../../../../Users/user/Documents/GitHub/SecurityGame/Content/TopDownBP/Maps/Day1.umap
[2018.05.29-14.57.34:755][489]Cmd: OBJ SAVEPACKAGE PACKAGE="/Game/TopDownBP/Maps/Day1_BuiltData" FILE="../../../../../../Users/user/Documents/GitHub/SecurityGame/Content/TopDownBP/Maps/Day1_BuiltData.uasset" SILENT=true
[2018.05.29-14.57.35:428][489]LogSavePackage: Save=670.24ms
[2018.05.29-14.57.35:428][489]LogSavePackage: Moving '../../../../../../Users/user/Documents/GitHub/SecurityGame/Saved/Day1_BuiltDataB281264F4A211C798D6A3C8FF7E41D94.tmp' to '../../../../../../Users/user/Documents/GitHub/SecurityGame/Content/TopDownBP/Maps/Day1_BuiltData.uasset'
[2018.05.29-14.57.35:431][489]LogSavePackage: Display: Finished SavePackage ../../../../../../Users/user/Documents/GitHub/SecurityGame/Content/TopDownBP/Maps/Day1_BuiltData.uasset
[2018.05.29-14.57.35:899][512]LogWindowsTextInputMethodSystem: Display: IME system now activated using TSF (Microsoft 입력기).
[2018.05.29-14.57.35:998][513]Cmd: QUIT_EDITOR
[2018.05.29-14.57.36:447][513]LogExit: Preparing to exit.
[2018.05.29-14.57.37:186][513]LogDirectoryWatcher: A directory notification for 'C:/Users/user/Documents/GitHub/SecurityGame/Content/' was aborted.
[2018.05.29-14.57.37:204][513]LogExit: Editor shut down
[2018.05.29-14.57.37:207][513]LogExit: Transaction tracking system shut down
[2018.05.29-14.57.37:356][513]LogDirectoryWatcher: A directory notification for '../../../Engine/Content/' was aborted.
[2018.05.29-14.57.37:356][513]LogDirectoryWatcher: A directory notification for '../../../../../../Users/user/Documents/GitHub/SecurityGame/Content/' was aborted.
[2018.05.29-14.57.37:356][513]LogDirectoryWatcher: A directory notification for '../../../Engine/Plugins/2D/Paper2D/Content/' was aborted.
[2018.05.29-14.57.37:356][513]LogDirectoryWatcher: A directory notification for '../../../Engine/Plugins/Media/MediaCompositing/Content/' was aborted.
[2018.05.29-14.57.37:356][513]LogDirectoryWatcher: A directory notification for '../../../Engine/Plugins/Runtime/AppleARKit/Content/' was aborted.
[2018.05.29-14.57.37:356][513]LogDirectoryWatcher: A directory notification for '../../../Engine/Plugins/Runtime/Oculus/OculusVR/Content/' was aborted.
[2018.05.29-14.57.37:356][513]LogDirectoryWatcher: A directory notification for '../../../Engine/Plugins/Runtime/Steam/SteamVR/Content/' was aborted.
[2018.05.29-14.57.37:397][513]LogExit: Object subsystem successfully closed.
[2018.05.29-14.57.37:429][513]LogD3D11RHI: Shutdown
[2018.05.29-14.57.37:429][513]LogD3D11RHI: CleanupD3DDevice
[2018.05.29-14.57.37:431][513]LogD3D11RHI: ~FD3D11DynamicRHI
[2018.05.29-14.57.37:448][513]LogModuleManager: Shutting down and abandoning module HierarchicalLODUtilities (554)
[2018.05.29-14.57.37:448][513]LogModuleManager: Shutting down and abandoning module MovieSceneCapture (552)
[2018.05.29-14.57.37:448][513]LogModuleManager: Shutting down and abandoning module MaterialEditor (550)
[2018.05.29-14.57.37:448][513]LogModuleManager: Shutting down and abandoning module HierarchicalLODOutliner (548)
[2018.05.29-14.57.37:448][513]LogModuleManager: Shutting down and abandoning module SceneOutliner (546)
[2018.05.29-14.57.37:448][513]LogModuleManager: Shutting down and abandoning module AddContentDialog (544)
[2018.05.29-14.57.37:448][513]LogDirectoryWatcher: A directory notification for 'C:/Program Files/Epic Games/UE_4.18/FeaturePacks/' was aborted.
[2018.05.29-14.57.37:449][513]LogModuleManager: Shutting down and abandoning module WidgetCarousel (543)
[2018.05.29-14.57.37:449][513]LogModuleManager: Shutting down and abandoning module EditorWidgets (540)
[2018.05.29-14.57.37:449][513]LogModuleManager: Shutting down and abandoning module CollectionManager (538)
[2018.05.29-14.57.37:449][513]LogDirectoryWatcher: A directory notification for 'C:/Users/user/Documents/GitHub/SecurityGame/Content/Collections/' was aborted.
[2018.05.29-14.57.37:449][513]LogDirectoryWatcher: A directory notification for 'C:/Users/user/Documents/GitHub/SecurityGame/Content/Developers/user/Collections/' was aborted.
[2018.05.29-14.57.37:449][513]LogDirectoryWatcher: A directory notification for 'C:/Users/user/Documents/GitHub/SecurityGame/Saved/Collections/' was aborted.
[2018.05.29-14.57.37:449][513]LogModuleManager: Shutting down and abandoning module StatsViewer (536)
[2018.05.29-14.57.37:449][513]LogModuleManager: Shutting down and abandoning module FoliageEdit (534)
[2018.05.29-14.57.37:449][513]LogModuleManager: Shutting down and abandoning module LandscapeEditor (532)
[2018.05.29-14.57.37:449][513]LogModuleManager: Shutting down and abandoning module MeshPaintMode (530)
[2018.05.29-14.57.37:449][513]LogModuleManager: Shutting down and abandoning module SceneDepthPickerMode (528)
[2018.05.29-14.57.37:450][513]LogModuleManager: Shutting down and abandoning module ActorPickerMode (526)
[2018.05.29-14.57.37:450][513]LogModuleManager: Shutting down and abandoning module GeometryMode (524)
[2018.05.29-14.57.37:450][513]LogModuleManager: Shutting down and abandoning module TextureAlignMode (522)
[2018.05.29-14.57.37:450][513]LogModuleManager: Shutting down and abandoning module BspMode (520)
[2018.05.29-14.57.37:450][513]LogModuleManager: Shutting down and abandoning module PIEPreviewDeviceProfileSelector (518)
[2018.05.29-14.57.37:450][513]LogModuleManager: Shutting down and abandoning module HardwareSurvey (516)
[2018.05.29-14.57.37:450][513]LogModuleManager: Shutting down and abandoning module SequenceRecorderSections (514)
[2018.05.29-14.57.37:450][513]LogModuleManager: Shutting down and abandoning module AutomationWorker (512)
[2018.05.29-14.57.37:450][513]LogModuleManager: Shutting down and abandoning module MatineeToLevelSequence (510)
[2018.05.29-14.57.37:450][513]LogModuleManager: Shutting down and abandoning module LevelSequenceEditor (508)
[2018.05.29-14.57.37:450][513]LogModuleManager: Shutting down and abandoning module PlacementMode (507)
[2018.05.29-14.57.37:450][513]LogModuleManager: Shutting down and abandoning module WmfMediaFactory (504)
[2018.05.29-14.57.37:450][513]LogModuleManager: Shutting down and abandoning module WmfMediaEditor (502)
[2018.05.29-14.57.37:450][513]LogModuleManager: Shutting down and abandoning module OpenExrWrapper (500)
[2018.05.29-14.57.37:450][513]LogModuleManager: Shutting down and abandoning module ImgMediaFactory (498)
[2018.05.29-14.57.37:450][513]LogModuleManager: Shutting down and abandoning module ImgMediaEditor (496)
[2018.05.29-14.57.37:450][513]LogModuleManager: Shutting down and abandoning module AvfMediaFactory (494)
[2018.05.29-14.57.37:450][513]LogModuleManager: Shutting down and abandoning module AvfMediaEditor (492)
[2018.05.29-14.57.37:450][513]LogModuleManager: Shutting down and abandoning module AndroidMediaFactory (490)
[2018.05.29-14.57.37:450][513]LogModuleManager: Shutting down and abandoning module AndroidMediaEditor (488)
[2018.05.29-14.57.37:450][513]LogModuleManager: Shutting down and abandoning module CharacterAI (486)
[2018.05.29-14.57.37:450][513]LogModuleManager: Shutting down and abandoning module AudioCapture (484)
[2018.05.29-14.57.37:450][513]LogModuleManager: Shutting down and abandoning module SequenceRecorder (483)
[2018.05.29-14.57.37:450][513]LogModuleManager: Shutting down and abandoning module SmartSnapping (480)
[2018.05.29-14.57.37:450][513]LogModuleManager: Shutting down and abandoning module SessionServices (478)
[2018.05.29-14.57.37:450][513]LogModuleManager: Shutting down and abandoning module ViewportSnapping (476)
[2018.05.29-14.57.37:450][513]LogModuleManager: Shutting down and abandoning module ViewportInteraction (474)
[2018.05.29-14.57.37:450][513]LogModuleManager: Shutting down and abandoning module ClothPainter (472)
[2018.05.29-14.57.37:450][513]LogModuleManager: Shutting down and abandoning module SkeletalMeshEditor (471)
[2018.05.29-14.57.37:450][513]LogModuleManager: Shutting down and abandoning module LogVisualizer (468)
[2018.05.29-14.57.37:450][513]LogModuleManager: Shutting down and abandoning module IntroTutorials (466)
[2018.05.29-14.57.37:450][513]LogModuleManager: Shutting down and abandoning module GameProjectGeneration (465)
[2018.05.29-14.57.37:450][513]LogModuleManager: Shutting down and abandoning module IOSPlatformEditor (462)
[2018.05.29-14.57.37:450][513]LogModuleManager: Shutting down and abandoning module HTML5PlatformEditor (460)
[2018.05.29-14.57.37:450][513]LogModuleManager: Shutting down and abandoning module AndroidPlatformEditor (458)
[2018.05.29-14.57.37:450][513]LogModuleManager: Shutting down and abandoning module AndroidDeviceDetection (457)
[2018.05.29-14.57.37:803][513]LogModuleManager: Shutting down and abandoning module WindowsPlatformEditor (454)
[2018.05.29-14.57.37:803][513]LogModuleManager: Shutting down and abandoning module IOSRuntimeSettings (452)
[2018.05.29-14.57.37:803][513]LogModuleManager: Shutting down and abandoning module AndroidRuntimeSettings (450)
[2018.05.29-14.57.37:803][513]LogModuleManager: Shutting down and abandoning module InputBindingEditor (448)
[2018.05.29-14.57.37:803][513]LogModuleManager: Shutting down and abandoning module MergeActors (446)
[2018.05.29-14.57.37:803][513]LogModuleManager: Shutting down and abandoning module SizeMap (444)
[2018.05.29-14.57.37:803][513]LogModuleManager: Shutting down and abandoning module TreeMap (442)
[2018.05.29-14.57.37:803][513]LogModuleManager: Shutting down and abandoning module ReferenceViewer (440)
[2018.05.29-14.57.37:803][513]LogModuleManager: Shutting down and abandoning module LocalizationDashboard (438)
[2018.05.29-14.57.37:803][513]LogModuleManager: Shutting down and abandoning module LocalizationService (437)
[2018.05.29-14.57.37:803][513]LogModuleManager: Shutting down and abandoning module HardwareTargeting (434)
[2018.05.29-14.57.37:803][513]LogModuleManager: Shutting down and abandoning module DeviceProfileEditor (432)
[2018.05.29-14.57.37:803][513]LogModuleManager: Shutting down and abandoning module UndoHistory (430)
[2018.05.29-14.57.37:803][513]LogModuleManager: Shutting down and abandoning module XmlParser (428)
[2018.05.29-14.57.37:803][513]LogModuleManager: Shutting down and abandoning module Blutility (426)
[2018.05.29-14.57.37:803][513]LogModuleManager: Shutting down and abandoning module ProjectSettingsViewer (424)
[2018.05.29-14.57.37:804][513]LogModuleManager: Shutting down and abandoning module ProjectTargetPlatformEditor (423)
[2018.05.29-14.57.37:804][513]LogModuleManager: Shutting down and abandoning module EditorSettingsViewer (420)
[2018.05.29-14.57.37:804][513]LogModuleManager: Shutting down and abandoning module SettingsEditor (418)
[2018.05.29-14.57.37:804][513]LogModuleManager: Shutting down and abandoning module ProjectLauncher (416)
[2018.05.29-14.57.37:804][513]LogModuleManager: Shutting down and abandoning module SessionFrontend (414)
[2018.05.29-14.57.37:804][513]LogModuleManager: Shutting down and abandoning module ProfilerClient (412)
[2018.05.29-14.57.37:804][513]LogModuleManager: Shutting down and abandoning module DeviceManager (410)
[2018.05.29-14.57.37:804][513]LogModuleManager: Shutting down and abandoning module TargetDeviceServices (409)
[2018.05.29-14.57.37:857][513]LogModuleManager: Shutting down and abandoning module AutomationController (406)
[2018.05.29-14.57.37:857][513]LogModuleManager: Shutting down and abandoning module AutomationWindow (404)
[2018.05.29-14.57.37:857][513]LogModuleManager: Shutting down and abandoning module Layers (402)
[2018.05.29-14.57.37:857][513]LogModuleManager: Shutting down and abandoning module ComponentVisualizers (400)
[2018.05.29-14.57.37:857][513]LogModuleManager: Shutting down and abandoning module DetailCustomizations (398)
[2018.05.29-14.57.37:857][513]LogModuleManager: Shutting down and abandoning module PackagesDialog (396)
[2018.05.29-14.57.37:857][513]LogModuleManager: Shutting down and abandoning module Persona (394)
[2018.05.29-14.57.37:857][513]LogModuleManager: Shutting down and abandoning module AdvancedPreviewScene (393)
[2018.05.29-14.57.37:857][513]LogModuleManager: Shutting down and abandoning module AnimGraph (391)
[2018.05.29-14.57.37:857][513]LogModuleManager: Shutting down and abandoning module Kismet (388)
[2018.05.29-14.57.37:858][513]LogModuleManager: Shutting down and abandoning module ClassViewer (386)
[2018.05.29-14.57.37:858][513]LogModuleManager: Shutting down and abandoning module Toolbox (384)
[2018.05.29-14.57.37:858][513]LogModuleManager: Shutting down and abandoning module ModuleUI (382)
[2018.05.29-14.57.37:858][513]LogModuleManager: Shutting down and abandoning module MovieSceneTools (380)
[2018.05.29-14.57.37:858][513]LogModuleManager: Shutting down and abandoning module OutputLog (378)
[2018.05.29-14.57.37:858][513]LogModuleManager: Shutting down and abandoning module GammaUI (376)
[2018.05.29-14.57.37:858][513]LogModuleManager: Shutting down and abandoning module Documentation (374)
[2018.05.29-14.57.37:858][513]LogModuleManager: Shutting down and abandoning module MovieSceneTracks (372)
[2018.05.29-14.57.37:858][513]LogModuleManager: Shutting down and abandoning module MovieScene (370)
[2018.05.29-14.57.37:858][513]LogModuleManager: Shutting down and abandoning module StreamingPauseRendering (368)
[2018.05.29-14.57.37:858][513]LogModuleManager: Shutting down and abandoning module LauncherPlatform (366)
[2018.05.29-14.57.37:858][513]LogModuleManager: Shutting down and abandoning module AnalyticsET (364)
[2018.05.29-14.57.37:858][513]LogModuleManager: Shutting down and abandoning module PortalServices (362)
[2018.05.29-14.57.37:858][513]LogModuleManager: Shutting down and abandoning module PortalRpc (360)
[2018.05.29-14.57.37:858][513]LogModuleManager: Shutting down and abandoning module MessagingRpc (358)
[2018.05.29-14.57.37:858][513]LogModuleManager: Shutting down and abandoning module AIModule (356)
[2018.05.29-14.57.37:858][513]LogModuleManager: Shutting down and abandoning module GameplayDebugger (355)
[2018.05.29-14.57.37:858][513]LogModuleManager: Shutting down and abandoning module AITestSuite (353)
[2018.05.29-14.57.37:858][513]LogModuleManager: Shutting down and abandoning module DesktopPlatform (350)
[2018.05.29-14.57.37:858][513]LogModuleManager: Shutting down and abandoning module ProfilerService (348)
[2018.05.29-14.57.37:981][513]LogModuleManager: Shutting down and abandoning module TaskGraph (346)
[2018.05.29-14.57.37:981][513]LogModuleManager: Shutting down and abandoning module SteamVRController (344)
[2018.05.29-14.57.37:981][513]LogModuleManager: Shutting down and abandoning module ProceduralMeshComponentEditor (342)
[2018.05.29-14.57.37:981][513]LogModuleManager: Shutting down and abandoning module ProceduralMeshComponent (340)
[2018.05.29-14.57.37:981][513]LogModuleManager: Shutting down and abandoning module OculusInput (338)
[2018.05.29-14.57.37:981][513]LogModuleManager: Shutting down and abandoning module MobilePatchingUtils (336)
[2018.05.29-14.57.37:981][513]LogModuleManager: Shutting down and abandoning module CustomMeshComponent (334)
[2018.05.29-14.57.37:981][513]LogModuleManager: Shutting down and abandoning module CableComponent (332)
[2018.05.29-14.57.37:981][513]LogModuleManager: Shutting down and abandoning module ArchVisCharacter (330)
[2018.05.29-14.57.37:981][513]LogModuleManager: Shutting down and abandoning module AndroidPermission (328)
[2018.05.29-14.57.37:981][513]LogModuleManager: Shutting down and abandoning module ActorSequence (324)
[2018.05.29-14.57.37:981][513]LogModuleManager: Shutting down and abandoning module MediaPlayerEditor (322)
[2018.05.29-14.57.37:981][513]LogModuleManager: Shutting down and abandoning module MediaCompositingEditor (320)
[2018.05.29-14.57.37:981][513]LogModuleManager: Shutting down and abandoning module MediaCompositing (318)
[2018.05.29-14.57.37:981][513]LogModuleManager: Shutting down and abandoning module HTML5Networking (316)
[2018.05.29-14.57.37:981][513]LogModuleManager: Shutting down and abandoning module AlembicImporter (314)
[2018.05.29-14.57.37:981][513]LogModuleManager: Shutting down and abandoning module AlembicLibrary (313)
[2018.05.29-14.57.37:981][513]LogModuleManager: Shutting down and abandoning module GeometryCache (312)
[2018.05.29-14.57.37:981][513]LogModuleManager: Shutting down and abandoning module GeometryCacheEd (311)
[2018.05.29-14.57.37:981][513]LogModuleManager: Shutting down and abandoning module SpeedTreeImporter (306)
[2018.05.29-14.57.37:981][513]LogModuleManager: Shutting down and abandoning module PluginBrowser (304)
[2018.05.29-14.57.37:982][513]LogModuleManager: Shutting down and abandoning module MobileLauncherProfileWizard (302)
[2018.05.29-14.57.37:982][513]LogModuleManager: Shutting down and abandoning module VisualStudioSourceCodeAccess (300)
[2018.05.29-14.57.37:982][513]LogModuleManager: Shutting down and abandoning module VisualStudioCodeSourceCodeAccess (298)
[2018.05.29-14.57.37:982][513]LogModuleManager: Shutting down and abandoning module UObjectPlugin (296)
[2018.05.29-14.57.37:982][513]LogModuleManager: Shutting down and abandoning module SubversionSourceControl (294)
[2018.05.29-14.57.37:982][513]LogModuleManager: Shutting down and abandoning module PerforceSourceControl (292)
[2018.05.29-14.57.37:982][513]LogModuleManager: Shutting down and abandoning module GitSourceControl (290)
[2018.05.29-14.57.37:982][513]LogModuleManager: Shutting down and abandoning module SourceControl (289)
[2018.05.29-14.57.37:982][513]LogModuleManager: Shutting down and abandoning module LightPropagationVolumeEditor (286)
[2018.05.29-14.57.37:982][513]LogModuleManager: Shutting down and abandoning module PaperTiledImporter (284)
[2018.05.29-14.57.37:982][513]LogModuleManager: Shutting down and abandoning module PaperSpriteSheetImporter (282)
[2018.05.29-14.57.37:982][513]LogModuleManager: Shutting down and abandoning module Paper2DEditor (280)
[2018.05.29-14.57.37:982][513]LogModuleManager: Shutting down and abandoning module MeshPaint (279)
[2018.05.29-14.57.37:982][513]LogModuleManager: Shutting down and abandoning module LevelEditor (277)
[2018.05.29-14.57.37:983][513]LogModuleManager: Shutting down and abandoning module PixelInspectorModule (276)
[2018.05.29-14.57.37:983][513]LogModuleManager: Shutting down and abandoning module MainFrame (274)
[2018.05.29-14.57.37:983][513]LogModuleManager: Shutting down and abandoning module HotReload (273)
[2018.05.29-14.57.37:983][513]LogModuleManager: Shutting down and abandoning module RuntimePhysXCooking (268)
[2018.05.29-14.57.37:983][513]LogModuleManager: Shutting down and abandoning module PhysXVehiclesEditor (266)
[2018.05.29-14.57.37:983][513]LogModuleManager: Shutting down and abandoning module PhysXVehicles (264)
[2018.05.29-14.57.37:983][513]LogModuleManager: Shutting down and abandoning module OculusEditor (262)
[2018.05.29-14.57.37:983][513]LogModuleManager: Shutting down and abandoning module LocationServicesBPLibrary (260)
[2018.05.29-14.57.37:983][513]LogModuleManager: Shutting down and abandoning module ImmediatePhysicsEditor (258)
[2018.05.29-14.57.37:983][513]LogModuleManager: Shutting down and abandoning module ImmediatePhysics (256)
[2018.05.29-14.57.37:983][513]LogModuleManager: Shutting down and abandoning module UdpMessaging (254)
[2018.05.29-14.57.38:084][513]LogModuleManager: Shutting down and abandoning module TcpMessaging (252)
