Log file open, 06/18/18 16:02:04
LogWindows: Failed to load 'aqProf.dll' (GetLastError=126)
LogWindows: File 'aqProf.dll' does not exist
LogWindows: Failed to load 'VSPerf140.dll' (GetLastError=126)
LogWindows: File 'VSPerf140.dll' does not exist
LogWindows: Failed to load 'VtuneApi.dll' (GetLastError=126)
LogWindows: File 'VtuneApi.dll' does not exist
LogWindows: Failed to load 'VtuneApi32e.dll' (GetLastError=126)
LogWindows: File 'VtuneApi32e.dll' does not exist
LogInit: Display: Running engine for game: Trolley
LogPlatformFile: Not using cached read wrapper
LogInit: Display: RandInit(-713339663) SRandInit(-713339663).
LogInit: Read version file with build ID '3709383'
LogInit: Overriding engine version to CL 3832480, compatible CL 3709383
LogInit: Registered custom module enumerator with build ID '3709383'
LogTaskGraph: Started task graph with 5 named threads and 17 total threads with 3 sets of task threads.
LogStats: Stats thread started at 0.197882
LogD3D11RHI: Aftermath initialized
LogModuleManager: Display: Found up-to-date module file ../../../Engine/Plugins/2D/Paper2D/Binaries/Win64/UE4Editor-Paper2D.dll (API version 3709383).
LogModuleManager: Display: Found up-to-date module file ../../../Engine/Plugins/2D/Paper2D/Binaries/Win64/UE4Editor-Paper2DEditor.dll (API version 3709383).
LogModuleManager: Display: Found up-to-date module file ../../../Engine/Plugins/2D/Paper2D/Binaries/Win64/UE4Editor-PaperSpriteSheetImporter.dll (API version 3709383).
LogModuleManager: Display: Found up-to-date module file ../../../Engine/Plugins/2D/Paper2D/Binaries/Win64/UE4Editor-PaperTiledImporter.dll (API version 3709383).
LogModuleManager: Display: Found up-to-date module file ../../../Engine/Plugins/2D/Paper2D/Binaries/Win64/UE4Editor-SmartSnapping.dll (API version 3709383).
LogModuleManager: Display: Found up-to-date module file ../../../Engine/Plugins/Blendables/LightPropagationVolume/Binaries/Win64/UE4Editor-LightPropagationVolumeRuntime.dll (API version 3709383).
LogModuleManager: Display: Found up-to-date module file ../../../Engine/Plugins/Blendables/LightPropagationVolume/Binaries/Win64/UE4Editor-LightPropagationVolumeEditor.dll (API version 3709383).
LogModuleManager: Display: Found up-to-date module file ../../../Engine/Plugins/Developer/GitSourceControl/Binaries/Win64/UE4Editor-GitSourceControl.dll (API version 3709383).
LogModuleManager: Display: Found up-to-date module file ../../../Engine/Plugins/Developer/PerforceSourceControl/Binaries/Win64/UE4Editor-PerforceSourceControl.dll (API version 3709383).
LogModuleManager: Display: Found up-to-date module file ../../../Engine/Plugins/Developer/SubversionSourceControl/Binaries/Win64/UE4Editor-SubversionSourceControl.dll (API version 3709383).
LogModuleManager: Display: Found up-to-date module file ../../../Engine/Plugins/Developer/UObjectPlugin/Binaries/Win64/UE4Editor-UObjectPlugin.dll (API version 3709383).
LogModuleManager: Display: Found up-to-date module file ../../../Engine/Plugins/Developer/VisualStudioCodeSourceCodeAccess/Binaries/Win64/UE4Editor-VisualStudioCodeSourceCodeAccess.dll (API version 3709383).
LogModuleManager: Display: Found up-to-date module file ../../../Engine/Plugins/Developer/VisualStudioSourceCodeAccess/Binaries/Win64/UE4Editor-VisualStudioSourceCodeAccess.dll (API version 3709383).
LogModuleManager: Display: Found up-to-date module file ../../../Engine/Plugins/Editor/AssetManagerEditor/Binaries/Win64/UE4Editor-AssetManagerEditor.dll (API version 3709383).
LogModuleManager: Display: Found up-to-date module file ../../../Engine/Plugins/Editor/AudioCapture/Binaries/Win64/UE4Editor-AudioCapture.dll (API version 3709383).
LogModuleManager: Display: Found up-to-date module file ../../../Engine/Plugins/Editor/FacialAnimation/Binaries/Win64/UE4Editor-FacialAnimation.dll (API version 3709383).
LogModuleManager: Display: Found up-to-date module file ../../../Engine/Plugins/Editor/FacialAnimation/Binaries/Win64/UE4Editor-FacialAnimationEditor.dll (API version 3709383).
LogModuleManager: Display: Found up-to-date module file ../../../Engine/Plugins/Editor/GameplayTagsEditor/Binaries/Win64/UE4Editor-GameplayTagsEditor.dll (API version 3709383).
LogModuleManager: Display: Found up-to-date module file ../../../Engine/Plugins/Editor/MobileLauncherProfileWizard/Binaries/Win64/UE4Editor-MobileLauncherProfileWizard.dll (API version 3709383).
LogModuleManager: Display: Found up-to-date module file ../../../Engine/Plugins/Editor/PluginBrowser/Binaries/Win64/UE4Editor-PluginBrowser.dll (API version 3709383).
LogModuleManager: Display: Found up-to-date module file ../../../Engine/Plugins/Editor/SpeedTreeImporter/Binaries/Win64/UE4Editor-SpeedTreeImporter.dll (API version 3709383).
LogModuleManager: Display: Found up-to-date module file ../../../Engine/Plugins/Experimental/AlembicImporter/Binaries/Win64/UE4Editor-AlembicImporter.dll (API version 3709383).
LogModuleManager: Display: Found up-to-date module file ../../../Engine/Plugins/Experimental/AlembicImporter/Binaries/Win64/UE4Editor-AlembicLibrary.dll (API version 3709383).
LogModuleManager: Display: Found up-to-date module file ../../../Engine/Plugins/Experimental/CharacterAI/Binaries/Win64/UE4Editor-CharacterAI.dll (API version 3709383).
LogModuleManager: Display: Found up-to-date module file ../../../Engine/Plugins/Experimental/HTML5Networking/Binaries/Win64/UE4Editor-HTML5Networking.dll (API version 3709383).
LogModuleManager: Display: Found up-to-date module file ../../../Engine/Plugins/Media/AndroidMedia/Binaries/Win64/UE4Editor-AndroidMediaEditor.dll (API version 3709383).
LogModuleManager: Display: Found up-to-date module file ../../../Engine/Plugins/Media/AndroidMedia/Binaries/Win64/UE4Editor-AndroidMediaFactory.dll (API version 3709383).
LogModuleManager: Display: Found up-to-date module file ../../../Engine/Plugins/Media/AvfMedia/Binaries/Win64/UE4Editor-AvfMediaEditor.dll (API version 3709383).
LogModuleManager: Display: Found up-to-date module file ../../../Engine/Plugins/Media/AvfMedia/Binaries/Win64/UE4Editor-AvfMediaFactory.dll (API version 3709383).
LogModuleManager: Display: Found up-to-date module file ../../../Engine/Plugins/Media/AvfMedia/Binaries/Win64/UE4Editor-AvfMediaFactory.dll (API version 3709383).
LogModuleManager: Display: Found up-to-date module file ../../../Engine/Plugins/Media/ImgMedia/Binaries/Win64/UE4Editor-ImgMedia.dll (API version 3709383).
LogModuleManager: Display: Found up-to-date module file ../../../Engine/Plugins/Media/ImgMedia/Binaries/Win64/UE4Editor-ImgMediaEditor.dll (API version 3709383).
LogModuleManager: Display: Found up-to-date module file ../../../Engine/Plugins/Media/ImgMedia/Binaries/Win64/UE4Editor-ImgMediaFactory.dll (API version 3709383).
LogModuleManager: Display: Found up-to-date module file ../../../Engine/Plugins/Media/ImgMedia/Binaries/Win64/UE4Editor-ImgMediaFactory.dll (API version 3709383).
LogModuleManager: Display: Found up-to-date module file ../../../Engine/Plugins/Media/ImgMedia/Binaries/Win64/UE4Editor-OpenExrWrapper.dll (API version 3709383).
LogModuleManager: Display: Found up-to-date module file ../../../Engine/Plugins/Media/MediaCompositing/Binaries/Win64/UE4Editor-MediaCompositing.dll (API version 3709383).
LogModuleManager: Display: Found up-to-date module file ../../../Engine/Plugins/Media/MediaCompositing/Binaries/Win64/UE4Editor-MediaCompositingEditor.dll (API version 3709383).
LogModuleManager: Display: Found up-to-date module file ../../../Engine/Plugins/Media/MediaPlayerEditor/Binaries/Win64/UE4Editor-MediaPlayerEditor.dll (API version 3709383).
LogModuleManager: Display: Found up-to-date module file ../../../Engine/Plugins/Media/WmfMedia/Binaries/Win64/UE4Editor-WmfMedia.dll (API version 3709383).
LogModuleManager: Display: Found up-to-date module file ../../../Engine/Plugins/Media/WmfMedia/Binaries/Win64/UE4Editor-WmfMediaEditor.dll (API version 3709383).
LogModuleManager: Display: Found up-to-date module file ../../../Engine/Plugins/Media/WmfMedia/Binaries/Win64/UE4Editor-WmfMediaFactory.dll (API version 3709383).
LogModuleManager: Display: Found up-to-date module file ../../../Engine/Plugins/Media/WmfMedia/Binaries/Win64/UE4Editor-WmfMediaFactory.dll (API version 3709383).
LogModuleManager: Display: Found up-to-date module file ../../../Engine/Plugins/Messaging/TcpMessaging/Binaries/Win64/UE4Editor-TcpMessaging.dll (API version 3709383).
LogModuleManager: Display: Found up-to-date module file ../../../Engine/Plugins/Messaging/UdpMessaging/Binaries/Win64/UE4Editor-UdpMessaging.dll (API version 3709383).
LogModuleManager: Display: Found up-to-date module file ../../../Engine/Plugins/MovieScene/ActorSequence/Binaries/Win64/UE4Editor-ActorSequence.dll (API version 3709383).
LogModuleManager: Display: Found up-to-date module file ../../../Engine/Plugins/MovieScene/LevelSequenceEditor/Binaries/Win64/UE4Editor-LevelSequenceEditor.dll (API version 3709383).
LogModuleManager: Display: Found up-to-date module file ../../../Engine/Plugins/MovieScene/MatineeToLevelSequence/Binaries/Win64/UE4Editor-MatineeToLevelSequence.dll (API version 3709383).
LogModuleManager: Display: Found up-to-date module file ../../../Engine/Plugins/Online/OnlineSubsystem/Binaries/Win64/UE4Editor-OnlineSubsystem.dll (API version 3709383).
LogModuleManager: Display: Found up-to-date module file ../../../Engine/Plugins/Runtime/AndroidPermission/Binaries/Win64/UE4Editor-AndroidPermission.dll (API version 3709383).
LogModuleManager: Display: Found up-to-date module file ../../../Engine/Plugins/Online/OnlineSubsystemNull/Binaries/Win64/UE4Editor-OnlineSubsystemNull.dll (API version 3709383).
LogModuleManager: Display: Found up-to-date module file ../../../Engine/Plugins/Online/OnlineSubsystemUtils/Binaries/Win64/UE4Editor-OnlineSubsystemUtils.dll (API version 3709383).
LogModuleManager: Display: Found up-to-date module file ../../../Engine/Plugins/Online/OnlineSubsystemUtils/Binaries/Win64/UE4Editor-OnlineBlueprintSupport.dll (API version 3709383).
LogModuleManager: Display: Found up-to-date module file ../../../Engine/Plugins/Runtime/AndroidDeviceProfileSelector/Binaries/Win64/UE4Editor-AndroidDeviceProfileSelector.dll (API version 3709383).
LogModuleManager: Display: Found up-to-date module file ../../../Engine/Plugins/Runtime/AppleARKit/Binaries/Win64/UE4Editor-AppleARKit.dll (API version 3709383).
LogModuleManager: Display: Found up-to-date module file ../../../Engine/Plugins/Runtime/ArchVisCharacter/Binaries/Win64/UE4Editor-ArchVisCharacter.dll (API version 3709383).
LogModuleManager: Display: Found up-to-date module file ../../../Engine/Plugins/Runtime/CableComponent/Binaries/Win64/UE4Editor-CableComponent.dll (API version 3709383).
LogModuleManager: Display: Found up-to-date module file ../../../Engine/Plugins/Runtime/CustomMeshComponent/Binaries/Win64/UE4Editor-CustomMeshComponent.dll (API version 3709383).
LogModuleManager: Display: Found up-to-date module file ../../../Engine/Plugins/Runtime/ExampleDeviceProfileSelector/Binaries/Win64/UE4Editor-ExampleDeviceProfileSelector.dll (API version 3709383).
LogModuleManager: Display: Found up-to-date module file ../../../Engine/Plugins/Runtime/ImmediatePhysics/Binaries/Win64/UE4Editor-ImmediatePhysics.dll (API version 3709383).
LogModuleManager: Display: Found up-to-date module file ../../../Engine/Plugins/Runtime/ImmediatePhysics/Binaries/Win64/UE4Editor-ImmediatePhysicsEditor.dll (API version 3709383).
LogModuleManager: Display: Found up-to-date module file ../../../Engine/Plugins/Runtime/LocationServicesBPLibrary/Binaries/Win64/UE4Editor-LocationServicesBPLibrary.dll (API version 3709383).
LogModuleManager: Display: Found up-to-date module file ../../../Engine/Plugins/Runtime/MobilePatchingUtils/Binaries/Win64/UE4Editor-MobilePatchingUtils.dll (API version 3709383).
LogModuleManager: Display: Found up-to-date module file ../../../Engine/Plugins/Runtime/Oculus/OculusVR/Binaries/Win64/UE4Editor-OculusHMD.dll (API version 3709383).
LogModuleManager: Display: Found up-to-date module file ../../../Engine/Plugins/Runtime/Oculus/OculusVR/Binaries/Win64/UE4Editor-OculusInput.dll (API version 3709383).
LogModuleManager: Display: Found up-to-date module file ../../../Engine/Plugins/Runtime/Oculus/OculusVR/Binaries/Win64/UE4Editor-OculusEditor.dll (API version 3709383).
LogModuleManager: Display: Found up-to-date module file ../../../Engine/Plugins/Runtime/PhysXVehicles/Binaries/Win64/UE4Editor-PhysXVehicles.dll (API version 3709383).
LogModuleManager: Display: Found up-to-date module file ../../../Engine/Plugins/Runtime/PhysXVehicles/Binaries/Win64/UE4Editor-PhysXVehiclesEditor.dll (API version 3709383).
LogModuleManager: Display: Found up-to-date module file ../../../Engine/Plugins/Runtime/ProceduralMeshComponent/Binaries/Win64/UE4Editor-ProceduralMeshComponent.dll (API version 3709383).
LogModuleManager: Display: Found up-to-date module file ../../../Engine/Plugins/Runtime/ProceduralMeshComponent/Binaries/Win64/UE4Editor-ProceduralMeshComponentEditor.dll (API version 3709383).
LogModuleManager: Display: Found up-to-date module file ../../../Engine/Plugins/Runtime/RuntimePhysXCooking/Binaries/Win64/UE4Editor-RuntimePhysXCooking.dll (API version 3709383).
LogModuleManager: Display: Found up-to-date module file ../../../Engine/Plugins/Runtime/Steam/SteamVR/Binaries/Win64/UE4Editor-SteamVR.dll (API version 3709383).
LogModuleManager: Display: Found up-to-date module file ../../../Engine/Plugins/Runtime/Steam/SteamVR/Binaries/Win64/UE4Editor-SteamVRController.dll (API version 3709383).
LogModuleManager: Display: Found up-to-date module file ../../../Engine/Plugins/Runtime/WindowsMoviePlayer/Binaries/Win64/UE4Editor-WindowsMoviePlayer.dll (API version 3709383).
LogPluginManager: Mounting plugin Paper2D
LogPluginManager: Mounting plugin LightPropagationVolume
LogPluginManager: Mounting plugin CodeLiteSourceCodeAccess
LogPluginManager: Mounting plugin GitSourceControl
LogPluginManager: Mounting plugin KDevelopSourceCodeAccess
LogPluginManager: Mounting plugin NullSourceCodeAccess
LogPluginManager: Mounting plugin PerforceSourceControl
LogPluginManager: Mounting plugin SubversionSourceControl
LogPluginManager: Mounting plugin UObjectPlugin
LogPluginManager: Mounting plugin VisualStudioCodeSourceCodeAccess
LogPluginManager: Mounting plugin VisualStudioSourceCodeAccess
LogPluginManager: Mounting plugin XCodeSourceCodeAccess
LogPluginManager: Mounting plugin AssetManagerEditor
LogPluginManager: Mounting plugin AudioCapture
LogPluginManager: Mounting plugin FacialAnimation
LogPluginManager: Mounting plugin GameplayTagsEditor
LogPluginManager: Mounting plugin MobileLauncherProfileWizard
LogPluginManager: Mounting plugin PluginBrowser
LogPluginManager: Mounting plugin SpeedTreeImporter
LogPluginManager: Mounting plugin AlembicImporter
LogPluginManager: Mounting plugin CharacterAI
LogPluginManager: Mounting plugin HTML5Networking
LogPluginManager: Mounting plugin AndroidMedia
LogPluginManager: Mounting plugin AvfMedia
LogPluginManager: Mounting plugin ImgMedia
LogPluginManager: Mounting plugin MediaCompositing
LogPluginManager: Mounting plugin MediaPlayerEditor
LogPluginManager: Mounting plugin WmfMedia
LogPluginManager: Mounting plugin TcpMessaging
LogPluginManager: Mounting plugin UdpMessaging
LogPluginManager: Mounting plugin ActorSequence
LogPluginManager: Mounting plugin LevelSequenceEditor
LogPluginManager: Mounting plugin MatineeToLevelSequence
LogPluginManager: Mounting plugin OnlineSubsystemGooglePlay
LogPluginManager: Mounting plugin OnlineSubsystemIOS
LogPluginManager: Mounting plugin OnlineSubsystem
LogPluginManager: Mounting plugin OnlineSubsystemNull
LogPluginManager: Mounting plugin OnlineSubsystemUtils
LogPluginManager: Mounting plugin AndroidDeviceProfileSelector
LogPluginManager: Mounting plugin AndroidMoviePlayer
LogPluginManager: Mounting plugin AndroidPermission
LogPluginManager: Mounting plugin AppleARKit
LogPluginManager: Mounting plugin AppleMoviePlayer
LogPluginManager: Mounting plugin ArchVisCharacter
LogPluginManager: Mounting plugin CableComponent
LogPluginManager: Mounting plugin CustomMeshComponent
LogPluginManager: Mounting plugin ExampleDeviceProfileSelector
LogPluginManager: Mounting plugin GoogleCloudMessaging
LogPluginManager: Mounting plugin ImmediatePhysics
LogPluginManager: Mounting plugin IOSDeviceProfileSelector
LogPluginManager: Mounting plugin LinuxDeviceProfileSelector
LogPluginManager: Mounting plugin LocationServicesBPLibrary
LogPluginManager: Mounting plugin MobilePatchingUtils
LogPluginManager: Mounting plugin OculusVR
LogPluginManager: Plugin shader directory ../../../Engine/Plugins/Runtime/Oculus/OculusVR/Shaders found
LogPluginManager: Mapping shader source directory ../../../Engine/Plugins/Runtime/Oculus/OculusVR/Shaders to virtual directory /Plugin/OculusVR
LogPluginManager: Mounting plugin PhysXVehicles
LogPluginManager: Mounting plugin ProceduralMeshComponent
LogPluginManager: Mounting plugin RuntimePhysXCooking
LogPluginManager: Mounting plugin SteamVR
LogPluginManager: Mounting plugin WindowsMoviePlayer
LogInit: Using libcurl 7.47.1
LogInit:  - built for x86_64-pc-win32
LogInit:  - supports SSL with OpenSSL/1.0.2g
LogInit:  - supports HTTP deflate (compression) using libz 1.2.8
LogInit:  - other features:
LogInit:      CURL_VERSION_SSL
LogInit:      CURL_VERSION_LIBZ
LogInit:      CURL_VERSION_IPV6
LogInit:      CURL_VERSION_ASYNCHDNS
LogInit:      CURL_VERSION_LARGEFILE
LogInit:      CURL_VERSION_IDN
LogInit:  CurlRequestOptions (configurable via config and command line):
LogInit:  - bVerifyPeer = false  - Libcurl will NOT verify peer certificate
LogInit:  - bUseHttpProxy = false  - Libcurl will NOT use HTTP proxy
LogInit:  - bDontReuseConnections = false  - Libcurl will reuse connections
LogInit:  - CertBundlePath = nullptr  - Libcurl will use whatever was configured at build time.
LogInit: Build: ++UE4+Release-4.18-CL-3832480
LogInit: Engine Version: 4.18.3-3832480+++UE4+Release-4.18
LogInit: Compatible Engine Version: 4.18.0-3709383+++UE4+Release-4.18
LogInit: Net CL: 3709383
LogDevObjectVersion: Number of dev versions registered: 16
LogDevObjectVersion:   Dev-Blueprints (B0D832E4-1F89-4F0D-ACCF-7EB736FD4AA2): 10
LogDevObjectVersion:   Dev-Build (E1C64328-A22C-4D53-A36C-8E866417BD8C): 0
LogDevObjectVersion:   Dev-Core (375EC13C-06E4-48FB-B500-84F0262A717E): 2
LogDevObjectVersion:   Dev-Editor (E4B068ED-F494-42E9-A231-DA0B2E46BB41): 20
LogDevObjectVersion:   Dev-Framework (CFFC743F-43B0-4480-9391-14DF171D2073): 30
LogDevObjectVersion:   Dev-Mobile (B02B49B5-BB20-44E9-A304-32B752E40360): 0
LogDevObjectVersion:   Dev-Networking (A4E4105C-59A1-49B5-A7C5-40C4547EDFEE): 0
LogDevObjectVersion:   Dev-Online (39C831C9-5AE6-47DC-9A44-9C173E1C8E7C): 0
LogDevObjectVersion:   Dev-Physics (78F01B33-EBEA-4F98-B9B4-84EACCB95AA2): 0
LogDevObjectVersion:   Dev-Platform (6631380F-2D4D-43E0-8009-CF276956A95A): 0
LogDevObjectVersion:   Dev-Rendering (12F88B9F-8875-4AFC-A67C-D90C383ABD29): 20
LogDevObjectVersion:   Dev-Sequencer (7B5AE74C-D270-4C10-A958-57980B212A5A): 4
LogDevObjectVersion:   Dev-VR (D7296918-1DD6-4BDD-9DE2-64A83CC13884): 0
LogDevObjectVersion:   Dev-LoadTimes (C2A15278-BFE7-4AFE-6C17-90FF531DF755): 1
LogDevObjectVersion:   Private-Geometry (6EACA3D4-40EC-4CC1-B786-8BED09428FC5): 1
LogDevObjectVersion:   Dev-AnimPhys (29E575DD-E0A3-4627-9D10-D276232CDCEA): 12
LogInit: Compiled (64-bit): Jan 12 2018 02:04:55
LogInit: Compiled with Visual C++: 19.00.24215.01
LogInit: Build Configuration: Development
LogInit: Branch Name: ++UE4+Release-4.18
LogInit: Command line:  -game
LogInit: Base directory: C:/Program Files/Epic Games/UE_4.18/Engine/Binaries/Win64/
LogInit: Installed Engine Build: 1
LogInit: Presizing for max 8388607 objects, including 0 objects not considered by GC, pre-allocating 0 bytes for permanent pool.
LogInit: Object subsystem initialized
[2018.06.18-07.02.05:504][  0]LogInit: Selected Device Profile: [Windows]
[2018.06.18-07.02.05:504][  0]LogInit: Applying CVar settings loaded from the selected device profile: [Windows]
[2018.06.18-07.02.05:514][  0]LogInit: Computer: JUN-HYOENG-HOME
[2018.06.18-07.02.05:514][  0]LogInit: User: user
[2018.06.18-07.02.05:514][  0]LogInit: CPU Page size=4096, Cores=6
[2018.06.18-07.02.05:514][  0]LogInit: High frequency timer resolution =2.929687 MHz
[2018.06.18-07.02.05:515][  0]LogMemory: Memory total: Physical=15.9GB (16GB approx)
[2018.06.18-07.02.05:515][  0]LogMemory: Platform Memory Stats for Windows
[2018.06.18-07.02.05:515][  0]LogMemory: Process Physical Memory: 272.30 MB used, 272.30 MB peak
[2018.06.18-07.02.05:515][  0]LogMemory: Process Virtual Memory: 264.04 MB used, 264.04 MB peak
[2018.06.18-07.02.05:515][  0]LogMemory: Physical Memory: 4970.09 MB used,  11327.89 MB free, 16297.98 MB total
[2018.06.18-07.02.05:515][  0]LogMemory: Virtual Memory: 4774.83 MB used,  11327.89 MB free, 134217728.00 MB total
[2018.06.18-07.02.05:669][  0]LogInit: Using OS detected language (ko-KR).
[2018.06.18-07.02.05:669][  0]LogInit: Using OS detected locale (ko-KR).
[2018.06.18-07.02.05:671][  0]LogTextLocalizationManager: No specific localization for 'ko-KR' exists, so the 'ko' localization will be used.
[2018.06.18-07.02.05:883][  0]LogD3D11RHI: D3D11 adapters:
[2018.06.18-07.02.05:943][  0]LogD3D11RHI:    0. 'NVIDIA GeForce GTX 1060 6GB' (Feature Level 11_0)
[2018.06.18-07.02.05:943][  0]LogD3D11RHI:       6052/0/8148 MB DedicatedVideo/DedicatedSystem/SharedSystem, Outputs:2, VendorId:0x10de
[2018.06.18-07.02.05:944][  0]LogD3D11RHI:    1. 'Microsoft Basic Render Driver' (Feature Level 11_0)
[2018.06.18-07.02.05:945][  0]LogD3D11RHI:       0/0/8148 MB DedicatedVideo/DedicatedSystem/SharedSystem, Outputs:0, VendorId:0x1414
[2018.06.18-07.02.05:945][  0]LogD3D11RHI: Chosen D3D11 Adapter: 0
[2018.06.18-07.02.05:949][  0]LogD3D11RHI: Creating new Direct3DDevice
[2018.06.18-07.02.05:949][  0]LogD3D11RHI:     GPU DeviceId: 0x1c03 (for the marketing name, search the web for "GPU Device Id")
[2018.06.18-07.02.05:949][  0]LogWindows: EnumDisplayDevices:
[2018.06.18-07.02.05:949][  0]LogWindows:    0. 'NVIDIA GeForce GTX 1060 6GB' (P:1 D:1)
[2018.06.18-07.02.05:949][  0]LogWindows:    1. 'NVIDIA GeForce GTX 1060 6GB' (P:0 D:1)
[2018.06.18-07.02.05:949][  0]LogWindows:    2. 'NVIDIA GeForce GTX 1060 6GB' (P:0 D:0)
[2018.06.18-07.02.05:949][  0]LogWindows:    3. 'NVIDIA GeForce GTX 1060 6GB' (P:0 D:0)
[2018.06.18-07.02.05:950][  0]LogWindows: DebugString: GetVideoDriverDetailsInvalid PrimaryIsNotTheChoosenAdapter GetVideoDriverDetailsInvalid PrimaryIsNotTheChoosenAdapter GetVideoDriverDetailsInvalid PrimaryIsNotTheChoosenAdapter GetVideoDriverDetailsInvalid PrimaryIsNotTheChoosenAdapter FoundDriverCount:0 
[2018.06.18-07.02.05:950][  0]LogD3D11RHI:     Adapter Name: NVIDIA GeForce GTX 1060 6GB
[2018.06.18-07.02.05:950][  0]LogD3D11RHI:   Driver Version: Unknown (internal:Unknown, unified:Unknown)
[2018.06.18-07.02.05:950][  0]LogD3D11RHI:      Driver Date: Unknown
[2018.06.18-07.02.05:950][  0]LogRHI: Texture pool is 4236 MB (70% of 6052 MB)
[2018.06.18-07.02.05:979][  0]LogD3D11RHI: Async texture creation enabled
[2018.06.18-07.02.05:996][  0]LogD3D11RHI: GPU Timing Frequency: 1000.000000 (Debug: 2 2)
[2018.06.18-07.02.06:039][  0]LogShaderCompilers: Guid format shader working directory is -13 characters bigger than the processId version (../../../../../../Users/user/Documents/GitHub/SecurityGame/Intermediate/Shaders/WorkingDirectory/7572/).
[2018.06.18-07.02.06:039][  0]LogShaderCompilers: Cleaned the shader compiler working directory 'C:/Users/user/AppData/Local/Temp/UnrealShaderWorkingDir/66270A5743F1B33445F522A0A3B3E8C1/'.
[2018.06.18-07.02.06:039][  0]LogShaderCompilers: Display: Using Local Shader Compiler.
[2018.06.18-07.02.06:778][  0]LogTemp: Display: Loaded TP WindowsClientTargetPlatform
[2018.06.18-07.02.06:829][  0]LogTemp: Display: Loaded TP WindowsNoEditorTargetPlatform
[2018.06.18-07.02.06:882][  0]LogTemp: Display: Loaded TP WindowsServerTargetPlatform
[2018.06.18-07.02.06:935][  0]LogTemp: Display: Loaded TP WindowsTargetPlatform
[2018.06.18-07.02.06:935][  0]LogTargetPlatformManager: Display: Building Assets For Windows
[2018.06.18-07.02.07:418][  0]LogDerivedDataCache: Display: Max Cache Size: 512 MB
[2018.06.18-07.02.07:476][  0]LogDerivedDataCache: Loaded boot cache 0.06s 78MB C:/Users/user/AppData/Local/UnrealEngine/4.18/DerivedDataCache/Boot.ddc.
[2018.06.18-07.02.07:476][  0]LogDerivedDataCache: Display: Loaded Boot cache: C:/Users/user/AppData/Local/UnrealEngine/4.18/DerivedDataCache/Boot.ddc
[2018.06.18-07.02.07:476][  0]LogDerivedDataCache: FDerivedDataBackendGraph:  Pak pak cache file ../../../../../../Users/user/Documents/GitHub/SecurityGame/DerivedDataCache/DDC.ddp not found, will not use a pak cache.
[2018.06.18-07.02.07:476][  0]LogDerivedDataCache: Unable to find inner node Pak for hierarchical cache Hierarchy.
[2018.06.18-07.02.07:476][  0]LogDerivedDataCache: FDerivedDataBackendGraph:  CompressedPak pak cache file ../../../../../../Users/user/Documents/GitHub/SecurityGame/DerivedDataCache/Compressed.ddp not found, will not use a pak cache.
[2018.06.18-07.02.07:476][  0]LogDerivedDataCache: Unable to find inner node CompressedPak for hierarchical cache Hierarchy.
[2018.06.18-07.02.07:489][  0]LogDerivedDataCache: Display: Pak cache opened for reading ../../../Engine/DerivedDataCache/Compressed.ddp.
[2018.06.18-07.02.07:500][  0]LogDerivedDataCache: Using Local data cache path C:/Users/user/AppData/Local/UnrealEngine/Common/DerivedDataCache: Writable
[2018.06.18-07.02.07:508][  0]LogMaterial: Verifying Global Shaders for PCD3D_SM5
[2018.06.18-07.02.07:510][  0]LogSlate: Using Freetype 2.6.0
[2018.06.18-07.02.07:510][  0]LogSlate: SlateFontCache - WITH_FREETYPE: 1, WITH_HARFBUZZ: 1
[2018.06.18-07.02.07:510][  0]LogSlate: SlateFontCache - WITH_FREETYPE: 1, WITH_HARFBUZZ: 1
[2018.06.18-07.02.07:736][  0]LogAssetRegistry: FAssetRegistry took 0.0033 seconds to start up
[2018.06.18-07.02.07:776][  0]LogPackageLocalizationCache: Processed 7 localized package path(s) for 2 prioritized culture(s) in 0.039599 seconds
[2018.06.18-07.02.07:853][  0]LogInit: Selected Device Profile: [Windows]
[2018.06.18-07.02.08:170][  0]LogSimplygon: Simplygon DLL not present - disabling.
[2018.06.18-07.02.08:214][  0]LogMeshReduction: Using SimplygonSwarm for distributed automatic mesh merging
[2018.06.18-07.02.08:214][  0]LogMeshReduction: Using QuadricMeshReduction for automatic static mesh reduction
[2018.06.18-07.02.08:214][  0]LogMeshReduction: No automatic skeletal mesh reduction module available
[2018.06.18-07.02.08:214][  0]LogMeshReduction: No automatic mesh merging module available
[2018.06.18-07.02.08:214][  0]LogMeshMerging: No automatic mesh merging module available
[2018.06.18-07.02.08:243][  0]LogNetVersion: Trolley , NetCL: 3709383, EngineNetVer: 2, GameNetVer: 0 (Checksum: 2282078908)
[2018.06.18-07.02.08:690][  0]LogInit: WinSock: version 1.1 (2.2), MaxSocks=32767, MaxUdp=65467
[2018.06.18-07.02.10:029][  0]LogMoviePlayer: Initializing movie player
[2018.06.18-07.02.10:381][  0]LogCollectionManager: Loaded 0 collections in 0.001388 seconds
[2018.06.18-07.02.10:435][  0]LogFileCache: Scanning file cache for directory 'C:/Users/user/Documents/GitHub/SecurityGame/Saved/Collections/' took 0.01s
[2018.06.18-07.02.10:435][  0]LogFileCache: Scanning file cache for directory 'C:/Users/user/Documents/GitHub/SecurityGame/Content/Developers/user/Collections/' took 0.01s
[2018.06.18-07.02.10:435][  0]LogFileCache: Scanning file cache for directory 'C:/Users/user/Documents/GitHub/SecurityGame/Content/Collections/' took 0.01s
[2018.06.18-07.02.10:435][  0]LogCollectionManager: Rebuilt the object cache for 0 collections in 0.000000 seconds (found 0 objects)
[2018.06.18-07.02.10:435][  0]LogCollectionManager: Fixed up redirectors for 0 collections in 0.000075 seconds (updated 0 objects)
[2018.06.18-07.02.11:092][  0]SourceControl: 소스 콘트롤이 꺼졌습니다.
[2018.06.18-07.02.11:092][  0]SourceControl: 소스 콘트롤이 꺼졌습니다.
[2018.06.18-07.02.11:148][  0]SourceControl: 소스 콘트롤이 꺼졌습니다.
[2018.06.18-07.02.11:563][  0]LogAndroidPermission: UAndroidPermissionCallbackProxy::GetInstance
[2018.06.18-07.02.11:839][  0]LogOcInput: OculusInput pre-init called
[2018.06.18-07.02.11:956][  0]LogUObjectArray: 38923 objects as part of root set at end of initial load.
[2018.06.18-07.02.11:956][  0]LogUObjectAllocator: 8349192 out of 0 bytes used by permanent object pool.
[2018.06.18-07.02.11:956][  0]LogUObjectArray: CloseDisregardForGC: 0/0 objects in disregard for GC pool
[2018.06.18-07.02.12:070][  0]LogEngine: Initializing Engine...
[2018.06.18-07.02.12:072][  0]LogHMD: Failed to initialize OpenVR with code 110
[2018.06.18-07.02.12:218][  0]LogStats: UGameplayTagsManager::ConstructGameplayTagTree: Construct from data asset -  0.000 s
[2018.06.18-07.02.12:218][  0]LogStats: UGameplayTagsManager::ConstructGameplayTagTree: GameplayTagTreeChangedEvent.Broadcast -  0.000 s
[2018.06.18-07.02.12:227][  0]LogInit: XAudio2 using '스피커(Realtek High Definition Audio)' : 2 channels at 48 kHz using 32 bits per sample (channel mask 0x3)
[2018.06.18-07.02.12:244][  0]LogInit: FAudioDevice initialized.
[2018.06.18-07.02.12:323][  0]LogDerivedDataCache: Saved boot cache 0.07s 78MB C:/Users/user/AppData/Local/UnrealEngine/4.18/DerivedDataCache/Boot.ddc.
[2018.06.18-07.02.12:334][  0]LogInit: Texture streaming: Enabled
[2018.06.18-07.02.12:356][  0]LogMaterial: Uniform references updated for custom material expression Custom.
[2018.06.18-07.02.13:015][  0]LogInit: Display: Game Engine Initialized.
[2018.06.18-07.02.13:015][  0]LogGameplayTags: Display: UGameplayTagsManager::DoneAddingNativeTags. DelegateIsBound: 0
[2018.06.18-07.02.13:184][  0]LogInit: Display: Starting Game.
[2018.06.18-07.02.13:184][  0]LogNet: Browse: /Game/TopDownBP/Maps/Main?Name=Player
[2018.06.18-07.02.13:185][  0]LogLoad: LoadMap: /Game/TopDownBP/Maps/Main?Name=Player
[2018.06.18-07.02.13:348][  0]LogAIModule: Creating AISystem for world Main
[2018.06.18-07.02.13:513][  0]LogLoad: Game class is 'TopDownGameMode_C'
[2018.06.18-07.02.13:514][  0]LogWorld: Bringing World /Game/TopDownBP/Maps/Main.Main up for play (max tick rate 0) at 2018.06.18-16.02.13
[2018.06.18-07.02.13:515][  0]LogWorld: Bringing up level for play took: 0.000441
[2018.06.18-07.02.13:515][  0]LogGameMode: FindPlayerStart: PATHS NOT DEFINED or NO PLAYERSTART with positive rating
[2018.06.18-07.02.13:519][  0]LogLoad: Took 0.334695 seconds to LoadMap(/Game/TopDownBP/Maps/Main)
[2018.06.18-07.02.13:523][  0]LogSlate: Took 0.002943 seconds to synchronously load lazily loaded font '../../../Engine/Content/Slate/Fonts/NanumGothic.ttf' (4243K)
[2018.06.18-07.02.13:766][  0]LogRenderer: Reallocating scene render targets to support 1920x1080 Format 10 NumSamples 1 (Frame:1).
[2018.06.18-07.02.13:766][  0]LogLoad: (Engine Initialization) Total time: 10.40 seconds
[2018.06.18-07.02.13:766][  0]LogLoad: (Engine Initialization) Total Blueprint compile time: 0.00 seconds
[2018.06.18-07.02.13:766][  0]LogExternalProfiler: No external profilers were discovered.  External profiling features will not be available.
[2018.06.18-07.02.13:787][  0]LogWindowsTextInputMethodSystem: Display: IME system now activated using TSF (Microsoft 입력기).
[2018.06.18-07.02.13:793][  0]LogContentStreaming: Texture pool size now 1000 MB
[2018.06.18-07.02.20:832][425]LogPackageName: SearchForPackageOnDisk took   0.070s to resolve Day1.umap.
[2018.06.18-07.02.20:902][426]LogPackageName: SearchForPackageOnDisk took   0.068s to resolve Day1.umap.
[2018.06.18-07.02.20:902][426]LogNet: Browse: /Game/TopDownBP/Maps/Day1
[2018.06.18-07.02.20:902][426]LogLoad: LoadMap: /Game/TopDownBP/Maps/Day1
[2018.06.18-07.02.21:722][426]LogMaterial: Uniform references updated for custom material expression Custom.
[2018.06.18-07.02.22:307][426]LogAIModule: Creating AISystem for world Day1
[2018.06.18-07.02.22:307][426]LogLoad: Game class is 'TopDownGameMode_C'
[2018.06.18-07.02.22:348][426]LogWorld: Bringing World /Game/TopDownBP/Maps/Day1.Day1 up for play (max tick rate 0) at 2018.06.18-16.02.22
[2018.06.18-07.02.22:350][426]LogWorld: Bringing up level for play took: 0.042008
[2018.06.18-07.02.22:351][426]LogGameMode: FindPlayerStart: PATHS NOT DEFINED or NO PLAYERSTART with positive rating
[2018.06.18-07.02.22:477][426]LogLoad: Took 1.574896 seconds to LoadMap(/Game/TopDownBP/Maps/Day1)
[2018.06.18-07.02.22:481][427]LogRenderer: Reallocating scene render targets to support 256x256 Format 10 NumSamples 1 (Frame:1).
[2018.06.18-07.02.22:486][427]LogSlate: Took 0.002193 seconds to synchronously load lazily loaded font '../../../Engine/Content/Slate/Fonts/NanumGothic.ttf' (4243K)
[2018.06.18-07.02.22:527][428]LogRenderer: Reallocating scene render targets to support 1920x1080 Format 10 NumSamples 1 (Frame:1).
[2018.06.18-07.03.49:165][754]LogPackageName: SearchForPackageOnDisk took   0.069s to resolve Day2.umap.
[2018.06.18-07.03.49:232][755]LogPackageName: SearchForPackageOnDisk took   0.066s to resolve Day2.umap.
[2018.06.18-07.03.49:232][755]LogNet: Browse: /Game/TopDownBP/Maps/Day2
[2018.06.18-07.03.49:233][755]LogLoad: LoadMap: /Game/TopDownBP/Maps/Day2
[2018.06.18-07.03.50:058][755]LogMaterial: Uniform references updated for custom material expression Custom.
[2018.06.18-07.03.50:663][755]LogAIModule: Creating AISystem for world Day2
[2018.06.18-07.03.50:663][755]LogLoad: Game class is 'TopDownGameMode_C'
[2018.06.18-07.03.50:704][755]LogWorld: Bringing World /Game/TopDownBP/Maps/Day2.Day2 up for play (max tick rate 0) at 2018.06.18-16.03.50
[2018.06.18-07.03.50:706][755]LogWorld: Bringing up level for play took: 0.041990
[2018.06.18-07.03.50:706][755]LogGameMode: FindPlayerStart: PATHS NOT DEFINED or NO PLAYERSTART with positive rating
[2018.06.18-07.03.50:833][755]LogLoad: Took 1.599963 seconds to LoadMap(/Game/TopDownBP/Maps/Day2)
[2018.06.18-07.03.50:836][756]LogRenderer: Reallocating scene render targets to support 256x256 Format 10 NumSamples 1 (Frame:1).
[2018.06.18-07.03.50:839][756]LogSlate: Took 0.001464 seconds to synchronously load lazily loaded font '../../../Engine/Content/Slate/Fonts/NanumGothic.ttf' (4243K)
[2018.06.18-07.03.50:867][757]LogRenderer: Reallocating scene render targets to support 1920x1080 Format 10 NumSamples 1 (Frame:1).
[2018.06.18-07.05.09:925][677]LogScript: Warning: CallFunc_Array_Get_Item 프로퍼티를 읽으려던 중 None 에 접근했습니다.
	라이트스위치_C /Game/TopDownBP/Maps/Day2.Day2:PersistentLevel.2F_대회의실라이트스위치
	Function /Game/TopDownBP/Blueprints/라이트스위치.라이트스위치_C:ExecuteUbergraph_라이트스위치:00A9
[2018.06.18-07.05.09:925][677]LogScript: Warning: Script call stack:
	Function /Game/TopDownBP/Blueprints/라이트스위치.라이트스위치_C:BndEvt__클릭범위_K2Node_ComponentBoundEvent_8_ComponentOnClickedSignature__DelegateSignature
	Function /Game/TopDownBP/Blueprints/라이트스위치.라이트스위치_C:ExecuteUbergraph_라이트스위치

[2018.06.18-07.05.09:925][677]LogScript: Warning: None 에 접근
	라이트스위치_C /Game/TopDownBP/Maps/Day2.Day2:PersistentLevel.2F_대회의실라이트스위치
	Function /Game/TopDownBP/Blueprints/라이트스위치.라이트스위치_C:ExecuteUbergraph_라이트스위치:00BE
[2018.06.18-07.05.09:925][677]LogScript: Warning: Script call stack:
	Function /Game/TopDownBP/Blueprints/라이트스위치.라이트스위치_C:BndEvt__클릭범위_K2Node_ComponentBoundEvent_8_ComponentOnClickedSignature__DelegateSignature
	Function /Game/TopDownBP/Blueprints/라이트스위치.라이트스위치_C:ExecuteUbergraph_라이트스위치

[2018.06.18-07.05.09:925][677]LogScript: Warning: CallFunc_Array_Get_Item 프로퍼티를 읽으려던 중 None 에 접근했습니다.
	라이트스위치_C /Game/TopDownBP/Maps/Day2.Day2:PersistentLevel.2F_대회의실라이트스위치
	Function /Game/TopDownBP/Blueprints/라이트스위치.라이트스위치_C:ExecuteUbergraph_라이트스위치:012D
[2018.06.18-07.05.09:925][677]LogScript: Warning: Script call stack:
	Function /Game/TopDownBP/Blueprints/라이트스위치.라이트스위치_C:BndEvt__클릭범위_K2Node_ComponentBoundEvent_8_ComponentOnClickedSignature__DelegateSignature
	Function /Game/TopDownBP/Blueprints/라이트스위치.라이트스위치_C:ExecuteUbergraph_라이트스위치

[2018.06.18-07.05.09:925][677]LogScript: Warning: None 에 접근
	라이트스위치_C /Game/TopDownBP/Maps/Day2.Day2:PersistentLevel.2F_대회의실라이트스위치
	Function /Game/TopDownBP/Blueprints/라이트스위치.라이트스위치_C:ExecuteUbergraph_라이트스위치:0142
[2018.06.18-07.05.09:925][677]LogScript: Warning: Script call stack:
	Function /Game/TopDownBP/Blueprints/라이트스위치.라이트스위치_C:BndEvt__클릭범위_K2Node_ComponentBoundEvent_8_ComponentOnClickedSignature__DelegateSignature
	Function /Game/TopDownBP/Blueprints/라이트스위치.라이트스위치_C:ExecuteUbergraph_라이트스위치

[2018.06.18-07.05.09:925][677]LogScript: Warning: CallFunc_Array_Get_Item 프로퍼티를 읽으려던 중 None 에 접근했습니다.
	라이트스위치_C /Game/TopDownBP/Maps/Day2.Day2:PersistentLevel.2F_대회의실라이트스위치
	Function /Game/TopDownBP/Blueprints/라이트스위치.라이트스위치_C:ExecuteUbergraph_라이트스위치:00A9
[2018.06.18-07.05.09:925][677]LogScript: Warning: Script call stack:
	Function /Game/TopDownBP/Blueprints/라이트스위치.라이트스위치_C:BndEvt__클릭범위_K2Node_ComponentBoundEvent_8_ComponentOnClickedSignature__DelegateSignature
	Function /Game/TopDownBP/Blueprints/라이트스위치.라이트스위치_C:ExecuteUbergraph_라이트스위치

[2018.06.18-07.05.09:925][677]LogScript: Warning: None 에 접근
	라이트스위치_C /Game/TopDownBP/Maps/Day2.Day2:PersistentLevel.2F_대회의실라이트스위치
	Function /Game/TopDownBP/Blueprints/라이트스위치.라이트스위치_C:ExecuteUbergraph_라이트스위치:00BE
[2018.06.18-07.05.09:925][677]LogScript: Warning: Script call stack:
	Function /Game/TopDownBP/Blueprints/라이트스위치.라이트스위치_C:BndEvt__클릭범위_K2Node_ComponentBoundEvent_8_ComponentOnClickedSignature__DelegateSignature
	Function /Game/TopDownBP/Blueprints/라이트스위치.라이트스위치_C:ExecuteUbergraph_라이트스위치

[2018.06.18-07.05.09:925][677]LogScript: Warning: CallFunc_Array_Get_Item 프로퍼티를 읽으려던 중 None 에 접근했습니다.
	라이트스위치_C /Game/TopDownBP/Maps/Day2.Day2:PersistentLevel.2F_대회의실라이트스위치
	Function /Game/TopDownBP/Blueprints/라이트스위치.라이트스위치_C:ExecuteUbergraph_라이트스위치:012D
[2018.06.18-07.05.09:925][677]LogScript: Warning: Script call stack:
	Function /Game/TopDownBP/Blueprints/라이트스위치.라이트스위치_C:BndEvt__클릭범위_K2Node_ComponentBoundEvent_8_ComponentOnClickedSignature__DelegateSignature
	Function /Game/TopDownBP/Blueprints/라이트스위치.라이트스위치_C:ExecuteUbergraph_라이트스위치

[2018.06.18-07.05.09:925][677]LogScript: Warning: None 에 접근
	라이트스위치_C /Game/TopDownBP/Maps/Day2.Day2:PersistentLevel.2F_대회의실라이트스위치
	Function /Game/TopDownBP/Blueprints/라이트스위치.라이트스위치_C:ExecuteUbergraph_라이트스위치:0142
[2018.06.18-07.05.09:925][677]LogScript: Warning: Script call stack:
	Function /Game/TopDownBP/Blueprints/라이트스위치.라이트스위치_C:BndEvt__클릭범위_K2Node_ComponentBoundEvent_8_ComponentOnClickedSignature__DelegateSignature
	Function /Game/TopDownBP/Blueprints/라이트스위치.라이트스위치_C:ExecuteUbergraph_라이트스위치

[2018.06.18-07.05.24:301][538]LogScript: Warning: CallFunc_Array_Get_Item3 프로퍼티를 읽으려던 중 None 에 접근했습니다.
	BP_반층_C /Game/TopDownBP/Maps/Day2.Day2:PersistentLevel.BP_반층_164
	Function /Game/TopDownBP/Blueprints/BP_반층.BP_반층_C:ExecuteUbergraph_BP_반층:0724
[2018.06.18-07.05.24:301][538]LogScript: Warning: Script call stack:
	Function /Game/TopDownBP/Blueprints/BP_반층.BP_반층_C:BndEvt__Box_K2Node_ComponentBoundEvent_0_ComponentBeginOverlapSignature__DelegateSignature
	Function /Game/TopDownBP/Blueprints/BP_반층.BP_반층_C:ExecuteUbergraph_BP_반층

[2018.06.18-07.05.24:301][538]LogScript: Warning: CallFunc_Array_Get_Item3 프로퍼티를 읽으려던 중 None 에 접근했습니다.
	BP_반층_C /Game/TopDownBP/Maps/Day2.Day2:PersistentLevel.BP_반층_164
	Function /Game/TopDownBP/Blueprints/BP_반층.BP_반층_C:ExecuteUbergraph_BP_반층:0724
[2018.06.18-07.05.24:301][538]LogScript: Warning: Script call stack:
	Function /Game/TopDownBP/Blueprints/BP_반층.BP_반층_C:BndEvt__Box_K2Node_ComponentBoundEvent_0_ComponentBeginOverlapSignature__DelegateSignature
	Function /Game/TopDownBP/Blueprints/BP_반층.BP_반층_C:ExecuteUbergraph_BP_반층

[2018.06.18-07.05.24:302][538]LogScript: Warning: CallFunc_Array_Get_Item3 프로퍼티를 읽으려던 중 None 에 접근했습니다.
	BP_반층_C /Game/TopDownBP/Maps/Day2.Day2:PersistentLevel.BP_반층_164
	Function /Game/TopDownBP/Blueprints/BP_반층.BP_반층_C:ExecuteUbergraph_BP_반층:0724
[2018.06.18-07.05.24:302][538]LogScript: Warning: Script call stack:
	Function /Game/TopDownBP/Blueprints/BP_반층.BP_반층_C:BndEvt__Box_K2Node_ComponentBoundEvent_0_ComponentBeginOverlapSignature__DelegateSignature
	Function /Game/TopDownBP/Blueprints/BP_반층.BP_반층_C:ExecuteUbergraph_BP_반층

[2018.06.18-07.05.24:302][538]LogScript: Warning: CallFunc_Array_Get_Item3 프로퍼티를 읽으려던 중 None 에 접근했습니다.
	BP_반층_C /Game/TopDownBP/Maps/Day2.Day2:PersistentLevel.BP_반층_164
	Function /Game/TopDownBP/Blueprints/BP_반층.BP_반층_C:ExecuteUbergraph_BP_반층:0724
[2018.06.18-07.05.24:302][538]LogScript: Warning: Script call stack:
	Function /Game/TopDownBP/Blueprints/BP_반층.BP_반층_C:BndEvt__Box_K2Node_ComponentBoundEvent_0_ComponentBeginOverlapSignature__DelegateSignature
	Function /Game/TopDownBP/Blueprints/BP_반층.BP_반층_C:ExecuteUbergraph_BP_반층

[2018.06.18-07.05.24:302][538]LogScript: Warning: CallFunc_Array_Get_Item3 프로퍼티를 읽으려던 중 None 에 접근했습니다.
	BP_반층_C /Game/TopDownBP/Maps/Day2.Day2:PersistentLevel.BP_반층_164
	Function /Game/TopDownBP/Blueprints/BP_반층.BP_반층_C:ExecuteUbergraph_BP_반층:0724
[2018.06.18-07.05.24:302][538]LogScript: Warning: Script call stack:
	Function /Game/TopDownBP/Blueprints/BP_반층.BP_반층_C:BndEvt__Box_K2Node_ComponentBoundEvent_0_ComponentBeginOverlapSignature__DelegateSignature
	Function /Game/TopDownBP/Blueprints/BP_반층.BP_반층_C:ExecuteUbergraph_BP_반층

[2018.06.18-07.05.24:302][538]LogScript: Warning: CallFunc_Array_Get_Item3 프로퍼티를 읽으려던 중 None 에 접근했습니다.
	BP_반층_C /Game/TopDownBP/Maps/Day2.Day2:PersistentLevel.BP_반층_164
	Function /Game/TopDownBP/Blueprints/BP_반층.BP_반층_C:ExecuteUbergraph_BP_반층:0724
[2018.06.18-07.05.24:302][538]LogScript: Warning: Script call stack:
	Function /Game/TopDownBP/Blueprints/BP_반층.BP_반층_C:BndEvt__Box_K2Node_ComponentBoundEvent_0_ComponentBeginOverlapSignature__DelegateSignature
	Function /Game/TopDownBP/Blueprints/BP_반층.BP_반층_C:ExecuteUbergraph_BP_반층

[2018.06.18-07.05.24:303][538]LogScript: Warning: CallFunc_Array_Get_Item3 프로퍼티를 읽으려던 중 None 에 접근했습니다.
	BP_반층_C /Game/TopDownBP/Maps/Day2.Day2:PersistentLevel.BP_반층_164
	Function /Game/TopDownBP/Blueprints/BP_반층.BP_반층_C:ExecuteUbergraph_BP_반층:0724
[2018.06.18-07.05.24:303][538]LogScript: Warning: Script call stack:
	Function /Game/TopDownBP/Blueprints/BP_반층.BP_반층_C:BndEvt__Box_K2Node_ComponentBoundEvent_0_ComponentBeginOverlapSignature__DelegateSignature
	Function /Game/TopDownBP/Blueprints/BP_반층.BP_반층_C:ExecuteUbergraph_BP_반층

[2018.06.18-07.05.24:303][538]LogScript: Warning: CallFunc_Array_Get_Item3 프로퍼티를 읽으려던 중 None 에 접근했습니다.
	BP_반층_C /Game/TopDownBP/Maps/Day2.Day2:PersistentLevel.BP_반층_164
	Function /Game/TopDownBP/Blueprints/BP_반층.BP_반층_C:ExecuteUbergraph_BP_반층:0724
[2018.06.18-07.05.24:303][538]LogScript: Warning: Script call stack:
	Function /Game/TopDownBP/Blueprints/BP_반층.BP_반층_C:BndEvt__Box_K2Node_ComponentBoundEvent_0_ComponentBeginOverlapSignature__DelegateSignature
	Function /Game/TopDownBP/Blueprints/BP_반층.BP_반층_C:ExecuteUbergraph_BP_반층

[2018.06.18-07.05.24:303][538]LogScript: Warning: CallFunc_Array_Get_Item3 프로퍼티를 읽으려던 중 None 에 접근했습니다.
	BP_반층_C /Game/TopDownBP/Maps/Day2.Day2:PersistentLevel.BP_반층_164
	Function /Game/TopDownBP/Blueprints/BP_반층.BP_반층_C:ExecuteUbergraph_BP_반층:0724
[2018.06.18-07.05.24:303][538]LogScript: Warning: Script call stack:
	Function /Game/TopDownBP/Blueprints/BP_반층.BP_반층_C:BndEvt__Box_K2Node_ComponentBoundEvent_0_ComponentBeginOverlapSignature__DelegateSignature
	Function /Game/TopDownBP/Blueprints/BP_반층.BP_반층_C:ExecuteUbergraph_BP_반층

[2018.06.18-07.05.24:303][538]LogScript: Warning: CallFunc_Array_Get_Item3 프로퍼티를 읽으려던 중 None 에 접근했습니다.
	BP_반층_C /Game/TopDownBP/Maps/Day2.Day2:PersistentLevel.BP_반층_164
	Function /Game/TopDownBP/Blueprints/BP_반층.BP_반층_C:ExecuteUbergraph_BP_반층:0724
[2018.06.18-07.05.24:303][538]LogScript: Warning: Script call stack:
	Function /Game/TopDownBP/Blueprints/BP_반층.BP_반층_C:BndEvt__Box_K2Node_ComponentBoundEvent_0_ComponentBeginOverlapSignature__DelegateSignature
	Function /Game/TopDownBP/Blueprints/BP_반층.BP_반층_C:ExecuteUbergraph_BP_반층

[2018.06.18-07.05.24:303][538]LogScript: Warning: CallFunc_Array_Get_Item3 프로퍼티를 읽으려던 중 None 에 접근했습니다.
	BP_반층_C /Game/TopDownBP/Maps/Day2.Day2:PersistentLevel.BP_반층_164
	Function /Game/TopDownBP/Blueprints/BP_반층.BP_반층_C:ExecuteUbergraph_BP_반층:0724
[2018.06.18-07.05.24:303][538]LogScript: Warning: Script call stack:
	Function /Game/TopDownBP/Blueprints/BP_반층.BP_반층_C:BndEvt__Box_K2Node_ComponentBoundEvent_0_ComponentBeginOverlapSignature__DelegateSignature
	Function /Game/TopDownBP/Blueprints/BP_반층.BP_반층_C:ExecuteUbergraph_BP_반층

[2018.06.18-07.05.24:303][538]LogScript: Warning: CallFunc_Array_Get_Item3 프로퍼티를 읽으려던 중 None 에 접근했습니다.
	BP_반층_C /Game/TopDownBP/Maps/Day2.Day2:PersistentLevel.BP_반층_164
	Function /Game/TopDownBP/Blueprints/BP_반층.BP_반층_C:ExecuteUbergraph_BP_반층:0724
[2018.06.18-07.05.24:303][538]LogScript: Warning: Script call stack:
	Function /Game/TopDownBP/Blueprints/BP_반층.BP_반층_C:BndEvt__Box_K2Node_ComponentBoundEvent_0_ComponentBeginOverlapSignature__DelegateSignature
	Function /Game/TopDownBP/Blueprints/BP_반층.BP_반층_C:ExecuteUbergraph_BP_반층

[2018.06.18-07.05.24:304][538]LogScript: Warning: CallFunc_Array_Get_Item3 프로퍼티를 읽으려던 중 None 에 접근했습니다.
	BP_반층_C /Game/TopDownBP/Maps/Day2.Day2:PersistentLevel.BP_반층_164
	Function /Game/TopDownBP/Blueprints/BP_반층.BP_반층_C:ExecuteUbergraph_BP_반층:0724
[2018.06.18-07.05.24:304][538]LogScript: Warning: Script call stack:
	Function /Game/TopDownBP/Blueprints/BP_반층.BP_반층_C:BndEvt__Box_K2Node_ComponentBoundEvent_0_ComponentBeginOverlapSignature__DelegateSignature
	Function /Game/TopDownBP/Blueprints/BP_반층.BP_반층_C:ExecuteUbergraph_BP_반층

[2018.06.18-07.05.24:304][538]LogScript: Warning: CallFunc_Array_Get_Item3 프로퍼티를 읽으려던 중 None 에 접근했습니다.
	BP_반층_C /Game/TopDownBP/Maps/Day2.Day2:PersistentLevel.BP_반층_164
	Function /Game/TopDownBP/Blueprints/BP_반층.BP_반층_C:ExecuteUbergraph_BP_반층:0724
[2018.06.18-07.05.24:304][538]LogScript: Warning: Script call stack:
	Function /Game/TopDownBP/Blueprints/BP_반층.BP_반층_C:BndEvt__Box_K2Node_ComponentBoundEvent_0_ComponentBeginOverlapSignature__DelegateSignature
	Function /Game/TopDownBP/Blueprints/BP_반층.BP_반층_C:ExecuteUbergraph_BP_반층

[2018.06.18-07.05.24:304][538]LogScript: Warning: CallFunc_Array_Get_Item3 프로퍼티를 읽으려던 중 None 에 접근했습니다.
	BP_반층_C /Game/TopDownBP/Maps/Day2.Day2:PersistentLevel.BP_반층_164
	Function /Game/TopDownBP/Blueprints/BP_반층.BP_반층_C:ExecuteUbergraph_BP_반층:0724
[2018.06.18-07.05.24:304][538]LogScript: Warning: Script call stack:
	Function /Game/TopDownBP/Blueprints/BP_반층.BP_반층_C:BndEvt__Box_K2Node_ComponentBoundEvent_0_ComponentBeginOverlapSignature__DelegateSignature
	Function /Game/TopDownBP/Blueprints/BP_반층.BP_반층_C:ExecuteUbergraph_BP_반층

[2018.06.18-07.05.24:304][538]LogScript: Warning: CallFunc_Array_Get_Item3 프로퍼티를 읽으려던 중 None 에 접근했습니다.
	BP_반층_C /Game/TopDownBP/Maps/Day2.Day2:PersistentLevel.BP_반층_164
	Function /Game/TopDownBP/Blueprints/BP_반층.BP_반층_C:ExecuteUbergraph_BP_반층:0724
[2018.06.18-07.05.24:304][538]LogScript: Warning: Script call stack:
	Function /Game/TopDownBP/Blueprints/BP_반층.BP_반층_C:BndEvt__Box_K2Node_ComponentBoundEvent_0_ComponentBeginOverlapSignature__DelegateSignature
	Function /Game/TopDownBP/Blueprints/BP_반층.BP_반층_C:ExecuteUbergraph_BP_반층

[2018.06.18-07.05.24:305][538]LogScript: Warning: CallFunc_Array_Get_Item3 프로퍼티를 읽으려던 중 None 에 접근했습니다.
	BP_반층_C /Game/TopDownBP/Maps/Day2.Day2:PersistentLevel.BP_반층_164
	Function /Game/TopDownBP/Blueprints/BP_반층.BP_반층_C:ExecuteUbergraph_BP_반층:0724
[2018.06.18-07.05.24:305][538]LogScript: Warning: Script call stack:
	Function /Game/TopDownBP/Blueprints/BP_반층.BP_반층_C:BndEvt__Box_K2Node_ComponentBoundEvent_0_ComponentBeginOverlapSignature__DelegateSignature
	Function /Game/TopDownBP/Blueprints/BP_반층.BP_반층_C:ExecuteUbergraph_BP_반층

[2018.06.18-07.05.42:409][649]LogPackageName: SearchForPackageOnDisk took   0.068s to resolve Day3.umap.
[2018.06.18-07.05.42:477][650]LogPackageName: SearchForPackageOnDisk took   0.066s to resolve Day3.umap.
[2018.06.18-07.05.42:477][650]LogNet: Browse: /Game/TopDownBP/Maps/Day3
[2018.06.18-07.05.42:477][650]LogLoad: LoadMap: /Game/TopDownBP/Maps/Day3
[2018.06.18-07.05.43:395][650]LogMaterial: Uniform references updated for custom material expression Custom.
[2018.06.18-07.05.43:557][650]LogStaticMesh: file_2 스태틱 메시 빌드중...
[2018.06.18-07.05.43:567][650]LogStaticMesh: Built static mesh [0.01s] /Game/TopDownBP/Mesh/file_2.file_2
[2018.06.18-07.05.43:629][650]LogTexture: Display: 텍스처 빌드: 연구일지 (BGRA8, 850X571)
[2018.06.18-07.05.43:666][650]LogMaterial: Missing cached shader map for material 02_-_Default, compiling. 
[2018.06.18-07.05.43:886][650]LogMaterial: Missing cached shader map for material 09_-_Default, compiling. 
[2018.06.18-07.05.43:904][650]LogMaterial: Missing cached shader map for material 03_-_Default, compiling. 
[2018.06.18-07.05.44:068][650]LogTexture: Display: 텍스처 빌드: Joy_sketchbook (BGRA8, 978X700)
[2018.06.18-07.05.44:245][650]LogAIModule: Creating AISystem for world Day3
[2018.06.18-07.05.44:245][650]LogLoad: Game class is 'TopDownGameMode_C'
[2018.06.18-07.05.44:289][650]LogWorld: Bringing World /Game/TopDownBP/Maps/Day3.Day3 up for play (max tick rate 0) at 2018.06.18-16.05.44
[2018.06.18-07.05.44:291][650]LogWorld: Bringing up level for play took: 0.046644
[2018.06.18-07.05.44:292][650]LogGameMode: FindPlayerStart: PATHS NOT DEFINED or NO PLAYERSTART with positive rating
[2018.06.18-07.05.44:422][650]LogLoad: Took 1.944334 seconds to LoadMap(/Game/TopDownBP/Maps/Day3)
[2018.06.18-07.05.44:426][651]LogRenderer: Reallocating scene render targets to support 256x256 Format 10 NumSamples 1 (Frame:1).
[2018.06.18-07.05.44:431][651]LogSlate: Took 0.002477 seconds to synchronously load lazily loaded font '../../../Engine/Content/Slate/Fonts/NanumGothic.ttf' (4243K)
[2018.06.18-07.05.44:462][652]LogRenderer: Reallocating scene render targets to support 1920x1080 Format 10 NumSamples 1 (Frame:1).
[2018.06.18-07.07.40:355][699]LogPackageName: SearchForPackageOnDisk took   0.072s to resolve Day4.umap.
[2018.06.18-07.07.40:426][700]LogPackageName: SearchForPackageOnDisk took   0.069s to resolve Day4.umap.
[2018.06.18-07.07.40:426][700]LogNet: Browse: /Game/TopDownBP/Maps/Day4
[2018.06.18-07.07.40:426][700]LogLoad: LoadMap: /Game/TopDownBP/Maps/Day4
[2018.06.18-07.07.41:305][700]LogMaterial: Uniform references updated for custom material expression Custom.
[2018.06.18-07.07.42:015][700]LogAIModule: Creating AISystem for world Day4
[2018.06.18-07.07.42:015][700]LogLoad: Game class is 'TopDownGameMode_C'
[2018.06.18-07.07.42:056][700]LogWorld: Bringing World /Game/TopDownBP/Maps/Day4.Day4 up for play (max tick rate 0) at 2018.06.18-16.07.42
[2018.06.18-07.07.42:058][700]LogWorld: Bringing up level for play took: 0.042995
[2018.06.18-07.07.42:058][700]LogGameMode: FindPlayerStart: PATHS NOT DEFINED or NO PLAYERSTART with positive rating
[2018.06.18-07.07.42:197][700]LogLoad: Took 1.771163 seconds to LoadMap(/Game/TopDownBP/Maps/Day4)
[2018.06.18-07.07.42:200][701]LogRenderer: Reallocating scene render targets to support 256x256 Format 10 NumSamples 1 (Frame:1).
[2018.06.18-07.07.42:203][701]LogSlate: Took 0.001411 seconds to synchronously load lazily loaded font '../../../Engine/Content/Slate/Fonts/NanumGothic.ttf' (4243K)
[2018.06.18-07.07.42:229][702]LogRenderer: Reallocating scene render targets to support 1920x1080 Format 10 NumSamples 1 (Frame:1).
[2018.06.18-07.08.32:930][838]LogScript: Warning: StaticMesh 프로퍼티를 통해 StaticMesh 에 접근하려 하였으나, StaticMesh 는 킬 대기중입니다.
	BloodPrint_C /Game/TopDownBP/Maps/Day4.Day4:PersistentLevel.BloodPrint_232
	Function /Game/TopDownBP/Blueprints/BloodPrint.BloodPrint_C:ExecuteUbergraph_BloodPrint:0445
[2018.06.18-07.08.32:930][838]LogScript: Warning: Script call stack:
	Function /Game/TopDownBP/Blueprints/BloodPrint.BloodPrint_C:ReceiveTick
	Function /Game/TopDownBP/Blueprints/BloodPrint.BloodPrint_C:ExecuteUbergraph_BloodPrint

[2018.06.18-07.08.32:946][839]LogScript: Warning: StaticMesh 프로퍼티를 통해 StaticMesh 에 접근하려 하였으나, StaticMesh 는 킬 대기중입니다.
	BloodPrint_C /Game/TopDownBP/Maps/Day4.Day4:PersistentLevel.BloodPrint_232
	Function /Game/TopDownBP/Blueprints/BloodPrint.BloodPrint_C:ExecuteUbergraph_BloodPrint:0445
[2018.06.18-07.08.32:946][839]LogScript: Warning: Script call stack:
	Function /Game/TopDownBP/Blueprints/BloodPrint.BloodPrint_C:ReceiveTick
	Function /Game/TopDownBP/Blueprints/BloodPrint.BloodPrint_C:ExecuteUbergraph_BloodPrint

[2018.06.18-07.08.32:962][840]LogScript: Warning: StaticMesh 프로퍼티를 통해 StaticMesh 에 접근하려 하였으나, StaticMesh 는 킬 대기중입니다.
	BloodPrint_C /Game/TopDownBP/Maps/Day4.Day4:PersistentLevel.BloodPrint_232
	Function /Game/TopDownBP/Blueprints/BloodPrint.BloodPrint_C:ExecuteUbergraph_BloodPrint:0445
[2018.06.18-07.08.32:962][840]LogScript: Warning: Script call stack:
	Function /Game/TopDownBP/Blueprints/BloodPrint.BloodPrint_C:ReceiveTick
	Function /Game/TopDownBP/Blueprints/BloodPrint.BloodPrint_C:ExecuteUbergraph_BloodPrint

[2018.06.18-07.08.32:978][841]LogScript: Warning: StaticMesh 프로퍼티를 통해 StaticMesh 에 접근하려 하였으나, StaticMesh 는 킬 대기중입니다.
	BloodPrint_C /Game/TopDownBP/Maps/Day4.Day4:PersistentLevel.BloodPrint_232
	Function /Game/TopDownBP/Blueprints/BloodPrint.BloodPrint_C:ExecuteUbergraph_BloodPrint:0445
[2018.06.18-07.08.32:978][841]LogScript: Warning: Script call stack:
	Function /Game/TopDownBP/Blueprints/BloodPrint.BloodPrint_C:ReceiveTick
	Function /Game/TopDownBP/Blueprints/BloodPrint.BloodPrint_C:ExecuteUbergraph_BloodPrint

[2018.06.18-07.08.32:994][842]LogScript: Warning: StaticMesh 프로퍼티를 통해 StaticMesh 에 접근하려 하였으나, StaticMesh 는 킬 대기중입니다.
	BloodPrint_C /Game/TopDownBP/Maps/Day4.Day4:PersistentLevel.BloodPrint_232
	Function /Game/TopDownBP/Blueprints/BloodPrint.BloodPrint_C:ExecuteUbergraph_BloodPrint:0445
[2018.06.18-07.08.32:994][842]LogScript: Warning: Script call stack:
	Function /Game/TopDownBP/Blueprints/BloodPrint.BloodPrint_C:ReceiveTick
	Function /Game/TopDownBP/Blueprints/BloodPrint.BloodPrint_C:ExecuteUbergraph_BloodPrint

[2018.06.18-07.08.33:010][843]LogScript: Warning: StaticMesh 프로퍼티를 통해 StaticMesh 에 접근하려 하였으나, StaticMesh 는 킬 대기중입니다.
	BloodPrint_C /Game/TopDownBP/Maps/Day4.Day4:PersistentLevel.BloodPrint_232
	Function /Game/TopDownBP/Blueprints/BloodPrint.BloodPrint_C:ExecuteUbergraph_BloodPrint:0445
[2018.06.18-07.08.33:010][843]LogScript: Warning: Script call stack:
	Function /Game/TopDownBP/Blueprints/BloodPrint.BloodPrint_C:ReceiveTick
	Function /Game/TopDownBP/Blueprints/BloodPrint.BloodPrint_C:ExecuteUbergraph_BloodPrint

[2018.06.18-07.08.33:026][844]LogScript: Warning: StaticMesh 프로퍼티를 통해 StaticMesh 에 접근하려 하였으나, StaticMesh 는 킬 대기중입니다.
	BloodPrint_C /Game/TopDownBP/Maps/Day4.Day4:PersistentLevel.BloodPrint_232
	Function /Game/TopDownBP/Blueprints/BloodPrint.BloodPrint_C:ExecuteUbergraph_BloodPrint:0445
[2018.06.18-07.08.33:026][844]LogScript: Warning: Script call stack:
	Function /Game/TopDownBP/Blueprints/BloodPrint.BloodPrint_C:ReceiveTick
	Function /Game/TopDownBP/Blueprints/BloodPrint.BloodPrint_C:ExecuteUbergraph_BloodPrint

[2018.06.18-07.08.33:041][845]LogScript: Warning: StaticMesh 프로퍼티를 통해 StaticMesh 에 접근하려 하였으나, StaticMesh 는 킬 대기중입니다.
	BloodPrint_C /Game/TopDownBP/Maps/Day4.Day4:PersistentLevel.BloodPrint_232
	Function /Game/TopDownBP/Blueprints/BloodPrint.BloodPrint_C:ExecuteUbergraph_BloodPrint:0445
[2018.06.18-07.08.33:041][845]LogScript: Warning: Script call stack:
	Function /Game/TopDownBP/Blueprints/BloodPrint.BloodPrint_C:ReceiveTick
	Function /Game/TopDownBP/Blueprints/BloodPrint.BloodPrint_C:ExecuteUbergraph_BloodPrint

[2018.06.18-07.08.33:058][846]LogScript: Warning: StaticMesh 프로퍼티를 통해 StaticMesh 에 접근하려 하였으나, StaticMesh 는 킬 대기중입니다.
	BloodPrint_C /Game/TopDownBP/Maps/Day4.Day4:PersistentLevel.BloodPrint_232
	Function /Game/TopDownBP/Blueprints/BloodPrint.BloodPrint_C:ExecuteUbergraph_BloodPrint:0445
[2018.06.18-07.08.33:058][846]LogScript: Warning: Script call stack:
	Function /Game/TopDownBP/Blueprints/BloodPrint.BloodPrint_C:ReceiveTick
	Function /Game/TopDownBP/Blueprints/BloodPrint.BloodPrint_C:ExecuteUbergraph_BloodPrint

[2018.06.18-07.08.33:074][847]LogScript: Warning: StaticMesh 프로퍼티를 통해 StaticMesh 에 접근하려 하였으나, StaticMesh 는 킬 대기중입니다.
	BloodPrint_C /Game/TopDownBP/Maps/Day4.Day4:PersistentLevel.BloodPrint_232
	Function /Game/TopDownBP/Blueprints/BloodPrint.BloodPrint_C:ExecuteUbergraph_BloodPrint:0445
[2018.06.18-07.08.33:074][847]LogScript: Warning: Script call stack:
	Function /Game/TopDownBP/Blueprints/BloodPrint.BloodPrint_C:ReceiveTick
	Function /Game/TopDownBP/Blueprints/BloodPrint.BloodPrint_C:ExecuteUbergraph_BloodPrint

[2018.06.18-07.08.33:090][848]LogScript: Warning: StaticMesh 프로퍼티를 통해 StaticMesh 에 접근하려 하였으나, StaticMesh 는 킬 대기중입니다.
	BloodPrint_C /Game/TopDownBP/Maps/Day4.Day4:PersistentLevel.BloodPrint_232
	Function /Game/TopDownBP/Blueprints/BloodPrint.BloodPrint_C:ExecuteUbergraph_BloodPrint:0445
[2018.06.18-07.08.33:090][848]LogScript: Warning: Script call stack:
	Function /Game/TopDownBP/Blueprints/BloodPrint.BloodPrint_C:ReceiveTick
	Function /Game/TopDownBP/Blueprints/BloodPrint.BloodPrint_C:ExecuteUbergraph_BloodPrint

[2018.06.18-07.08.33:106][849]LogScript: Warning: StaticMesh 프로퍼티를 통해 StaticMesh 에 접근하려 하였으나, StaticMesh 는 킬 대기중입니다.
	BloodPrint_C /Game/TopDownBP/Maps/Day4.Day4:PersistentLevel.BloodPrint_232
	Function /Game/TopDownBP/Blueprints/BloodPrint.BloodPrint_C:ExecuteUbergraph_BloodPrint:0445
[2018.06.18-07.08.33:106][849]LogScript: Warning: Script call stack:
	Function /Game/TopDownBP/Blueprints/BloodPrint.BloodPrint_C:ReceiveTick
	Function /Game/TopDownBP/Blueprints/BloodPrint.BloodPrint_C:ExecuteUbergraph_BloodPrint

[2018.06.18-07.08.33:122][850]LogScript: Warning: StaticMesh 프로퍼티를 통해 StaticMesh 에 접근하려 하였으나, StaticMesh 는 킬 대기중입니다.
	BloodPrint_C /Game/TopDownBP/Maps/Day4.Day4:PersistentLevel.BloodPrint_232
	Function /Game/TopDownBP/Blueprints/BloodPrint.BloodPrint_C:ExecuteUbergraph_BloodPrint:0445
[2018.06.18-07.08.33:122][850]LogScript: Warning: Script call stack:
	Function /Game/TopDownBP/Blueprints/BloodPrint.BloodPrint_C:ReceiveTick
	Function /Game/TopDownBP/Blueprints/BloodPrint.BloodPrint_C:ExecuteUbergraph_BloodPrint

[2018.06.18-07.08.33:138][851]LogScript: Warning: StaticMesh 프로퍼티를 통해 StaticMesh 에 접근하려 하였으나, StaticMesh 는 킬 대기중입니다.
	BloodPrint_C /Game/TopDownBP/Maps/Day4.Day4:PersistentLevel.BloodPrint_232
	Function /Game/TopDownBP/Blueprints/BloodPrint.BloodPrint_C:ExecuteUbergraph_BloodPrint:0445
[2018.06.18-07.08.33:138][851]LogScript: Warning: Script call stack:
	Function /Game/TopDownBP/Blueprints/BloodPrint.BloodPrint_C:ReceiveTick
	Function /Game/TopDownBP/Blueprints/BloodPrint.BloodPrint_C:ExecuteUbergraph_BloodPrint

[2018.06.18-07.08.33:154][852]LogScript: Warning: StaticMesh 프로퍼티를 통해 StaticMesh 에 접근하려 하였으나, StaticMesh 는 킬 대기중입니다.
	BloodPrint_C /Game/TopDownBP/Maps/Day4.Day4:PersistentLevel.BloodPrint_232
	Function /Game/TopDownBP/Blueprints/BloodPrint.BloodPrint_C:ExecuteUbergraph_BloodPrint:0445
[2018.06.18-07.08.33:154][852]LogScript: Warning: Script call stack:
	Function /Game/TopDownBP/Blueprints/BloodPrint.BloodPrint_C:ReceiveTick
	Function /Game/TopDownBP/Blueprints/BloodPrint.BloodPrint_C:ExecuteUbergraph_BloodPrint

[2018.06.18-07.08.33:171][853]LogScript: Warning: StaticMesh 프로퍼티를 통해 StaticMesh 에 접근하려 하였으나, StaticMesh 는 킬 대기중입니다.
	BloodPrint_C /Game/TopDownBP/Maps/Day4.Day4:PersistentLevel.BloodPrint_232
	Function /Game/TopDownBP/Blueprints/BloodPrint.BloodPrint_C:ExecuteUbergraph_BloodPrint:0445
[2018.06.18-07.08.33:171][853]LogScript: Warning: Script call stack:
	Function /Game/TopDownBP/Blueprints/BloodPrint.BloodPrint_C:ReceiveTick
	Function /Game/TopDownBP/Blueprints/BloodPrint.BloodPrint_C:ExecuteUbergraph_BloodPrint

[2018.06.18-07.08.33:187][854]LogScript: Warning: StaticMesh 프로퍼티를 통해 StaticMesh 에 접근하려 하였으나, StaticMesh 는 킬 대기중입니다.
	BloodPrint_C /Game/TopDownBP/Maps/Day4.Day4:PersistentLevel.BloodPrint_232
	Function /Game/TopDownBP/Blueprints/BloodPrint.BloodPrint_C:ExecuteUbergraph_BloodPrint:0445
[2018.06.18-07.08.33:187][854]LogScript: Warning: Script call stack:
	Function /Game/TopDownBP/Blueprints/BloodPrint.BloodPrint_C:ReceiveTick
	Function /Game/TopDownBP/Blueprints/BloodPrint.BloodPrint_C:ExecuteUbergraph_BloodPrint

[2018.06.18-07.09.47:107][ 90]LogPackageName: SearchForPackageOnDisk took   0.070s to resolve Day5.umap.
[2018.06.18-07.09.47:175][ 91]LogPackageName: SearchForPackageOnDisk took   0.066s to resolve Day5.umap.
[2018.06.18-07.09.47:175][ 91]LogNet: Browse: /Game/TopDownBP/Maps/Day5
[2018.06.18-07.09.47:175][ 91]LogLoad: LoadMap: /Game/TopDownBP/Maps/Day5
[2018.06.18-07.09.48:084][ 91]LogMaterial: Uniform references updated for custom material expression Custom.
[2018.06.18-07.09.48:767][ 91]LogAIModule: Creating AISystem for world Day5
[2018.06.18-07.09.48:768][ 91]LogLoad: Game class is 'TopDownGameMode_C'
[2018.06.18-07.09.48:810][ 91]LogWorld: Bringing World /Game/TopDownBP/Maps/Day5.Day5 up for play (max tick rate 0) at 2018.06.18-16.09.48
[2018.06.18-07.09.48:819][ 91]LogWorld: Bringing up level for play took: 0.050808
[2018.06.18-07.09.48:820][ 91]LogGameMode: FindPlayerStart: PATHS NOT DEFINED or NO PLAYERSTART with positive rating
[2018.06.18-07.09.48:948][ 91]LogLoad: Took 1.772366 seconds to LoadMap(/Game/TopDownBP/Maps/Day5)
[2018.06.18-07.09.48:951][ 92]LogRenderer: Reallocating scene render targets to support 256x256 Format 10 NumSamples 1 (Frame:1).
[2018.06.18-07.09.48:956][ 92]LogSlate: Took 0.001420 seconds to synchronously load lazily loaded font '../../../Engine/Content/Slate/Fonts/NanumGothic.ttf' (4243K)
[2018.06.18-07.09.48:986][ 93]LogRenderer: Reallocating scene render targets to support 1920x1080 Format 10 NumSamples 1 (Frame:1).
[2018.06.18-07.10.24:998][305]LogCharacterMovement: TopDownCharacter is stuck and failed to move! Velocity: X=-221.58 Y=107.89 Z=0.00 Location: X=942.04 Y=686.27 Z=833.15 Normal: X=0.52 Y=0.85 Z=0.00 PenetrationDepth:0.000 Actor:2F_직원휴게실문 Component:StaticMesh BoneName:None (0 other events since notify)
[2018.06.18-07.10.47:941][720]LogScript: Warning: CallFunc_Array_Get_Item5 프로퍼티를 통해 쓰레기_217 에 접근하려 하였으나, 쓰레기_217 는 킬 대기중입니다.
	지하계단_C /Game/TopDownBP/Maps/Day5.Day5:PersistentLevel.지하계단
	Function /Game/TopDownBP/Blueprints/지하계단.지하계단_C:ExecuteUbergraph_지하계단:0095
[2018.06.18-07.10.47:941][720]LogScript: Warning: Script call stack:
	Function /Game/TopDownBP/Blueprints/지하계단.지하계단_C:타임라인_2__UpdateFunc
	Function /Game/TopDownBP/Blueprints/지하계단.지하계단_C:ExecuteUbergraph_지하계단

[2018.06.18-07.10.47:955][721]LogScript: Warning: TrashCan2_ExecuteUbergraph_Day5_RefProperty 프로퍼티를 통해 TrashCan2 에 접근하려 하였으나, TrashCan2 는 킬 대기중입니다.
	Day5_C /Game/TopDownBP/Maps/Day5.Day5:PersistentLevel.Day5_C_3
	Function /Game/TopDownBP/Maps/Day5.Day5_C:ExecuteUbergraph_Day5:0DD2
[2018.06.18-07.10.47:955][721]LogScript: Warning: Script call stack:
	Function /Game/TopDownBP/Maps/Day5.Day5_C:ReceiveTick
	Function /Game/TopDownBP/Maps/Day5.Day5_C:ExecuteUbergraph_Day5

[2018.06.18-07.10.47:955][721]LogScript: Warning: None 에 접근
	Day5_C /Game/TopDownBP/Maps/Day5.Day5:PersistentLevel.Day5_C_3
	Function /Game/TopDownBP/Maps/Day5.Day5_C:ExecuteUbergraph_Day5:0DE7
[2018.06.18-07.10.47:955][721]LogScript: Warning: Script call stack:
	Function /Game/TopDownBP/Maps/Day5.Day5_C:ReceiveTick
	Function /Game/TopDownBP/Maps/Day5.Day5_C:ExecuteUbergraph_Day5

[2018.06.18-07.10.47:955][721]LogScript: Warning: TrashCan2_ExecuteUbergraph_Day5_RefProperty 프로퍼티를 통해 TrashCan2 에 접근하려 하였으나, TrashCan2 는 킬 대기중입니다.
	Day5_C /Game/TopDownBP/Maps/Day5.Day5:PersistentLevel.Day5_C_3
	Function /Game/TopDownBP/Maps/Day5.Day5_C:ExecuteUbergraph_Day5:0E0E
[2018.06.18-07.10.47:955][721]LogScript: Warning: Script call stack:
	Function /Game/TopDownBP/Maps/Day5.Day5_C:ReceiveTick
	Function /Game/TopDownBP/Maps/Day5.Day5_C:ExecuteUbergraph_Day5

[2018.06.18-07.10.47:955][721]LogScript: Warning: None 에 접근
	Day5_C /Game/TopDownBP/Maps/Day5.Day5:PersistentLevel.Day5_C_3
	Function /Game/TopDownBP/Maps/Day5.Day5_C:ExecuteUbergraph_Day5:0E23
[2018.06.18-07.10.47:955][721]LogScript: Warning: Script call stack:
	Function /Game/TopDownBP/Maps/Day5.Day5_C:ReceiveTick
	Function /Game/TopDownBP/Maps/Day5.Day5_C:ExecuteUbergraph_Day5

[2018.06.18-07.10.47:955][721]LogScript: Warning: CallFunc_Array_Get_Item3 프로퍼티를 통해 tissue4 에 접근하려 하였으나, tissue4 는 킬 대기중입니다.
	지하계단_C /Game/TopDownBP/Maps/Day5.Day5:PersistentLevel.지하계단
	Function /Game/TopDownBP/Blueprints/지하계단.지하계단_C:ExecuteUbergraph_지하계단:0DC9
[2018.06.18-07.10.47:955][721]LogScript: Warning: Script call stack:
	Function /Game/TopDownBP/Blueprints/지하계단.지하계단_C:타임라인_2__UpdateFunc
	Function /Game/TopDownBP/Blueprints/지하계단.지하계단_C:ExecuteUbergraph_지하계단

[2018.06.18-07.10.47:955][721]LogScript: Warning: CallFunc_Array_Get_Item3 프로퍼티를 통해 tissue3 에 접근하려 하였으나, tissue3 는 킬 대기중입니다.
	지하계단_C /Game/TopDownBP/Maps/Day5.Day5:PersistentLevel.지하계단
	Function /Game/TopDownBP/Blueprints/지하계단.지하계단_C:ExecuteUbergraph_지하계단:0DC9
[2018.06.18-07.10.47:955][721]LogScript: Warning: Script call stack:
	Function /Game/TopDownBP/Blueprints/지하계단.지하계단_C:타임라인_2__UpdateFunc
	Function /Game/TopDownBP/Blueprints/지하계단.지하계단_C:ExecuteUbergraph_지하계단

[2018.06.18-07.10.47:955][721]LogScript: Warning: CallFunc_Array_Get_Item3 프로퍼티를 통해 tissue2 에 접근하려 하였으나, tissue2 는 킬 대기중입니다.
	지하계단_C /Game/TopDownBP/Maps/Day5.Day5:PersistentLevel.지하계단
	Function /Game/TopDownBP/Blueprints/지하계단.지하계단_C:ExecuteUbergraph_지하계단:0DC9
[2018.06.18-07.10.47:955][721]LogScript: Warning: Script call stack:
	Function /Game/TopDownBP/Blueprints/지하계단.지하계단_C:타임라인_2__UpdateFunc
	Function /Game/TopDownBP/Blueprints/지하계단.지하계단_C:ExecuteUbergraph_지하계단

[2018.06.18-07.10.47:955][721]LogScript: Warning: CallFunc_Array_Get_Item3 프로퍼티를 통해 SM_Wall_Window_B_61 에 접근하려 하였으나, SM_Wall_Window_B_61 는 킬 대기중입니다.
	지하계단_C /Game/TopDownBP/Maps/Day5.Day5:PersistentLevel.지하계단
	Function /Game/TopDownBP/Blueprints/지하계단.지하계단_C:ExecuteUbergraph_지하계단:0DC9
[2018.06.18-07.10.47:955][721]LogScript: Warning: Script call stack:
	Function /Game/TopDownBP/Blueprints/지하계단.지하계단_C:타임라인_2__UpdateFunc
	Function /Game/TopDownBP/Blueprints/지하계단.지하계단_C:ExecuteUbergraph_지하계단

[2018.06.18-07.10.47:955][721]LogScript: Warning: CallFunc_Array_Get_Item3 프로퍼티를 통해 SM_Wall_Window_B_22 에 접근하려 하였으나, SM_Wall_Window_B_22 는 킬 대기중입니다.
	지하계단_C /Game/TopDownBP/Maps/Day5.Day5:PersistentLevel.지하계단
	Function /Game/TopDownBP/Blueprints/지하계단.지하계단_C:ExecuteUbergraph_지하계단:0DC9
[2018.06.18-07.10.47:955][721]LogScript: Warning: Script call stack:
	Function /Game/TopDownBP/Blueprints/지하계단.지하계단_C:타임라인_2__UpdateFunc
	Function /Game/TopDownBP/Blueprints/지하계단.지하계단_C:ExecuteUbergraph_지하계단

[2018.06.18-07.10.47:955][721]LogScript: Warning: CallFunc_Array_Get_Item3 프로퍼티를 통해 SM_Wall_Window_A_47 에 접근하려 하였으나, SM_Wall_Window_A_47 는 킬 대기중입니다.
	지하계단_C /Game/TopDownBP/Maps/Day5.Day5:PersistentLevel.지하계단
	Function /Game/TopDownBP/Blueprints/지하계단.지하계단_C:ExecuteUbergraph_지하계단:0DC9
[2018.06.18-07.10.47:955][721]LogScript: Warning: Script call stack:
	Function /Game/TopDownBP/Blueprints/지하계단.지하계단_C:타임라인_2__UpdateFunc
	Function /Game/TopDownBP/Blueprints/지하계단.지하계단_C:ExecuteUbergraph_지하계단

[2018.06.18-07.10.47:955][721]LogScript: Warning: CallFunc_Array_Get_Item3 프로퍼티를 통해 SM_Wall_Window_A_44 에 접근하려 하였으나, SM_Wall_Window_A_44 는 킬 대기중입니다.
	지하계단_C /Game/TopDownBP/Maps/Day5.Day5:PersistentLevel.지하계단
	Function /Game/TopDownBP/Blueprints/지하계단.지하계단_C:ExecuteUbergraph_지하계단:0DC9
[2018.06.18-07.10.47:955][721]LogScript: Warning: Script call stack:
	Function /Game/TopDownBP/Blueprints/지하계단.지하계단_C:타임라인_2__UpdateFunc
	Function /Game/TopDownBP/Blueprints/지하계단.지하계단_C:ExecuteUbergraph_지하계단

[2018.06.18-07.10.47:955][721]LogScript: Warning: CallFunc_Array_Get_Item3 프로퍼티를 통해 SM_Wall_Corner_B_41 에 접근하려 하였으나, SM_Wall_Corner_B_41 는 킬 대기중입니다.
	지하계단_C /Game/TopDownBP/Maps/Day5.Day5:PersistentLevel.지하계단
	Function /Game/TopDownBP/Blueprints/지하계단.지하계단_C:ExecuteUbergraph_지하계단:0DC9
[2018.06.18-07.10.47:955][721]LogScript: Warning: Script call stack:
	Function /Game/TopDownBP/Blueprints/지하계단.지하계단_C:타임라인_2__UpdateFunc
	Function /Game/TopDownBP/Blueprints/지하계단.지하계단_C:ExecuteUbergraph_지하계단

[2018.06.18-07.10.47:955][721]LogScript: Warning: CallFunc_Array_Get_Item3 프로퍼티를 통해 SM_Wall_Corner_A_37 에 접근하려 하였으나, SM_Wall_Corner_A_37 는 킬 대기중입니다.
	지하계단_C /Game/TopDownBP/Maps/Day5.Day5:PersistentLevel.지하계단
	Function /Game/TopDownBP/Blueprints/지하계단.지하계단_C:ExecuteUbergraph_지하계단:0DC9
[2018.06.18-07.10.47:955][721]LogScript: Warning: Script call stack:
	Function /Game/TopDownBP/Blueprints/지하계단.지하계단_C:타임라인_2__UpdateFunc
	Function /Game/TopDownBP/Blueprints/지하계단.지하계단_C:ExecuteUbergraph_지하계단

[2018.06.18-07.10.47:955][721]LogScript: Warning: CallFunc_Array_Get_Item3 프로퍼티를 통해 SM_Wall_Corner_A_234 에 접근하려 하였으나, SM_Wall_Corner_A_234 는 킬 대기중입니다.
	지하계단_C /Game/TopDownBP/Maps/Day5.Day5:PersistentLevel.지하계단
	Function /Game/TopDownBP/Blueprints/지하계단.지하계단_C:ExecuteUbergraph_지하계단:0DC9
[2018.06.18-07.10.47:955][721]LogScript: Warning: Script call stack:
	Function /Game/TopDownBP/Blueprints/지하계단.지하계단_C:타임라인_2__UpdateFunc
	Function /Game/TopDownBP/Blueprints/지하계단.지하계단_C:ExecuteUbergraph_지하계단

[2018.06.18-07.10.47:955][721]LogScript: Warning: CallFunc_Array_Get_Item3 프로퍼티를 통해 SM_Wall_Corner_A_228 에 접근하려 하였으나, SM_Wall_Corner_A_228 는 킬 대기중입니다.
	지하계단_C /Game/TopDownBP/Maps/Day5.Day5:PersistentLevel.지하계단
	Function /Game/TopDownBP/Blueprints/지하계단.지하계단_C:ExecuteUbergraph_지하계단:0DC9
[2018.06.18-07.10.47:955][721]LogScript: Warning: Script call stack:
	Function /Game/TopDownBP/Blueprints/지하계단.지하계단_C:타임라인_2__UpdateFunc
	Function /Game/TopDownBP/Blueprints/지하계단.지하계단_C:ExecuteUbergraph_지하계단

[2018.06.18-07.10.47:955][721]LogScript: Warning: CallFunc_Array_Get_Item3 프로퍼티를 통해 SM_Wall_Corner_A_212 에 접근하려 하였으나, SM_Wall_Corner_A_212 는 킬 대기중입니다.
	지하계단_C /Game/TopDownBP/Maps/Day5.Day5:PersistentLevel.지하계단
	Function /Game/TopDownBP/Blueprints/지하계단.지하계단_C:ExecuteUbergraph_지하계단:0DC9
[2018.06.18-07.10.47:955][721]LogScript: Warning: Script call stack:
	Function /Game/TopDownBP/Blueprints/지하계단.지하계단_C:타임라인_2__UpdateFunc
	Function /Game/TopDownBP/Blueprints/지하계단.지하계단_C:ExecuteUbergraph_지하계단

[2018.06.18-07.10.47:955][721]LogScript: Warning: CallFunc_Array_Get_Item3 프로퍼티를 통해 SM_Wall_Corner_A_208 에 접근하려 하였으나, SM_Wall_Corner_A_208 는 킬 대기중입니다.
	지하계단_C /Game/TopDownBP/Maps/Day5.Day5:PersistentLevel.지하계단
	Function /Game/TopDownBP/Blueprints/지하계단.지하계단_C:ExecuteUbergraph_지하계단:0DC9
[2018.06.18-07.10.47:955][721]LogScript: Warning: Script call stack:
	Function /Game/TopDownBP/Blueprints/지하계단.지하계단_C:타임라인_2__UpdateFunc
	Function /Game/TopDownBP/Blueprints/지하계단.지하계단_C:ExecuteUbergraph_지하계단

[2018.06.18-07.10.47:955][721]LogScript: Warning: CallFunc_Array_Get_Item3 프로퍼티를 통해 SM_Wall_Corner_A_207 에 접근하려 하였으나, SM_Wall_Corner_A_207 는 킬 대기중입니다.
	지하계단_C /Game/TopDownBP/Maps/Day5.Day5:PersistentLevel.지하계단
	Function /Game/TopDownBP/Blueprints/지하계단.지하계단_C:ExecuteUbergraph_지하계단:0DC9
[2018.06.18-07.10.47:955][721]LogScript: Warning: Script call stack:
	Function /Game/TopDownBP/Blueprints/지하계단.지하계단_C:타임라인_2__UpdateFunc
	Function /Game/TopDownBP/Blueprints/지하계단.지하계단_C:ExecuteUbergraph_지하계단

[2018.06.18-07.10.47:955][721]LogScript: Warning: CallFunc_Array_Get_Item3 프로퍼티를 통해 SM_Wall_Corner_A_202 에 접근하려 하였으나, SM_Wall_Corner_A_202 는 킬 대기중입니다.
	지하계단_C /Game/TopDownBP/Maps/Day5.Day5:PersistentLevel.지하계단
	Function /Game/TopDownBP/Blueprints/지하계단.지하계단_C:ExecuteUbergraph_지하계단:0DC9
[2018.06.18-07.10.47:955][721]LogScript: Warning: Script call stack:
	Function /Game/TopDownBP/Blueprints/지하계단.지하계단_C:타임라인_2__UpdateFunc
	Function /Game/TopDownBP/Blueprints/지하계단.지하계단_C:ExecuteUbergraph_지하계단

[2018.06.18-07.10.47:955][721]LogScript: Warning: CallFunc_Array_Get_Item3 프로퍼티를 통해 SM_Wall_Corner_A_2 에 접근하려 하였으나, SM_Wall_Corner_A_2 는 킬 대기중입니다.
	지하계단_C /Game/TopDownBP/Maps/Day5.Day5:PersistentLevel.지하계단
	Function /Game/TopDownBP/Blueprints/지하계단.지하계단_C:ExecuteUbergraph_지하계단:0DC9
[2018.06.18-07.10.47:955][721]LogScript: Warning: Script call stack:
	Function /Game/TopDownBP/Blueprints/지하계단.지하계단_C:타임라인_2__UpdateFunc
	Function /Game/TopDownBP/Blueprints/지하계단.지하계단_C:ExecuteUbergraph_지하계단

[2018.06.18-07.10.47:971][722]LogScript: Warning: TrashCan2_ExecuteUbergraph_Day5_RefProperty 프로퍼티를 통해 TrashCan2 에 접근하려 하였으나, TrashCan2 는 킬 대기중입니다.
	Day5_C /Game/TopDownBP/Maps/Day5.Day5:PersistentLevel.Day5_C_3
	Function /Game/TopDownBP/Maps/Day5.Day5_C:ExecuteUbergraph_Day5:0DD2
[2018.06.18-07.10.47:971][722]LogScript: Warning: Script call stack:
	Function /Game/TopDownBP/Maps/Day5.Day5_C:ReceiveTick
	Function /Game/TopDownBP/Maps/Day5.Day5_C:ExecuteUbergraph_Day5

[2018.06.18-07.10.47:971][722]LogScript: Warning: None 에 접근
	Day5_C /Game/TopDownBP/Maps/Day5.Day5:PersistentLevel.Day5_C_3
	Function /Game/TopDownBP/Maps/Day5.Day5_C:ExecuteUbergraph_Day5:0DE7
[2018.06.18-07.10.47:971][722]LogScript: Warning: Script call stack:
	Function /Game/TopDownBP/Maps/Day5.Day5_C:ReceiveTick
	Function /Game/TopDownBP/Maps/Day5.Day5_C:ExecuteUbergraph_Day5

[2018.06.18-07.10.47:971][722]LogScript: Warning: TrashCan2_ExecuteUbergraph_Day5_RefProperty 프로퍼티를 통해 TrashCan2 에 접근하려 하였으나, TrashCan2 는 킬 대기중입니다.
	Day5_C /Game/TopDownBP/Maps/Day5.Day5:PersistentLevel.Day5_C_3
	Function /Game/TopDownBP/Maps/Day5.Day5_C:ExecuteUbergraph_Day5:0E0E
[2018.06.18-07.10.47:971][722]LogScript: Warning: Script call stack:
	Function /Game/TopDownBP/Maps/Day5.Day5_C:ReceiveTick
	Function /Game/TopDownBP/Maps/Day5.Day5_C:ExecuteUbergraph_Day5

[2018.06.18-07.10.47:971][722]LogScript: Warning: None 에 접근
	Day5_C /Game/TopDownBP/Maps/Day5.Day5:PersistentLevel.Day5_C_3
	Function /Game/TopDownBP/Maps/Day5.Day5_C:ExecuteUbergraph_Day5:0E23
[2018.06.18-07.10.47:971][722]LogScript: Warning: Script call stack:
	Function /Game/TopDownBP/Maps/Day5.Day5_C:ReceiveTick
	Function /Game/TopDownBP/Maps/Day5.Day5_C:ExecuteUbergraph_Day5

[2018.06.18-07.10.47:987][723]LogScript: Warning: TrashCan2_ExecuteUbergraph_Day5_RefProperty 프로퍼티를 통해 TrashCan2 에 접근하려 하였으나, TrashCan2 는 킬 대기중입니다.
	Day5_C /Game/TopDownBP/Maps/Day5.Day5:PersistentLevel.Day5_C_3
	Function /Game/TopDownBP/Maps/Day5.Day5_C:ExecuteUbergraph_Day5:0DD2
[2018.06.18-07.10.47:987][723]LogScript: Warning: Script call stack:
	Function /Game/TopDownBP/Maps/Day5.Day5_C:ReceiveTick
	Function /Game/TopDownBP/Maps/Day5.Day5_C:ExecuteUbergraph_Day5

[2018.06.18-07.10.47:987][723]LogScript: Warning: None 에 접근
	Day5_C /Game/TopDownBP/Maps/Day5.Day5:PersistentLevel.Day5_C_3
	Function /Game/TopDownBP/Maps/Day5.Day5_C:ExecuteUbergraph_Day5:0DE7
[2018.06.18-07.10.47:987][723]LogScript: Warning: Script call stack:
	Function /Game/TopDownBP/Maps/Day5.Day5_C:ReceiveTick
	Function /Game/TopDownBP/Maps/Day5.Day5_C:ExecuteUbergraph_Day5

[2018.06.18-07.10.47:987][723]LogScript: Warning: TrashCan2_ExecuteUbergraph_Day5_RefProperty 프로퍼티를 통해 TrashCan2 에 접근하려 하였으나, TrashCan2 는 킬 대기중입니다.
	Day5_C /Game/TopDownBP/Maps/Day5.Day5:PersistentLevel.Day5_C_3
	Function /Game/TopDownBP/Maps/Day5.Day5_C:ExecuteUbergraph_Day5:0E0E
[2018.06.18-07.10.47:987][723]LogScript: Warning: Script call stack:
	Function /Game/TopDownBP/Maps/Day5.Day5_C:ReceiveTick
	Function /Game/TopDownBP/Maps/Day5.Day5_C:ExecuteUbergraph_Day5

[2018.06.18-07.10.47:987][723]LogScript: Warning: None 에 접근
	Day5_C /Game/TopDownBP/Maps/Day5.Day5:PersistentLevel.Day5_C_3
	Function /Game/TopDownBP/Maps/Day5.Day5_C:ExecuteUbergraph_Day5:0E23
[2018.06.18-07.10.47:987][723]LogScript: Warning: Script call stack:
	Function /Game/TopDownBP/Maps/Day5.Day5_C:ReceiveTick
	Function /Game/TopDownBP/Maps/Day5.Day5_C:ExecuteUbergraph_Day5

[2018.06.18-07.10.48:003][724]LogScript: Warning: TrashCan2_ExecuteUbergraph_Day5_RefProperty 프로퍼티를 통해 TrashCan2 에 접근하려 하였으나, TrashCan2 는 킬 대기중입니다.
	Day5_C /Game/TopDownBP/Maps/Day5.Day5:PersistentLevel.Day5_C_3
	Function /Game/TopDownBP/Maps/Day5.Day5_C:ExecuteUbergraph_Day5:0DD2
[2018.06.18-07.10.48:003][724]LogScript: Warning: Script call stack:
	Function /Game/TopDownBP/Maps/Day5.Day5_C:ReceiveTick
	Function /Game/TopDownBP/Maps/Day5.Day5_C:ExecuteUbergraph_Day5

[2018.06.18-07.10.48:003][724]LogScript: Warning: None 에 접근
	Day5_C /Game/TopDownBP/Maps/Day5.Day5:PersistentLevel.Day5_C_3
	Function /Game/TopDownBP/Maps/Day5.Day5_C:ExecuteUbergraph_Day5:0DE7
[2018.06.18-07.10.48:003][724]LogScript: Warning: Script call stack:
	Function /Game/TopDownBP/Maps/Day5.Day5_C:ReceiveTick
	Function /Game/TopDownBP/Maps/Day5.Day5_C:ExecuteUbergraph_Day5

[2018.06.18-07.10.48:003][724]LogScript: Warning: TrashCan2_ExecuteUbergraph_Day5_RefProperty 프로퍼티를 통해 TrashCan2 에 접근하려 하였으나, TrashCan2 는 킬 대기중입니다.
	Day5_C /Game/TopDownBP/Maps/Day5.Day5:PersistentLevel.Day5_C_3
	Function /Game/TopDownBP/Maps/Day5.Day5_C:ExecuteUbergraph_Day5:0E0E
[2018.06.18-07.10.48:003][724]LogScript: Warning: Script call stack:
	Function /Game/TopDownBP/Maps/Day5.Day5_C:ReceiveTick
	Function /Game/TopDownBP/Maps/Day5.Day5_C:ExecuteUbergraph_Day5

[2018.06.18-07.10.48:003][724]LogScript: Warning: None 에 접근
	Day5_C /Game/TopDownBP/Maps/Day5.Day5:PersistentLevel.Day5_C_3
	Function /Game/TopDownBP/Maps/Day5.Day5_C:ExecuteUbergraph_Day5:0E23
[2018.06.18-07.10.48:003][724]LogScript: Warning: Script call stack:
	Function /Game/TopDownBP/Maps/Day5.Day5_C:ReceiveTick
	Function /Game/TopDownBP/Maps/Day5.Day5_C:ExecuteUbergraph_Day5

[2018.06.18-07.10.48:020][725]LogScript: Warning: TrashCan2_ExecuteUbergraph_Day5_RefProperty 프로퍼티를 통해 TrashCan2 에 접근하려 하였으나, TrashCan2 는 킬 대기중입니다.
	Day5_C /Game/TopDownBP/Maps/Day5.Day5:PersistentLevel.Day5_C_3
	Function /Game/TopDownBP/Maps/Day5.Day5_C:ExecuteUbergraph_Day5:0DD2
[2018.06.18-07.10.48:020][725]LogScript: Warning: Script call stack:
	Function /Game/TopDownBP/Maps/Day5.Day5_C:ReceiveTick
	Function /Game/TopDownBP/Maps/Day5.Day5_C:ExecuteUbergraph_Day5

[2018.06.18-07.11.27:931][181]LogPackageName: SearchForPackageOnDisk took   0.070s to resolve Ending.umap.
[2018.06.18-07.11.28:000][182]LogPackageName: SearchForPackageOnDisk took   0.069s to resolve Ending.umap.
[2018.06.18-07.11.28:000][182]LogNet: Browse: /Game/TopDownBP/Maps/Ending
[2018.06.18-07.11.28:001][182]LogLoad: LoadMap: /Game/TopDownBP/Maps/Ending
[2018.06.18-07.11.28:077][182]LogAIModule: Creating AISystem for world Ending
[2018.06.18-07.11.28:242][182]LogLoad: Game class is 'TopDownGameMode_C'
[2018.06.18-07.11.28:243][182]LogWorld: Bringing World /Game/TopDownBP/Maps/Ending.Ending up for play (max tick rate 0) at 2018.06.18-16.11.28
[2018.06.18-07.11.28:243][182]LogWorld: Bringing up level for play took: 0.000379
[2018.06.18-07.11.28:243][182]LogGameMode: FindPlayerStart: PATHS NOT DEFINED or NO PLAYERSTART with positive rating
[2018.06.18-07.11.28:246][182]LogLoad: Took 0.245298 seconds to LoadMap(/Game/TopDownBP/Maps/Ending)
[2018.06.18-07.11.36:383][676]LogEngine: All Windows Closed
[2018.06.18-07.11.36:384][676]LogWindows: FPlatformMisc::RequestExit(0)
[2018.06.18-07.11.37:388][677]LogExit: Preparing to exit.
[2018.06.18-07.11.37:388][677]LogMoviePlayer: Shutting down movie player
[2018.06.18-07.11.37:413][677]LogExit: Game engine shut down
[2018.06.18-07.11.37:453][677]LogExit: Object subsystem successfully closed.
[2018.06.18-07.11.37:464][677]LogD3D11RHI: Shutdown
[2018.06.18-07.11.37:464][677]LogD3D11RHI: CleanupD3DDevice
[2018.06.18-07.11.37:467][677]LogD3D11RHI: ~FD3D11DynamicRHI
[2018.06.18-07.11.37:476][677]LogModuleManager: Shutting down and abandoning module SequenceRecorderSections (312)
[2018.06.18-07.11.37:476][677]LogModuleManager: Shutting down and abandoning module SequenceRecorder (310)
[2018.06.18-07.11.37:476][677]LogModuleManager: Shutting down and abandoning module AutomationController (308)
[2018.06.18-07.11.37:476][677]LogModuleManager: Shutting down and abandoning module AutomationWorker (306)
[2018.06.18-07.11.37:476][677]LogModuleManager: Shutting down and abandoning module AIModule (304)
[2018.06.18-07.11.37:476][677]LogModuleManager: Shutting down and abandoning module GameplayDebugger (303)
[2018.06.18-07.11.37:476][677]LogModuleManager: Shutting down and abandoning module AITestSuite (301)
[2018.06.18-07.11.37:476][677]LogModuleManager: Shutting down and abandoning module WmfMediaFactory (298)
[2018.06.18-07.11.37:476][677]LogModuleManager: Shutting down and abandoning module OpenExrWrapper (296)
[2018.06.18-07.11.37:476][677]LogModuleManager: Shutting down and abandoning module ImgMediaFactory (294)
[2018.06.18-07.11.37:476][677]LogModuleManager: Shutting down and abandoning module AvfMediaFactory (292)
[2018.06.18-07.11.37:476][677]LogModuleManager: Shutting down and abandoning module CharacterAI (290)
[2018.06.18-07.11.37:476][677]LogModuleManager: Shutting down and abandoning module SessionServices (288)
[2018.06.18-07.11.37:476][677]LogModuleManager: Shutting down and abandoning module MovieSceneCapture (286)
[2018.06.18-07.11.37:476][677]LogModuleManager: Shutting down and abandoning module MovieSceneTracks (284)
[2018.06.18-07.11.37:476][677]LogModuleManager: Shutting down and abandoning module MovieScene (282)
[2018.06.18-07.11.37:476][677]LogModuleManager: Shutting down and abandoning module GeometryCache (280)
[2018.06.18-07.11.37:476][677]LogModuleManager: Shutting down and abandoning module GeometryCacheEd (279)
[2018.06.18-07.11.37:476][677]LogModuleManager: Shutting down and abandoning module StreamingPauseRendering (276)
[2018.06.18-07.11.37:476][677]LogModuleManager: Shutting down and abandoning module PortalServices (274)
[2018.06.18-07.11.37:476][677]LogModuleManager: Shutting down and abandoning module PortalRpc (272)
[2018.06.18-07.11.37:476][677]LogModuleManager: Shutting down and abandoning module MessagingRpc (270)
[2018.06.18-07.11.37:476][677]LogModuleManager: Shutting down and abandoning module ProfilerService (268)
[2018.06.18-07.11.37:518][677]LogModuleManager: Shutting down and abandoning module TaskGraph (266)
[2018.06.18-07.11.37:518][677]LogModuleManager: Shutting down and abandoning module SteamVRController (264)
[2018.06.18-07.11.37:518][677]LogModuleManager: Shutting down and abandoning module ProceduralMeshComponent (262)
[2018.06.18-07.11.37:518][677]LogModuleManager: Shutting down and abandoning module OculusInput (260)
[2018.06.18-07.11.37:518][677]LogModuleManager: Shutting down and abandoning module MobilePatchingUtils (258)
[2018.06.18-07.11.37:518][677]LogModuleManager: Shutting down and abandoning module CustomMeshComponent (256)
[2018.06.18-07.11.37:518][677]LogModuleManager: Shutting down and abandoning module CableComponent (254)
[2018.06.18-07.11.37:518][677]LogModuleManager: Shutting down and abandoning module ArchVisCharacter (252)
[2018.06.18-07.11.37:518][677]LogModuleManager: Shutting down and abandoning module AndroidPermission (250)
[2018.06.18-07.11.37:518][677]LogModuleManager: Shutting down and abandoning module ActorSequence (246)
[2018.06.18-07.11.37:518][677]LogModuleManager: Shutting down and abandoning module MediaCompositing (244)
[2018.06.18-07.11.37:518][677]LogModuleManager: Shutting down and abandoning module HTML5Networking (242)
[2018.06.18-07.11.37:518][677]LogModuleManager: Shutting down and abandoning module VisualStudioSourceCodeAccess (240)
[2018.06.18-07.11.37:518][677]LogModuleManager: Shutting down and abandoning module HotReload (239)
[2018.06.18-07.11.37:518][677]LogModuleManager: Shutting down and abandoning module VisualStudioCodeSourceCodeAccess (236)
[2018.06.18-07.11.37:518][677]LogModuleManager: Shutting down and abandoning module UObjectPlugin (234)
[2018.06.18-07.11.37:518][677]LogModuleManager: Shutting down and abandoning module SubversionSourceControl (232)
[2018.06.18-07.11.37:518][677]LogModuleManager: Shutting down and abandoning module PerforceSourceControl (230)
[2018.06.18-07.11.37:518][677]LogModuleManager: Shutting down and abandoning module SourceControl (229)
[2018.06.18-07.11.37:518][677]LogModuleManager: Shutting down and abandoning module RuntimePhysXCooking (226)
[2018.06.18-07.11.37:518][677]LogModuleManager: Shutting down and abandoning module PhysXVehiclesEditor (224)
[2018.06.18-07.11.37:518][677]LogModuleManager: Shutting down and abandoning module PhysXVehicles (222)
[2018.06.18-07.11.37:518][677]LogModuleManager: Shutting down and abandoning module LocationServicesBPLibrary (220)
[2018.06.18-07.11.37:518][677]LogModuleManager: Shutting down and abandoning module ImmediatePhysicsEditor (218)
[2018.06.18-07.11.37:518][677]LogModuleManager: Shutting down and abandoning module ImmediatePhysics (216)
[2018.06.18-07.11.37:518][677]LogModuleManager: Shutting down and abandoning module UdpMessaging (214)
[2018.06.18-07.11.37:518][677]LogModuleManager: Shutting down and abandoning module TcpMessaging (212)
[2018.06.18-07.11.37:518][677]LogModuleManager: Shutting down and abandoning module GameplayTagsEditor (210)
[2018.06.18-07.11.37:518][677]LogModuleManager: Shutting down and abandoning module FacialAnimation (208)
[2018.06.18-07.11.37:518][677]LogModuleManager: Shutting down and abandoning module AssetManagerEditor (206)
[2018.06.18-07.11.37:518][677]LogModuleManager: Shutting down and abandoning module GraphEditor (205)
[2018.06.18-07.11.37:518][677]LogModuleManager: Shutting down and abandoning module ContentBrowser (203)
[2018.06.18-07.11.37:519][677]LogModuleManager: Shutting down and abandoning module CollectionManager (202)
[2018.06.18-07.11.37:519][677]LogDirectoryWatcher: A directory notification for 'C:/Users/user/Documents/GitHub/SecurityGame/Content/Collections/' was aborted.
[2018.06.18-07.11.37:519][677]LogDirectoryWatcher: A directory notification for 'C:/Users/user/Documents/GitHub/SecurityGame/Content/Developers/user/Collections/' was aborted.
[2018.06.18-07.11.37:519][677]LogDirectoryWatcher: A directory notification for 'C:/Users/user/Documents/GitHub/SecurityGame/Saved/Collections/' was aborted.
[2018.06.18-07.11.37:519][677]LogModuleManager: Shutting down and abandoning module DirectoryWatcher (201)
[2018.06.18-07.11.37:519][677]LogModuleManager: Shutting down and abandoning module LightPropagationVolumeRuntime (196)
[2018.06.18-07.11.37:519][677]LogModuleManager: Shutting down and abandoning module Paper2D (194)
[2018.06.18-07.11.37:519][677]LogModuleManager: Shutting down and abandoning module WindowsMoviePlayer (192)
[2018.06.18-07.11.37:519][677]LogModuleManager: Shutting down and abandoning module WmfMedia (190)
[2018.06.18-07.11.37:520][677]LogModuleManager: Shutting down and abandoning module ImgMedia (188)
[2018.06.18-07.11.37:520][677]LogModuleManager: Shutting down and abandoning module PacketHandler (186)
[2018.06.18-07.11.37:520][677]LogModuleManager: Shutting down and abandoning module ClothingSystemEditor (184)
[2018.06.18-07.11.37:520][677]LogModuleManager: Shutting down and abandoning module ClothingSystemRuntime (182)
[2018.06.18-07.11.37:520][677]LogModuleManager: Shutting down and abandoning module MediaAssets (180)
[2018.06.18-07.11.37:520][677]LogModuleManager: Shutting down and abandoning module Media (179)
[2018.06.18-07.11.37:526][677]LogModuleManager: Shutting down and abandoning module Overlay (176)
[2018.06.18-07.11.37:526][677]LogModuleManager: Shutting down and abandoning module OverlayEditor (175)
[2018.06.18-07.11.37:526][677]LogModuleManager: Shutting down and abandoning module VREditor (172)
[2018.06.18-07.11.37:526][677]LogModuleManager: Shutting down and abandoning module StringTableEditor (170)
[2018.06.18-07.11.37:526][677]LogModuleManager: Shutting down and abandoning module GameplayTasksEditor (168)
[2018.06.18-07.11.37:526][677]LogModuleManager: Shutting down and abandoning module BehaviorTreeEditor (166)
[2018.06.18-07.11.37:526][677]LogModuleManager: Shutting down and abandoning module FunctionalTesting (164)
[2018.06.18-07.11.37:526][677]LogModuleManager: Shutting down and abandoning module CollisionAnalyzer (162)
[2018.06.18-07.11.37:526][677]LogModuleManager: Shutting down and abandoning module WorkspaceMenuStructure (161)
[2018.06.18-07.11.37:526][677]LogModuleManager: Shutting down and abandoning module UMG (158)
[2018.06.18-07.11.37:526][677]LogModuleManager: Shutting down and abandoning module UMGEditor (157)
[2018.06.18-07.11.37:526][677]LogModuleManager: Shutting down and abandoning module Sequencer (156)
[2018.06.18-07.11.37:526][677]LogModuleManager: Shutting down and abandoning module MessageLog (153)
[2018.06.18-07.11.37:526][677]LogModuleManager: Shutting down and abandoning module SlateReflector (148)
[2018.06.18-07.11.37:526][677]LogModuleManager: Shutting down and abandoning module Slate (146)
[2018.06.18-07.11.37:526][677]LogModuleManager: Shutting down and abandoning module EditorStyle (144)
[2018.06.18-07.11.37:528][677]LogModuleManager: Shutting down and abandoning module MRMesh (142)
[2018.06.18-07.11.37:528][677]LogModuleManager: Shutting down and abandoning module Messaging (140)
[2018.06.18-07.11.37:528][677]LogModuleManager: Shutting down and abandoning module SourceCodeAccess (138)
[2018.06.18-07.11.37:528][677]LogModuleManager: Shutting down and abandoning module HeadMountedDisplay (136)
[2018.06.18-07.11.37:528][677]LogModuleManager: Shutting down and abandoning module XAudio2 (134)
[2018.06.18-07.11.37:528][677]LogModuleManager: Shutting down and abandoning module Networking (132)
[2018.06.18-07.11.37:528][677]LogModuleManager: Shutting down and abandoning module Core (128)
[2018.06.18-07.11.37:528][677]LogModuleManager: Shutting down and abandoning module LevelSequence (126)
[2018.06.18-07.11.37:528][677]LogModuleManager: Shutting down and abandoning module KismetCompiler (124)
[2018.06.18-07.11.37:528][677]LogModuleManager: Shutting down and abandoning module MeshUtilities (122)
[2018.06.18-07.11.37:528][677]LogModuleManager: Shutting down and abandoning module MeshMergeUtilities (121)
[2018.06.18-07.11.37:528][677]LogModuleManager: Shutting down and abandoning module MeshReductionInterface (120)
[2018.06.18-07.11.37:528][677]LogModuleManager: Shutting down and abandoning module SimplygonSwarm (119)
[2018.06.18-07.11.37:528][677]LogModuleManager: Shutting down and abandoning module SimplygonMeshReduction (117)
[2018.06.18-07.11.37:528][677]LogModuleManager: Shutting down and abandoning module QuadricMeshReduction (115)
[2018.06.18-07.11.37:528][677]LogModuleManager: Shutting down and abandoning module MaterialBaking (111)
[2018.06.18-07.11.37:528][677]LogModuleManager: Shutting down and abandoning module DerivedDataCache (106)
[2018.06.18-07.11.37:610][677]LogDerivedDataCache: Shutdown
[2018.06.18-07.11.37:610][677]LogModuleManager: Shutting down and abandoning module TargetPlatform (104)
[2018.06.18-07.11.37:610][677]LogModuleManager: Shutting down and abandoning module VulkanShaderFormat (103)
[2018.06.18-07.11.37:610][677]LogModuleManager: Shutting down and abandoning module ShaderFormatVectorVM (101)
[2018.06.18-07.11.37:610][677]LogModuleManager: Shutting down and abandoning module ShaderFormatOpenGL (99)
[2018.06.18-07.11.37:610][677]LogModuleManager: Shutting down and abandoning module ShaderFormatD3D (97)
[2018.06.18-07.11.37:610][677]LogModuleManager: Shutting down and abandoning module MetalShaderFormat (95)
[2018.06.18-07.11.37:610][677]LogModuleManager: Shutting down and abandoning module TextureFormatUncompressed (93)
[2018.06.18-07.11.37:610][677]LogModuleManager: Shutting down and abandoning module TextureFormatPVR (91)
[2018.06.18-07.11.37:610][677]LogModuleManager: Shutting down and abandoning module TextureFormatDXT (89)
[2018.06.18-07.11.37:610][677]LogModuleManager: Shutting down and abandoning module TextureFormatIntelISPCTexComp (87)
[2018.06.18-07.11.37:610][677]LogModuleManager: Shutting down and abandoning module TextureFormatASTC (85)
[2018.06.18-07.11.37:610][677]LogModuleManager: Shutting down and abandoning module ImageWrapper (84)
[2018.06.18-07.11.37:610][677]LogModuleManager: Shutting down and abandoning module TextureFormatAndroid (81)
[2018.06.18-07.11.37:610][677]LogModuleManager: Shutting down and abandoning module AudioFormatOpus (79)
[2018.06.18-07.11.37:610][677]LogModuleManager: Shutting down and abandoning module AudioFormatOgg (77)
[2018.06.18-07.11.37:610][677]LogModuleManager: Shutting down and abandoning module AudioFormatADPCM (75)
[2018.06.18-07.11.37:610][677]LogModuleManager: Shutting down and abandoning module WindowsTargetPlatform (73)
[2018.06.18-07.11.37:610][677]LogModuleManager: Shutting down and abandoning module WindowsServerTargetPlatform (71)
[2018.06.18-07.11.37:610][677]LogModuleManager: Shutting down and abandoning module WindowsNoEditorTargetPlatform (69)
[2018.06.18-07.11.37:610][677]LogModuleManager: Shutting down and abandoning module WindowsClientTargetPlatform (67)
[2018.06.18-07.11.37:610][677]LogModuleManager: Shutting down and abandoning module InputCore (64)
[2018.06.18-07.11.37:611][677]LogModuleManager: Shutting down and abandoning module Settings (62)
[2018.06.18-07.11.37:611][677]LogModuleManager: Shutting down and abandoning module PhysXCooking (60)
[2018.06.18-07.11.37:611][677]LogModuleManager: Shutting down and abandoning module SteamVR (58)
[2018.06.18-07.11.37:611][677]LogModuleManager: Shutting down and abandoning module OculusHMD (56)
[2018.06.18-07.11.37:611][677]LogModuleManager: Shutting down and abandoning module ExampleDeviceProfileSelector (54)
[2018.06.18-07.11.37:611][677]LogModuleManager: Shutting down and abandoning module AppleARKit (52)
[2018.06.18-07.11.37:611][677]LogModuleManager: Shutting down and abandoning module AugmentedReality (51)
[2018.06.18-07.11.37:611][677]LogModuleManager: Shutting down and abandoning module OnlineBlueprintSupport (48)
[2018.06.18-07.11.37:611][677]LogModuleManager: Shutting down and abandoning module OnlineSubsystem (44)
[2018.06.18-07.11.37:611][677]LogModuleManager: Shutting down and abandoning module XMPP (43)
[2018.06.18-07.11.37:611][677]LogModuleManager: Shutting down and abandoning module HTTP (41)
[2018.06.18-07.11.37:618][677]LogModuleManager: Shutting down and abandoning module SSL (40)
[2018.06.18-07.11.37:622][677]LogModuleManager: Shutting down and abandoning module AnimationModifiers (36)
[2018.06.18-07.11.37:622][677]LogModuleManager: Shutting down and abandoning module PropertyEditor (35)
[2018.06.18-07.11.37:622][677]LogModuleManager: Shutting down and abandoning module AudioEditor (32)
[2018.06.18-07.11.37:622][677]LogModuleManager: Shutting down and abandoning module TextureCompressor (30)
[2018.06.18-07.11.37:623][677]LogModuleManager: Shutting down and abandoning module ShaderCore (28)
[2018.06.18-07.11.37:623][677]LogModuleManager: Shutting down and abandoning module Landscape (26)
[2018.06.18-07.11.37:623][677]LogModuleManager: Shutting down and abandoning module SlateRHIRenderer (24)
[2018.06.18-07.11.37:623][677]LogModuleManager: Shutting down and abandoning module OpenGLDrv (22)
[2018.06.18-07.11.37:623][677]LogModuleManager: Shutting down and abandoning module D3D11RHI (20)
[2018.06.18-07.11.37:623][677]LogModuleManager: Shutting down and abandoning module AnimGraphRuntime (18)
[2018.06.18-07.11.37:623][677]LogModuleManager: Shutting down and abandoning module Renderer (16)
[2018.06.18-07.11.37:623][677]LogModuleManager: Shutting down and abandoning module Engine (14)
[2018.06.18-07.11.37:623][677]LogModuleManager: Shutting down and abandoning module CoreUObject (12)
[2018.06.18-07.11.37:623][677]LogModuleManager: Shutting down and abandoning module NetworkFile (10)
[2018.06.18-07.11.37:623][677]LogModuleManager: Shutting down and abandoning module CookedIterativeFile (8)
[2018.06.18-07.11.37:623][677]LogModuleManager: Shutting down and abandoning module StreamingFile (6)
[2018.06.18-07.11.37:623][677]LogModuleManager: Shutting down and abandoning module SandboxFile (4)
[2018.06.18-07.11.37:623][677]LogModuleManager: Shutting down and abandoning module PakFile (2)
[2018.06.18-07.11.37:624][677]LogExit: Exiting.
[2018.06.18-07.11.37:625][677]Log file closed, 06/18/18 16:11:37
