Log file open, 06/16/18 03:13:12
LogWindows: Failed to load 'aqProf.dll' (GetLastError=126)
LogWindows: File 'aqProf.dll' does not exist
LogWindows: Failed to load 'VSPerf140.dll' (GetLastError=126)
LogWindows: File 'VSPerf140.dll' does not exist
LogWindows: Failed to load 'VtuneApi.dll' (GetLastError=126)
LogWindows: File 'VtuneApi.dll' does not exist
LogWindows: Failed to load 'VtuneApi32e.dll' (GetLastError=126)
LogWindows: File 'VtuneApi32e.dll' does not exist
LogInit: Display: Running engine for game: Trolley
LogPlatformFile: Not using cached read wrapper
LogInit: Display: RandInit(2118747663) SRandInit(2118747663).
LogInit: Read version file with build ID '3709383'
LogInit: Overriding engine version to CL 3832480, compatible CL 3709383
LogInit: Registered custom module enumerator with build ID '3709383'
LogTaskGraph: Started task graph with 5 named threads and 20 total threads with 3 sets of task threads.
LogStats: Stats thread started at 0.228092
LogD3D11RHI: Aftermath initialized
LogModuleManager: Display: Found up-to-date module file ../../../Engine/Plugins/2D/Paper2D/Binaries/Win64/UE4Editor-Paper2D.dll (API version 3709383).
LogModuleManager: Display: Found up-to-date module file ../../../Engine/Plugins/2D/Paper2D/Binaries/Win64/UE4Editor-Paper2DEditor.dll (API version 3709383).
LogModuleManager: Display: Found up-to-date module file ../../../Engine/Plugins/2D/Paper2D/Binaries/Win64/UE4Editor-PaperSpriteSheetImporter.dll (API version 3709383).
LogModuleManager: Display: Found up-to-date module file ../../../Engine/Plugins/2D/Paper2D/Binaries/Win64/UE4Editor-PaperTiledImporter.dll (API version 3709383).
LogModuleManager: Display: Found up-to-date module file ../../../Engine/Plugins/2D/Paper2D/Binaries/Win64/UE4Editor-SmartSnapping.dll (API version 3709383).
LogModuleManager: Display: Found up-to-date module file ../../../Engine/Plugins/Blendables/LightPropagationVolume/Binaries/Win64/UE4Editor-LightPropagationVolumeRuntime.dll (API version 3709383).
LogModuleManager: Display: Found up-to-date module file ../../../Engine/Plugins/Blendables/LightPropagationVolume/Binaries/Win64/UE4Editor-LightPropagationVolumeEditor.dll (API version 3709383).
LogModuleManager: Display: Found up-to-date module file ../../../Engine/Plugins/Developer/GitSourceControl/Binaries/Win64/UE4Editor-GitSourceControl.dll (API version 3709383).
LogModuleManager: Display: Found up-to-date module file ../../../Engine/Plugins/Developer/PerforceSourceControl/Binaries/Win64/UE4Editor-PerforceSourceControl.dll (API version 3709383).
LogModuleManager: Display: Found up-to-date module file ../../../Engine/Plugins/Developer/SubversionSourceControl/Binaries/Win64/UE4Editor-SubversionSourceControl.dll (API version 3709383).
LogModuleManager: Display: Found up-to-date module file ../../../Engine/Plugins/Developer/UObjectPlugin/Binaries/Win64/UE4Editor-UObjectPlugin.dll (API version 3709383).
LogModuleManager: Display: Found up-to-date module file ../../../Engine/Plugins/Developer/VisualStudioCodeSourceCodeAccess/Binaries/Win64/UE4Editor-VisualStudioCodeSourceCodeAccess.dll (API version 3709383).
LogModuleManager: Display: Found up-to-date module file ../../../Engine/Plugins/Developer/VisualStudioSourceCodeAccess/Binaries/Win64/UE4Editor-VisualStudioSourceCodeAccess.dll (API version 3709383).
LogModuleManager: Display: Found up-to-date module file ../../../Engine/Plugins/Editor/AssetManagerEditor/Binaries/Win64/UE4Editor-AssetManagerEditor.dll (API version 3709383).
LogModuleManager: Display: Found up-to-date module file ../../../Engine/Plugins/Editor/AudioCapture/Binaries/Win64/UE4Editor-AudioCapture.dll (API version 3709383).
LogModuleManager: Display: Found up-to-date module file ../../../Engine/Plugins/Editor/FacialAnimation/Binaries/Win64/UE4Editor-FacialAnimation.dll (API version 3709383).
LogModuleManager: Display: Found up-to-date module file ../../../Engine/Plugins/Editor/FacialAnimation/Binaries/Win64/UE4Editor-FacialAnimationEditor.dll (API version 3709383).
LogModuleManager: Display: Found up-to-date module file ../../../Engine/Plugins/Editor/GameplayTagsEditor/Binaries/Win64/UE4Editor-GameplayTagsEditor.dll (API version 3709383).
LogModuleManager: Display: Found up-to-date module file ../../../Engine/Plugins/Editor/MobileLauncherProfileWizard/Binaries/Win64/UE4Editor-MobileLauncherProfileWizard.dll (API version 3709383).
LogModuleManager: Display: Found up-to-date module file ../../../Engine/Plugins/Editor/PluginBrowser/Binaries/Win64/UE4Editor-PluginBrowser.dll (API version 3709383).
LogModuleManager: Display: Found up-to-date module file ../../../Engine/Plugins/Editor/SpeedTreeImporter/Binaries/Win64/UE4Editor-SpeedTreeImporter.dll (API version 3709383).
LogModuleManager: Display: Found up-to-date module file ../../../Engine/Plugins/Experimental/AlembicImporter/Binaries/Win64/UE4Editor-AlembicImporter.dll (API version 3709383).
LogModuleManager: Display: Found up-to-date module file ../../../Engine/Plugins/Experimental/AlembicImporter/Binaries/Win64/UE4Editor-AlembicLibrary.dll (API version 3709383).
LogModuleManager: Display: Found up-to-date module file ../../../Engine/Plugins/Experimental/CharacterAI/Binaries/Win64/UE4Editor-CharacterAI.dll (API version 3709383).
LogModuleManager: Display: Found up-to-date module file ../../../Engine/Plugins/Experimental/HTML5Networking/Binaries/Win64/UE4Editor-HTML5Networking.dll (API version 3709383).
LogModuleManager: Display: Found up-to-date module file ../../../Engine/Plugins/Media/AndroidMedia/Binaries/Win64/UE4Editor-AndroidMediaEditor.dll (API version 3709383).
LogModuleManager: Display: Found up-to-date module file ../../../Engine/Plugins/Media/AndroidMedia/Binaries/Win64/UE4Editor-AndroidMediaFactory.dll (API version 3709383).
LogModuleManager: Display: Found up-to-date module file ../../../Engine/Plugins/Media/AvfMedia/Binaries/Win64/UE4Editor-AvfMediaEditor.dll (API version 3709383).
LogModuleManager: Display: Found up-to-date module file ../../../Engine/Plugins/Media/AvfMedia/Binaries/Win64/UE4Editor-AvfMediaFactory.dll (API version 3709383).
LogModuleManager: Display: Found up-to-date module file ../../../Engine/Plugins/Media/AvfMedia/Binaries/Win64/UE4Editor-AvfMediaFactory.dll (API version 3709383).
LogModuleManager: Display: Found up-to-date module file ../../../Engine/Plugins/Media/ImgMedia/Binaries/Win64/UE4Editor-ImgMedia.dll (API version 3709383).
LogModuleManager: Display: Found up-to-date module file ../../../Engine/Plugins/Media/ImgMedia/Binaries/Win64/UE4Editor-ImgMediaEditor.dll (API version 3709383).
LogModuleManager: Display: Found up-to-date module file ../../../Engine/Plugins/Media/ImgMedia/Binaries/Win64/UE4Editor-ImgMediaFactory.dll (API version 3709383).
LogModuleManager: Display: Found up-to-date module file ../../../Engine/Plugins/Media/ImgMedia/Binaries/Win64/UE4Editor-ImgMediaFactory.dll (API version 3709383).
LogModuleManager: Display: Found up-to-date module file ../../../Engine/Plugins/Media/ImgMedia/Binaries/Win64/UE4Editor-OpenExrWrapper.dll (API version 3709383).
LogModuleManager: Display: Found up-to-date module file ../../../Engine/Plugins/Media/MediaCompositing/Binaries/Win64/UE4Editor-MediaCompositing.dll (API version 3709383).
LogModuleManager: Display: Found up-to-date module file ../../../Engine/Plugins/Media/MediaCompositing/Binaries/Win64/UE4Editor-MediaCompositingEditor.dll (API version 3709383).
LogModuleManager: Display: Found up-to-date module file ../../../Engine/Plugins/Media/MediaPlayerEditor/Binaries/Win64/UE4Editor-MediaPlayerEditor.dll (API version 3709383).
LogModuleManager: Display: Found up-to-date module file ../../../Engine/Plugins/Media/WmfMedia/Binaries/Win64/UE4Editor-WmfMedia.dll (API version 3709383).
LogModuleManager: Display: Found up-to-date module file ../../../Engine/Plugins/Media/WmfMedia/Binaries/Win64/UE4Editor-WmfMediaEditor.dll (API version 3709383).
LogModuleManager: Display: Found up-to-date module file ../../../Engine/Plugins/Media/WmfMedia/Binaries/Win64/UE4Editor-WmfMediaFactory.dll (API version 3709383).
LogModuleManager: Display: Found up-to-date module file ../../../Engine/Plugins/Media/WmfMedia/Binaries/Win64/UE4Editor-WmfMediaFactory.dll (API version 3709383).
LogModuleManager: Display: Found up-to-date module file ../../../Engine/Plugins/Messaging/TcpMessaging/Binaries/Win64/UE4Editor-TcpMessaging.dll (API version 3709383).
LogModuleManager: Display: Found up-to-date module file ../../../Engine/Plugins/Messaging/UdpMessaging/Binaries/Win64/UE4Editor-UdpMessaging.dll (API version 3709383).
LogModuleManager: Display: Found up-to-date module file ../../../Engine/Plugins/MovieScene/ActorSequence/Binaries/Win64/UE4Editor-ActorSequence.dll (API version 3709383).
LogModuleManager: Display: Found up-to-date module file ../../../Engine/Plugins/MovieScene/LevelSequenceEditor/Binaries/Win64/UE4Editor-LevelSequenceEditor.dll (API version 3709383).
LogModuleManager: Display: Found up-to-date module file ../../../Engine/Plugins/MovieScene/MatineeToLevelSequence/Binaries/Win64/UE4Editor-MatineeToLevelSequence.dll (API version 3709383).
LogModuleManager: Display: Found up-to-date module file ../../../Engine/Plugins/Online/OnlineSubsystem/Binaries/Win64/UE4Editor-OnlineSubsystem.dll (API version 3709383).
LogModuleManager: Display: Found up-to-date module file ../../../Engine/Plugins/Runtime/AndroidPermission/Binaries/Win64/UE4Editor-AndroidPermission.dll (API version 3709383).
LogModuleManager: Display: Found up-to-date module file ../../../Engine/Plugins/Online/OnlineSubsystemNull/Binaries/Win64/UE4Editor-OnlineSubsystemNull.dll (API version 3709383).
LogModuleManager: Display: Found up-to-date module file ../../../Engine/Plugins/Online/OnlineSubsystemUtils/Binaries/Win64/UE4Editor-OnlineSubsystemUtils.dll (API version 3709383).
LogModuleManager: Display: Found up-to-date module file ../../../Engine/Plugins/Online/OnlineSubsystemUtils/Binaries/Win64/UE4Editor-OnlineBlueprintSupport.dll (API version 3709383).
LogModuleManager: Display: Found up-to-date module file ../../../Engine/Plugins/Runtime/AndroidDeviceProfileSelector/Binaries/Win64/UE4Editor-AndroidDeviceProfileSelector.dll (API version 3709383).
LogModuleManager: Display: Found up-to-date module file ../../../Engine/Plugins/Runtime/AppleARKit/Binaries/Win64/UE4Editor-AppleARKit.dll (API version 3709383).
LogModuleManager: Display: Found up-to-date module file ../../../Engine/Plugins/Runtime/ArchVisCharacter/Binaries/Win64/UE4Editor-ArchVisCharacter.dll (API version 3709383).
LogModuleManager: Display: Found up-to-date module file ../../../Engine/Plugins/Runtime/CableComponent/Binaries/Win64/UE4Editor-CableComponent.dll (API version 3709383).
LogModuleManager: Display: Found up-to-date module file ../../../Engine/Plugins/Runtime/CustomMeshComponent/Binaries/Win64/UE4Editor-CustomMeshComponent.dll (API version 3709383).
LogModuleManager: Display: Found up-to-date module file ../../../Engine/Plugins/Runtime/ExampleDeviceProfileSelector/Binaries/Win64/UE4Editor-ExampleDeviceProfileSelector.dll (API version 3709383).
LogModuleManager: Display: Found up-to-date module file ../../../Engine/Plugins/Runtime/ImmediatePhysics/Binaries/Win64/UE4Editor-ImmediatePhysics.dll (API version 3709383).
LogModuleManager: Display: Found up-to-date module file ../../../Engine/Plugins/Runtime/ImmediatePhysics/Binaries/Win64/UE4Editor-ImmediatePhysicsEditor.dll (API version 3709383).
LogModuleManager: Display: Found up-to-date module file ../../../Engine/Plugins/Runtime/LocationServicesBPLibrary/Binaries/Win64/UE4Editor-LocationServicesBPLibrary.dll (API version 3709383).
LogModuleManager: Display: Found up-to-date module file ../../../Engine/Plugins/Runtime/MobilePatchingUtils/Binaries/Win64/UE4Editor-MobilePatchingUtils.dll (API version 3709383).
LogModuleManager: Display: Found up-to-date module file ../../../Engine/Plugins/Runtime/Oculus/OculusVR/Binaries/Win64/UE4Editor-OculusHMD.dll (API version 3709383).
LogModuleManager: Display: Found up-to-date module file ../../../Engine/Plugins/Runtime/Oculus/OculusVR/Binaries/Win64/UE4Editor-OculusInput.dll (API version 3709383).
LogModuleManager: Display: Found up-to-date module file ../../../Engine/Plugins/Runtime/Oculus/OculusVR/Binaries/Win64/UE4Editor-OculusEditor.dll (API version 3709383).
LogModuleManager: Display: Found up-to-date module file ../../../Engine/Plugins/Runtime/PhysXVehicles/Binaries/Win64/UE4Editor-PhysXVehicles.dll (API version 3709383).
LogModuleManager: Display: Found up-to-date module file ../../../Engine/Plugins/Runtime/PhysXVehicles/Binaries/Win64/UE4Editor-PhysXVehiclesEditor.dll (API version 3709383).
LogModuleManager: Display: Found up-to-date module file ../../../Engine/Plugins/Runtime/ProceduralMeshComponent/Binaries/Win64/UE4Editor-ProceduralMeshComponent.dll (API version 3709383).
LogModuleManager: Display: Found up-to-date module file ../../../Engine/Plugins/Runtime/ProceduralMeshComponent/Binaries/Win64/UE4Editor-ProceduralMeshComponentEditor.dll (API version 3709383).
LogModuleManager: Display: Found up-to-date module file ../../../Engine/Plugins/Runtime/RuntimePhysXCooking/Binaries/Win64/UE4Editor-RuntimePhysXCooking.dll (API version 3709383).
LogModuleManager: Display: Found up-to-date module file ../../../Engine/Plugins/Runtime/Steam/SteamVR/Binaries/Win64/UE4Editor-SteamVR.dll (API version 3709383).
LogModuleManager: Display: Found up-to-date module file ../../../Engine/Plugins/Runtime/Steam/SteamVR/Binaries/Win64/UE4Editor-SteamVRController.dll (API version 3709383).
LogModuleManager: Display: Found up-to-date module file ../../../Engine/Plugins/Runtime/WindowsMoviePlayer/Binaries/Win64/UE4Editor-WindowsMoviePlayer.dll (API version 3709383).
LogPluginManager: Mounting plugin Paper2D
LogPluginManager: Mounting plugin LightPropagationVolume
LogPluginManager: Mounting plugin CodeLiteSourceCodeAccess
LogPluginManager: Mounting plugin GitSourceControl
LogPluginManager: Mounting plugin KDevelopSourceCodeAccess
LogPluginManager: Mounting plugin NullSourceCodeAccess
LogPluginManager: Mounting plugin PerforceSourceControl
LogPluginManager: Mounting plugin SubversionSourceControl
LogPluginManager: Mounting plugin UObjectPlugin
LogPluginManager: Mounting plugin VisualStudioCodeSourceCodeAccess
LogPluginManager: Mounting plugin VisualStudioSourceCodeAccess
LogPluginManager: Mounting plugin XCodeSourceCodeAccess
LogPluginManager: Mounting plugin AssetManagerEditor
LogPluginManager: Mounting plugin AudioCapture
LogPluginManager: Mounting plugin FacialAnimation
LogPluginManager: Mounting plugin GameplayTagsEditor
LogPluginManager: Mounting plugin MobileLauncherProfileWizard
LogPluginManager: Mounting plugin PluginBrowser
LogPluginManager: Mounting plugin SpeedTreeImporter
LogPluginManager: Mounting plugin AlembicImporter
LogPluginManager: Mounting plugin CharacterAI
LogPluginManager: Mounting plugin HTML5Networking
LogPluginManager: Mounting plugin AndroidMedia
LogPluginManager: Mounting plugin AvfMedia
LogPluginManager: Mounting plugin ImgMedia
LogPluginManager: Mounting plugin MediaCompositing
LogPluginManager: Mounting plugin MediaPlayerEditor
LogPluginManager: Mounting plugin WmfMedia
LogPluginManager: Mounting plugin TcpMessaging
LogPluginManager: Mounting plugin UdpMessaging
LogPluginManager: Mounting plugin ActorSequence
LogPluginManager: Mounting plugin LevelSequenceEditor
LogPluginManager: Mounting plugin MatineeToLevelSequence
LogPluginManager: Mounting plugin OnlineSubsystemGooglePlay
LogPluginManager: Mounting plugin OnlineSubsystemIOS
LogPluginManager: Mounting plugin OnlineSubsystem
LogPluginManager: Mounting plugin OnlineSubsystemNull
LogPluginManager: Mounting plugin OnlineSubsystemUtils
LogPluginManager: Mounting plugin AndroidDeviceProfileSelector
LogPluginManager: Mounting plugin AndroidMoviePlayer
LogPluginManager: Mounting plugin AndroidPermission
LogPluginManager: Mounting plugin AppleARKit
LogPluginManager: Mounting plugin AppleMoviePlayer
LogPluginManager: Mounting plugin ArchVisCharacter
LogPluginManager: Mounting plugin CableComponent
LogPluginManager: Mounting plugin CustomMeshComponent
LogPluginManager: Mounting plugin ExampleDeviceProfileSelector
LogPluginManager: Mounting plugin GoogleCloudMessaging
LogPluginManager: Mounting plugin ImmediatePhysics
LogPluginManager: Mounting plugin IOSDeviceProfileSelector
LogPluginManager: Mounting plugin LinuxDeviceProfileSelector
LogPluginManager: Mounting plugin LocationServicesBPLibrary
LogPluginManager: Mounting plugin MobilePatchingUtils
LogPluginManager: Mounting plugin OculusVR
LogPluginManager: Plugin shader directory ../../../Engine/Plugins/Runtime/Oculus/OculusVR/Shaders found
LogPluginManager: Mapping shader source directory ../../../Engine/Plugins/Runtime/Oculus/OculusVR/Shaders to virtual directory /Plugin/OculusVR
LogPluginManager: Mounting plugin PhysXVehicles
LogPluginManager: Mounting plugin ProceduralMeshComponent
LogPluginManager: Mounting plugin RuntimePhysXCooking
LogPluginManager: Mounting plugin SteamVR
LogPluginManager: Mounting plugin WindowsMoviePlayer
LogInit: Using libcurl 7.47.1
LogInit:  - built for x86_64-pc-win32
LogInit:  - supports SSL with OpenSSL/1.0.2g
LogInit:  - supports HTTP deflate (compression) using libz 1.2.8
LogInit:  - other features:
LogInit:      CURL_VERSION_SSL
LogInit:      CURL_VERSION_LIBZ
LogInit:      CURL_VERSION_IPV6
LogInit:      CURL_VERSION_ASYNCHDNS
LogInit:      CURL_VERSION_LARGEFILE
LogInit:      CURL_VERSION_IDN
LogInit:  CurlRequestOptions (configurable via config and command line):
LogInit:  - bVerifyPeer = false  - Libcurl will NOT verify peer certificate
LogInit:  - bUseHttpProxy = false  - Libcurl will NOT use HTTP proxy
LogInit:  - bDontReuseConnections = false  - Libcurl will reuse connections
LogInit:  - CertBundlePath = nullptr  - Libcurl will use whatever was configured at build time.
LogInit: Build: ++UE4+Release-4.18-CL-3832480
LogInit: Engine Version: 4.18.3-3832480+++UE4+Release-4.18
LogInit: Compatible Engine Version: 4.18.0-3709383+++UE4+Release-4.18
LogInit: Net CL: 3709383
LogDevObjectVersion: Number of dev versions registered: 16
LogDevObjectVersion:   Dev-Blueprints (B0D832E4-1F89-4F0D-ACCF-7EB736FD4AA2): 10
LogDevObjectVersion:   Dev-Build (E1C64328-A22C-4D53-A36C-8E866417BD8C): 0
LogDevObjectVersion:   Dev-Core (375EC13C-06E4-48FB-B500-84F0262A717E): 2
LogDevObjectVersion:   Dev-Editor (E4B068ED-F494-42E9-A231-DA0B2E46BB41): 20
LogDevObjectVersion:   Dev-Framework (CFFC743F-43B0-4480-9391-14DF171D2073): 30
LogDevObjectVersion:   Dev-Mobile (B02B49B5-BB20-44E9-A304-32B752E40360): 0
LogDevObjectVersion:   Dev-Networking (A4E4105C-59A1-49B5-A7C5-40C4547EDFEE): 0
LogDevObjectVersion:   Dev-Online (39C831C9-5AE6-47DC-9A44-9C173E1C8E7C): 0
LogDevObjectVersion:   Dev-Physics (78F01B33-EBEA-4F98-B9B4-84EACCB95AA2): 0
LogDevObjectVersion:   Dev-Platform (6631380F-2D4D-43E0-8009-CF276956A95A): 0
LogDevObjectVersion:   Dev-Rendering (12F88B9F-8875-4AFC-A67C-D90C383ABD29): 20
LogDevObjectVersion:   Dev-Sequencer (7B5AE74C-D270-4C10-A958-57980B212A5A): 4
LogDevObjectVersion:   Dev-VR (D7296918-1DD6-4BDD-9DE2-64A83CC13884): 0
LogDevObjectVersion:   Dev-LoadTimes (C2A15278-BFE7-4AFE-6C17-90FF531DF755): 1
LogDevObjectVersion:   Private-Geometry (6EACA3D4-40EC-4CC1-B786-8BED09428FC5): 1
LogDevObjectVersion:   Dev-AnimPhys (29E575DD-E0A3-4627-9D10-D276232CDCEA): 12
LogInit: Compiled (64-bit): Jan 12 2018 02:04:55
LogInit: Compiled with Visual C++: 19.00.24215.01
LogInit: Build Configuration: Development
LogInit: Branch Name: ++UE4+Release-4.18
LogInit: Command line:  
LogInit: Base directory: C:/Program Files/Epic Games/UE_4.18/Engine/Binaries/Win64/
LogInit: Installed Engine Build: 1
LogInit: Presizing for max 8388607 objects, including 0 objects not considered by GC, pre-allocating 0 bytes for permanent pool.
LogInit: Object subsystem initialized
[2018.06.15-18.13.14:154][  0]LogInit: Selected Device Profile: [Windows]
[2018.06.15-18.13.14:154][  0]LogInit: Applying CVar settings loaded from the selected device profile: [Windows]
[2018.06.15-18.13.14:165][  0]LogInit: Computer: JUN-HYOENG-HOME
[2018.06.15-18.13.14:165][  0]LogInit: User: user
[2018.06.15-18.13.14:165][  0]LogInit: CPU Page size=4096, Cores=6
[2018.06.15-18.13.14:165][  0]LogInit: High frequency timer resolution =2.929687 MHz
[2018.06.15-18.13.14:165][  0]LogMemory: Memory total: Physical=15.9GB (16GB approx)
[2018.06.15-18.13.14:165][  0]LogMemory: Platform Memory Stats for Windows
[2018.06.15-18.13.14:165][  0]LogMemory: Process Physical Memory: 272.24 MB used, 272.24 MB peak
[2018.06.15-18.13.14:165][  0]LogMemory: Process Virtual Memory: 270.33 MB used, 270.33 MB peak
[2018.06.15-18.13.14:165][  0]LogMemory: Physical Memory: 4636.39 MB used,  11661.58 MB free, 16297.98 MB total
[2018.06.15-18.13.14:165][  0]LogMemory: Virtual Memory: 4782.39 MB used,  11661.58 MB free, 134217728.00 MB total
[2018.06.15-18.13.14:325][  0]LogInit: Using OS detected language (ko-KR).
[2018.06.15-18.13.14:325][  0]LogInit: Using OS detected locale (ko-KR).
[2018.06.15-18.13.14:327][  0]LogTextLocalizationManager: No specific localization for 'ko-KR' exists, so the 'ko' localization will be used.
[2018.06.15-18.13.14:465][  0]LogInit: Setting process to per monitor DPI aware
[2018.06.15-18.13.14:696][  0]LogD3D11RHI: D3D11 adapters:
[2018.06.15-18.13.14:754][  0]LogD3D11RHI:    0. 'NVIDIA GeForce GTX 1060 6GB' (Feature Level 11_0)
[2018.06.15-18.13.14:754][  0]LogD3D11RHI:       6052/0/8148 MB DedicatedVideo/DedicatedSystem/SharedSystem, Outputs:2, VendorId:0x10de
[2018.06.15-18.13.14:756][  0]LogD3D11RHI:    1. 'Microsoft Basic Render Driver' (Feature Level 11_0)
[2018.06.15-18.13.14:756][  0]LogD3D11RHI:       0/0/8148 MB DedicatedVideo/DedicatedSystem/SharedSystem, Outputs:0, VendorId:0x1414
[2018.06.15-18.13.14:756][  0]LogD3D11RHI: Chosen D3D11 Adapter: 0
[2018.06.15-18.13.14:760][  0]LogD3D11RHI: Creating new Direct3DDevice
[2018.06.15-18.13.14:760][  0]LogD3D11RHI:     GPU DeviceId: 0x1c03 (for the marketing name, search the web for "GPU Device Id")
[2018.06.15-18.13.14:761][  0]LogWindows: EnumDisplayDevices:
[2018.06.15-18.13.14:761][  0]LogWindows:    0. 'NVIDIA GeForce GTX 1060 6GB' (P:1 D:1)
[2018.06.15-18.13.14:761][  0]LogWindows:    1. 'NVIDIA GeForce GTX 1060 6GB' (P:0 D:1)
[2018.06.15-18.13.14:761][  0]LogWindows:    2. 'NVIDIA GeForce GTX 1060 6GB' (P:0 D:0)
[2018.06.15-18.13.14:761][  0]LogWindows:    3. 'NVIDIA GeForce GTX 1060 6GB' (P:0 D:0)
[2018.06.15-18.13.14:761][  0]LogWindows: DebugString: GetVideoDriverDetailsInvalid PrimaryIsNotTheChoosenAdapter GetVideoDriverDetailsInvalid PrimaryIsNotTheChoosenAdapter GetVideoDriverDetailsInvalid PrimaryIsNotTheChoosenAdapter GetVideoDriverDetailsInvalid PrimaryIsNotTheChoosenAdapter FoundDriverCount:0 
[2018.06.15-18.13.14:761][  0]LogD3D11RHI:     Adapter Name: NVIDIA GeForce GTX 1060 6GB
[2018.06.15-18.13.14:761][  0]LogD3D11RHI:   Driver Version: Unknown (internal:Unknown, unified:Unknown)
[2018.06.15-18.13.14:761][  0]LogD3D11RHI:      Driver Date: Unknown
[2018.06.15-18.13.14:761][  0]LogRHI: Texture pool is 4236 MB (70% of 6052 MB)
[2018.06.15-18.13.14:792][  0]LogD3D11RHI: Async texture creation enabled
[2018.06.15-18.13.14:808][  0]LogD3D11RHI: GPU Timing Frequency: 1000.000000 (Debug: 2 2)
[2018.06.15-18.13.14:854][  0]LogShaderCompilers: Guid format shader working directory is -14 characters bigger than the processId version (../../../../../../Users/user/Documents/GitHub/SecurityGame/Intermediate/Shaders/WorkingDirectory/10384/).
[2018.06.15-18.13.14:854][  0]LogShaderCompilers: Cleaned the shader compiler working directory 'C:/Users/user/AppData/Local/Temp/UnrealShaderWorkingDir/4C9975CD4806030E20BFC5A68C4C6463/'.
[2018.06.15-18.13.14:854][  0]LogShaderCompilers: Display: Using Local Shader Compiler.
[2018.06.15-18.13.15:584][  0]LogTemp: Display: Loaded TP AllDesktopTargetPlatform
[2018.06.15-18.13.15:639][  0]LogTemp: Display: Loaded TP MacClientTargetPlatform
[2018.06.15-18.13.15:700][  0]LogTemp: Display: Loaded TP MacNoEditorTargetPlatform
[2018.06.15-18.13.15:761][  0]LogTemp: Display: Loaded TP MacServerTargetPlatform
[2018.06.15-18.13.15:831][  0]LogTemp: Display: Loaded TP MacTargetPlatform
[2018.06.15-18.13.15:892][  0]LogTemp: Display: Loaded TP WindowsClientTargetPlatform
[2018.06.15-18.13.15:952][  0]LogTemp: Display: Loaded TP WindowsNoEditorTargetPlatform
[2018.06.15-18.13.16:008][  0]LogTemp: Display: Loaded TP WindowsServerTargetPlatform
[2018.06.15-18.13.16:061][  0]LogTemp: Display: Loaded TP WindowsTargetPlatform
[2018.06.15-18.13.16:120][  0]LogTemp: Display: Loaded TP Android_ASTCTargetPlatform
[2018.06.15-18.13.16:178][  0]LogTemp: Display: Loaded TP Android_ATCTargetPlatform
[2018.06.15-18.13.16:245][  0]LogTemp: Display: Loaded TP Android_DXTTargetPlatform
[2018.06.15-18.13.16:303][  0]LogTemp: Display: Loaded TP Android_ETC1TargetPlatform
[2018.06.15-18.13.16:362][  0]LogTemp: Display: Loaded TP Android_ETC2TargetPlatform
[2018.06.15-18.13.16:476][  0]LogTemp: Display: Loaded TP Android_MultiTargetPlatform
[2018.06.15-18.13.16:476][  0]LogTemp: Display: Loaded TP Android_PVRTCTargetPlatform
[2018.06.15-18.13.16:531][  0]LogTemp: Display: Loaded TP AndroidTargetPlatform
[2018.06.15-18.13.16:582][  0]LogTemp: Display: Loaded TP HTML5TargetPlatform
[2018.06.15-18.13.16:684][  0]LogTemp: Display: Loaded TP IOSTargetPlatform
[2018.06.15-18.13.16:711][  0]LogTemp: Display: Loaded TP TVOSTargetPlatform
[2018.06.15-18.13.16:764][  0]LogTemp: Display: Loaded TP LinuxClientTargetPlatform
[2018.06.15-18.13.16:816][  0]LogTemp: Display: Loaded TP LinuxNoEditorTargetPlatform
[2018.06.15-18.13.16:868][  0]LogTemp: Display: Loaded TP LinuxServerTargetPlatform
[2018.06.15-18.13.16:921][  0]LogTemp: Display: Loaded TP LinuxTargetPlatform
[2018.06.15-18.13.16:921][  0]LogTargetPlatformManager: Display: Building Assets For Windows
[2018.06.15-18.13.17:412][  0]LogDerivedDataCache: Display: Max Cache Size: 512 MB
[2018.06.15-18.13.17:469][  0]LogDerivedDataCache: Loaded boot cache 0.06s 78MB C:/Users/user/AppData/Local/UnrealEngine/4.18/DerivedDataCache/Boot.ddc.
[2018.06.15-18.13.17:469][  0]LogDerivedDataCache: Display: Loaded Boot cache: C:/Users/user/AppData/Local/UnrealEngine/4.18/DerivedDataCache/Boot.ddc
[2018.06.15-18.13.17:469][  0]LogDerivedDataCache: FDerivedDataBackendGraph:  Pak pak cache file ../../../../../../Users/user/Documents/GitHub/SecurityGame/DerivedDataCache/DDC.ddp not found, will not use a pak cache.
[2018.06.15-18.13.17:469][  0]LogDerivedDataCache: Unable to find inner node Pak for hierarchical cache Hierarchy.
[2018.06.15-18.13.17:469][  0]LogDerivedDataCache: FDerivedDataBackendGraph:  CompressedPak pak cache file ../../../../../../Users/user/Documents/GitHub/SecurityGame/DerivedDataCache/Compressed.ddp not found, will not use a pak cache.
[2018.06.15-18.13.17:469][  0]LogDerivedDataCache: Unable to find inner node CompressedPak for hierarchical cache Hierarchy.
[2018.06.15-18.13.17:482][  0]LogDerivedDataCache: Display: Pak cache opened for reading ../../../Engine/DerivedDataCache/Compressed.ddp.
[2018.06.15-18.13.17:494][  0]LogDerivedDataCache: Using Local data cache path C:/Users/user/AppData/Local/UnrealEngine/Common/DerivedDataCache: Writable
[2018.06.15-18.13.17:502][  0]LogMaterial: Verifying Global Shaders for PCD3D_SM5
[2018.06.15-18.13.17:502][  0]LogSlate: Using Freetype 2.6.0
[2018.06.15-18.13.17:503][  0]LogSlate: SlateFontCache - WITH_FREETYPE: 1, WITH_HARFBUZZ: 1
[2018.06.15-18.13.17:503][  0]LogSlate: SlateFontCache - WITH_FREETYPE: 1, WITH_HARFBUZZ: 1
[2018.06.15-18.13.17:788][  0]LogInit: Selected Device Profile: [Windows]
[2018.06.15-18.13.18:113][  0]LogSimplygon: Simplygon DLL not present - disabling.
[2018.06.15-18.13.18:155][  0]LogMeshReduction: Using SimplygonSwarm for distributed automatic mesh merging
[2018.06.15-18.13.18:155][  0]LogMeshReduction: Using QuadricMeshReduction for automatic static mesh reduction
[2018.06.15-18.13.18:155][  0]LogMeshReduction: No automatic skeletal mesh reduction module available
[2018.06.15-18.13.18:155][  0]LogMeshReduction: No automatic mesh merging module available
[2018.06.15-18.13.18:155][  0]LogMeshMerging: No automatic mesh merging module available
[2018.06.15-18.13.18:190][  0]LogNetVersion: Trolley , NetCL: 3709383, EngineNetVer: 2, GameNetVer: 0 (Checksum: 2282078908)
[2018.06.15-18.13.18:349][  0]LogAssetRegistry: FAssetRegistry took 0.0257 seconds to start up
[2018.06.15-18.13.18:782][  0]LogPackageLocalizationCache: Processed 7 localized package path(s) for 2 prioritized culture(s) in 0.049611 seconds
[2018.06.15-18.13.18:786][  0]LogUObjectArray: 35870 objects as part of root set at end of initial load.
[2018.06.15-18.13.18:786][  0]LogUObjectAllocator: 7363696 out of 0 bytes used by permanent object pool.
[2018.06.15-18.13.18:786][  0]LogUObjectArray: CloseDisregardForGC: 0/0 objects in disregard for GC pool
[2018.06.15-18.13.18:844][  0]LogInit: WinSock: version 1.1 (2.2), MaxSocks=32767, MaxUdp=65467
[2018.06.15-18.13.21:531][  0]LogTcpMessaging: Initializing TcpMessaging bridge
[2018.06.15-18.13.21:575][  0]LogUdpMessaging: Initializing bridge on interface 0.0.0.0:0 to multicast group 230.0.0.1:6666.
[2018.06.15-18.13.22:353][  0]LogMaterial: Uniform references updated for custom material expression Custom.
[2018.06.15-18.13.22:806][  0]SourceControl: 소스 콘트롤이 꺼졌습니다.
[2018.06.15-18.13.22:806][  0]SourceControl: 소스 콘트롤이 꺼졌습니다.
[2018.06.15-18.13.22:862][  0]SourceControl: 소스 콘트롤이 꺼졌습니다.
[2018.06.15-18.13.22:916][  0]SourceControl: 소스 콘트롤이 꺼졌습니다.
[2018.06.15-18.13.23:761][  0]LogAndroidPermission: UAndroidPermissionCallbackProxy::GetInstance
[2018.06.15-18.13.24:047][  0]LogOcInput: OculusInput pre-init called
[2018.06.15-18.13.24:350][  0]LogEngine: Initializing Engine...
[2018.06.15-18.13.24:352][  0]LogHMD: Failed to initialize OpenVR with code 110
[2018.06.15-18.13.24:521][  0]LogStats: UGameplayTagsManager::ConstructGameplayTagTree: Construct from data asset -  0.000 s
[2018.06.15-18.13.24:521][  0]LogStats: UGameplayTagsManager::ConstructGameplayTagTree: GameplayTagTreeChangedEvent.Broadcast -  0.000 s
[2018.06.15-18.13.24:660][  0]LogAIModule: Creating AISystem for world Untitled
[2018.06.15-18.13.24:668][  0]LogInit: XAudio2 using '스피커(Realtek High Definition Audio)' : 2 channels at 48 kHz using 32 bits per sample (channel mask 0x3)
[2018.06.15-18.13.24:702][  0]LogInit: FAudioDevice initialized.
[2018.06.15-18.13.24:771][  0]LogDerivedDataCache: Saved boot cache 0.07s 78MB C:/Users/user/AppData/Local/UnrealEngine/4.18/DerivedDataCache/Boot.ddc.
[2018.06.15-18.13.24:788][  0]LogInit: Texture streaming: Enabled
[2018.06.15-18.13.24:896][  0]LogEngineSessionManager: EngineSessionManager initialized
[2018.06.15-18.13.25:036][  0]LogInit: Transaction tracking system initialized
[2018.06.15-18.13.25:377][  0]BlueprintLog: New page: 에디터 로드
[2018.06.15-18.13.26:342][  0]LocalizationService: 현지화 서비스가 비활성화되었습니다.
[2018.06.15-18.13.27:342][  0]LogConsoleResponse: Display: 
[2018.06.15-18.13.27:495][  0]LogCook: Display: Max memory allowance for cook 16384mb min free memory 0mb
[2018.06.15-18.13.27:495][  0]LogCook: Display: Mobile HDR setting 1
[2018.06.15-18.13.27:495][  0]LogGameplayTags: Display: UGameplayTagsManager::DoneAddingNativeTags. DelegateIsBound: 0
[2018.06.15-18.13.27:984][  0]LogFileCache: Scanning file cache for directory 'C:/Users/user/Documents/GitHub/SecurityGame/Content/' took 0.02s
[2018.06.15-18.13.28:876][  0]SourceControl: 소스 콘트롤이 꺼졌습니다.
[2018.06.15-18.13.28:876][  0]Cmd: MAP LOAD FILE="../../../../../../Users/user/Documents/GitHub/SecurityGame/Content/TopDownBP/Maps/Day1.umap" TEMPLATE=0 SHOWPROGRESS=1 FEATURELEVEL=3
[2018.06.15-18.13.28:876][  0]LightingResults: New page: 라이팅 빌드
[2018.06.15-18.13.28:924][  0]MapCheck: New page: 맵 체크
[2018.06.15-18.13.28:924][  0]LightingResults: New page: 라이팅 빌드
[2018.06.15-18.13.30:059][  0]LogMaterial: Uniform references updated for custom material expression Custom.
[2018.06.15-18.13.30:898][  0]LogAIModule: Creating AISystem for world Day1
[2018.06.15-18.13.30:957][  0]LogEditorServer: Finished looking for orphan Actors (0.000 secs)
[2018.06.15-18.13.30:980][  0]Cmd: MAP CHECKDEP NOCLEARLOG
[2018.06.15-18.13.31:075][  0]MapCheck: 맵 체크 완료: 오류 0 회, 경고 0 회, 소요 시간 94.4ms.
[2018.06.15-18.13.31:075][  0]LogFileHelpers: Loading map 'Day1' took 2.199
[2018.06.15-18.13.31:231][  0]LogCollectionManager: Loaded 0 collections in 0.001392 seconds
[2018.06.15-18.13.31:334][  0]LogFileCache: Scanning file cache for directory 'C:/Users/user/Documents/GitHub/SecurityGame/Saved/Collections/' took 0.01s
[2018.06.15-18.13.31:334][  0]LogFileCache: Scanning file cache for directory 'C:/Users/user/Documents/GitHub/SecurityGame/Content/Developers/user/Collections/' took 0.01s
[2018.06.15-18.13.31:334][  0]LogFileCache: Scanning file cache for directory 'C:/Users/user/Documents/GitHub/SecurityGame/Content/Collections/' took 0.01s
[2018.06.15-18.13.31:334][  0]LogCollectionManager: Rebuilt the GUID cache for 0 collections in 0.000000 seconds
[2018.06.15-18.13.31:341][  0]LogContentBrowser: Native class hierarchy populated in 0.0063 seconds. Added 2363 classes and 519 folders.
[2018.06.15-18.13.31:411][  0]LogContentBrowser: Native class hierarchy updated for 'WidgetCarousel' in 0.0002 seconds. Added 0 classes and 0 folders.
[2018.06.15-18.13.31:443][  0]LogContentBrowser: Native class hierarchy updated for 'AddContentDialog' in 0.0002 seconds. Added 0 classes and 0 folders.
[2018.06.15-18.13.31:489][  0]LogContentBrowser: Native class hierarchy updated for 'SceneOutliner' in 0.0002 seconds. Added 1 classes and 2 folders.
[2018.06.15-18.13.31:560][  0]LogSlate: Took 0.000136 seconds to synchronously load lazily loaded font '../../../Engine/Content/Slate/Fonts/Roboto-Regular.ttf' (155K)
[2018.06.15-18.13.31:562][  0]LogSlate: Took 0.001999 seconds to synchronously load lazily loaded font '../../../Engine/Content/Slate/Fonts/NanumGothic.ttf' (4243K)
[2018.06.15-18.13.31:563][  0]LogSlate: Took 0.000140 seconds to synchronously load lazily loaded font '../../../Engine/Content/Slate/Fonts/Roboto-Bold.ttf' (160K)
[2018.06.15-18.13.31:566][  0]LogSlate: Took 0.000141 seconds to synchronously load lazily loaded font '../../../Engine/Content/Editor/Slate/Fonts/FontAwesome.ttf' (139K)
[2018.06.15-18.13.31:646][  0]LogRenderer: Reallocating scene render targets to support 256x256 Format 10 NumSamples 1 (Frame:1).
[2018.06.15-18.13.31:737][  0]LogRenderer: Reallocating scene render targets to support 1312x604 Format 10 NumSamples 1 (Frame:1).
[2018.06.15-18.13.31:781][  0]LogSlate: Took 0.000232 seconds to synchronously load lazily loaded font '../../../Engine/Content/Slate/Fonts/Roboto-Light.ttf' (159K)
[2018.06.15-18.13.31:925][  0]LogContentBrowser: Native class hierarchy updated for 'HierarchicalLODOutliner' in 0.0002 seconds. Added 1 classes and 2 folders.
[2018.06.15-18.13.31:925][  0]LogLoad: (Engine Initialization) Total time: 19.95 seconds
[2018.06.15-18.13.31:925][  0]LogLoad: (Engine Initialization) Total Blueprint compile time: 0.00 seconds
[2018.06.15-18.13.31:925][  0]LogExternalProfiler: No external profilers were discovered.  External profiling features will not be available.
[2018.06.15-18.13.31:944][  0]LogWindowsTextInputMethodSystem: Display: IME system now activated using TSF (Microsoft 입력기).
[2018.06.15-18.13.31:992][  0]LogContentStreaming: Texture pool size now 1000 MB
[2018.06.15-18.13.32:050][  1]LogFileCache: Retrieving MD5 hashes for directory 'C:/Users/user/Documents/GitHub/SecurityGame/Content/' took 0.08s
[2018.06.15-18.13.32:056][  1]LogAssetRegistry: Asset discovery search completed in 13.7297 seconds
[2018.06.15-18.13.32:058][  1]LogCollectionManager: Rebuilt the object cache for 0 collections in 0.000000 seconds (found 0 objects)
[2018.06.15-18.13.32:058][  1]LogCollectionManager: Fixed up redirectors for 0 collections in 0.000046 seconds (updated 0 objects)
[2018.06.15-18.13.34:429][193]LogTemp: Repeating last play command: 새 에디터 창 (PIE)
[2018.06.15-18.13.34:481][193]LogBlueprintUserMessages: Early PlayInEditor Detection: Level '/Game/TopDownBP/Maps/Day1.Day1:PersistentLevel' has LevelScriptBlueprint '/Game/TopDownBP/Maps/Day1.Day1:PersistentLevel.Day1' with GeneratedClass '/Game/TopDownBP/Maps/Day1.Day1_C' with ClassGeneratedBy '/Game/TopDownBP/Maps/Day1.Day1:PersistentLevel.Day1'
[2018.06.15-18.13.34:481][193]LogPlayLevel: PlayLevel: No blueprints needed recompiling
[2018.06.15-18.13.34:482][193]PIE: New page: PIE 세션: Day1 (2018. 6. 16. 오후 12:13:34)
[2018.06.15-18.13.34:482][193]LogPlayLevel: Creating play world package: /Game/TopDownBP/Maps/UEDPIE_0_Day1
[2018.06.15-18.13.34:527][193]LogPlayLevel: PIE: StaticDuplicateObject took: (0.045330s)
[2018.06.15-18.13.34:528][193]LogAIModule: Creating AISystem for world Day1
[2018.06.15-18.13.34:528][193]LogPlayLevel: PIE: World Init took: (0.000640s)
[2018.06.15-18.13.34:528][193]LogPlayLevel: PIE: Created PIE world by copying editor world from /Game/TopDownBP/Maps/Day1.Day1 to /Game/TopDownBP/Maps/UEDPIE_0_Day1.Day1 (0.046366s)
[2018.06.15-18.13.34:543][193]LogInit: XAudio2 using '스피커(Realtek High Definition Audio)' : 2 channels at 48 kHz using 32 bits per sample (channel mask 0x3)
[2018.06.15-18.13.34:555][193]LogInit: FAudioDevice initialized.
[2018.06.15-18.13.34:647][193]LogLoad: Game class is 'TopDownGameMode_C'
[2018.06.15-18.13.34:662][193]LogWorld: Bringing World /Game/TopDownBP/Maps/UEDPIE_0_Day1.Day1 up for play (max tick rate 0) at 2018.06.16-03.13.34
[2018.06.15-18.13.34:663][193]LogWorld: Bringing up level for play took: 0.014974
[2018.06.15-18.13.34:709][193]LogContentBrowser: Native class hierarchy updated for 'MovieSceneCapture' in 0.0002 seconds. Added 11 classes and 0 folders.
[2018.06.15-18.13.34:983][193]PIE: /Game/TopDownBP/Maps/UEDPIE_0_Day1 에 대한 에디터에서 플레이 시작 시간: 1.29
[2018.06.15-18.13.34:983][193]LogBlueprintUserMessages: Late PlayInEditor Detection: Level '/Game/TopDownBP/Maps/Day1.Day1:PersistentLevel' has LevelScriptBlueprint '/Game/TopDownBP/Maps/Day1.Day1:PersistentLevel.Day1' with GeneratedClass '/Game/TopDownBP/Maps/Day1.Day1_C' with ClassGeneratedBy '/Game/TopDownBP/Maps/Day1.Day1:PersistentLevel.Day1'
[2018.06.15-18.13.35:016][193]LogRenderer: Reallocating scene render targets to support 1312x756 Format 10 NumSamples 1 (Frame:1).
[2018.06.15-18.14.30:019][296]LogScript: Warning: CallFunc_Array_Get_Item 프로퍼티를 읽으려던 중 None 에 접근했습니다.
	라이트스위치_C /Game/TopDownBP/Maps/UEDPIE_0_Day1.Day1:PersistentLevel.2F_대회의실라이트스위치
	Function /Game/TopDownBP/Blueprints/라이트스위치.라이트스위치_C:ExecuteUbergraph_라이트스위치:018B
[2018.06.15-18.14.30:019][296]PIE: Error: 블루프린트 런타임 오류: CallFunc_Array_Get_Item 프로퍼티를 읽으려던 중 None 에 접근했습니다. 다음 함수에서: 'ExecuteUbergraph_라이트스위치' 노드: Branch 그래프: EventGraph 오브젝트: 라이트스위치 설명: CallFunc_Array_Get_Item 프로퍼티를 읽으려던 중 None 에 접근했습니다.
[2018.06.15-18.14.30:019][296]LogScript: Warning: None 에 접근
	라이트스위치_C /Game/TopDownBP/Maps/UEDPIE_0_Day1.Day1:PersistentLevel.2F_대회의실라이트스위치
	Function /Game/TopDownBP/Blueprints/라이트스위치.라이트스위치_C:ExecuteUbergraph_라이트스위치:01A0
[2018.06.15-18.14.30:019][296]PIE: Error: 블루프린트 런타임 오류: None 에 접근 다음 함수에서: 'ExecuteUbergraph_라이트스위치' 노드: Branch 그래프: EventGraph 오브젝트: 라이트스위치 설명: None 에 접근
[2018.06.15-18.14.30:019][296]LogScript: Warning: CallFunc_Array_Get_Item 프로퍼티를 읽으려던 중 None 에 접근했습니다.
	라이트스위치_C /Game/TopDownBP/Maps/UEDPIE_0_Day1.Day1:PersistentLevel.2F_대회의실라이트스위치
	Function /Game/TopDownBP/Blueprints/라이트스위치.라이트스위치_C:ExecuteUbergraph_라이트스위치:0213
[2018.06.15-18.14.30:019][296]PIE: Error: 블루프린트 런타임 오류: CallFunc_Array_Get_Item 프로퍼티를 읽으려던 중 None 에 접근했습니다. 다음 함수에서: 'ExecuteUbergraph_라이트스위치' 노드: Set Intensity 그래프: EventGraph 오브젝트: 라이트스위치 설명: CallFunc_Array_Get_Item 프로퍼티를 읽으려던 중 None 에 접근했습니다.
[2018.06.15-18.14.30:019][296]LogScript: Warning: None 에 접근
	라이트스위치_C /Game/TopDownBP/Maps/UEDPIE_0_Day1.Day1:PersistentLevel.2F_대회의실라이트스위치
	Function /Game/TopDownBP/Blueprints/라이트스위치.라이트스위치_C:ExecuteUbergraph_라이트스위치:0228
[2018.06.15-18.14.30:019][296]PIE: Error: 블루프린트 런타임 오류: None 에 접근 다음 함수에서: 'ExecuteUbergraph_라이트스위치' 노드: Set Intensity 그래프: EventGraph 오브젝트: 라이트스위치 설명: None 에 접근
[2018.06.15-18.14.30:019][296]LogScript: Warning: CallFunc_Array_Get_Item 프로퍼티를 읽으려던 중 None 에 접근했습니다.
	라이트스위치_C /Game/TopDownBP/Maps/UEDPIE_0_Day1.Day1:PersistentLevel.2F_대회의실라이트스위치
	Function /Game/TopDownBP/Blueprints/라이트스위치.라이트스위치_C:ExecuteUbergraph_라이트스위치:018B
[2018.06.15-18.14.30:019][296]PIE: Error: 블루프린트 런타임 오류: CallFunc_Array_Get_Item 프로퍼티를 읽으려던 중 None 에 접근했습니다. 다음 함수에서: 'ExecuteUbergraph_라이트스위치' 노드: Branch 그래프: EventGraph 오브젝트: 라이트스위치 설명: CallFunc_Array_Get_Item 프로퍼티를 읽으려던 중 None 에 접근했습니다.
[2018.06.15-18.14.30:019][296]LogScript: Warning: None 에 접근
	라이트스위치_C /Game/TopDownBP/Maps/UEDPIE_0_Day1.Day1:PersistentLevel.2F_대회의실라이트스위치
	Function /Game/TopDownBP/Blueprints/라이트스위치.라이트스위치_C:ExecuteUbergraph_라이트스위치:01A0
[2018.06.15-18.14.30:019][296]PIE: Error: 블루프린트 런타임 오류: None 에 접근 다음 함수에서: 'ExecuteUbergraph_라이트스위치' 노드: Branch 그래프: EventGraph 오브젝트: 라이트스위치 설명: None 에 접근
[2018.06.15-18.14.30:019][296]LogScript: Warning: CallFunc_Array_Get_Item 프로퍼티를 읽으려던 중 None 에 접근했습니다.
	라이트스위치_C /Game/TopDownBP/Maps/UEDPIE_0_Day1.Day1:PersistentLevel.2F_대회의실라이트스위치
	Function /Game/TopDownBP/Blueprints/라이트스위치.라이트스위치_C:ExecuteUbergraph_라이트스위치:0213
[2018.06.15-18.14.30:019][296]PIE: Error: 블루프린트 런타임 오류: CallFunc_Array_Get_Item 프로퍼티를 읽으려던 중 None 에 접근했습니다. 다음 함수에서: 'ExecuteUbergraph_라이트스위치' 노드: Set Intensity 그래프: EventGraph 오브젝트: 라이트스위치 설명: CallFunc_Array_Get_Item 프로퍼티를 읽으려던 중 None 에 접근했습니다.
[2018.06.15-18.14.30:019][296]LogScript: Warning: None 에 접근
	라이트스위치_C /Game/TopDownBP/Maps/UEDPIE_0_Day1.Day1:PersistentLevel.2F_대회의실라이트스위치
	Function /Game/TopDownBP/Blueprints/라이트스위치.라이트스위치_C:ExecuteUbergraph_라이트스위치:0228
[2018.06.15-18.14.30:019][296]PIE: Error: 블루프린트 런타임 오류: None 에 접근 다음 함수에서: 'ExecuteUbergraph_라이트스위치' 노드: Set Intensity 그래프: EventGraph 오브젝트: 라이트스위치 설명: None 에 접근
[2018.06.15-18.14.40:735][667]LogScript: Warning: CallFunc_Array_Get_Item 프로퍼티를 읽으려던 중 None 에 접근했습니다.
	라이트스위치_C /Game/TopDownBP/Maps/UEDPIE_0_Day1.Day1:PersistentLevel.2F_대회의실라이트스위치
	Function /Game/TopDownBP/Blueprints/라이트스위치.라이트스위치_C:ExecuteUbergraph_라이트스위치:018B
[2018.06.15-18.14.40:736][667]PIE: Error: 블루프린트 런타임 오류: CallFunc_Array_Get_Item 프로퍼티를 읽으려던 중 None 에 접근했습니다. 다음 함수에서: 'ExecuteUbergraph_라이트스위치' 노드: Branch 그래프: EventGraph 오브젝트: 라이트스위치 설명: CallFunc_Array_Get_Item 프로퍼티를 읽으려던 중 None 에 접근했습니다.
[2018.06.15-18.14.40:736][667]LogScript: Warning: None 에 접근
	라이트스위치_C /Game/TopDownBP/Maps/UEDPIE_0_Day1.Day1:PersistentLevel.2F_대회의실라이트스위치
	Function /Game/TopDownBP/Blueprints/라이트스위치.라이트스위치_C:ExecuteUbergraph_라이트스위치:01A0
[2018.06.15-18.14.40:736][667]PIE: Error: 블루프린트 런타임 오류: None 에 접근 다음 함수에서: 'ExecuteUbergraph_라이트스위치' 노드: Branch 그래프: EventGraph 오브젝트: 라이트스위치 설명: None 에 접근
[2018.06.15-18.14.40:736][667]LogScript: Warning: CallFunc_Array_Get_Item 프로퍼티를 읽으려던 중 None 에 접근했습니다.
	라이트스위치_C /Game/TopDownBP/Maps/UEDPIE_0_Day1.Day1:PersistentLevel.2F_대회의실라이트스위치
	Function /Game/TopDownBP/Blueprints/라이트스위치.라이트스위치_C:ExecuteUbergraph_라이트스위치:0213
[2018.06.15-18.14.40:736][667]PIE: Error: 블루프린트 런타임 오류: CallFunc_Array_Get_Item 프로퍼티를 읽으려던 중 None 에 접근했습니다. 다음 함수에서: 'ExecuteUbergraph_라이트스위치' 노드: Set Intensity 그래프: EventGraph 오브젝트: 라이트스위치 설명: CallFunc_Array_Get_Item 프로퍼티를 읽으려던 중 None 에 접근했습니다.
[2018.06.15-18.14.40:736][667]LogScript: Warning: None 에 접근
	라이트스위치_C /Game/TopDownBP/Maps/UEDPIE_0_Day1.Day1:PersistentLevel.2F_대회의실라이트스위치
	Function /Game/TopDownBP/Blueprints/라이트스위치.라이트스위치_C:ExecuteUbergraph_라이트스위치:0228
[2018.06.15-18.14.40:736][667]PIE: Error: 블루프린트 런타임 오류: None 에 접근 다음 함수에서: 'ExecuteUbergraph_라이트스위치' 노드: Set Intensity 그래프: EventGraph 오브젝트: 라이트스위치 설명: None 에 접근
[2018.06.15-18.14.40:736][667]LogScript: Warning: CallFunc_Array_Get_Item 프로퍼티를 읽으려던 중 None 에 접근했습니다.
	라이트스위치_C /Game/TopDownBP/Maps/UEDPIE_0_Day1.Day1:PersistentLevel.2F_대회의실라이트스위치
	Function /Game/TopDownBP/Blueprints/라이트스위치.라이트스위치_C:ExecuteUbergraph_라이트스위치:018B
[2018.06.15-18.14.40:736][667]PIE: Error: 블루프린트 런타임 오류: CallFunc_Array_Get_Item 프로퍼티를 읽으려던 중 None 에 접근했습니다. 다음 함수에서: 'ExecuteUbergraph_라이트스위치' 노드: Branch 그래프: EventGraph 오브젝트: 라이트스위치 설명: CallFunc_Array_Get_Item 프로퍼티를 읽으려던 중 None 에 접근했습니다.
[2018.06.15-18.14.40:736][667]LogScript: Warning: None 에 접근
	라이트스위치_C /Game/TopDownBP/Maps/UEDPIE_0_Day1.Day1:PersistentLevel.2F_대회의실라이트스위치
	Function /Game/TopDownBP/Blueprints/라이트스위치.라이트스위치_C:ExecuteUbergraph_라이트스위치:01A0
[2018.06.15-18.14.40:736][667]PIE: Error: 블루프린트 런타임 오류: None 에 접근 다음 함수에서: 'ExecuteUbergraph_라이트스위치' 노드: Branch 그래프: EventGraph 오브젝트: 라이트스위치 설명: None 에 접근
[2018.06.15-18.14.40:736][667]LogScript: Warning: CallFunc_Array_Get_Item 프로퍼티를 읽으려던 중 None 에 접근했습니다.
	라이트스위치_C /Game/TopDownBP/Maps/UEDPIE_0_Day1.Day1:PersistentLevel.2F_대회의실라이트스위치
	Function /Game/TopDownBP/Blueprints/라이트스위치.라이트스위치_C:ExecuteUbergraph_라이트스위치:0213
[2018.06.15-18.14.40:736][667]PIE: Error: 블루프린트 런타임 오류: CallFunc_Array_Get_Item 프로퍼티를 읽으려던 중 None 에 접근했습니다. 다음 함수에서: 'ExecuteUbergraph_라이트스위치' 노드: Set Intensity 그래프: EventGraph 오브젝트: 라이트스위치 설명: CallFunc_Array_Get_Item 프로퍼티를 읽으려던 중 None 에 접근했습니다.
[2018.06.15-18.14.40:736][667]LogScript: Warning: None 에 접근
	라이트스위치_C /Game/TopDownBP/Maps/UEDPIE_0_Day1.Day1:PersistentLevel.2F_대회의실라이트스위치
	Function /Game/TopDownBP/Blueprints/라이트스위치.라이트스위치_C:ExecuteUbergraph_라이트스위치:0228
[2018.06.15-18.14.40:736][667]PIE: Error: 블루프린트 런타임 오류: None 에 접근 다음 함수에서: 'ExecuteUbergraph_라이트스위치' 노드: Set Intensity 그래프: EventGraph 오브젝트: 라이트스위치 설명: None 에 접근
[2018.06.15-18.15.02:898][303]LogBlueprintUserMessages: Early EndPlayMap Detection: Level '/Game/TopDownBP/Maps/Day1.Day1:PersistentLevel' has LevelScriptBlueprint '/Game/TopDownBP/Maps/Day1.Day1:PersistentLevel.Day1' with GeneratedClass '/Game/TopDownBP/Maps/Day1.Day1_C' with ClassGeneratedBy '/Game/TopDownBP/Maps/Day1.Day1:PersistentLevel.Day1'
[2018.06.15-18.15.02:954][303]LogBlueprintUserMessages: Late EndPlayMap Detection: Level '/Game/TopDownBP/Maps/Day1.Day1:PersistentLevel' has LevelScriptBlueprint '/Game/TopDownBP/Maps/Day1.Day1:PersistentLevel.Day1' with GeneratedClass '/Game/TopDownBP/Maps/Day1.Day1_C' with ClassGeneratedBy '/Game/TopDownBP/Maps/Day1.Day1:PersistentLevel.Day1'
[2018.06.15-18.15.04:934][406]LogEditorViewport: Clicking on Actor (LMB): StaticMeshActor (1Floor2)
[2018.06.15-18.15.07:504][528]LogEditorViewport: Clicking on Actor (LMB): TopDownCharacter_C (TopDownCharacter)
[2018.06.15-18.15.09:387][617]LogEditorViewport: Clicking on Actor (LMB): StaticMeshActor (Plane2)
[2018.06.15-18.15.21:704][470]LogSlate: Took 0.000156 seconds to synchronously load lazily loaded font '../../../Engine/Content/Slate/Fonts/Roboto-Light.ttf' (159K)
[2018.06.15-18.15.21:979][470]LogContentBrowser: Native class hierarchy updated for 'BlueprintGraph' in 0.0005 seconds. Added 116 classes and 0 folders.
[2018.06.15-18.15.22:509][470]LogSlate: Took 0.000172 seconds to synchronously load lazily loaded font '../../../Engine/Content/Editor/Slate/Fonts/Roboto-BoldCondensed.ttf' (158K)
[2018.06.15-18.15.22:631][471]LogSlate: Took 0.000184 seconds to synchronously load lazily loaded font '../../../Engine/Content/Editor/Slate/Fonts/Roboto-Italic.ttf' (157K)
[2018.06.15-18.15.44:813][735]LogEditorViewport: Clicking on Actor (LMB): PointLight (2F_대회의실라이트5)
[2018.06.15-18.15.48:985][941]LogEditorViewport: Clicking on Actor (LMB): PointLight (2F_메인연구실라이트2)
[2018.06.15-18.16.21:141][887]LogEditorViewport: Clicking on Actor (LMB): StaticMeshActor (Plane2)
[2018.06.15-18.16.35:444][697]LogEditorViewport: Clicking on Actor (LMB): StaticMeshActor (1Floor)
[2018.06.15-18.16.38:803][888]LogEditorViewport: Clicking on Actor (LMB): StaticMeshActor (Plane)
[2018.06.15-18.16.47:611][393]LogEditorViewport: Clicking on Actor (LMB): StaticMeshActor (Plane2)
[2018.06.15-18.16.48:884][461]LogEditorViewport: Clicking on Actor (LMB): StaticMeshActor (1Floor)
[2018.06.15-18.16.51:191][579]LogEditorViewport: Clicking on Actor (LMB): StaticMeshActor (SM_ReceptionTable_A)
[2018.06.15-18.16.54:393][750]LogEditorViewport: Clicking on Actor (LMB): StaticMeshActor (plant_2)
[2018.06.15-18.16.55:443][806]LogEditorViewport: Clicking on Actor (LMB): StaticMeshActor (SM_Flower_A5)
[2018.06.15-18.16.56:026][839]LogEditorViewport: Clicking on Actor (LMB): StaticMeshActor (SM_Flower_A6)
[2018.06.15-18.16.57:742][928]LogEditorViewport: Clicking on Actor (LMB): StaticMeshActor (유리문 프레임10)
[2018.06.15-18.17.00:230][ 61]LogEditorViewport: Clicking on Actor (CTRL LMB): StaticMeshActor (유리문 프레임9)
[2018.06.15-18.17.01:845][146]LogEditorViewport: Clicking on Actor (CTRL LMB): StaticMeshActor (유리문 프레임 윗틀9)
[2018.06.15-18.17.02:132][156]LogEditorViewport: Clicking on Actor (CTRL LMB): StaticMeshActor (유리문 프레임 윗틀10)
[2018.06.15-18.17.03:829][242]LogEditorViewport: Clicking on Actor (CTRL LMB): StaticMeshActor (유리문 프레임 아랫틀9)
[2018.06.15-18.17.04:512][277]LogEditorViewport: Clicking on Actor (CTRL LMB): StaticMeshActor (유리문 프레임 아랫틀10)
[2018.06.15-18.17.09:406][553]LogEditorViewport: Clicking on Actor (LMB): 유리문스위치_가로_C (1F_유리문스위치1)
[2018.06.15-18.17.18:353][ 77]LogEditorViewport: Clicking on Actor (LMB): 유리문스위치_가로_C (1F_유리문스위치1)
[2018.06.15-18.17.23:687][375]LogEditorViewport: Clicking on Actor (LMB): StaticMeshActor (SM_Couch_A3)
[2018.06.15-18.17.27:514][613]LogEditorViewport: Clicking on Actor (LMB): StaticMeshActor (SM_Couch_A4)
[2018.06.15-18.17.28:607][669]LogEditorViewport: Clicking on Actor (LMB): StaticMeshActor (SM_Couch_A2)
[2018.06.15-18.17.30:224][763]LogEditorViewport: Clicking on Actor (LMB): StaticMeshActor (SM_Wall_802)
[2018.06.15-18.17.32:499][889]LogEditorViewport: Clicking on Actor (LMB): StaticMeshActor (유리문 프레임 아랫틀13)
[2018.06.15-18.17.33:308][929]LogEditorViewport: Clicking on Actor (LMB): StaticMeshActor (plant_3)
[2018.06.15-18.17.37:048][154]LogEditorViewport: Clicking on Actor (LMB): StaticMeshActor (plant_4)
[2018.06.15-18.17.40:113][334]LogEditorViewport: Clicking on Actor (LMB): 정문자동문_C (정문자동문)
[2018.06.15-18.17.45:575][657]LogEditorViewport: Clicking on Actor (LMB): StaticMeshActor (유리문 프레임13)
[2018.06.15-18.17.46:508][697]LogEditorViewport: Clicking on Actor (CTRL LMB): StaticMeshActor (유리문 프레임 윗틀13)
[2018.06.15-18.17.47:479][752]LogEditorViewport: Clicking on Actor (CTRL LMB): StaticMeshActor (유리문 프레임 아랫틀13)
[2018.06.15-18.17.49:318][845]LogEditorViewport: Clicking on Actor (CTRL LMB): StaticMeshActor (유리문 프레임 아랫틀14)
[2018.06.15-18.17.49:700][864]LogEditorViewport: Clicking on Actor (CTRL LMB): StaticMeshActor (SM_Wall_800)
[2018.06.15-18.17.50:913][929]LogEditorViewport: Clicking on Actor (CTRL LMB): StaticMeshActor (유리문 프레임 윗틀14)
[2018.06.15-18.17.51:518][963]LogEditorViewport: Clicking on Actor (CTRL LMB): StaticMeshActor (유리문 프레임14)
[2018.06.15-18.17.59:420][455]LogEditorViewport: Clicking on Actor (LMB): TriggerBox (EndGame)
[2018.06.15-18.18.09:525][ 42]LogEditorViewport: Clicking on Actor (LMB): StaticMeshActor (1Floor2)
[2018.06.15-18.18.10:524][ 99]LogEditorViewport: Clicking on Actor (CTRL LMB): StaticMeshActor (SM_Wall_826)
[2018.06.15-18.18.11:088][129]LogEditorViewport: Clicking on Actor (CTRL LMB): StaticMeshActor (SM_Wall_827)
[2018.06.15-18.18.17:785][503]LogEditorViewport: Clicking on Actor (LMB): StaticMeshActor (1Floor2)
[2018.06.15-18.18.18:754][549]LogEditorViewport: Clicking on Actor (LMB): StaticMeshActor (SM_Wall_826)
[2018.06.15-18.18.19:834][609]LogEditorViewport: Clicking on Actor (LMB): StaticMeshActor (SM_Wall_827)
[2018.06.15-18.18.21:428][695]LogEditorViewport: Clicking on Actor (LMB): StaticMeshActor (SM_Wall_826)
[2018.06.15-18.18.24:630][864]LogEditorViewport: Clicking on Actor (LMB): StaticMeshActor (SM_Shelf_A1)
[2018.06.15-18.18.25:548][909]LogEditorViewport: Clicking on Actor (LMB): StaticMeshActor (SM_Shelf_A2)
[2018.06.15-18.18.26:113][940]LogEditorViewport: Clicking on Actor (LMB): StaticMeshActor (SM_Shelf_A35)
[2018.06.15-18.18.26:987][989]LogEditorViewport: Clicking on Actor (LMB): StaticMeshActor (SM_Table_A2)
[2018.06.15-18.18.29:205][102]LogEditorViewport: Clicking on Actor (LMB): Item_C (Item2)
[2018.06.15-18.18.36:294][515]LogEditorViewport: Clicking on Actor (LMB): StaticMeshActor (SM_Chairs_A2)
[2018.06.15-18.18.40:859][773]LogEditorViewport: Clicking on Actor (LMB): StaticMeshActor (SM_Shelf_A35)
[2018.06.15-18.18.44:428][966]LogEditorViewport: Clicking on Actor (LMB): 건물배치도_C (건물배치도)
[2018.06.15-18.18.45:725][ 36]LogEditorViewport: Clicking on Actor (LMB): 건물배치도_C (건물배치도)
[2018.06.15-18.18.49:815][265]LogEditorViewport: Clicking on Actor (CTRL LMB): 라이트스위치_C (1F_관리사무실라이트스위치)
[2018.06.15-18.18.51:495][360]LogEditorViewport: Clicking on Actor (LMB): 라이트스위치_C (1F_관리사무실라이트스위치)
[2018.06.15-18.18.53:802][494]LogEditorViewport: Clicking on Actor (CTRL LMB): 건물배치도_C (건물배치도)
[2018.06.15-18.18.57:622][718]LogEditorViewport: Clicking on Actor (LMB): 자동개폐문_C (1F_관리사무실문)
[2018.06.15-18.19.00:901][946]LogEditorViewport: Clicking on Actor (LMB): StaticMeshActor (SM_Wall_601)
[2018.06.15-18.19.03:944][104]LogEditorViewport: Clicking on Actor (LMB): StaticMeshActor (SM_Wall_405)
[2018.06.15-18.19.04:770][143]LogEditorViewport: Clicking on Actor (LMB): StaticMeshActor (SM_Wall_Corner_A_204)
[2018.06.15-18.19.07:511][290]LogEditorViewport: Clicking on Actor (LMB): 라이트스위치_C (1F_창고라이트스위치)
[2018.06.15-18.19.10:179][445]LogEditorViewport: Clicking on Actor (LMB): 자동개폐문_C (1F_창고문)
[2018.06.15-18.19.14:243][666]LogEditorViewport: Clicking on Actor (LMB): StaticMeshActor (SM_Chairs_C12)
[2018.06.15-18.19.16:058][762]LogEditorViewport: Clicking on Actor (CTRL LMB): StaticMeshActor (SM_Chairs_C15)
[2018.06.15-18.19.16:721][798]LogEditorViewport: Clicking on Actor (CTRL LMB): StaticMeshActor (SM_Chairs_C13)
[2018.06.15-18.19.17:379][833]LogEditorViewport: Clicking on Actor (CTRL LMB): StaticMeshActor (shelf10)
[2018.06.15-18.19.18:607][899]LogEditorViewport: Clicking on Actor (CTRL LMB): StaticMeshActor (shelf8)
[2018.06.15-18.19.20:215][988]LogEditorViewport: Clicking on Actor (CTRL LMB): StaticMeshActor (shelf6)
[2018.06.15-18.19.21:826][ 66]LogEditorViewport: Clicking on Actor (CTRL LMB): StaticMeshActor (shelf5)
[2018.06.15-18.19.22:275][ 87]LogEditorViewport: Clicking on Actor (CTRL LMB): StaticMeshActor (shelf7)
[2018.06.15-18.19.22:665][105]LogEditorViewport: Clicking on Actor (CTRL LMB): StaticMeshActor (shelf9)
[2018.06.15-18.19.24:667][202]LogEditorViewport: Clicking on Actor (CTRL LMB): StaticMeshActor (Closebox)
[2018.06.15-18.19.24:960][211]LogEditorViewport: Clicking on Actor (CTRL LMB): StaticMeshActor (Closebox20)
[2018.06.15-18.19.25:265][222]LogEditorViewport: Clicking on Actor (CTRL LMB): StaticMeshActor (SM_Chairs_A3)
[2018.06.15-18.19.26:218][270]LogEditorViewport: Clicking on Actor (CTRL LMB): StaticMeshActor (Closebox21)
[2018.06.15-18.19.26:925][306]LogEditorViewport: Clicking on Actor (CTRL LMB): StaticMeshActor (Closebox2)
[2018.06.15-18.19.27:146][315]LogEditorViewport: Clicking on Actor (CTRL LMB): StaticMeshActor (SM_Chairs_A3)
[2018.06.15-18.19.28:950][409]LogEditorViewport: Clicking on Actor (CTRL LMB): StaticMeshActor (Closebox3)
[2018.06.15-18.19.36:740][833]LogEditorViewport: Clicking on Actor (CTRL LMB): StaticMeshActor (SM_Chairs_A1)
[2018.06.15-18.19.42:046][124]LogEditorViewport: Clicking on Actor (CTRL LMB): StaticMeshActor (Closebox22)
[2018.06.15-18.19.43:551][203]LogEditorViewport: Clicking on Actor (CTRL LMB): StaticMeshActor (Closebox6)
[2018.06.15-18.19.43:933][221]LogEditorViewport: Clicking on Actor (CTRL LMB): StaticMeshActor (Closebox18)
[2018.06.15-18.19.44:396][243]LogEditorViewport: Clicking on Actor (CTRL LMB): StaticMeshActor (Closebox19)
[2018.06.15-18.19.49:380][515]Cmd: TRANSACTION UNDO
[2018.06.15-18.19.49:380][515]LogEditorTransaction: Undo 자손 추가
[2018.06.15-18.19.49:401][515]LogActorComponent: ~FComponentReregisterContext: (/Game/TopDownBP/Maps/Day1.Day1:PersistentLevel.shelf5_59.StaticMeshComponent0) Component already registered.
[2018.06.15-18.19.49:402][515]LogActorComponent: ~FComponentReregisterContext: (/Game/TopDownBP/Maps/Day1.Day1:PersistentLevel.SM_Chairs_C15_79.StaticMeshComponent0) Component already registered.
[2018.06.15-18.19.49:403][515]LogActorComponent: ~FComponentReregisterContext: (/Game/TopDownBP/Maps/Day1.Day1:PersistentLevel.Closebox20.StaticMeshComponent0) Component already registered.
[2018.06.15-18.19.49:403][515]LogActorComponent: ~FComponentReregisterContext: (/Game/TopDownBP/Maps/Day1.Day1:PersistentLevel.Closebox21.StaticMeshComponent0) Component already registered.
[2018.06.15-18.19.49:417][515]LogSlate: Took 0.000190 seconds to synchronously load lazily loaded font '../../../Engine/Content/Slate/Fonts/Roboto-Light.ttf' (159K)
[2018.06.15-18.19.52:489][680]LogEditorViewport: Clicking on Actor (LMB): StaticMeshActor (SM_Wall_405)
[2018.06.15-18.19.53:409][727]LogEditorViewport: Clicking on Actor (LMB): StaticMeshActor (shelf9)
[2018.06.15-18.19.54:912][800]LogEditorViewport: Clicking on Actor (LMB): StaticMeshActor (shelf7)
[2018.06.15-18.19.55:789][847]LogEditorViewport: Clicking on Actor (LMB): StaticMeshActor (Closebox6)
[2018.06.15-18.19.56:992][912]LogEditorViewport: Clicking on Actor (CTRL LMB): StaticMeshActor (Closebox18)
[2018.06.15-18.19.57:373][930]LogEditorViewport: Clicking on Actor (CTRL LMB): StaticMeshActor (Closebox19)
[2018.06.15-18.19.58:291][979]LogEditorViewport: Clicking on Actor (CTRL LMB): StaticMeshActor (Closebox22)
[2018.06.15-18.20.04:170][304]LogEditorViewport: Clicking on Actor (LMB): StaticMeshActor (shelf6)
[2018.06.15-18.20.04:797][328]LogEditorViewport: Clicking on Actor (LMB): StaticMeshActor (shelf8)
[2018.06.15-18.20.06:550][417]LogEditorViewport: Clicking on Actor (LMB): StaticMeshActor (shelf10)
[2018.06.15-18.20.07:288][457]LogEditorViewport: Clicking on Actor (LMB): StaticMeshActor (shelf6)
[2018.06.15-18.20.08:745][538]LogEditorViewport: Clicking on Actor (LMB): StaticMeshActor (SM_Chairs_A3)
[2018.06.15-18.20.10:145][615]LogEditorViewport: Clicking on Actor (LMB): StaticMeshActor (SM_Chairs_A1)
[2018.06.15-18.20.11:296][674]LogEditorViewport: Clicking on Actor (LMB): StaticMeshActor (SM_Chairs_C15)
[2018.06.15-18.20.11:633][688]LogEditorViewport: Clicking on Actor (LMB): StaticMeshActor (SM_Chairs_C13)
[2018.06.15-18.20.12:111][713]LogEditorViewport: Clicking on Actor (LMB): StaticMeshActor (SM_Chairs_C12)
[2018.06.15-18.20.13:066][767]LogEditorViewport: Clicking on Actor (CTRL LMB): StaticMeshActor (SM_Chairs_C13)
[2018.06.15-18.20.13:376][783]LogEditorViewport: Clicking on Actor (CTRL LMB): StaticMeshActor (SM_Chairs_C15)
[2018.06.15-18.20.13:739][801]LogEditorViewport: Clicking on Actor (CTRL LMB): StaticMeshActor (SM_Chairs_A1)
[2018.06.15-18.20.14:545][845]LogEditorViewport: Clicking on Actor (CTRL LMB): StaticMeshActor (Plane2)
[2018.06.15-18.20.15:777][910]LogEditorViewport: Clicking on Actor (CTRL LMB): StaticMeshActor (SM_Chairs_A3)
[2018.06.15-18.20.18:758][ 84]LogEditorViewport: Clicking on Actor (LMB): StaticMeshActor (Closebox20)
[2018.06.15-18.20.20:819][192]LogEditorViewport: Clicking on Actor (CTRL LMB): StaticMeshActor (Closebox)
[2018.06.15-18.20.21:067][204]LogEditorViewport: Clicking on Actor (CTRL LMB): StaticMeshActor (Closebox2)
[2018.06.15-18.20.21:453][223]LogEditorViewport: Clicking on Actor (CTRL LMB): StaticMeshActor (Closebox21)
[2018.06.15-18.20.21:922][247]LogEditorViewport: Clicking on Actor (CTRL LMB): StaticMeshActor (Closebox3)
[2018.06.15-18.20.29:121][655]LogEditorViewport: Clicking on Actor (LMB): StaticMeshActor (Waterdispenser)
[2018.06.15-18.20.31:618][782]LogEditorViewport: Clicking on Actor (CTRL LMB): TrashCan_C (TrashCan)
[2018.06.15-18.20.31:982][801]LogEditorViewport: Clicking on Actor (CTRL LMB): StaticMeshActor (Vandimgmachine)
[2018.06.15-18.20.36:794][ 75]LogEditorViewport: Clicking on Actor (LMB): StaticMeshActor (SM_Wall_401)
[2018.06.15-18.20.37:428][102]LogEditorViewport: Clicking on Actor (LMB): 유리문스위치_가로_C (1F_유리문스위치2)
[2018.06.15-18.20.41:478][327]LogEditorViewport: Clicking on Actor (LMB): StaticMeshActor (유리문 프레임9)
[2018.06.15-18.20.46:566][637]LogEditorViewport: Clicking on Actor (LMB): StaticMeshActor (Trash)
[2018.06.15-18.20.56:604][223]LogEditorViewport: Clicking on Actor (LMB): 1F계단_C (1F계단)
[2018.06.15-18.21.04:625][690]LogEditorViewport: Clicking on Actor (LMB): BP_반층_C (BP_반층)
[2018.06.15-18.21.09:857][  6]LogEditorViewport: Clicking on Actor (LMB): 2F계단_C (2F계단)
[2018.06.15-18.21.15:982][354]LogEditorViewport: Clicking on Actor (LMB): StaticMeshActor (SM_Wall_812)
[2018.06.15-18.21.22:426][752]LogEditorViewport: Clicking on Actor (LMB): StaticMeshActor (SM_Wall_Corner_A_212)
[2018.06.15-18.21.23:232][797]LogEditorViewport: Clicking on Actor (LMB): StaticMeshActor (SM_Wall_202)
[2018.06.15-18.21.24:405][864]LogEditorViewport: Clicking on Actor (LMB): StaticMeshActor (Exit)
[2018.06.15-18.21.27:313][ 16]LogEditorViewport: Clicking on Actor (LMB): PointLight (PointLight)
[2018.06.15-18.21.29:956][168]LogEditorViewport: Clicking on Actor (LMB): StaticMeshActor (SM_Wall_811)
[2018.06.15-18.21.31:237][241]LogEditorViewport: Clicking on Actor (LMB): StaticMeshActor (SM_Wall_Corner_A_208)
[2018.06.15-18.21.33:527][362]LogEditorViewport: Clicking on Actor (LMB): StaticMeshActor (SM_Wall_Window_B_401)
[2018.06.15-18.21.34:631][424]LogEditorViewport: Clicking on Actor (LMB): StaticMeshActor (SM_Wall_206)
[2018.06.15-18.21.35:700][484]LogEditorViewport: Clicking on Actor (LMB): StaticMeshActor (Exit2)
[2018.06.15-18.21.42:643][887]LogEditorViewport: Clicking on Actor (LMB): PointLight (PointLight3)
[2018.06.15-18.21.50:143][323]LogEditorViewport: Clicking on Actor (LMB): StaticMeshActor (plant_6)
[2018.06.15-18.21.52:091][427]LogEditorViewport: Clicking on Actor (LMB): TrashCan_C (TrashCan)
[2018.06.15-18.21.54:631][566]LogEditorViewport: Clicking on Actor (LMB): StaticMeshActor (SM_Wall_406)
[2018.06.15-18.22.01:069][925]LogEditorViewport: Clicking on Actor (LMB): StaticMeshActor (SM_Wall_804)
[2018.06.15-18.22.02:690][ 11]LogEditorViewport: Clicking on Actor (LMB): StaticMeshActor (SM_Wall_401)
[2018.06.15-18.22.14:536][710]LogEditorViewport: Clicking on Actor (LMB): StaticMeshActor (toilet)
[2018.06.15-18.22.15:548][763]LogEditorViewport: Clicking on Actor (LMB): StaticMeshActor (toilet2)
[2018.06.15-18.22.16:854][838]LogEditorViewport: Clicking on Actor (LMB): StaticMeshActor (bucket)
[2018.06.15-18.22.17:618][881]LogEditorViewport: Clicking on Actor (LMB): StaticMeshActor (mop)
[2018.06.15-18.22.18:220][914]LogEditorViewport: Clicking on Actor (LMB): StaticMeshActor (broom)
[2018.06.15-18.22.21:224][ 71]LogEditorViewport: Clicking on Actor (LMB): StaticMeshActor (SM_Mirror_A1)
[2018.06.15-18.22.22:470][138]LogEditorViewport: Clicking on Actor (LMB): 라이트스위치_C (1F_화장실라이트스위치)
[2018.06.15-18.22.26:854][397]LogEditorViewport: Clicking on Actor (LMB): StaticMeshActor (SM_Wall_216)
[2018.06.15-18.22.33:200][780]LogEditorViewport: Clicking on Actor (CTRL LMB): StaticMeshActor (SM_DoorFrame_B_200)
[2018.06.15-18.22.34:029][818]LogEditorViewport: Clicking on Actor (CTRL LMB): StaticMeshActor (SM_Wall_Corner_A_223)
[2018.06.15-18.22.37:784][ 29]LogEditorViewport: Clicking on Actor (LMB): StaticMeshActor (SM_Wall_804)
[2018.06.15-18.22.40:882][188]LogEditorViewport: Clicking on Actor (LMB): BP_Roof_C (1F_화장실천장)
[2018.06.15-18.22.52:807][856]LogEditorViewport: Clicking on Actor (LMB): StaticMeshActor (SM_ReceptionTable_A)
[2018.06.15-18.22.54:558][950]LogEditorViewport: Clicking on Actor (LMB): StaticMeshActor (1Floor)
[2018.06.15-18.22.54:989][973]LogEditorViewport: Clicking on Actor (LMB): StaticMeshActor (SM_Chairs_C1)
[2018.06.15-18.22.57:629][157]LogEditorViewport: Clicking on Actor (LMB): StaticMeshActor (SM_Chairs_C5)
[2018.06.15-18.23.03:999][503]LogEditorViewport: Clicking on Actor (LMB): 2F계단_C (2F계단)
[2018.06.15-18.23.05:183][565]LogEditorViewport: Clicking on Actor (LMB): StaticMeshActor (2Floor2)
[2018.06.15-18.23.10:762][890]LogEditorViewport: Clicking on Actor (LMB): StaticMeshActor (Plane6)
[2018.06.15-18.23.14:926][105]LogEditorViewport: Clicking on Actor (CTRL LMB): StaticMeshActor (Plane7)
[2018.06.15-18.23.17:466][233]LogEditorViewport: Clicking on Actor (CTRL LMB): StaticMeshActor (Plane8)
[2018.06.15-18.23.20:362][384]LogEditorViewport: Clicking on Actor (CTRL LMB): StaticMeshActor (Plane9)
[2018.06.15-18.23.26:931][754]LogEditorViewport: Clicking on Actor (LMB): StaticMeshActor (2Floor)
[2018.06.15-18.23.34:298][143]LogEditorViewport: Clicking Background
[2018.06.15-18.23.34:456][149]Cmd: OBJ SAVEPACKAGE PACKAGE="/Game/TopDownBP/Maps/Day1" FILE="../../../../../../Users/user/Documents/GitHub/SecurityGame/Content/TopDownBP/Maps/Day1.umap" SILENT=true AUTOSAVING=false KEEPDIRTY=false
[2018.06.15-18.23.35:465][149]LogSavePackage: Save=977.02ms
[2018.06.15-18.23.35:465][149]LogSavePackage: Moving '../../../../../../Users/user/Documents/GitHub/SecurityGame/Saved/Day12BD3FACB45D0F326DC401484216C8FF9.tmp' to '../../../../../../Users/user/Documents/GitHub/SecurityGame/Content/TopDownBP/Maps/Day1.umap'
[2018.06.15-18.23.35:469][149]LogSavePackage: Display: Finished SavePackage ../../../../../../Users/user/Documents/GitHub/SecurityGame/Content/TopDownBP/Maps/Day1.umap
[2018.06.15-18.23.35:506][149]Cmd: OBJ SAVEPACKAGE PACKAGE="/Game/TopDownBP/Maps/Day1_BuiltData" FILE="../../../../../../Users/user/Documents/GitHub/SecurityGame/Content/TopDownBP/Maps/Day1_BuiltData.uasset" SILENT=true
[2018.06.15-18.23.36:613][149]LogSlate: Took 0.000128 seconds to synchronously load lazily loaded font '../../../Engine/Content/Slate/Fonts/Roboto-Regular.ttf' (155K)
[2018.06.15-18.23.37:246][149]LogSavePackage: Save=1692.84ms
[2018.06.15-18.23.37:246][149]LogSavePackage: Moving '../../../../../../Users/user/Documents/GitHub/SecurityGame/Saved/Day1_BuiltDataCE282F11475A94336B13819D4FA002E2.tmp' to '../../../../../../Users/user/Documents/GitHub/SecurityGame/Content/TopDownBP/Maps/Day1_BuiltData.uasset'
[2018.06.15-18.23.37:252][149]LogSavePackage: Display: Finished SavePackage ../../../../../../Users/user/Documents/GitHub/SecurityGame/Content/TopDownBP/Maps/Day1_BuiltData.uasset
[2018.06.15-18.23.37:965][165]Cmd: QUIT_EDITOR
[2018.06.15-18.23.38:772][165]LogWindowsTextInputMethodSystem: Display: IME system now activated using TSF (Microsoft 입력기).
[2018.06.15-18.23.38:781][165]LogExit: Preparing to exit.
[2018.06.15-18.23.38:913][165]LogDirectoryWatcher: A directory notification for 'C:/Users/user/Documents/GitHub/SecurityGame/Content/' was aborted.
[2018.06.15-18.23.38:953][165]LogExit: Editor shut down
[2018.06.15-18.23.38:956][165]LogExit: Transaction tracking system shut down
[2018.06.15-18.23.39:168][165]LogDirectoryWatcher: A directory notification for '../../../Engine/Content/' was aborted.
[2018.06.15-18.23.39:168][165]LogDirectoryWatcher: A directory notification for '../../../../../../Users/user/Documents/GitHub/SecurityGame/Content/' was aborted.
[2018.06.15-18.23.39:168][165]LogDirectoryWatcher: A directory notification for '../../../Engine/Plugins/2D/Paper2D/Content/' was aborted.
[2018.06.15-18.23.39:168][165]LogDirectoryWatcher: A directory notification for '../../../Engine/Plugins/Media/MediaCompositing/Content/' was aborted.
[2018.06.15-18.23.39:168][165]LogDirectoryWatcher: A directory notification for '../../../Engine/Plugins/Runtime/AppleARKit/Content/' was aborted.
[2018.06.15-18.23.39:169][165]LogDirectoryWatcher: A directory notification for '../../../Engine/Plugins/Runtime/Oculus/OculusVR/Content/' was aborted.
[2018.06.15-18.23.39:169][165]LogDirectoryWatcher: A directory notification for '../../../Engine/Plugins/Runtime/Steam/SteamVR/Content/' was aborted.
[2018.06.15-18.23.39:261][165]LogExit: Object subsystem successfully closed.
[2018.06.15-18.23.39:283][165]LogD3D11RHI: Shutdown
[2018.06.15-18.23.39:283][165]LogD3D11RHI: CleanupD3DDevice
[2018.06.15-18.23.39:285][165]LogD3D11RHI: ~FD3D11DynamicRHI
[2018.06.15-18.23.39:301][165]LogModuleManager: Shutting down and abandoning module BlueprintGraph (552)
[2018.06.15-18.23.39:301][165]LogModuleManager: Shutting down and abandoning module MovieSceneCapture (550)
[2018.06.15-18.23.39:301][165]LogModuleManager: Shutting down and abandoning module HierarchicalLODOutliner (548)
[2018.06.15-18.23.39:301][165]LogModuleManager: Shutting down and abandoning module SceneOutliner (546)
[2018.06.15-18.23.39:301][165]LogModuleManager: Shutting down and abandoning module AddContentDialog (544)
[2018.06.15-18.23.39:302][165]LogDirectoryWatcher: A directory notification for 'C:/Program Files/Epic Games/UE_4.18/FeaturePacks/' was aborted.
[2018.06.15-18.23.39:302][165]LogModuleManager: Shutting down and abandoning module WidgetCarousel (543)
[2018.06.15-18.23.39:302][165]LogModuleManager: Shutting down and abandoning module EditorWidgets (540)
[2018.06.15-18.23.39:302][165]LogModuleManager: Shutting down and abandoning module CollectionManager (538)
[2018.06.15-18.23.39:302][165]LogDirectoryWatcher: A directory notification for 'C:/Users/user/Documents/GitHub/SecurityGame/Content/Collections/' was aborted.
[2018.06.15-18.23.39:302][165]LogDirectoryWatcher: A directory notification for 'C:/Users/user/Documents/GitHub/SecurityGame/Content/Developers/user/Collections/' was aborted.
[2018.06.15-18.23.39:302][165]LogDirectoryWatcher: A directory notification for 'C:/Users/user/Documents/GitHub/SecurityGame/Saved/Collections/' was aborted.
[2018.06.15-18.23.39:302][165]LogModuleManager: Shutting down and abandoning module StatsViewer (536)
[2018.06.15-18.23.39:302][165]LogModuleManager: Shutting down and abandoning module FoliageEdit (534)
[2018.06.15-18.23.39:303][165]LogModuleManager: Shutting down and abandoning module LandscapeEditor (532)
[2018.06.15-18.23.39:303][165]LogModuleManager: Shutting down and abandoning module MeshPaintMode (530)
[2018.06.15-18.23.39:303][165]LogModuleManager: Shutting down and abandoning module SceneDepthPickerMode (528)
[2018.06.15-18.23.39:303][165]LogModuleManager: Shutting down and abandoning module ActorPickerMode (526)
[2018.06.15-18.23.39:303][165]LogModuleManager: Shutting down and abandoning module GeometryMode (524)
[2018.06.15-18.23.39:303][165]LogModuleManager: Shutting down and abandoning module TextureAlignMode (522)
[2018.06.15-18.23.39:303][165]LogModuleManager: Shutting down and abandoning module BspMode (520)
[2018.06.15-18.23.39:303][165]LogModuleManager: Shutting down and abandoning module PIEPreviewDeviceProfileSelector (518)
[2018.06.15-18.23.39:303][165]LogModuleManager: Shutting down and abandoning module HardwareSurvey (516)
[2018.06.15-18.23.39:303][165]LogModuleManager: Shutting down and abandoning module SequenceRecorderSections (514)
[2018.06.15-18.23.39:303][165]LogModuleManager: Shutting down and abandoning module AutomationWorker (512)
[2018.06.15-18.23.39:303][165]LogModuleManager: Shutting down and abandoning module MatineeToLevelSequence (510)
[2018.06.15-18.23.39:303][165]LogModuleManager: Shutting down and abandoning module LevelSequenceEditor (508)
[2018.06.15-18.23.39:303][165]LogModuleManager: Shutting down and abandoning module PlacementMode (507)
[2018.06.15-18.23.39:303][165]LogModuleManager: Shutting down and abandoning module WmfMediaFactory (504)
[2018.06.15-18.23.39:303][165]LogModuleManager: Shutting down and abandoning module WmfMediaEditor (502)
[2018.06.15-18.23.39:303][165]LogModuleManager: Shutting down and abandoning module OpenExrWrapper (500)
[2018.06.15-18.23.39:303][165]LogModuleManager: Shutting down and abandoning module ImgMediaFactory (498)
[2018.06.15-18.23.39:303][165]LogModuleManager: Shutting down and abandoning module ImgMediaEditor (496)
[2018.06.15-18.23.39:303][165]LogModuleManager: Shutting down and abandoning module AvfMediaFactory (494)
[2018.06.15-18.23.39:303][165]LogModuleManager: Shutting down and abandoning module AvfMediaEditor (492)
[2018.06.15-18.23.39:303][165]LogModuleManager: Shutting down and abandoning module AndroidMediaFactory (490)
[2018.06.15-18.23.39:303][165]LogModuleManager: Shutting down and abandoning module AndroidMediaEditor (488)
[2018.06.15-18.23.39:303][165]LogModuleManager: Shutting down and abandoning module CharacterAI (486)
[2018.06.15-18.23.39:303][165]LogModuleManager: Shutting down and abandoning module AudioCapture (484)
[2018.06.15-18.23.39:303][165]LogModuleManager: Shutting down and abandoning module SequenceRecorder (483)
[2018.06.15-18.23.39:303][165]LogModuleManager: Shutting down and abandoning module SmartSnapping (480)
[2018.06.15-18.23.39:303][165]LogModuleManager: Shutting down and abandoning module SessionServices (478)
[2018.06.15-18.23.39:303][165]LogModuleManager: Shutting down and abandoning module ViewportSnapping (476)
[2018.06.15-18.23.39:303][165]LogModuleManager: Shutting down and abandoning module ViewportInteraction (474)
[2018.06.15-18.23.39:303][165]LogModuleManager: Shutting down and abandoning module ClothPainter (472)
[2018.06.15-18.23.39:303][165]LogModuleManager: Shutting down and abandoning module SkeletalMeshEditor (471)
[2018.06.15-18.23.39:303][165]LogModuleManager: Shutting down and abandoning module LogVisualizer (468)
[2018.06.15-18.23.39:303][165]LogModuleManager: Shutting down and abandoning module IntroTutorials (466)
[2018.06.15-18.23.39:303][165]LogModuleManager: Shutting down and abandoning module GameProjectGeneration (465)
[2018.06.15-18.23.39:303][165]LogModuleManager: Shutting down and abandoning module IOSPlatformEditor (462)
[2018.06.15-18.23.39:303][165]LogModuleManager: Shutting down and abandoning module HTML5PlatformEditor (460)
[2018.06.15-18.23.39:303][165]LogModuleManager: Shutting down and abandoning module AndroidPlatformEditor (458)
[2018.06.15-18.23.39:303][165]LogModuleManager: Shutting down and abandoning module AndroidDeviceDetection (457)
[2018.06.15-18.23.40:082][165]LogModuleManager: Shutting down and abandoning module WindowsPlatformEditor (454)
[2018.06.15-18.23.40:082][165]LogModuleManager: Shutting down and abandoning module IOSRuntimeSettings (452)
[2018.06.15-18.23.40:082][165]LogModuleManager: Shutting down and abandoning module AndroidRuntimeSettings (450)
[2018.06.15-18.23.40:082][165]LogModuleManager: Shutting down and abandoning module InputBindingEditor (448)
[2018.06.15-18.23.40:082][165]LogModuleManager: Shutting down and abandoning module MergeActors (446)
[2018.06.15-18.23.40:082][165]LogModuleManager: Shutting down and abandoning module SizeMap (444)
[2018.06.15-18.23.40:082][165]LogModuleManager: Shutting down and abandoning module TreeMap (442)
[2018.06.15-18.23.40:082][165]LogModuleManager: Shutting down and abandoning module ReferenceViewer (440)
[2018.06.15-18.23.40:082][165]LogModuleManager: Shutting down and abandoning module LocalizationDashboard (438)
[2018.06.15-18.23.40:082][165]LogModuleManager: Shutting down and abandoning module LocalizationService (437)
[2018.06.15-18.23.40:082][165]LogModuleManager: Shutting down and abandoning module HardwareTargeting (434)
[2018.06.15-18.23.40:082][165]LogModuleManager: Shutting down and abandoning module DeviceProfileEditor (432)
[2018.06.15-18.23.40:082][165]LogModuleManager: Shutting down and abandoning module UndoHistory (430)
[2018.06.15-18.23.40:082][165]LogModuleManager: Shutting down and abandoning module XmlParser (428)
[2018.06.15-18.23.40:082][165]LogModuleManager: Shutting down and abandoning module Blutility (426)
[2018.06.15-18.23.40:082][165]LogModuleManager: Shutting down and abandoning module ProjectSettingsViewer (424)
[2018.06.15-18.23.40:082][165]LogModuleManager: Shutting down and abandoning module ProjectTargetPlatformEditor (423)
[2018.06.15-18.23.40:082][165]LogModuleManager: Shutting down and abandoning module EditorSettingsViewer (420)
[2018.06.15-18.23.40:082][165]LogModuleManager: Shutting down and abandoning module SettingsEditor (418)
[2018.06.15-18.23.40:083][165]LogModuleManager: Shutting down and abandoning module ProjectLauncher (416)
[2018.06.15-18.23.40:083][165]LogModuleManager: Shutting down and abandoning module SessionFrontend (414)
[2018.06.15-18.23.40:083][165]LogModuleManager: Shutting down and abandoning module ProfilerClient (412)
[2018.06.15-18.23.40:083][165]LogModuleManager: Shutting down and abandoning module DeviceManager (410)
[2018.06.15-18.23.40:083][165]LogModuleManager: Shutting down and abandoning module TargetDeviceServices (409)
[2018.06.15-18.23.40:138][165]LogModuleManager: Shutting down and abandoning module AutomationController (406)
[2018.06.15-18.23.40:138][165]LogModuleManager: Shutting down and abandoning module AutomationWindow (404)
[2018.06.15-18.23.40:138][165]LogModuleManager: Shutting down and abandoning module Layers (402)
[2018.06.15-18.23.40:138][165]LogModuleManager: Shutting down and abandoning module ComponentVisualizers (400)
[2018.06.15-18.23.40:138][165]LogModuleManager: Shutting down and abandoning module DetailCustomizations (398)
[2018.06.15-18.23.40:138][165]LogModuleManager: Shutting down and abandoning module PackagesDialog (396)
[2018.06.15-18.23.40:138][165]LogModuleManager: Shutting down and abandoning module Persona (394)
[2018.06.15-18.23.40:138][165]LogModuleManager: Shutting down and abandoning module AdvancedPreviewScene (393)
[2018.06.15-18.23.40:138][165]LogModuleManager: Shutting down and abandoning module AnimGraph (391)
[2018.06.15-18.23.40:138][165]LogModuleManager: Shutting down and abandoning module Kismet (388)
[2018.06.15-18.23.40:144][165]LogModuleManager: Shutting down and abandoning module ClassViewer (386)
[2018.06.15-18.23.40:144][165]LogModuleManager: Shutting down and abandoning module Toolbox (384)
[2018.06.15-18.23.40:144][165]LogModuleManager: Shutting down and abandoning module ModuleUI (382)
[2018.06.15-18.23.40:144][165]LogModuleManager: Shutting down and abandoning module MovieSceneTools (380)
[2018.06.15-18.23.40:144][165]LogModuleManager: Shutting down and abandoning module OutputLog (378)
[2018.06.15-18.23.40:144][165]LogModuleManager: Shutting down and abandoning module GammaUI (376)
[2018.06.15-18.23.40:144][165]LogModuleManager: Shutting down and abandoning module Documentation (374)
[2018.06.15-18.23.40:144][165]LogModuleManager: Shutting down and abandoning module MovieSceneTracks (372)
[2018.06.15-18.23.40:144][165]LogModuleManager: Shutting down and abandoning module MovieScene (370)
[2018.06.15-18.23.40:144][165]LogModuleManager: Shutting down and abandoning module StreamingPauseRendering (368)
[2018.06.15-18.23.40:144][165]LogModuleManager: Shutting down and abandoning module LauncherPlatform (366)
[2018.06.15-18.23.40:144][165]LogModuleManager: Shutting down and abandoning module AnalyticsET (364)
[2018.06.15-18.23.40:144][165]LogModuleManager: Shutting down and abandoning module PortalServices (362)
[2018.06.15-18.23.40:144][165]LogModuleManager: Shutting down and abandoning module PortalRpc (360)
[2018.06.15-18.23.40:144][165]LogModuleManager: Shutting down and abandoning module MessagingRpc (358)
[2018.06.15-18.23.40:144][165]LogModuleManager: Shutting down and abandoning module AIModule (356)
[2018.06.15-18.23.40:144][165]LogModuleManager: Shutting down and abandoning module GameplayDebugger (355)
[2018.06.15-18.23.40:144][165]LogModuleManager: Shutting down and abandoning module AITestSuite (353)
[2018.06.15-18.23.40:144][165]LogModuleManager: Shutting down and abandoning module DesktopPlatform (350)
[2018.06.15-18.23.40:144][165]LogModuleManager: Shutting down and abandoning module ProfilerService (348)
[2018.06.15-18.23.40:316][165]LogModuleManager: Shutting down and abandoning module TaskGraph (346)
[2018.06.15-18.23.40:316][165]LogModuleManager: Shutting down and abandoning module SteamVRController (344)
[2018.06.15-18.23.40:316][165]LogModuleManager: Shutting down and abandoning module ProceduralMeshComponentEditor (342)
[2018.06.15-18.23.40:316][165]LogModuleManager: Shutting down and abandoning module ProceduralMeshComponent (340)
[2018.06.15-18.23.40:316][165]LogModuleManager: Shutting down and abandoning module OculusInput (338)
[2018.06.15-18.23.40:316][165]LogModuleManager: Shutting down and abandoning module MobilePatchingUtils (336)
[2018.06.15-18.23.40:316][165]LogModuleManager: Shutting down and abandoning module CustomMeshComponent (334)
[2018.06.15-18.23.40:316][165]LogModuleManager: Shutting down and abandoning module CableComponent (332)
[2018.06.15-18.23.40:316][165]LogModuleManager: Shutting down and abandoning module ArchVisCharacter (330)
[2018.06.15-18.23.40:316][165]LogModuleManager: Shutting down and abandoning module AndroidPermission (328)
[2018.06.15-18.23.40:316][165]LogModuleManager: Shutting down and abandoning module ActorSequence (324)
[2018.06.15-18.23.40:316][165]LogModuleManager: Shutting down and abandoning module MediaPlayerEditor (322)
[2018.06.15-18.23.40:316][165]LogModuleManager: Shutting down and abandoning module MediaCompositingEditor (320)
[2018.06.15-18.23.40:316][165]LogModuleManager: Shutting down and abandoning module MediaCompositing (318)
[2018.06.15-18.23.40:316][165]LogModuleManager: Shutting down and abandoning module HTML5Networking (316)
[2018.06.15-18.23.40:316][165]LogModuleManager: Shutting down and abandoning module AlembicImporter (314)
[2018.06.15-18.23.40:316][165]LogModuleManager: Shutting down and abandoning module AlembicLibrary (313)
[2018.06.15-18.23.40:316][165]LogModuleManager: Shutting down and abandoning module GeometryCache (312)
[2018.06.15-18.23.40:316][165]LogModuleManager: Shutting down and abandoning module GeometryCacheEd (311)
[2018.06.15-18.23.40:316][165]LogModuleManager: Shutting down and abandoning module SpeedTreeImporter (306)
[2018.06.15-18.23.40:316][165]LogModuleManager: Shutting down and abandoning module PluginBrowser (304)
[2018.06.15-18.23.40:316][165]LogModuleManager: Shutting down and abandoning module MobileLauncherProfileWizard (302)
[2018.06.15-18.23.40:316][165]LogModuleManager: Shutting down and abandoning module VisualStudioSourceCodeAccess (300)
[2018.06.15-18.23.40:317][165]LogModuleManager: Shutting down and abandoning module VisualStudioCodeSourceCodeAccess (298)
[2018.06.15-18.23.40:317][165]LogModuleManager: Shutting down and abandoning module UObjectPlugin (296)
[2018.06.15-18.23.40:317][165]LogModuleManager: Shutting down and abandoning module SubversionSourceControl (294)
[2018.06.15-18.23.40:317][165]LogModuleManager: Shutting down and abandoning module PerforceSourceControl (292)
[2018.06.15-18.23.40:317][165]LogModuleManager: Shutting down and abandoning module GitSourceControl (290)
[2018.06.15-18.23.40:317][165]LogModuleManager: Shutting down and abandoning module SourceControl (289)
[2018.06.15-18.23.40:317][165]LogModuleManager: Shutting down and abandoning module LightPropagationVolumeEditor (286)
[2018.06.15-18.23.40:317][165]LogModuleManager: Shutting down and abandoning module PaperTiledImporter (284)
[2018.06.15-18.23.40:317][165]LogModuleManager: Shutting down and abandoning module PaperSpriteSheetImporter (282)
[2018.06.15-18.23.40:317][165]LogModuleManager: Shutting down and abandoning module Paper2DEditor (280)
[2018.06.15-18.23.40:317][165]LogModuleManager: Shutting down and abandoning module MeshPaint (279)
[2018.06.15-18.23.40:317][165]LogModuleManager: Shutting down and abandoning module LevelEditor (277)
[2018.06.15-18.23.40:317][165]LogModuleManager: Shutting down and abandoning module PixelInspectorModule (276)
[2018.06.15-18.23.40:317][165]LogModuleManager: Shutting down and abandoning module MainFrame (274)
[2018.06.15-18.23.40:317][165]LogModuleManager: Shutting down and abandoning module HotReload (273)
[2018.06.15-18.23.40:318][165]LogModuleManager: Shutting down and abandoning module RuntimePhysXCooking (268)
[2018.06.15-18.23.40:318][165]LogModuleManager: Shutting down and abandoning module PhysXVehiclesEditor (266)
[2018.06.15-18.23.40:318][165]LogModuleManager: Shutting down and abandoning module PhysXVehicles (264)
[2018.06.15-18.23.40:318][165]LogModuleManager: Shutting down and abandoning module OculusEditor (262)
[2018.06.15-18.23.40:318][165]LogModuleManager: Shutting down and abandoning module LocationServicesBPLibrary (260)
[2018.06.15-18.23.40:318][165]LogModuleManager: Shutting down and abandoning module ImmediatePhysicsEditor (258)
[2018.06.15-18.23.40:318][165]LogModuleManager: Shutting down and abandoning module ImmediatePhysics (256)
[2018.06.15-18.23.40:318][165]LogModuleManager: Shutting down and abandoning module UdpMessaging (254)
[2018.06.15-18.23.40:419][165]LogModuleManager: Shutting down and abandoning module TcpMessaging (252)
[2018.06.15-18.23.40:520][165]LogModuleManager: Shutting down and abandoning module GameplayTagsEditor (250)
[2018.06.15-18.23.40:520][165]LogModuleManager: Shutting down and abandoning module FacialAnimationEditor (248)
[2018.06.15-18.23.40:520][165]LogModuleManager: Shutting down and abandoning module FacialAnimation (246)
[2018.06.15-18.23.40:520][165]LogModuleManager: Shutting down and abandoning module AssetManagerEditor (244)
[2018.06.15-18.23.40:520][165]LogModuleManager: Shutting down and abandoning module GraphEditor (243)
[2018.06.15-18.23.40:520][165]LogModuleManager: Shutting down and abandoning module ContentBrowser (241)
[2018.06.15-18.23.40:520][165]LogModuleManager: Shutting down and abandoning module LightPropagationVolumeRuntime (238)
[2018.06.15-18.23.40:520][165]LogModuleManager: Shutting down and abandoning module Paper2D (236)
[2018.06.15-18.23.40:520][165]LogModuleManager: Shutting down and abandoning module WindowsMoviePlayer (234)
[2018.06.15-18.23.40:521][165]LogModuleManager: Shutting down and abandoning module WmfMedia (232)
[2018.06.15-18.23.40:522][165]LogModuleManager: Shutting down and abandoning module ImgMedia (230)
[2018.06.15-18.23.40:522][165]LogModuleManager: Shutting down and abandoning module PacketHandler (228)
[2018.06.15-18.23.40:522][165]LogModuleManager: Shutting down and abandoning module ClothingSystemEditor (226)
[2018.06.15-18.23.40:522][165]LogModuleManager: Shutting down and abandoning module ClothingSystemRuntime (224)
[2018.06.15-18.23.40:522][165]LogModuleManager: Shutting down and abandoning module MediaAssets (222)
[2018.06.15-18.23.40:522][165]LogModuleManager: Shutting down and abandoning module Media (221)
[2018.06.15-18.23.40:527][165]LogModuleManager: Shutting down and abandoning module Overlay (218)
[2018.06.15-18.23.40:527][165]LogModuleManager: Shutting down and abandoning module OverlayEditor (217)
[2018.06.15-18.23.40:527][165]LogModuleManager: Shutting down and abandoning module VREditor (214)
[2018.06.15-18.23.40:527][165]LogModuleManager: Shutting down and abandoning module StringTableEditor (212)
[2018.06.15-18.23.40:527][165]LogModuleManager: Shutting down and abandoning module GameplayTasksEditor (210)
[2018.06.15-18.23.40:527][165]LogModuleManager: Shutting down and abandoning module BehaviorTreeEditor (208)
[2018.06.15-18.23.40:527][165]LogModuleManager: Shutting down and abandoning module FunctionalTesting (206)
[2018.06.15-18.23.40:527][165]LogModuleManager: Shutting down and abandoning module CollisionAnalyzer (204)
[2018.06.15-18.23.40:527][165]LogModuleManager: Shutting down and abandoning module WorkspaceMenuStructure (203)
[2018.06.15-18.23.40:527][165]LogModuleManager: Shutting down and abandoning module UMG (200)
[2018.06.15-18.23.40:527][165]LogModuleManager: Shutting down and abandoning module UMGEditor (199)
[2018.06.15-18.23.40:527][165]LogModuleManager: Shutting down and abandoning module Sequencer (198)
[2018.06.15-18.23.40:527][165]LogModuleManager: Shutting down and abandoning module MessageLog (195)
[2018.06.15-18.23.40:527][165]LogModuleManager: Shutting down and abandoning module SlateReflector (190)
[2018.06.15-18.23.40:527][165]LogModuleManager: Shutting down and abandoning module Slate (188)
[2018.06.15-18.23.40:527][165]LogModuleManager: Shutting down and abandoning module EditorStyle (186)
[2018.06.15-18.23.40:529][165]LogModuleManager: Shutting down and abandoning module MRMesh (184)
[2018.06.15-18.23.40:529][165]LogModuleManager: Shutting down and abandoning module SourceCodeAccess (182)
[2018.06.15-18.23.40:529][165]LogModuleManager: Shutting down and abandoning module HeadMountedDisplay (180)
[2018.06.15-18.23.40:529][165]LogModuleManager: Shutting down and abandoning module XAudio2 (178)
[2018.06.15-18.23.40:529][165]LogModuleManager: Shutting down and abandoning module Networking (176)
[2018.06.15-18.23.40:529][165]LogModuleManager: Shutting down and abandoning module Core (172)
[2018.06.15-18.23.40:529][165]LogModuleManager: Shutting down and abandoning module LevelSequence (168)
[2018.06.15-18.23.40:529][165]LogModuleManager: Shutting down and abandoning module DirectoryWatcher (166)
[2018.06.15-18.23.40:530][165]LogModuleManager: Shutting down and abandoning module KismetCompiler (164)
[2018.06.15-18.23.40:530][165]LogModuleManager: Shutting down and abandoning module MeshUtilities (162)
[2018.06.15-18.23.40:530][165]LogModuleManager: Shutting down and abandoning module MeshMergeUtilities (161)
[2018.06.15-18.23.40:530][165]LogModuleManager: Shutting down and abandoning module MeshReductionInterface (160)
[2018.06.15-18.23.40:530][165]LogModuleManager: Shutting down and abandoning module SimplygonSwarm (159)
[2018.06.15-18.23.40:530][165]LogModuleManager: Shutting down and abandoning module SimplygonMeshReduction (157)
[2018.06.15-18.23.40:530][165]LogModuleManager: Shutting down and abandoning module QuadricMeshReduction (155)
[2018.06.15-18.23.40:530][165]LogModuleManager: Shutting down and abandoning module MaterialBaking (151)
[2018.06.15-18.23.40:530][165]LogModuleManager: Shutting down and abandoning module DerivedDataCache (148)
[2018.06.15-18.23.40:581][165]LogDerivedDataCache: Shutdown
[2018.06.15-18.23.40:581][165]LogModuleManager: Shutting down and abandoning module TargetPlatform (146)
[2018.06.15-18.23.40:581][165]LogModuleManager: Shutting down and abandoning module VulkanShaderFormat (145)
[2018.06.15-18.23.40:581][165]LogModuleManager: Shutting down and abandoning module ShaderFormatVectorVM (143)
[2018.06.15-18.23.40:581][165]LogModuleManager: Shutting down and abandoning module ShaderFormatOpenGL (141)
[2018.06.15-18.23.40:581][165]LogModuleManager: Shutting down and abandoning module ShaderFormatD3D (139)
[2018.06.15-18.23.40:581][165]LogModuleManager: Shutting down and abandoning module MetalShaderFormat (137)
[2018.06.15-18.23.40:581][165]LogModuleManager: Shutting down and abandoning module TextureFormatUncompressed (135)
[2018.06.15-18.23.40:581][165]LogModuleManager: Shutting down and abandoning module TextureFormatPVR (133)
[2018.06.15-18.23.40:581][165]LogModuleManager: Shutting down and abandoning module TextureFormatDXT (131)
[2018.06.15-18.23.40:581][165]LogModuleManager: Shutting down and abandoning module TextureFormatIntelISPCTexComp (129)
[2018.06.15-18.23.40:581][165]LogModuleManager: Shutting down and abandoning module TextureFormatASTC (127)
[2018.06.15-18.23.40:581][165]LogModuleManager: Shutting down and abandoning module ImageWrapper (126)
[2018.06.15-18.23.40:581][165]LogModuleManager: Shutting down and abandoning module TextureFormatAndroid (123)
[2018.06.15-18.23.40:581][165]LogModuleManager: Shutting down and abandoning module AudioFormatOpus (121)
[2018.06.15-18.23.40:581][165]LogModuleManager: Shutting down and abandoning module AudioFormatOgg (119)
[2018.06.15-18.23.40:581][165]LogModuleManager: Shutting down and abandoning module AudioFormatADPCM (117)
[2018.06.15-18.23.40:581][165]LogModuleManager: Shutting down and abandoning module LinuxTargetPlatform (115)
[2018.06.15-18.23.40:581][165]LogModuleManager: Shutting down and abandoning module LinuxServerTargetPlatform (113)
[2018.06.15-18.23.40:581][165]LogModuleManager: Shutting down and abandoning module LinuxNoEditorTargetPlatform (111)
[2018.06.15-18.23.40:581][165]LogModuleManager: Shutting down and abandoning module LinuxClientTargetPlatform (109)
[2018.06.15-18.23.40:581][165]LogModuleManager: Shutting down and abandoning module TVOSTargetPlatform (107)
[2018.06.15-18.23.40:581][165]LogModuleManager: Shutting down and abandoning module Messaging (105)
[2018.06.15-18.23.40:581][165]LogModuleManager: Shutting down and abandoning module IOSTargetPlatform (103)
[2018.06.15-18.23.40:582][165]LogModuleManager: Shutting down and abandoning module HTML5TargetPlatform (101)
[2018.06.15-18.23.40:582][165]LogModuleManager: Shutting down and abandoning module AndroidTargetPlatform (99)
[2018.06.15-18.23.40:582][165]LogModuleManager: Shutting down and abandoning module Android_PVRTCTargetPlatform (97)
[2018.06.15-18.23.40:582][165]LogModuleManager: Shutting down and abandoning module Android_MultiTargetPlatform (95)
[2018.06.15-18.23.40:582][165]LogModuleManager: Shutting down and abandoning module Android_ETC2TargetPlatform (93)
[2018.06.15-18.23.40:582][165]LogModuleManager: Shutting down and abandoning module Android_ETC1TargetPlatform (91)
[2018.06.15-18.23.40:582][165]LogModuleManager: Shutting down and abandoning module Android_DXTTargetPlatform (89)
[2018.06.15-18.23.40:582][165]LogModuleManager: Shutting down and abandoning module Android_ATCTargetPlatform (87)
[2018.06.15-18.23.40:582][165]LogModuleManager: Shutting down and abandoning module Android_ASTCTargetPlatform (85)
[2018.06.15-18.23.40:582][165]LogModuleManager: Shutting down and abandoning module WindowsTargetPlatform (83)
[2018.06.15-18.23.40:582][165]LogModuleManager: Shutting down and abandoning module WindowsServerTargetPlatform (81)
[2018.06.15-18.23.40:582][165]LogModuleManager: Shutting down and abandoning module WindowsNoEditorTargetPlatform (79)
[2018.06.15-18.23.40:582][165]LogModuleManager: Shutting down and abandoning module WindowsClientTargetPlatform (77)
[2018.06.15-18.23.40:582][165]LogModuleManager: Shutting down and abandoning module MacTargetPlatform (75)
[2018.06.15-18.23.40:582][165]LogModuleManager: Shutting down and abandoning module MacServerTargetPlatform (73)
[2018.06.15-18.23.40:582][165]LogModuleManager: Shutting down and abandoning module MacNoEditorTargetPlatform (71)
[2018.06.15-18.23.40:582][165]LogModuleManager: Shutting down and abandoning module MacClientTargetPlatform (69)
[2018.06.15-18.23.40:582][165]LogModuleManager: Shutting down and abandoning module AllDesktopTargetPlatform (67)
[2018.06.15-18.23.40:582][165]LogModuleManager: Shutting down and abandoning module InputCore (64)
[2018.06.15-18.23.40:582][165]LogModuleManager: Shutting down and abandoning module Settings (62)
[2018.06.15-18.23.40:582][165]LogModuleManager: Shutting down and abandoning module PhysXCooking (60)
[2018.06.15-18.23.40:582][165]LogModuleManager: Shutting down and abandoning module SteamVR (58)
[2018.06.15-18.23.40:582][165]LogModuleManager: Shutting down and abandoning module OculusHMD (56)
[2018.06.15-18.23.40:582][165]LogModuleManager: Shutting down and abandoning module ExampleDeviceProfileSelector (54)
[2018.06.15-18.23.40:582][165]LogModuleManager: Shutting down and abandoning module AppleARKit (52)
[2018.06.15-18.23.40:582][165]LogModuleManager: Shutting down and abandoning module AugmentedReality (51)
[2018.06.15-18.23.40:582][165]LogModuleManager: Shutting down and abandoning module OnlineBlueprintSupport (48)
[2018.06.15-18.23.40:582][165]LogModuleManager: Shutting down and abandoning module OnlineSubsystem (44)
[2018.06.15-18.23.40:582][165]LogModuleManager: Shutting down and abandoning module XMPP (43)
[2018.06.15-18.23.40:582][165]LogModuleManager: Shutting down and abandoning module HTTP (41)
[2018.06.15-18.23.40:582][165]LogHttp: Display: Http module shutting down, but needs to wait on 1 outstanding Http requests:
[2018.06.15-18.23.40:582][165]LogHttp: Display: 	verb=[POST] url=[https://datarouter.ol.epicgames.com/datarouter/api/v1/public/data?SessionID=%7B1EC5CBAC-4B33-FB08-25EF-B19F3B063D7D%7D&AppID=UEEditor.Rocket.Release&AppVersion=4.18.3-3832480%2B%2B%2BUE4%2BRelease-4.18&UserID=b5a2aad048c5dd91a640ef9c48d8cb5d%7C92e601156b18439c8aaf9522ba7a0171%7C35688319-27be-4d42-a38e-675d2b994995&AppEnvironment=datacollector-binary&UploadType=eteventstream] status=Processing
[2018.06.15-18.23.40:584][165]LogModuleManager: Shutting down and abandoning module SSL (40)
[2018.06.15-18.23.40:585][165]LogModuleManager: Shutting down and abandoning module AnimationModifiers (36)
[2018.06.15-18.23.40:585][165]LogModuleManager: Shutting down and abandoning module PropertyEditor (35)
[2018.06.15-18.23.40:585][165]LogModuleManager: Shutting down and abandoning module AudioEditor (32)
[2018.06.15-18.23.40:585][165]LogModuleManager: Shutting down and abandoning module TextureCompressor (30)
[2018.06.15-18.23.40:585][165]LogModuleManager: Shutting down and abandoning module ShaderCore (28)
[2018.06.15-18.23.40:585][165]LogModuleManager: Shutting down and abandoning module Landscape (26)
[2018.06.15-18.23.40:585][165]LogModuleManager: Shutting down and abandoning module SlateRHIRenderer (24)
[2018.06.15-18.23.40:587][165]LogModuleManager: Shutting down and abandoning module OpenGLDrv (22)
[2018.06.15-18.23.40:587][165]LogModuleManager: Shutting down and abandoning module D3D11RHI (20)
[2018.06.15-18.23.40:587][165]LogModuleManager: Shutting down and abandoning module AnimGraphRuntime (18)
[2018.06.15-18.23.40:587][165]LogModuleManager: Shutting down and abandoning module Renderer (16)
[2018.06.15-18.23.40:587][165]LogModuleManager: Shutting down and abandoning module Engine (14)
[2018.06.15-18.23.40:587][165]LogModuleManager: Shutting down and abandoning module CoreUObject (12)
[2018.06.15-18.23.40:587][165]LogModuleManager: Shutting down and abandoning module NetworkFile (10)
[2018.06.15-18.23.40:587][165]LogModuleManager: Shutting down and abandoning module CookedIterativeFile (8)
[2018.06.15-18.23.40:587][165]LogModuleManager: Shutting down and abandoning module StreamingFile (6)
[2018.06.15-18.23.40:587][165]LogModuleManager: Shutting down and abandoning module SandboxFile (4)
[2018.06.15-18.23.40:587][165]LogModuleManager: Shutting down and abandoning module PakFile (2)
[2018.06.15-18.23.40:591][165]LogExit: Exiting.
[2018.06.15-18.23.40:609][165]Log file closed, 06/16/18 03:23:40
