Log file open, 05/03/18 18:16:40
LogWindows: Failed to load 'aqProf.dll' (GetLastError=126)
LogWindows: File 'aqProf.dll' does not exist
LogWindows: Failed to load 'VSPerf140.dll' (GetLastError=126)
LogWindows: File 'VSPerf140.dll' does not exist
LogWindows: Failed to load 'VtuneApi.dll' (GetLastError=126)
LogWindows: File 'VtuneApi.dll' does not exist
LogWindows: Failed to load 'VtuneApi32e.dll' (GetLastError=126)
LogWindows: File 'VtuneApi32e.dll' does not exist
LogInit: Display: Running engine for game: Trolley
LogPlatformFile: Not using cached read wrapper
LogInit: Display: RandInit(-2034182881) SRandInit(-2034182881).
LogInit: Read version file with build ID '3709383'
LogInit: Overriding engine version to CL 3832480, compatible CL 3709383
LogInit: Registered custom module enumerator with build ID '3709383'
LogTaskGraph: Started task graph with 5 named threads and 20 total threads with 3 sets of task threads.
LogStats: Stats thread started at 0.768613
LogD3D11RHI: Aftermath initialized
LogModuleManager: Display: Found up-to-date module file ../../../Engine/Plugins/2D/Paper2D/Binaries/Win64/UE4Editor-Paper2D.dll (API version 3709383).
LogModuleManager: Display: Found up-to-date module file ../../../Engine/Plugins/2D/Paper2D/Binaries/Win64/UE4Editor-Paper2DEditor.dll (API version 3709383).
LogModuleManager: Display: Found up-to-date module file ../../../Engine/Plugins/2D/Paper2D/Binaries/Win64/UE4Editor-PaperSpriteSheetImporter.dll (API version 3709383).
LogModuleManager: Display: Found up-to-date module file ../../../Engine/Plugins/2D/Paper2D/Binaries/Win64/UE4Editor-PaperTiledImporter.dll (API version 3709383).
LogModuleManager: Display: Found up-to-date module file ../../../Engine/Plugins/2D/Paper2D/Binaries/Win64/UE4Editor-SmartSnapping.dll (API version 3709383).
LogModuleManager: Display: Found up-to-date module file ../../../Engine/Plugins/Blendables/LightPropagationVolume/Binaries/Win64/UE4Editor-LightPropagationVolumeRuntime.dll (API version 3709383).
LogModuleManager: Display: Found up-to-date module file ../../../Engine/Plugins/Blendables/LightPropagationVolume/Binaries/Win64/UE4Editor-LightPropagationVolumeEditor.dll (API version 3709383).
LogModuleManager: Display: Found up-to-date module file ../../../Engine/Plugins/Developer/GitSourceControl/Binaries/Win64/UE4Editor-GitSourceControl.dll (API version 3709383).
LogModuleManager: Display: Found up-to-date module file ../../../Engine/Plugins/Developer/PerforceSourceControl/Binaries/Win64/UE4Editor-PerforceSourceControl.dll (API version 3709383).
LogModuleManager: Display: Found up-to-date module file ../../../Engine/Plugins/Developer/SubversionSourceControl/Binaries/Win64/UE4Editor-SubversionSourceControl.dll (API version 3709383).
LogModuleManager: Display: Found up-to-date module file ../../../Engine/Plugins/Developer/UObjectPlugin/Binaries/Win64/UE4Editor-UObjectPlugin.dll (API version 3709383).
LogModuleManager: Display: Found up-to-date module file ../../../Engine/Plugins/Developer/VisualStudioCodeSourceCodeAccess/Binaries/Win64/UE4Editor-VisualStudioCodeSourceCodeAccess.dll (API version 3709383).
LogModuleManager: Display: Found up-to-date module file ../../../Engine/Plugins/Developer/VisualStudioSourceCodeAccess/Binaries/Win64/UE4Editor-VisualStudioSourceCodeAccess.dll (API version 3709383).
LogModuleManager: Display: Found up-to-date module file ../../../Engine/Plugins/Editor/AssetManagerEditor/Binaries/Win64/UE4Editor-AssetManagerEditor.dll (API version 3709383).
LogModuleManager: Display: Found up-to-date module file ../../../Engine/Plugins/Editor/AudioCapture/Binaries/Win64/UE4Editor-AudioCapture.dll (API version 3709383).
LogModuleManager: Display: Found up-to-date module file ../../../Engine/Plugins/Editor/FacialAnimation/Binaries/Win64/UE4Editor-FacialAnimation.dll (API version 3709383).
LogModuleManager: Display: Found up-to-date module file ../../../Engine/Plugins/Editor/FacialAnimation/Binaries/Win64/UE4Editor-FacialAnimationEditor.dll (API version 3709383).
LogModuleManager: Display: Found up-to-date module file ../../../Engine/Plugins/Editor/GameplayTagsEditor/Binaries/Win64/UE4Editor-GameplayTagsEditor.dll (API version 3709383).
LogModuleManager: Display: Found up-to-date module file ../../../Engine/Plugins/Editor/MobileLauncherProfileWizard/Binaries/Win64/UE4Editor-MobileLauncherProfileWizard.dll (API version 3709383).
LogModuleManager: Display: Found up-to-date module file ../../../Engine/Plugins/Editor/PluginBrowser/Binaries/Win64/UE4Editor-PluginBrowser.dll (API version 3709383).
LogModuleManager: Display: Found up-to-date module file ../../../Engine/Plugins/Editor/SpeedTreeImporter/Binaries/Win64/UE4Editor-SpeedTreeImporter.dll (API version 3709383).
LogModuleManager: Display: Found up-to-date module file ../../../Engine/Plugins/Experimental/AlembicImporter/Binaries/Win64/UE4Editor-AlembicImporter.dll (API version 3709383).
LogModuleManager: Display: Found up-to-date module file ../../../Engine/Plugins/Experimental/AlembicImporter/Binaries/Win64/UE4Editor-AlembicLibrary.dll (API version 3709383).
LogModuleManager: Display: Found up-to-date module file ../../../Engine/Plugins/Experimental/CharacterAI/Binaries/Win64/UE4Editor-CharacterAI.dll (API version 3709383).
LogModuleManager: Display: Found up-to-date module file ../../../Engine/Plugins/Experimental/HTML5Networking/Binaries/Win64/UE4Editor-HTML5Networking.dll (API version 3709383).
LogModuleManager: Display: Found up-to-date module file ../../../Engine/Plugins/Media/AndroidMedia/Binaries/Win64/UE4Editor-AndroidMediaEditor.dll (API version 3709383).
LogModuleManager: Display: Found up-to-date module file ../../../Engine/Plugins/Media/AndroidMedia/Binaries/Win64/UE4Editor-AndroidMediaFactory.dll (API version 3709383).
LogModuleManager: Display: Found up-to-date module file ../../../Engine/Plugins/Media/AvfMedia/Binaries/Win64/UE4Editor-AvfMediaEditor.dll (API version 3709383).
LogModuleManager: Display: Found up-to-date module file ../../../Engine/Plugins/Media/AvfMedia/Binaries/Win64/UE4Editor-AvfMediaFactory.dll (API version 3709383).
LogModuleManager: Display: Found up-to-date module file ../../../Engine/Plugins/Media/AvfMedia/Binaries/Win64/UE4Editor-AvfMediaFactory.dll (API version 3709383).
LogModuleManager: Display: Found up-to-date module file ../../../Engine/Plugins/Media/ImgMedia/Binaries/Win64/UE4Editor-ImgMedia.dll (API version 3709383).
LogModuleManager: Display: Found up-to-date module file ../../../Engine/Plugins/Media/ImgMedia/Binaries/Win64/UE4Editor-ImgMediaEditor.dll (API version 3709383).
LogModuleManager: Display: Found up-to-date module file ../../../Engine/Plugins/Media/ImgMedia/Binaries/Win64/UE4Editor-ImgMediaFactory.dll (API version 3709383).
LogModuleManager: Display: Found up-to-date module file ../../../Engine/Plugins/Media/ImgMedia/Binaries/Win64/UE4Editor-ImgMediaFactory.dll (API version 3709383).
LogModuleManager: Display: Found up-to-date module file ../../../Engine/Plugins/Media/ImgMedia/Binaries/Win64/UE4Editor-OpenExrWrapper.dll (API version 3709383).
LogModuleManager: Display: Found up-to-date module file ../../../Engine/Plugins/Media/MediaCompositing/Binaries/Win64/UE4Editor-MediaCompositing.dll (API version 3709383).
LogModuleManager: Display: Found up-to-date module file ../../../Engine/Plugins/Media/MediaCompositing/Binaries/Win64/UE4Editor-MediaCompositingEditor.dll (API version 3709383).
LogModuleManager: Display: Found up-to-date module file ../../../Engine/Plugins/Media/MediaPlayerEditor/Binaries/Win64/UE4Editor-MediaPlayerEditor.dll (API version 3709383).
LogModuleManager: Display: Found up-to-date module file ../../../Engine/Plugins/Media/WmfMedia/Binaries/Win64/UE4Editor-WmfMedia.dll (API version 3709383).
LogModuleManager: Display: Found up-to-date module file ../../../Engine/Plugins/Media/WmfMedia/Binaries/Win64/UE4Editor-WmfMediaEditor.dll (API version 3709383).
LogModuleManager: Display: Found up-to-date module file ../../../Engine/Plugins/Media/WmfMedia/Binaries/Win64/UE4Editor-WmfMediaFactory.dll (API version 3709383).
LogModuleManager: Display: Found up-to-date module file ../../../Engine/Plugins/Media/WmfMedia/Binaries/Win64/UE4Editor-WmfMediaFactory.dll (API version 3709383).
LogModuleManager: Display: Found up-to-date module file ../../../Engine/Plugins/Messaging/TcpMessaging/Binaries/Win64/UE4Editor-TcpMessaging.dll (API version 3709383).
LogModuleManager: Display: Found up-to-date module file ../../../Engine/Plugins/Messaging/UdpMessaging/Binaries/Win64/UE4Editor-UdpMessaging.dll (API version 3709383).
LogModuleManager: Display: Found up-to-date module file ../../../Engine/Plugins/MovieScene/ActorSequence/Binaries/Win64/UE4Editor-ActorSequence.dll (API version 3709383).
LogModuleManager: Display: Found up-to-date module file ../../../Engine/Plugins/MovieScene/LevelSequenceEditor/Binaries/Win64/UE4Editor-LevelSequenceEditor.dll (API version 3709383).
LogModuleManager: Display: Found up-to-date module file ../../../Engine/Plugins/MovieScene/MatineeToLevelSequence/Binaries/Win64/UE4Editor-MatineeToLevelSequence.dll (API version 3709383).
LogModuleManager: Display: Found up-to-date module file ../../../Engine/Plugins/Online/OnlineSubsystem/Binaries/Win64/UE4Editor-OnlineSubsystem.dll (API version 3709383).
LogModuleManager: Display: Found up-to-date module file ../../../Engine/Plugins/Runtime/AndroidPermission/Binaries/Win64/UE4Editor-AndroidPermission.dll (API version 3709383).
LogModuleManager: Display: Found up-to-date module file ../../../Engine/Plugins/Online/OnlineSubsystemNull/Binaries/Win64/UE4Editor-OnlineSubsystemNull.dll (API version 3709383).
LogModuleManager: Display: Found up-to-date module file ../../../Engine/Plugins/Online/OnlineSubsystemUtils/Binaries/Win64/UE4Editor-OnlineSubsystemUtils.dll (API version 3709383).
LogModuleManager: Display: Found up-to-date module file ../../../Engine/Plugins/Online/OnlineSubsystemUtils/Binaries/Win64/UE4Editor-OnlineBlueprintSupport.dll (API version 3709383).
LogModuleManager: Display: Found up-to-date module file ../../../Engine/Plugins/Runtime/AndroidDeviceProfileSelector/Binaries/Win64/UE4Editor-AndroidDeviceProfileSelector.dll (API version 3709383).
LogModuleManager: Display: Found up-to-date module file ../../../Engine/Plugins/Runtime/AppleARKit/Binaries/Win64/UE4Editor-AppleARKit.dll (API version 3709383).
LogModuleManager: Display: Found up-to-date module file ../../../Engine/Plugins/Runtime/ArchVisCharacter/Binaries/Win64/UE4Editor-ArchVisCharacter.dll (API version 3709383).
LogModuleManager: Display: Found up-to-date module file ../../../Engine/Plugins/Runtime/CableComponent/Binaries/Win64/UE4Editor-CableComponent.dll (API version 3709383).
LogModuleManager: Display: Found up-to-date module file ../../../Engine/Plugins/Runtime/CustomMeshComponent/Binaries/Win64/UE4Editor-CustomMeshComponent.dll (API version 3709383).
LogModuleManager: Display: Found up-to-date module file ../../../Engine/Plugins/Runtime/ExampleDeviceProfileSelector/Binaries/Win64/UE4Editor-ExampleDeviceProfileSelector.dll (API version 3709383).
LogModuleManager: Display: Found up-to-date module file ../../../Engine/Plugins/Runtime/ImmediatePhysics/Binaries/Win64/UE4Editor-ImmediatePhysics.dll (API version 3709383).
LogModuleManager: Display: Found up-to-date module file ../../../Engine/Plugins/Runtime/ImmediatePhysics/Binaries/Win64/UE4Editor-ImmediatePhysicsEditor.dll (API version 3709383).
LogModuleManager: Display: Found up-to-date module file ../../../Engine/Plugins/Runtime/LocationServicesBPLibrary/Binaries/Win64/UE4Editor-LocationServicesBPLibrary.dll (API version 3709383).
LogModuleManager: Display: Found up-to-date module file ../../../Engine/Plugins/Runtime/MobilePatchingUtils/Binaries/Win64/UE4Editor-MobilePatchingUtils.dll (API version 3709383).
LogModuleManager: Display: Found up-to-date module file ../../../Engine/Plugins/Runtime/Oculus/OculusVR/Binaries/Win64/UE4Editor-OculusHMD.dll (API version 3709383).
LogModuleManager: Display: Found up-to-date module file ../../../Engine/Plugins/Runtime/Oculus/OculusVR/Binaries/Win64/UE4Editor-OculusInput.dll (API version 3709383).
LogModuleManager: Display: Found up-to-date module file ../../../Engine/Plugins/Runtime/Oculus/OculusVR/Binaries/Win64/UE4Editor-OculusEditor.dll (API version 3709383).
LogModuleManager: Display: Found up-to-date module file ../../../Engine/Plugins/Runtime/PhysXVehicles/Binaries/Win64/UE4Editor-PhysXVehicles.dll (API version 3709383).
LogModuleManager: Display: Found up-to-date module file ../../../Engine/Plugins/Runtime/PhysXVehicles/Binaries/Win64/UE4Editor-PhysXVehiclesEditor.dll (API version 3709383).
LogModuleManager: Display: Found up-to-date module file ../../../Engine/Plugins/Runtime/ProceduralMeshComponent/Binaries/Win64/UE4Editor-ProceduralMeshComponent.dll (API version 3709383).
LogModuleManager: Display: Found up-to-date module file ../../../Engine/Plugins/Runtime/ProceduralMeshComponent/Binaries/Win64/UE4Editor-ProceduralMeshComponentEditor.dll (API version 3709383).
LogModuleManager: Display: Found up-to-date module file ../../../Engine/Plugins/Runtime/RuntimePhysXCooking/Binaries/Win64/UE4Editor-RuntimePhysXCooking.dll (API version 3709383).
LogModuleManager: Display: Found up-to-date module file ../../../Engine/Plugins/Runtime/Steam/SteamVR/Binaries/Win64/UE4Editor-SteamVR.dll (API version 3709383).
LogModuleManager: Display: Found up-to-date module file ../../../Engine/Plugins/Runtime/Steam/SteamVR/Binaries/Win64/UE4Editor-SteamVRController.dll (API version 3709383).
LogModuleManager: Display: Found up-to-date module file ../../../Engine/Plugins/Runtime/WindowsMoviePlayer/Binaries/Win64/UE4Editor-WindowsMoviePlayer.dll (API version 3709383).
LogPluginManager: Mounting plugin Paper2D
LogPluginManager: Mounting plugin LightPropagationVolume
LogPluginManager: Mounting plugin CodeLiteSourceCodeAccess
LogPluginManager: Mounting plugin GitSourceControl
LogPluginManager: Mounting plugin KDevelopSourceCodeAccess
LogPluginManager: Mounting plugin NullSourceCodeAccess
LogPluginManager: Mounting plugin PerforceSourceControl
LogPluginManager: Mounting plugin SubversionSourceControl
LogPluginManager: Mounting plugin UObjectPlugin
LogPluginManager: Mounting plugin VisualStudioCodeSourceCodeAccess
LogPluginManager: Mounting plugin VisualStudioSourceCodeAccess
LogPluginManager: Mounting plugin XCodeSourceCodeAccess
LogPluginManager: Mounting plugin AssetManagerEditor
LogPluginManager: Mounting plugin AudioCapture
LogPluginManager: Mounting plugin FacialAnimation
LogPluginManager: Mounting plugin GameplayTagsEditor
LogPluginManager: Mounting plugin MobileLauncherProfileWizard
LogPluginManager: Mounting plugin PluginBrowser
LogPluginManager: Mounting plugin SpeedTreeImporter
LogPluginManager: Mounting plugin AlembicImporter
LogPluginManager: Mounting plugin CharacterAI
LogPluginManager: Mounting plugin HTML5Networking
LogPluginManager: Mounting plugin AndroidMedia
LogPluginManager: Mounting plugin AvfMedia
LogPluginManager: Mounting plugin ImgMedia
LogPluginManager: Mounting plugin MediaCompositing
LogPluginManager: Mounting plugin MediaPlayerEditor
LogPluginManager: Mounting plugin WmfMedia
LogPluginManager: Mounting plugin TcpMessaging
LogPluginManager: Mounting plugin UdpMessaging
LogPluginManager: Mounting plugin ActorSequence
LogPluginManager: Mounting plugin LevelSequenceEditor
LogPluginManager: Mounting plugin MatineeToLevelSequence
LogPluginManager: Mounting plugin OnlineSubsystemGooglePlay
LogPluginManager: Mounting plugin OnlineSubsystemIOS
LogPluginManager: Mounting plugin OnlineSubsystem
LogPluginManager: Mounting plugin OnlineSubsystemNull
LogPluginManager: Mounting plugin OnlineSubsystemUtils
LogPluginManager: Mounting plugin AndroidDeviceProfileSelector
LogPluginManager: Mounting plugin AndroidMoviePlayer
LogPluginManager: Mounting plugin AndroidPermission
LogPluginManager: Mounting plugin AppleARKit
LogPluginManager: Mounting plugin AppleMoviePlayer
LogPluginManager: Mounting plugin ArchVisCharacter
LogPluginManager: Mounting plugin CableComponent
LogPluginManager: Mounting plugin CustomMeshComponent
LogPluginManager: Mounting plugin ExampleDeviceProfileSelector
LogPluginManager: Mounting plugin GoogleCloudMessaging
LogPluginManager: Mounting plugin ImmediatePhysics
LogPluginManager: Mounting plugin IOSDeviceProfileSelector
LogPluginManager: Mounting plugin LinuxDeviceProfileSelector
LogPluginManager: Mounting plugin LocationServicesBPLibrary
LogPluginManager: Mounting plugin MobilePatchingUtils
LogPluginManager: Mounting plugin OculusVR
LogPluginManager: Plugin shader directory ../../../Engine/Plugins/Runtime/Oculus/OculusVR/Shaders found
LogPluginManager: Mapping shader source directory ../../../Engine/Plugins/Runtime/Oculus/OculusVR/Shaders to virtual directory /Plugin/OculusVR
LogPluginManager: Mounting plugin PhysXVehicles
LogPluginManager: Mounting plugin ProceduralMeshComponent
LogPluginManager: Mounting plugin RuntimePhysXCooking
LogPluginManager: Mounting plugin SteamVR
LogPluginManager: Mounting plugin WindowsMoviePlayer
LogInit: Using libcurl 7.47.1
LogInit:  - built for x86_64-pc-win32
LogInit:  - supports SSL with OpenSSL/1.0.2g
LogInit:  - supports HTTP deflate (compression) using libz 1.2.8
LogInit:  - other features:
LogInit:      CURL_VERSION_SSL
LogInit:      CURL_VERSION_LIBZ
LogInit:      CURL_VERSION_IPV6
LogInit:      CURL_VERSION_ASYNCHDNS
LogInit:      CURL_VERSION_LARGEFILE
LogInit:      CURL_VERSION_IDN
LogInit:  CurlRequestOptions (configurable via config and command line):
LogInit:  - bVerifyPeer = false  - Libcurl will NOT verify peer certificate
LogInit:  - bUseHttpProxy = false  - Libcurl will NOT use HTTP proxy
LogInit:  - bDontReuseConnections = false  - Libcurl will reuse connections
LogInit:  - CertBundlePath = nullptr  - Libcurl will use whatever was configured at build time.
LogInit: Build: ++UE4+Release-4.18-CL-3832480
LogInit: Engine Version: 4.18.3-3832480+++UE4+Release-4.18
LogInit: Compatible Engine Version: 4.18.0-3709383+++UE4+Release-4.18
LogInit: Net CL: 3709383
LogDevObjectVersion: Number of dev versions registered: 16
LogDevObjectVersion:   Dev-Blueprints (B0D832E4-1F89-4F0D-ACCF-7EB736FD4AA2): 10
LogDevObjectVersion:   Dev-Build (E1C64328-A22C-4D53-A36C-8E866417BD8C): 0
LogDevObjectVersion:   Dev-Core (375EC13C-06E4-48FB-B500-84F0262A717E): 2
LogDevObjectVersion:   Dev-Editor (E4B068ED-F494-42E9-A231-DA0B2E46BB41): 20
LogDevObjectVersion:   Dev-Framework (CFFC743F-43B0-4480-9391-14DF171D2073): 30
LogDevObjectVersion:   Dev-Mobile (B02B49B5-BB20-44E9-A304-32B752E40360): 0
LogDevObjectVersion:   Dev-Networking (A4E4105C-59A1-49B5-A7C5-40C4547EDFEE): 0
LogDevObjectVersion:   Dev-Online (39C831C9-5AE6-47DC-9A44-9C173E1C8E7C): 0
LogDevObjectVersion:   Dev-Physics (78F01B33-EBEA-4F98-B9B4-84EACCB95AA2): 0
LogDevObjectVersion:   Dev-Platform (6631380F-2D4D-43E0-8009-CF276956A95A): 0
LogDevObjectVersion:   Dev-Rendering (12F88B9F-8875-4AFC-A67C-D90C383ABD29): 20
LogDevObjectVersion:   Dev-Sequencer (7B5AE74C-D270-4C10-A958-57980B212A5A): 4
LogDevObjectVersion:   Dev-VR (D7296918-1DD6-4BDD-9DE2-64A83CC13884): 0
LogDevObjectVersion:   Dev-LoadTimes (C2A15278-BFE7-4AFE-6C17-90FF531DF755): 1
LogDevObjectVersion:   Private-Geometry (6EACA3D4-40EC-4CC1-B786-8BED09428FC5): 1
LogDevObjectVersion:   Dev-AnimPhys (29E575DD-E0A3-4627-9D10-D276232CDCEA): 12
LogInit: Compiled (64-bit): Jan 12 2018 02:04:55
LogInit: Compiled with Visual C++: 19.00.24215.01
LogInit: Build Configuration: Development
LogInit: Branch Name: ++UE4+Release-4.18
LogInit: Command line:  
LogInit: Base directory: C:/Program Files/Epic Games/UE_4.18/Engine/Binaries/Win64/
LogInit: Installed Engine Build: 1
LogInit: Presizing for max 8388607 objects, including 0 objects not considered by GC, pre-allocating 0 bytes for permanent pool.
LogInit: Object subsystem initialized
[2018.05.03-09.16.42:334][  0]LogInit: Selected Device Profile: [Windows]
[2018.05.03-09.16.42:334][  0]LogInit: Applying CVar settings loaded from the selected device profile: [Windows]
[2018.05.03-09.16.42:352][  0]LogInit: Computer: DESKTOP-5EH6N3R
[2018.05.03-09.16.42:352][  0]LogInit: User: user
[2018.05.03-09.16.42:352][  0]LogInit: CPU Page size=4096, Cores=6
[2018.05.03-09.16.42:352][  0]LogInit: High frequency timer resolution =2.929690 MHz
[2018.05.03-09.16.42:352][  0]LogMemory: Memory total: Physical=15.9GB (16GB approx)
[2018.05.03-09.16.42:352][  0]LogMemory: Platform Memory Stats for Windows
[2018.05.03-09.16.42:352][  0]LogMemory: Process Physical Memory: 272.38 MB used, 272.38 MB peak
[2018.05.03-09.16.42:352][  0]LogMemory: Process Virtual Memory: 269.78 MB used, 269.78 MB peak
[2018.05.03-09.16.42:352][  0]LogMemory: Physical Memory: 3550.86 MB used,  12747.12 MB free, 16297.98 MB total
[2018.05.03-09.16.42:352][  0]LogMemory: Virtual Memory: 685.85 MB used,  12747.12 MB free, 134217728.00 MB total
[2018.05.03-09.16.42:618][  0]LogInit: Using OS detected language (ko-KR).
[2018.05.03-09.16.42:618][  0]LogInit: Using OS detected locale (ko-KR).
[2018.05.03-09.16.42:654][  0]LogTextLocalizationManager: No specific localization for 'ko-KR' exists, so the 'ko' localization will be used.
[2018.05.03-09.16.42:842][  0]LogInit: Setting process to per monitor DPI aware
[2018.05.03-09.16.44:573][  0]LogD3D11RHI: D3D11 adapters:
[2018.05.03-09.16.44:643][  0]LogD3D11RHI:    0. 'NVIDIA GeForce GTX 1060 6GB' (Feature Level 11_0)
[2018.05.03-09.16.44:643][  0]LogD3D11RHI:       6052/0/8148 MB DedicatedVideo/DedicatedSystem/SharedSystem, Outputs:2, VendorId:0x10de
[2018.05.03-09.16.44:645][  0]LogD3D11RHI:    1. 'Microsoft Basic Render Driver' (Feature Level 11_0)
[2018.05.03-09.16.44:645][  0]LogD3D11RHI:       0/0/8148 MB DedicatedVideo/DedicatedSystem/SharedSystem, Outputs:0, VendorId:0x1414
[2018.05.03-09.16.44:645][  0]LogD3D11RHI: Chosen D3D11 Adapter: 0
[2018.05.03-09.16.44:652][  0]LogD3D11RHI: Creating new Direct3DDevice
[2018.05.03-09.16.44:652][  0]LogD3D11RHI:     GPU DeviceId: 0x1c03 (for the marketing name, search the web for "GPU Device Id")
[2018.05.03-09.16.44:652][  0]LogWindows: EnumDisplayDevices:
[2018.05.03-09.16.44:652][  0]LogWindows:    0. 'NVIDIA GeForce GTX 1060 6GB' (P:1 D:1)
[2018.05.03-09.16.44:652][  0]LogWindows:    1. 'NVIDIA GeForce GTX 1060 6GB' (P:0 D:1)
[2018.05.03-09.16.44:652][  0]LogWindows:    2. 'NVIDIA GeForce GTX 1060 6GB' (P:0 D:0)
[2018.05.03-09.16.44:652][  0]LogWindows:    3. 'NVIDIA GeForce GTX 1060 6GB' (P:0 D:0)
[2018.05.03-09.16.44:652][  0]LogWindows: DebugString: GetVideoDriverDetailsInvalid PrimaryIsNotTheChoosenAdapter GetVideoDriverDetailsInvalid PrimaryIsNotTheChoosenAdapter GetVideoDriverDetailsInvalid PrimaryIsNotTheChoosenAdapter GetVideoDriverDetailsInvalid PrimaryIsNotTheChoosenAdapter FoundDriverCount:0 
[2018.05.03-09.16.44:652][  0]LogD3D11RHI:     Adapter Name: NVIDIA GeForce GTX 1060 6GB
[2018.05.03-09.16.44:652][  0]LogD3D11RHI:   Driver Version: Unknown (internal:Unknown, unified:Unknown)
[2018.05.03-09.16.44:652][  0]LogD3D11RHI:      Driver Date: Unknown
[2018.05.03-09.16.44:652][  0]LogRHI: Texture pool is 4236 MB (70% of 6052 MB)
[2018.05.03-09.16.44:681][  0]LogD3D11RHI: Async texture creation enabled
[2018.05.03-09.16.44:715][  0]LogD3D11RHI: GPU Timing Frequency: 1000.000000 (Debug: 2 2)
[2018.05.03-09.16.44:770][  0]LogShaderCompilers: Guid format shader working directory is -13 characters bigger than the processId version (../../../../../../Users/user/Documents/GitHub/SecurityGame/Intermediate/Shaders/WorkingDirectory/9384/).
[2018.05.03-09.16.44:770][  0]LogShaderCompilers: Cleaned the shader compiler working directory 'C:/Users/user/AppData/Local/Temp/UnrealShaderWorkingDir/521AA57E419BAB4019246A8D69C98368/'.
[2018.05.03-09.16.44:771][  0]LogShaderCompilers: Display: Using Local Shader Compiler.
[2018.05.03-09.16.46:437][  0]LogTemp: Display: Loaded TP AllDesktopTargetPlatform
[2018.05.03-09.16.46:490][  0]LogTemp: Display: Loaded TP MacClientTargetPlatform
[2018.05.03-09.16.46:542][  0]LogTemp: Display: Loaded TP MacNoEditorTargetPlatform
[2018.05.03-09.16.46:595][  0]LogTemp: Display: Loaded TP MacServerTargetPlatform
[2018.05.03-09.16.46:654][  0]LogTemp: Display: Loaded TP MacTargetPlatform
[2018.05.03-09.16.46:707][  0]LogTemp: Display: Loaded TP WindowsClientTargetPlatform
[2018.05.03-09.16.46:761][  0]LogTemp: Display: Loaded TP WindowsNoEditorTargetPlatform
[2018.05.03-09.16.46:813][  0]LogTemp: Display: Loaded TP WindowsServerTargetPlatform
[2018.05.03-09.16.46:862][  0]LogTemp: Display: Loaded TP WindowsTargetPlatform
[2018.05.03-09.16.46:914][  0]LogTemp: Display: Loaded TP Android_ASTCTargetPlatform
[2018.05.03-09.16.46:966][  0]LogTemp: Display: Loaded TP Android_ATCTargetPlatform
[2018.05.03-09.16.47:018][  0]LogTemp: Display: Loaded TP Android_DXTTargetPlatform
[2018.05.03-09.16.47:070][  0]LogTemp: Display: Loaded TP Android_ETC1TargetPlatform
[2018.05.03-09.16.47:122][  0]LogTemp: Display: Loaded TP Android_ETC2TargetPlatform
[2018.05.03-09.16.47:228][  0]LogTemp: Display: Loaded TP Android_MultiTargetPlatform
[2018.05.03-09.16.47:228][  0]LogTemp: Display: Loaded TP Android_PVRTCTargetPlatform
[2018.05.03-09.16.47:283][  0]LogTemp: Display: Loaded TP AndroidTargetPlatform
[2018.05.03-09.16.47:325][  0]LogTemp: Display: Loaded TP HTML5TargetPlatform
[2018.05.03-09.16.47:426][  0]LogTemp: Display: Loaded TP IOSTargetPlatform
[2018.05.03-09.16.47:452][  0]LogTemp: Display: Loaded TP TVOSTargetPlatform
[2018.05.03-09.16.47:503][  0]LogTemp: Display: Loaded TP LinuxClientTargetPlatform
[2018.05.03-09.16.47:556][  0]LogTemp: Display: Loaded TP LinuxNoEditorTargetPlatform
[2018.05.03-09.16.47:607][  0]LogTemp: Display: Loaded TP LinuxServerTargetPlatform
[2018.05.03-09.16.47:663][  0]LogTemp: Display: Loaded TP LinuxTargetPlatform
[2018.05.03-09.16.47:663][  0]LogTargetPlatformManager: Display: Building Assets For Windows
[2018.05.03-09.16.48:225][  0]LogDerivedDataCache: Display: Max Cache Size: 512 MB
[2018.05.03-09.16.48:518][  0]LogDerivedDataCache: Loaded boot cache 0.29s 78MB C:/Users/user/AppData/Local/UnrealEngine/4.18/DerivedDataCache/Boot.ddc.
[2018.05.03-09.16.48:518][  0]LogDerivedDataCache: Display: Loaded Boot cache: C:/Users/user/AppData/Local/UnrealEngine/4.18/DerivedDataCache/Boot.ddc
[2018.05.03-09.16.48:518][  0]LogDerivedDataCache: FDerivedDataBackendGraph:  Pak pak cache file ../../../../../../Users/user/Documents/GitHub/SecurityGame/DerivedDataCache/DDC.ddp not found, will not use a pak cache.
[2018.05.03-09.16.48:518][  0]LogDerivedDataCache: Unable to find inner node Pak for hierarchical cache Hierarchy.
[2018.05.03-09.16.48:518][  0]LogDerivedDataCache: FDerivedDataBackendGraph:  CompressedPak pak cache file ../../../../../../Users/user/Documents/GitHub/SecurityGame/DerivedDataCache/Compressed.ddp not found, will not use a pak cache.
[2018.05.03-09.16.48:518][  0]LogDerivedDataCache: Unable to find inner node CompressedPak for hierarchical cache Hierarchy.
[2018.05.03-09.16.48:540][  0]LogDerivedDataCache: Display: Pak cache opened for reading ../../../Engine/DerivedDataCache/Compressed.ddp.
[2018.05.03-09.16.48:551][  0]LogDerivedDataCache: Using Local data cache path C:/Users/user/AppData/Local/UnrealEngine/Common/DerivedDataCache: Writable
[2018.05.03-09.16.48:562][  0]LogMaterial: Verifying Global Shaders for PCD3D_SM5
[2018.05.03-09.16.48:567][  0]LogSlate: Using Freetype 2.6.0
[2018.05.03-09.16.48:579][  0]LogSlate: SlateFontCache - WITH_FREETYPE: 1, WITH_HARFBUZZ: 1
[2018.05.03-09.16.48:579][  0]LogSlate: SlateFontCache - WITH_FREETYPE: 1, WITH_HARFBUZZ: 1
[2018.05.03-09.16.49:262][  0]LogInit: Selected Device Profile: [Windows]
[2018.05.03-09.16.49:767][  0]LogSimplygon: Simplygon DLL not present - disabling.
[2018.05.03-09.16.49:813][  0]LogMeshReduction: Using SimplygonSwarm for distributed automatic mesh merging
[2018.05.03-09.16.49:814][  0]LogMeshReduction: Using QuadricMeshReduction for automatic static mesh reduction
[2018.05.03-09.16.49:814][  0]LogMeshReduction: No automatic skeletal mesh reduction module available
[2018.05.03-09.16.49:814][  0]LogMeshReduction: No automatic mesh merging module available
[2018.05.03-09.16.49:814][  0]LogMeshMerging: No automatic mesh merging module available
[2018.05.03-09.16.49:878][  0]LogNetVersion: Trolley , NetCL: 3709383, EngineNetVer: 2, GameNetVer: 0 (Checksum: 2282078908)
[2018.05.03-09.16.50:252][  0]LogAssetRegistry: FAssetRegistry took 0.0266 seconds to start up
[2018.05.03-09.16.51:149][  0]LogPackageLocalizationCache: Processed 7 localized package path(s) for 2 prioritized culture(s) in 0.060621 seconds
[2018.05.03-09.16.51:154][  0]LogUObjectArray: 35870 objects as part of root set at end of initial load.
[2018.05.03-09.16.51:154][  0]LogUObjectAllocator: 7363704 out of 0 bytes used by permanent object pool.
[2018.05.03-09.16.51:154][  0]LogUObjectArray: CloseDisregardForGC: 0/0 objects in disregard for GC pool
[2018.05.03-09.16.51:213][  0]LogInit: WinSock: version 1.1 (2.2), MaxSocks=32767, MaxUdp=65467
[2018.05.03-09.16.55:997][  0]LogTcpMessaging: Initializing TcpMessaging bridge
[2018.05.03-09.16.56:042][  0]LogUdpMessaging: Initializing bridge on interface 0.0.0.0:0 to multicast group 230.0.0.1:6666.
[2018.05.03-09.16.56:831][  0]LogMaterial: Uniform references updated for custom material expression Custom.
[2018.05.03-09.16.57:286][  0]SourceControl: 소스 콘트롤이 꺼졌습니다.
[2018.05.03-09.16.57:286][  0]SourceControl: 소스 콘트롤이 꺼졌습니다.
[2018.05.03-09.16.57:352][  0]SourceControl: 소스 콘트롤이 꺼졌습니다.
[2018.05.03-09.16.57:413][  0]SourceControl: 소스 콘트롤이 꺼졌습니다.
[2018.05.03-09.16.58:329][  0]LogAndroidPermission: UAndroidPermissionCallbackProxy::GetInstance
[2018.05.03-09.16.58:615][  0]LogOcInput: OculusInput pre-init called
[2018.05.03-09.16.58:942][  0]LogEngine: Initializing Engine...
[2018.05.03-09.16.58:945][  0]LogHMD: Failed to initialize OpenVR with code 110
[2018.05.03-09.16.59:120][  0]LogStats: UGameplayTagsManager::ConstructGameplayTagTree: Construct from data asset -  0.000 s
[2018.05.03-09.16.59:120][  0]LogStats: UGameplayTagsManager::ConstructGameplayTagTree: GameplayTagTreeChangedEvent.Broadcast -  0.000 s
[2018.05.03-09.16.59:274][  0]LogAIModule: Creating AISystem for world Untitled
[2018.05.03-09.16.59:285][  0]LogInit: XAudio2 using '스피커(Realtek High Definition Audio)' : 2 channels at 48 kHz using 32 bits per sample (channel mask 0x3)
[2018.05.03-09.16.59:302][  0]LogInit: FAudioDevice initialized.
[2018.05.03-09.16.59:370][  0]LogDerivedDataCache: Saved boot cache 0.07s 78MB C:/Users/user/AppData/Local/UnrealEngine/4.18/DerivedDataCache/Boot.ddc.
[2018.05.03-09.16.59:381][  0]LogInit: Texture streaming: Enabled
[2018.05.03-09.16.59:485][  0]LogEngineSessionManager: EngineSessionManager initialized
[2018.05.03-09.16.59:673][  0]LogInit: Transaction tracking system initialized
[2018.05.03-09.17.00:052][  0]BlueprintLog: New page: 에디터 로드
[2018.05.03-09.17.01:085][  0]LocalizationService: 현지화 서비스가 비활성화되었습니다.
[2018.05.03-09.17.01:917][  0]LogConsoleResponse: Display: 
[2018.05.03-09.17.02:202][  0]LogCook: Display: Max memory allowance for cook 16384mb min free memory 0mb
[2018.05.03-09.17.02:202][  0]LogCook: Display: Mobile HDR setting 1
[2018.05.03-09.17.02:203][  0]LogGameplayTags: Display: UGameplayTagsManager::DoneAddingNativeTags. DelegateIsBound: 0
[2018.05.03-09.17.02:372][  0]LogFileCache: Scanning file cache for directory 'C:/Users/user/Documents/GitHub/SecurityGame/Content/' took 0.02s
[2018.05.03-09.17.03:544][  0]SourceControl: 소스 콘트롤이 꺼졌습니다.
[2018.05.03-09.17.03:545][  0]Cmd: MAP LOAD FILE="../../../../../../Users/user/Documents/GitHub/SecurityGame/Content/TopDownBP/Maps/TopDownExampleMap.umap" TEMPLATE=0 SHOWPROGRESS=1 FEATURELEVEL=3
[2018.05.03-09.17.03:546][  0]LightingResults: New page: 라이팅 빌드
[2018.05.03-09.17.03:594][  0]MapCheck: New page: 맵 체크
[2018.05.03-09.17.03:595][  0]LightingResults: New page: 라이팅 빌드
[2018.05.03-09.17.03:996][  0]LogMaterial: Uniform references updated for custom material expression Custom.
[2018.05.03-09.17.04:376][  0]LogMaterial: Missing cached shader map for material M_Highlight, compiling. 
[2018.05.03-09.17.04:494][  0]LogAIModule: Creating AISystem for world TopDownExampleMap
[2018.05.03-09.17.04:528][  0]LogEditorServer: Finished looking for orphan Actors (0.000 secs)
[2018.05.03-09.17.04:547][  0]Cmd: MAP CHECKDEP NOCLEARLOG
[2018.05.03-09.17.04:604][  0]MapCheck: 맵 체크 완료: 오류 0 회, 경고 0 회, 소요 시간 57.188ms.
[2018.05.03-09.17.04:604][  0]LogFileHelpers: Loading map 'TopDownExampleMap' took 1.059
[2018.05.03-09.17.04:829][  0]LogCollectionManager: Loaded 0 collections in 0.002052 seconds
[2018.05.03-09.17.04:929][  0]LogFileCache: Scanning file cache for directory 'C:/Users/user/Documents/GitHub/SecurityGame/Saved/Collections/' took 0.01s
[2018.05.03-09.17.04:929][  0]LogFileCache: Scanning file cache for directory 'C:/Users/user/Documents/GitHub/SecurityGame/Content/Developers/user/Collections/' took 0.01s
[2018.05.03-09.17.04:929][  0]LogFileCache: Scanning file cache for directory 'C:/Users/user/Documents/GitHub/SecurityGame/Content/Collections/' took 0.01s
[2018.05.03-09.17.04:929][  0]LogCollectionManager: Rebuilt the GUID cache for 0 collections in 0.000001 seconds
[2018.05.03-09.17.04:937][  0]LogContentBrowser: Native class hierarchy populated in 0.0072 seconds. Added 2363 classes and 519 folders.
[2018.05.03-09.17.05:014][  0]LogContentBrowser: Native class hierarchy updated for 'WidgetCarousel' in 0.0002 seconds. Added 0 classes and 0 folders.
[2018.05.03-09.17.05:299][  0]LogContentBrowser: Native class hierarchy updated for 'AddContentDialog' in 0.0002 seconds. Added 0 classes and 0 folders.
[2018.05.03-09.17.05:352][  0]LogContentBrowser: Native class hierarchy updated for 'SceneOutliner' in 0.0002 seconds. Added 1 classes and 2 folders.
[2018.05.03-09.17.05:490][  0]LogSlate: Took 0.003974 seconds to synchronously load lazily loaded font '../../../Engine/Content/Slate/Fonts/Roboto-Regular.ttf' (155K)
[2018.05.03-09.17.05:504][  0]LogSlate: Took 0.012791 seconds to synchronously load lazily loaded font '../../../Engine/Content/Slate/Fonts/NanumGothic.ttf' (4243K)
[2018.05.03-09.17.05:508][  0]LogSlate: Took 0.003291 seconds to synchronously load lazily loaded font '../../../Engine/Content/Slate/Fonts/Roboto-Bold.ttf' (160K)
[2018.05.03-09.17.05:515][  0]LogSlate: Took 0.003625 seconds to synchronously load lazily loaded font '../../../Engine/Content/Editor/Slate/Fonts/FontAwesome.ttf' (139K)
[2018.05.03-09.17.05:664][  0]LogRenderer: Reallocating scene render targets to support 1208x652 Format 10 NumSamples 1 (Frame:1).
[2018.05.03-09.17.05:732][  0]LogSlate: Took 0.003317 seconds to synchronously load lazily loaded font '../../../Engine/Content/Slate/Fonts/Roboto-Light.ttf' (159K)
[2018.05.03-09.17.05:844][  0]LogContentBrowser: Native class hierarchy updated for 'HierarchicalLODOutliner' in 0.0002 seconds. Added 1 classes and 2 folders.
[2018.05.03-09.17.05:844][  0]LogLoad: (Engine Initialization) Total time: 27.78 seconds
[2018.05.03-09.17.05:844][  0]LogLoad: (Engine Initialization) Total Blueprint compile time: 0.00 seconds
[2018.05.03-09.17.05:844][  0]LogExternalProfiler: No external profilers were discovered.  External profiling features will not be available.
[2018.05.03-09.17.06:215][  0]LogContentStreaming: Texture pool size now 1000 MB
[2018.05.03-09.17.06:594][  1]LogAssetRegistry: Asset discovery search completed in 16.3636 seconds
[2018.05.03-09.17.06:596][  1]LogCollectionManager: Rebuilt the object cache for 0 collections in 0.000000 seconds (found 0 objects)
[2018.05.03-09.17.06:596][  1]LogCollectionManager: Fixed up redirectors for 0 collections in 0.000034 seconds (updated 0 objects)
[2018.05.03-09.17.07:188][  3]LogSlate: Took 0.000276 seconds to synchronously load lazily loaded font '../../../Engine/Content/Slate/Fonts/Roboto-Light.ttf' (159K)
[2018.05.03-09.17.12:137][237]LogTemp: Repeating last play command: 선택된 뷰포트
[2018.05.03-09.17.12:239][237]LogBlueprintUserMessages: Early PlayInEditor Detection: Level '/Game/TopDownBP/Maps/TopDownExampleMap.TopDownExampleMap:PersistentLevel' has LevelScriptBlueprint '/Game/TopDownBP/Maps/TopDownExampleMap.TopDownExampleMap:PersistentLevel.TopDownExampleMap' with GeneratedClass '/Game/TopDownBP/Maps/TopDownExampleMap.TopDownExampleMap_C' with ClassGeneratedBy '/Game/TopDownBP/Maps/TopDownExampleMap.TopDownExampleMap:PersistentLevel.TopDownExampleMap'
[2018.05.03-09.17.12:241][237]LogPlayLevel: PlayLevel: No blueprints needed recompiling
[2018.05.03-09.17.12:243][237]PIE: New page: PIE 세션: TopDownExampleMap (2018. 5. 4. 오전 3:17:12)
[2018.05.03-09.17.12:244][237]LogPlayLevel: Creating play world package: /Game/TopDownBP/Maps/UEDPIE_0_TopDownExampleMap
[2018.05.03-09.17.12:283][237]LogPlayLevel: PIE: StaticDuplicateObject took: (0.039171s)
[2018.05.03-09.17.12:283][237]LogAIModule: Creating AISystem for world TopDownExampleMap
[2018.05.03-09.17.12:283][237]LogPlayLevel: PIE: World Init took: (0.000597s)
[2018.05.03-09.17.12:284][237]LogPlayLevel: PIE: Created PIE world by copying editor world from /Game/TopDownBP/Maps/TopDownExampleMap.TopDownExampleMap to /Game/TopDownBP/Maps/UEDPIE_0_TopDownExampleMap.TopDownExampleMap (0.040104s)
[2018.05.03-09.17.12:296][237]LogInit: XAudio2 using '스피커(Realtek High Definition Audio)' : 2 channels at 48 kHz using 32 bits per sample (channel mask 0x3)
[2018.05.03-09.17.12:308][237]LogInit: FAudioDevice initialized.
[2018.05.03-09.17.12:356][237]LogLoad: Game class is 'TopDownGameMode_C'
[2018.05.03-09.17.12:362][237]LogWorld: Bringing World /Game/TopDownBP/Maps/UEDPIE_0_TopDownExampleMap.TopDownExampleMap up for play (max tick rate 0) at 2018.05.03-18.17.12
[2018.05.03-09.17.12:363][237]LogWorld: Bringing up level for play took: 0.004925
[2018.05.03-09.17.12:410][237]LogContentBrowser: Native class hierarchy updated for 'MovieSceneCapture' in 0.0002 seconds. Added 11 classes and 0 folders.
[2018.05.03-09.17.12:417][237]PIE: /Game/TopDownBP/Maps/UEDPIE_0_TopDownExampleMap 에 대한 에디터에서 플레이 시작 시간: -0.316
[2018.05.03-09.17.12:417][237]LogBlueprintUserMessages: Late PlayInEditor Detection: Level '/Game/TopDownBP/Maps/TopDownExampleMap.TopDownExampleMap:PersistentLevel' has LevelScriptBlueprint '/Game/TopDownBP/Maps/TopDownExampleMap.TopDownExampleMap:PersistentLevel.TopDownExampleMap' with GeneratedClass '/Game/TopDownBP/Maps/TopDownExampleMap.TopDownExampleMap_C' with ClassGeneratedBy '/Game/TopDownBP/Maps/TopDownExampleMap.TopDownExampleMap:PersistentLevel.TopDownExampleMap'
[2018.05.03-09.19.10:662][421]LogBlueprintUserMessages: Early EndPlayMap Detection: Level '/Game/TopDownBP/Maps/TopDownExampleMap.TopDownExampleMap:PersistentLevel' has LevelScriptBlueprint '/Game/TopDownBP/Maps/TopDownExampleMap.TopDownExampleMap:PersistentLevel.TopDownExampleMap' with GeneratedClass '/Game/TopDownBP/Maps/TopDownExampleMap.TopDownExampleMap_C' with ClassGeneratedBy '/Game/TopDownBP/Maps/TopDownExampleMap.TopDownExampleMap:PersistentLevel.TopDownExampleMap'
[2018.05.03-09.19.10:699][421]LogBlueprintUserMessages: Late EndPlayMap Detection: Level '/Game/TopDownBP/Maps/TopDownExampleMap.TopDownExampleMap:PersistentLevel' has LevelScriptBlueprint '/Game/TopDownBP/Maps/TopDownExampleMap.TopDownExampleMap:PersistentLevel.TopDownExampleMap' with GeneratedClass '/Game/TopDownBP/Maps/TopDownExampleMap.TopDownExampleMap_C' with ClassGeneratedBy '/Game/TopDownBP/Maps/TopDownExampleMap.TopDownExampleMap:PersistentLevel.TopDownExampleMap'
[2018.05.03-09.19.11:622][529]LogEditorViewport: Clicking on Actor (context menu): StaticMeshActor (2Floor)
[2018.05.03-09.19.11:904][546]LogEditorViewport: Clicking on Actor (LMB): StaticMeshActor (2Floor)
[2018.05.03-09.19.12:469][612]LogEditorViewport: Clicking on Actor (LMB): StaticMeshActor (2Floor)
[2018.05.03-09.19.12:941][667]LogEditorViewport: Clicking on Actor (LMB): StaticMeshActor (2Floor)
[2018.05.03-09.19.13:357][715]LogEditorViewport: Clicking on Actor (LMB): StaticMeshActor (2Floor)
[2018.05.03-09.19.13:680][752]LogEditorViewport: Clicking on Actor (LMB): StaticMeshActor (2Floor)
[2018.05.03-09.19.14:002][789]LogEditorViewport: Clicking on Actor (LMB): StaticMeshActor (2Floor)
[2018.05.03-09.19.14:075][796]LogEditorViewport: Clicking on Component (LMB): StaticMeshComponent (StaticMeshComponent0)
[2018.05.03-09.19.14:354][826]LogEditorViewport: Clicking on Component (LMB): StaticMeshComponent (StaticMeshComponent0)
[2018.05.03-09.19.14:600][854]LogEditorViewport: Clicking on Component (LMB): StaticMeshComponent (StaticMeshComponent0)
[2018.05.03-09.19.14:813][878]LogEditorViewport: Clicking on Component (LMB): StaticMeshComponent (StaticMeshComponent0)
[2018.05.03-09.19.15:084][909]LogEditorViewport: Clicking on Component (LMB): StaticMeshComponent (StaticMeshComponent0)
[2018.05.03-09.19.15:289][932]LogEditorViewport: Clicking on Component (LMB): StaticMeshComponent (StaticMeshComponent0)
[2018.05.03-09.19.15:519][958]LogEditorViewport: Clicking on Component (LMB): StaticMeshComponent (StaticMeshComponent0)
[2018.05.03-09.19.18:590][304]LogEditorViewport: Clicking on Component (LMB): StaticMeshComponent (StaticMeshComponent0)
[2018.05.03-09.19.19:152][357]LogEditorViewport: Clicking on Component (LMB): StaticMeshComponent (StaticMeshComponent0)
[2018.05.03-09.19.19:541][396]LogEditorViewport: Clicking on Component (LMB): StaticMeshComponent (StaticMeshComponent0)
[2018.05.03-09.19.19:755][420]LogEditorViewport: Clicking on Component (LMB): StaticMeshComponent (StaticMeshComponent0)
[2018.05.03-09.19.22:160][707]LogEditorViewport: Clicking on Component (LMB): StaticMeshComponent (StaticMeshComponent0)
[2018.05.03-09.19.22:683][768]LogEditorViewport: Clicking on Component (LMB): StaticMeshComponent (StaticMeshComponent0)
[2018.05.03-09.19.23:013][806]LogEditorViewport: Clicking on Component (LMB): StaticMeshComponent (StaticMeshComponent0)
[2018.05.03-09.19.30:998][755]Cmd: SELECT NONE
[2018.05.03-09.19.38:167][581]LogWindowsTextInputMethodSystem: Display: IME system now activated using TSF (Microsoft 입력기).
[2018.05.03-09.19.38:273][582]Cmd: QUIT_EDITOR
[2018.05.03-09.19.39:037][582]LogExit: Preparing to exit.
[2018.05.03-09.19.40:113][582]LogDirectoryWatcher: A directory notification for 'C:/Users/user/Documents/GitHub/SecurityGame/Content/' was aborted.
[2018.05.03-09.19.40:127][582]LogExit: Editor shut down
[2018.05.03-09.19.40:136][582]LogExit: Transaction tracking system shut down
[2018.05.03-09.19.40:272][582]LogDirectoryWatcher: A directory notification for '../../../Engine/Content/' was aborted.
[2018.05.03-09.19.40:272][582]LogDirectoryWatcher: A directory notification for '../../../../../../Users/user/Documents/GitHub/SecurityGame/Content/' was aborted.
[2018.05.03-09.19.40:272][582]LogDirectoryWatcher: A directory notification for '../../../Engine/Plugins/2D/Paper2D/Content/' was aborted.
[2018.05.03-09.19.40:272][582]LogDirectoryWatcher: A directory notification for '../../../Engine/Plugins/Media/MediaCompositing/Content/' was aborted.
[2018.05.03-09.19.40:272][582]LogDirectoryWatcher: A directory notification for '../../../Engine/Plugins/Runtime/AppleARKit/Content/' was aborted.
[2018.05.03-09.19.40:272][582]LogDirectoryWatcher: A directory notification for '../../../Engine/Plugins/Runtime/Oculus/OculusVR/Content/' was aborted.
[2018.05.03-09.19.40:272][582]LogDirectoryWatcher: A directory notification for '../../../Engine/Plugins/Runtime/Steam/SteamVR/Content/' was aborted.
[2018.05.03-09.19.40:320][582]LogExit: Object subsystem successfully closed.
[2018.05.03-09.19.40:340][582]LogD3D11RHI: Shutdown
[2018.05.03-09.19.40:340][582]LogD3D11RHI: CleanupD3DDevice
[2018.05.03-09.19.40:343][582]LogD3D11RHI: ~FD3D11DynamicRHI
[2018.05.03-09.19.40:365][582]LogModuleManager: Shutting down and abandoning module MovieSceneCapture (550)
[2018.05.03-09.19.40:365][582]LogModuleManager: Shutting down and abandoning module HierarchicalLODOutliner (548)
[2018.05.03-09.19.40:365][582]LogModuleManager: Shutting down and abandoning module SceneOutliner (546)
[2018.05.03-09.19.40:365][582]LogModuleManager: Shutting down and abandoning module AddContentDialog (544)
[2018.05.03-09.19.40:366][582]LogDirectoryWatcher: A directory notification for 'C:/Program Files/Epic Games/UE_4.18/FeaturePacks/' was aborted.
[2018.05.03-09.19.40:366][582]LogModuleManager: Shutting down and abandoning module WidgetCarousel (543)
[2018.05.03-09.19.40:366][582]LogModuleManager: Shutting down and abandoning module EditorWidgets (540)
[2018.05.03-09.19.40:366][582]LogModuleManager: Shutting down and abandoning module CollectionManager (538)
[2018.05.03-09.19.40:366][582]LogDirectoryWatcher: A directory notification for 'C:/Users/user/Documents/GitHub/SecurityGame/Content/Collections/' was aborted.
[2018.05.03-09.19.40:367][582]LogDirectoryWatcher: A directory notification for 'C:/Users/user/Documents/GitHub/SecurityGame/Content/Developers/user/Collections/' was aborted.
[2018.05.03-09.19.40:367][582]LogDirectoryWatcher: A directory notification for 'C:/Users/user/Documents/GitHub/SecurityGame/Saved/Collections/' was aborted.
[2018.05.03-09.19.40:367][582]LogModuleManager: Shutting down and abandoning module StatsViewer (536)
[2018.05.03-09.19.40:367][582]LogModuleManager: Shutting down and abandoning module FoliageEdit (534)
[2018.05.03-09.19.40:367][582]LogModuleManager: Shutting down and abandoning module LandscapeEditor (532)
[2018.05.03-09.19.40:367][582]LogModuleManager: Shutting down and abandoning module MeshPaintMode (530)
[2018.05.03-09.19.40:367][582]LogModuleManager: Shutting down and abandoning module SceneDepthPickerMode (528)
[2018.05.03-09.19.40:367][582]LogModuleManager: Shutting down and abandoning module ActorPickerMode (526)
[2018.05.03-09.19.40:367][582]LogModuleManager: Shutting down and abandoning module GeometryMode (524)
[2018.05.03-09.19.40:367][582]LogModuleManager: Shutting down and abandoning module TextureAlignMode (522)
[2018.05.03-09.19.40:367][582]LogModuleManager: Shutting down and abandoning module BspMode (520)
[2018.05.03-09.19.40:367][582]LogModuleManager: Shutting down and abandoning module PIEPreviewDeviceProfileSelector (518)
[2018.05.03-09.19.40:367][582]LogModuleManager: Shutting down and abandoning module HardwareSurvey (516)
[2018.05.03-09.19.40:367][582]LogModuleManager: Shutting down and abandoning module SequenceRecorderSections (514)
[2018.05.03-09.19.40:367][582]LogModuleManager: Shutting down and abandoning module AutomationWorker (512)
[2018.05.03-09.19.40:367][582]LogModuleManager: Shutting down and abandoning module MatineeToLevelSequence (510)
[2018.05.03-09.19.40:367][582]LogModuleManager: Shutting down and abandoning module LevelSequenceEditor (508)
[2018.05.03-09.19.40:368][582]LogModuleManager: Shutting down and abandoning module PlacementMode (507)
[2018.05.03-09.19.40:368][582]LogModuleManager: Shutting down and abandoning module WmfMediaFactory (504)
[2018.05.03-09.19.40:368][582]LogModuleManager: Shutting down and abandoning module WmfMediaEditor (502)
[2018.05.03-09.19.40:368][582]LogModuleManager: Shutting down and abandoning module OpenExrWrapper (500)
[2018.05.03-09.19.40:368][582]LogModuleManager: Shutting down and abandoning module ImgMediaFactory (498)
[2018.05.03-09.19.40:368][582]LogModuleManager: Shutting down and abandoning module ImgMediaEditor (496)
[2018.05.03-09.19.40:368][582]LogModuleManager: Shutting down and abandoning module AvfMediaFactory (494)
[2018.05.03-09.19.40:368][582]LogModuleManager: Shutting down and abandoning module AvfMediaEditor (492)
[2018.05.03-09.19.40:368][582]LogModuleManager: Shutting down and abandoning module AndroidMediaFactory (490)
[2018.05.03-09.19.40:368][582]LogModuleManager: Shutting down and abandoning module AndroidMediaEditor (488)
[2018.05.03-09.19.40:368][582]LogModuleManager: Shutting down and abandoning module CharacterAI (486)
[2018.05.03-09.19.40:368][582]LogModuleManager: Shutting down and abandoning module AudioCapture (484)
[2018.05.03-09.19.40:368][582]LogModuleManager: Shutting down and abandoning module SequenceRecorder (483)
[2018.05.03-09.19.40:368][582]LogModuleManager: Shutting down and abandoning module SmartSnapping (480)
[2018.05.03-09.19.40:368][582]LogModuleManager: Shutting down and abandoning module SessionServices (478)
[2018.05.03-09.19.40:368][582]LogModuleManager: Shutting down and abandoning module ViewportSnapping (476)
[2018.05.03-09.19.40:368][582]LogModuleManager: Shutting down and abandoning module ViewportInteraction (474)
[2018.05.03-09.19.40:368][582]LogModuleManager: Shutting down and abandoning module ClothPainter (472)
[2018.05.03-09.19.40:369][582]LogModuleManager: Shutting down and abandoning module SkeletalMeshEditor (471)
[2018.05.03-09.19.40:370][582]LogModuleManager: Shutting down and abandoning module LogVisualizer (468)
[2018.05.03-09.19.40:370][582]LogModuleManager: Shutting down and abandoning module IntroTutorials (466)
[2018.05.03-09.19.40:370][582]LogModuleManager: Shutting down and abandoning module GameProjectGeneration (465)
[2018.05.03-09.19.40:370][582]LogModuleManager: Shutting down and abandoning module IOSPlatformEditor (462)
[2018.05.03-09.19.40:370][582]LogModuleManager: Shutting down and abandoning module HTML5PlatformEditor (460)
[2018.05.03-09.19.40:371][582]LogModuleManager: Shutting down and abandoning module AndroidPlatformEditor (458)
[2018.05.03-09.19.40:371][582]LogModuleManager: Shutting down and abandoning module AndroidDeviceDetection (457)
[2018.05.03-09.19.40:554][582]LogModuleManager: Shutting down and abandoning module WindowsPlatformEditor (454)
[2018.05.03-09.19.40:554][582]LogModuleManager: Shutting down and abandoning module IOSRuntimeSettings (452)
[2018.05.03-09.19.40:554][582]LogModuleManager: Shutting down and abandoning module AndroidRuntimeSettings (450)
[2018.05.03-09.19.40:554][582]LogModuleManager: Shutting down and abandoning module InputBindingEditor (448)
[2018.05.03-09.19.40:554][582]LogModuleManager: Shutting down and abandoning module MergeActors (446)
[2018.05.03-09.19.40:556][582]LogModuleManager: Shutting down and abandoning module SizeMap (444)
[2018.05.03-09.19.40:556][582]LogModuleManager: Shutting down and abandoning module TreeMap (442)
[2018.05.03-09.19.40:556][582]LogModuleManager: Shutting down and abandoning module ReferenceViewer (440)
[2018.05.03-09.19.40:556][582]LogModuleManager: Shutting down and abandoning module LocalizationDashboard (438)
[2018.05.03-09.19.40:556][582]LogModuleManager: Shutting down and abandoning module LocalizationService (437)
[2018.05.03-09.19.40:556][582]LogModuleManager: Shutting down and abandoning module HardwareTargeting (434)
[2018.05.03-09.19.40:556][582]LogModuleManager: Shutting down and abandoning module DeviceProfileEditor (432)
[2018.05.03-09.19.40:556][582]LogModuleManager: Shutting down and abandoning module UndoHistory (430)
[2018.05.03-09.19.40:556][582]LogModuleManager: Shutting down and abandoning module XmlParser (428)
[2018.05.03-09.19.40:556][582]LogModuleManager: Shutting down and abandoning module Blutility (426)
[2018.05.03-09.19.40:556][582]LogModuleManager: Shutting down and abandoning module ProjectSettingsViewer (424)
[2018.05.03-09.19.40:556][582]LogModuleManager: Shutting down and abandoning module ProjectTargetPlatformEditor (423)
[2018.05.03-09.19.40:556][582]LogModuleManager: Shutting down and abandoning module EditorSettingsViewer (420)
[2018.05.03-09.19.40:556][582]LogModuleManager: Shutting down and abandoning module SettingsEditor (418)
[2018.05.03-09.19.40:557][582]LogModuleManager: Shutting down and abandoning module ProjectLauncher (416)
[2018.05.03-09.19.40:557][582]LogModuleManager: Shutting down and abandoning module SessionFrontend (414)
[2018.05.03-09.19.40:557][582]LogModuleManager: Shutting down and abandoning module ProfilerClient (412)
[2018.05.03-09.19.40:557][582]LogModuleManager: Shutting down and abandoning module DeviceManager (410)
[2018.05.03-09.19.40:557][582]LogModuleManager: Shutting down and abandoning module TargetDeviceServices (409)
[2018.05.03-09.19.40:610][582]LogModuleManager: Shutting down and abandoning module AutomationController (406)
[2018.05.03-09.19.40:610][582]LogModuleManager: Shutting down and abandoning module AutomationWindow (404)
[2018.05.03-09.19.40:610][582]LogModuleManager: Shutting down and abandoning module Layers (402)
[2018.05.03-09.19.40:611][582]LogModuleManager: Shutting down and abandoning module ComponentVisualizers (400)
[2018.05.03-09.19.40:611][582]LogModuleManager: Shutting down and abandoning module DetailCustomizations (398)
[2018.05.03-09.19.40:611][582]LogModuleManager: Shutting down and abandoning module PackagesDialog (396)
[2018.05.03-09.19.40:612][582]LogModuleManager: Shutting down and abandoning module Persona (394)
[2018.05.03-09.19.40:613][582]LogModuleManager: Shutting down and abandoning module AdvancedPreviewScene (393)
[2018.05.03-09.19.40:613][582]LogModuleManager: Shutting down and abandoning module AnimGraph (391)
[2018.05.03-09.19.40:613][582]LogModuleManager: Shutting down and abandoning module Kismet (388)
[2018.05.03-09.19.40:613][582]LogModuleManager: Shutting down and abandoning module ClassViewer (386)
[2018.05.03-09.19.40:613][582]LogModuleManager: Shutting down and abandoning module Toolbox (384)
[2018.05.03-09.19.40:613][582]LogModuleManager: Shutting down and abandoning module ModuleUI (382)
[2018.05.03-09.19.40:614][582]LogModuleManager: Shutting down and abandoning module MovieSceneTools (380)
[2018.05.03-09.19.40:615][582]LogModuleManager: Shutting down and abandoning module OutputLog (378)
[2018.05.03-09.19.40:615][582]LogModuleManager: Shutting down and abandoning module GammaUI (376)
[2018.05.03-09.19.40:615][582]LogModuleManager: Shutting down and abandoning module Documentation (374)
[2018.05.03-09.19.40:615][582]LogModuleManager: Shutting down and abandoning module MovieSceneTracks (372)
[2018.05.03-09.19.40:615][582]LogModuleManager: Shutting down and abandoning module MovieScene (370)
[2018.05.03-09.19.40:615][582]LogModuleManager: Shutting down and abandoning module StreamingPauseRendering (368)
[2018.05.03-09.19.40:615][582]LogModuleManager: Shutting down and abandoning module LauncherPlatform (366)
[2018.05.03-09.19.40:615][582]LogModuleManager: Shutting down and abandoning module AnalyticsET (364)
[2018.05.03-09.19.40:615][582]LogModuleManager: Shutting down and abandoning module PortalServices (362)
[2018.05.03-09.19.40:615][582]LogModuleManager: Shutting down and abandoning module PortalRpc (360)
[2018.05.03-09.19.40:615][582]LogModuleManager: Shutting down and abandoning module MessagingRpc (358)
[2018.05.03-09.19.40:615][582]LogModuleManager: Shutting down and abandoning module AIModule (356)
[2018.05.03-09.19.40:615][582]LogModuleManager: Shutting down and abandoning module GameplayDebugger (355)
[2018.05.03-09.19.40:615][582]LogModuleManager: Shutting down and abandoning module AITestSuite (353)
[2018.05.03-09.19.40:615][582]LogModuleManager: Shutting down and abandoning module DesktopPlatform (350)
[2018.05.03-09.19.40:615][582]LogModuleManager: Shutting down and abandoning module ProfilerService (348)
[2018.05.03-09.19.40:809][582]LogModuleManager: Shutting down and abandoning module TaskGraph (346)
[2018.05.03-09.19.40:809][582]LogModuleManager: Shutting down and abandoning module SteamVRController (344)
[2018.05.03-09.19.40:809][582]LogModuleManager: Shutting down and abandoning module ProceduralMeshComponentEditor (342)
[2018.05.03-09.19.40:809][582]LogModuleManager: Shutting down and abandoning module ProceduralMeshComponent (340)
[2018.05.03-09.19.40:809][582]LogModuleManager: Shutting down and abandoning module OculusInput (338)
[2018.05.03-09.19.40:810][582]LogModuleManager: Shutting down and abandoning module MobilePatchingUtils (336)
[2018.05.03-09.19.40:810][582]LogModuleManager: Shutting down and abandoning module CustomMeshComponent (334)
[2018.05.03-09.19.40:810][582]LogModuleManager: Shutting down and abandoning module CableComponent (332)
[2018.05.03-09.19.40:810][582]LogModuleManager: Shutting down and abandoning module ArchVisCharacter (330)
[2018.05.03-09.19.40:810][582]LogModuleManager: Shutting down and abandoning module AndroidPermission (328)
[2018.05.03-09.19.40:810][582]LogModuleManager: Shutting down and abandoning module ActorSequence (324)
[2018.05.03-09.19.40:810][582]LogModuleManager: Shutting down and abandoning module MediaPlayerEditor (322)
[2018.05.03-09.19.40:812][582]LogModuleManager: Shutting down and abandoning module MediaCompositingEditor (320)
[2018.05.03-09.19.40:812][582]LogModuleManager: Shutting down and abandoning module MediaCompositing (318)
[2018.05.03-09.19.40:812][582]LogModuleManager: Shutting down and abandoning module HTML5Networking (316)
[2018.05.03-09.19.40:812][582]LogModuleManager: Shutting down and abandoning module AlembicImporter (314)
[2018.05.03-09.19.40:813][582]LogModuleManager: Shutting down and abandoning module AlembicLibrary (313)
[2018.05.03-09.19.40:813][582]LogModuleManager: Shutting down and abandoning module GeometryCache (312)
[2018.05.03-09.19.40:813][582]LogModuleManager: Shutting down and abandoning module GeometryCacheEd (311)
[2018.05.03-09.19.40:813][582]LogModuleManager: Shutting down and abandoning module SpeedTreeImporter (306)
[2018.05.03-09.19.40:813][582]LogModuleManager: Shutting down and abandoning module PluginBrowser (304)
[2018.05.03-09.19.40:814][582]LogModuleManager: Shutting down and abandoning module MobileLauncherProfileWizard (302)
[2018.05.03-09.19.40:814][582]LogModuleManager: Shutting down and abandoning module VisualStudioSourceCodeAccess (300)
[2018.05.03-09.19.40:814][582]LogModuleManager: Shutting down and abandoning module VisualStudioCodeSourceCodeAccess (298)
[2018.05.03-09.19.40:814][582]LogModuleManager: Shutting down and abandoning module UObjectPlugin (296)
[2018.05.03-09.19.40:814][582]LogModuleManager: Shutting down and abandoning module SubversionSourceControl (294)
[2018.05.03-09.19.40:815][582]LogModuleManager: Shutting down and abandoning module PerforceSourceControl (292)
[2018.05.03-09.19.40:815][582]LogModuleManager: Shutting down and abandoning module GitSourceControl (290)
[2018.05.03-09.19.40:815][582]LogModuleManager: Shutting down and abandoning module SourceControl (289)
[2018.05.03-09.19.40:815][582]LogModuleManager: Shutting down and abandoning module LightPropagationVolumeEditor (286)
[2018.05.03-09.19.40:815][582]LogModuleManager: Shutting down and abandoning module PaperTiledImporter (284)
[2018.05.03-09.19.40:816][582]LogModuleManager: Shutting down and abandoning module PaperSpriteSheetImporter (282)
[2018.05.03-09.19.40:816][582]LogModuleManager: Shutting down and abandoning module Paper2DEditor (280)
[2018.05.03-09.19.40:816][582]LogModuleManager: Shutting down and abandoning module MeshPaint (279)
[2018.05.03-09.19.40:816][582]LogModuleManager: Shutting down and abandoning module LevelEditor (277)
[2018.05.03-09.19.40:819][582]LogModuleManager: Shutting down and abandoning module PixelInspectorModule (276)
[2018.05.03-09.19.40:819][582]LogModuleManager: Shutting down and abandoning module MainFrame (274)
[2018.05.03-09.19.40:819][582]LogModuleManager: Shutting down and abandoning module HotReload (273)
[2018.05.03-09.19.40:820][582]LogModuleManager: Shutting down and abandoning module RuntimePhysXCooking (268)
[2018.05.03-09.19.40:820][582]LogModuleManager: Shutting down and abandoning module PhysXVehiclesEditor (266)
[2018.05.03-09.19.40:820][582]LogModuleManager: Shutting down and abandoning module PhysXVehicles (264)
[2018.05.03-09.19.40:820][582]LogModuleManager: Shutting down and abandoning module OculusEditor (262)
[2018.05.03-09.19.40:820][582]LogModuleManager: Shutting down and abandoning module LocationServicesBPLibrary (260)
[2018.05.03-09.19.40:821][582]LogModuleManager: Shutting down and abandoning module ImmediatePhysicsEditor (258)
[2018.05.03-09.19.40:821][582]LogModuleManager: Shutting down and abandoning module ImmediatePhysics (256)
[2018.05.03-09.19.40:821][582]LogModuleManager: Shutting down and abandoning module UdpMessaging (254)
[2018.05.03-09.19.40:922][582]LogModuleManager: Shutting down and abandoning module TcpMessaging (252)
[2018.05.03-09.19.41:060][582]LogModuleManager: Shutting down and abandoning module GameplayTagsEditor (250)
[2018.05.03-09.19.41:060][582]LogModuleManager: Shutting down and abandoning module FacialAnimationEditor (248)
[2018.05.03-09.19.41:060][582]LogModuleManager: Shutting down and abandoning module FacialAnimation (246)
[2018.05.03-09.19.41:060][582]LogModuleManager: Shutting down and abandoning module AssetManagerEditor (244)
[2018.05.03-09.19.41:061][582]LogModuleManager: Shutting down and abandoning module GraphEditor (243)
[2018.05.03-09.19.41:064][582]LogModuleManager: Shutting down and abandoning module ContentBrowser (241)
[2018.05.03-09.19.41:067][582]LogModuleManager: Shutting down and abandoning module LightPropagationVolumeRuntime (238)
[2018.05.03-09.19.41:067][582]LogModuleManager: Shutting down and abandoning module Paper2D (236)
[2018.05.03-09.19.41:067][582]LogModuleManager: Shutting down and abandoning module WindowsMoviePlayer (234)
[2018.05.03-09.19.41:067][582]LogModuleManager: Shutting down and abandoning module WmfMedia (232)
[2018.05.03-09.19.41:072][582]LogModuleManager: Shutting down and abandoning module ImgMedia (230)
[2018.05.03-09.19.41:072][582]LogModuleManager: Shutting down and abandoning module PacketHandler (228)
[2018.05.03-09.19.41:072][582]LogModuleManager: Shutting down and abandoning module ClothingSystemEditor (226)
[2018.05.03-09.19.41:073][582]LogModuleManager: Shutting down and abandoning module ClothingSystemRuntime (224)
[2018.05.03-09.19.41:073][582]LogModuleManager: Shutting down and abandoning module MediaAssets (222)
[2018.05.03-09.19.41:073][582]LogModuleManager: Shutting down and abandoning module Media (221)
[2018.05.03-09.19.41:080][582]LogModuleManager: Shutting down and abandoning module Overlay (218)
[2018.05.03-09.19.41:080][582]LogModuleManager: Shutting down and abandoning module OverlayEditor (217)
[2018.05.03-09.19.41:080][582]LogModuleManager: Shutting down and abandoning module VREditor (214)
[2018.05.03-09.19.41:080][582]LogModuleManager: Shutting down and abandoning module StringTableEditor (212)
[2018.05.03-09.19.41:081][582]LogModuleManager: Shutting down and abandoning module GameplayTasksEditor (210)
[2018.05.03-09.19.41:081][582]LogModuleManager: Shutting down and abandoning module BehaviorTreeEditor (208)
[2018.05.03-09.19.41:082][582]LogModuleManager: Shutting down and abandoning module FunctionalTesting (206)
[2018.05.03-09.19.41:082][582]LogModuleManager: Shutting down and abandoning module CollisionAnalyzer (204)
[2018.05.03-09.19.41:082][582]LogModuleManager: Shutting down and abandoning module WorkspaceMenuStructure (203)
[2018.05.03-09.19.41:082][582]LogModuleManager: Shutting down and abandoning module UMG (200)
[2018.05.03-09.19.41:082][582]LogModuleManager: Shutting down and abandoning module UMGEditor (199)
[2018.05.03-09.19.41:082][582]LogModuleManager: Shutting down and abandoning module Sequencer (198)
[2018.05.03-09.19.41:084][582]LogModuleManager: Shutting down and abandoning module MessageLog (195)
[2018.05.03-09.19.41:084][582]LogModuleManager: Shutting down and abandoning module SlateReflector (190)
[2018.05.03-09.19.41:085][582]LogModuleManager: Shutting down and abandoning module Slate (188)
[2018.05.03-09.19.41:085][582]LogModuleManager: Shutting down and abandoning module EditorStyle (186)
[2018.05.03-09.19.41:087][582]LogModuleManager: Shutting down and abandoning module MRMesh (184)
[2018.05.03-09.19.41:087][582]LogModuleManager: Shutting down and abandoning module SourceCodeAccess (182)
[2018.05.03-09.19.41:087][582]LogModuleManager: Shutting down and abandoning module HeadMountedDisplay (180)
[2018.05.03-09.19.41:087][582]LogModuleManager: Shutting down and abandoning module XAudio2 (178)
[2018.05.03-09.19.41:087][582]LogModuleManager: Shutting down and abandoning module Networking (176)
[2018.05.03-09.19.41:087][582]LogModuleManager: Shutting down and abandoning module Core (172)
[2018.05.03-09.19.41:087][582]LogModuleManager: Shutting down and abandoning module LevelSequence (168)
[2018.05.03-09.19.41:087][582]LogModuleManager: Shutting down and abandoning module DirectoryWatcher (166)
[2018.05.03-09.19.41:088][582]LogModuleManager: Shutting down and abandoning module KismetCompiler (164)
[2018.05.03-09.19.41:088][582]LogModuleManager: Shutting down and abandoning module MeshUtilities (162)
[2018.05.03-09.19.41:089][582]LogModuleManager: Shutting down and abandoning module MeshMergeUtilities (161)
[2018.05.03-09.19.41:089][582]LogModuleManager: Shutting down and abandoning module MeshReductionInterface (160)
[2018.05.03-09.19.41:089][582]LogModuleManager: Shutting down and abandoning module SimplygonSwarm (159)
[2018.05.03-09.19.41:089][582]LogModuleManager: Shutting down and abandoning module SimplygonMeshReduction (157)
[2018.05.03-09.19.41:089][582]LogModuleManager: Shutting down and abandoning module QuadricMeshReduction (155)
[2018.05.03-09.19.41:089][582]LogModuleManager: Shutting down and abandoning module MaterialBaking (151)
[2018.05.03-09.19.41:089][582]LogModuleManager: Shutting down and abandoning module DerivedDataCache (148)
[2018.05.03-09.19.41:123][582]LogDerivedDataCache: Shutdown
[2018.05.03-09.19.41:123][582]LogModuleManager: Shutting down and abandoning module TargetPlatform (146)
[2018.05.03-09.19.41:123][582]LogModuleManager: Shutting down and abandoning module VulkanShaderFormat (145)
[2018.05.03-09.19.41:123][582]LogModuleManager: Shutting down and abandoning module ShaderFormatVectorVM (143)
[2018.05.03-09.19.41:124][582]LogModuleManager: Shutting down and abandoning module ShaderFormatOpenGL (141)
[2018.05.03-09.19.41:124][582]LogModuleManager: Shutting down and abandoning module ShaderFormatD3D (139)
[2018.05.03-09.19.41:124][582]LogModuleManager: Shutting down and abandoning module MetalShaderFormat (137)
[2018.05.03-09.19.41:124][582]LogModuleManager: Shutting down and abandoning module TextureFormatUncompressed (135)
[2018.05.03-09.19.41:124][582]LogModuleManager: Shutting down and abandoning module TextureFormatPVR (133)
[2018.05.03-09.19.41:124][582]LogModuleManager: Shutting down and abandoning module TextureFormatDXT (131)
[2018.05.03-09.19.41:124][582]LogModuleManager: Shutting down and abandoning module TextureFormatIntelISPCTexComp (129)
[2018.05.03-09.19.41:124][582]LogModuleManager: Shutting down and abandoning module TextureFormatASTC (127)
[2018.05.03-09.19.41:124][582]LogModuleManager: Shutting down and abandoning module ImageWrapper (126)
[2018.05.03-09.19.41:125][582]LogModuleManager: Shutting down and abandoning module TextureFormatAndroid (123)
[2018.05.03-09.19.41:125][582]LogModuleManager: Shutting down and abandoning module AudioFormatOpus (121)
[2018.05.03-09.19.41:125][582]LogModuleManager: Shutting down and abandoning module AudioFormatOgg (119)
[2018.05.03-09.19.41:125][582]LogModuleManager: Shutting down and abandoning module AudioFormatADPCM (117)
[2018.05.03-09.19.41:125][582]LogModuleManager: Shutting down and abandoning module LinuxTargetPlatform (115)
[2018.05.03-09.19.41:125][582]LogModuleManager: Shutting down and abandoning module LinuxServerTargetPlatform (113)
[2018.05.03-09.19.41:125][582]LogModuleManager: Shutting down and abandoning module LinuxNoEditorTargetPlatform (111)
[2018.05.03-09.19.41:125][582]LogModuleManager: Shutting down and abandoning module LinuxClientTargetPlatform (109)
[2018.05.03-09.19.41:125][582]LogModuleManager: Shutting down and abandoning module TVOSTargetPlatform (107)
[2018.05.03-09.19.41:125][582]LogModuleManager: Shutting down and abandoning module Messaging (105)
[2018.05.03-09.19.41:125][582]LogModuleManager: Shutting down and abandoning module IOSTargetPlatform (103)
[2018.05.03-09.19.41:125][582]LogModuleManager: Shutting down and abandoning module HTML5TargetPlatform (101)
[2018.05.03-09.19.41:125][582]LogModuleManager: Shutting down and abandoning module AndroidTargetPlatform (99)
[2018.05.03-09.19.41:125][582]LogModuleManager: Shutting down and abandoning module Android_PVRTCTargetPlatform (97)
[2018.05.03-09.19.41:125][582]LogModuleManager: Shutting down and abandoning module Android_MultiTargetPlatform (95)
[2018.05.03-09.19.41:125][582]LogModuleManager: Shutting down and abandoning module Android_ETC2TargetPlatform (93)
[2018.05.03-09.19.41:125][582]LogModuleManager: Shutting down and abandoning module Android_ETC1TargetPlatform (91)
[2018.05.03-09.19.41:125][582]LogModuleManager: Shutting down and abandoning module Android_DXTTargetPlatform (89)
[2018.05.03-09.19.41:125][582]LogModuleManager: Shutting down and abandoning module Android_ATCTargetPlatform (87)
[2018.05.03-09.19.41:125][582]LogModuleManager: Shutting down and abandoning module Android_ASTCTargetPlatform (85)
[2018.05.03-09.19.41:125][582]LogModuleManager: Shutting down and abandoning module WindowsTargetPlatform (83)
[2018.05.03-09.19.41:125][582]LogModuleManager: Shutting down and abandoning module WindowsServerTargetPlatform (81)
[2018.05.03-09.19.41:125][582]LogModuleManager: Shutting down and abandoning module WindowsNoEditorTargetPlatform (79)
[2018.05.03-09.19.41:125][582]LogModuleManager: Shutting down and abandoning module WindowsClientTargetPlatform (77)
[2018.05.03-09.19.41:125][582]LogModuleManager: Shutting down and abandoning module MacTargetPlatform (75)
[2018.05.03-09.19.41:125][582]LogModuleManager: Shutting down and abandoning module MacServerTargetPlatform (73)
[2018.05.03-09.19.41:125][582]LogModuleManager: Shutting down and abandoning module MacNoEditorTargetPlatform (71)
[2018.05.03-09.19.41:125][582]LogModuleManager: Shutting down and abandoning module MacClientTargetPlatform (69)
[2018.05.03-09.19.41:125][582]LogModuleManager: Shutting down and abandoning module AllDesktopTargetPlatform (67)
[2018.05.03-09.19.41:125][582]LogModuleManager: Shutting down and abandoning module InputCore (64)
[2018.05.03-09.19.41:125][582]LogModuleManager: Shutting down and abandoning module Settings (62)
[2018.05.03-09.19.41:125][582]LogModuleManager: Shutting down and abandoning module PhysXCooking (60)
[2018.05.03-09.19.41:125][582]LogModuleManager: Shutting down and abandoning module SteamVR (58)
[2018.05.03-09.19.41:125][582]LogModuleManager: Shutting down and abandoning module OculusHMD (56)
[2018.05.03-09.19.41:125][582]LogModuleManager: Shutting down and abandoning module ExampleDeviceProfileSelector (54)
[2018.05.03-09.19.41:125][582]LogModuleManager: Shutting down and abandoning module AppleARKit (52)
[2018.05.03-09.19.41:125][582]LogModuleManager: Shutting down and abandoning module AugmentedReality (51)
[2018.05.03-09.19.41:125][582]LogModuleManager: Shutting down and abandoning module OnlineBlueprintSupport (48)
[2018.05.03-09.19.41:125][582]LogModuleManager: Shutting down and abandoning module OnlineSubsystem (44)
[2018.05.03-09.19.41:126][582]LogModuleManager: Shutting down and abandoning module XMPP (43)
[2018.05.03-09.19.41:126][582]LogModuleManager: Shutting down and abandoning module HTTP (41)
[2018.05.03-09.19.41:126][582]LogHttp: Display: Http module shutting down, but needs to wait on 1 outstanding Http requests:
[2018.05.03-09.19.41:126][582]LogHttp: Display: 	verb=[POST] url=[https://datarouter.ol.epicgames.com/datarouter/api/v1/public/data?SessionID=%7B98B913C9-4A37-8150-6371-34BBB838F6EF%7D&AppID=UEEditor.Rocket.Release&AppVersion=4.18.3-3832480%2B%2B%2BUE4%2BRelease-4.18&UserID=b5a2aad048c5dd91a640ef9c48d8cb5d%7C92e601156b18439c8aaf9522ba7a0171%7C35688319-27be-4d42-a38e-675d2b994995&AppEnvironment=datacollector-binary&UploadType=eteventstream] status=Processing
[2018.05.03-09.19.41:143][582]LogModuleManager: Shutting down and abandoning module SSL (40)
[2018.05.03-09.19.41:144][582]LogModuleManager: Shutting down and abandoning module AnimationModifiers (36)
[2018.05.03-09.19.41:144][582]LogModuleManager: Shutting down and abandoning module PropertyEditor (35)
[2018.05.03-09.19.41:144][582]LogModuleManager: Shutting down and abandoning module AudioEditor (32)
[2018.05.03-09.19.41:144][582]LogModuleManager: Shutting down and abandoning module TextureCompressor (30)
[2018.05.03-09.19.41:144][582]LogModuleManager: Shutting down and abandoning module ShaderCore (28)
[2018.05.03-09.19.41:144][582]LogModuleManager: Shutting down and abandoning module Landscape (26)
[2018.05.03-09.19.41:144][582]LogModuleManager: Shutting down and abandoning module SlateRHIRenderer (24)
[2018.05.03-09.19.41:147][582]LogModuleManager: Shutting down and abandoning module OpenGLDrv (22)
[2018.05.03-09.19.41:147][582]LogModuleManager: Shutting down and abandoning module D3D11RHI (20)
[2018.05.03-09.19.41:147][582]LogModuleManager: Shutting down and abandoning module AnimGraphRuntime (18)
[2018.05.03-09.19.41:147][582]LogModuleManager: Shutting down and abandoning module Renderer (16)
[2018.05.03-09.19.41:147][582]LogModuleManager: Shutting down and abandoning module Engine (14)
[2018.05.03-09.19.41:147][582]LogModuleManager: Shutting down and abandoning module CoreUObject (12)
[2018.05.03-09.19.41:147][582]LogModuleManager: Shutting down and abandoning module NetworkFile (10)
[2018.05.03-09.19.41:147][582]LogModuleManager: Shutting down and abandoning module CookedIterativeFile (8)
[2018.05.03-09.19.41:147][582]LogModuleManager: Shutting down and abandoning module StreamingFile (6)
[2018.05.03-09.19.41:147][582]LogModuleManager: Shutting down and abandoning module SandboxFile (4)
[2018.05.03-09.19.41:147][582]LogModuleManager: Shutting down and abandoning module PakFile (2)
[2018.05.03-09.19.41:152][582]LogExit: Exiting.
[2018.05.03-09.19.41:171][582]Log file closed, 05/03/18 18:19:41
